1,Marcher,0.000000,1.374600,3.042300,0.232000
1,Marcher,9.978516,0.720000,1.939000,0.569000
1,Marcher,19.990234,0.004800,0.795200,0.899300
1,Marcher,30.000000,-0.487700,-0.464800,1.122300
1,Marcher,39.980469,-1.113200,-1.410200,1.289500
1,Marcher,50.007813,-1.512600,-2.120000,1.439900
1,Marcher,60.001953,-1.756700,-2.476800,1.450600
1,Marcher,69.982422,-1.595300,-2.637500,1.192100
1,Marcher,79.994141,-1.326600,-2.642100,0.856100
1,Marcher,89.974609,-1.248500,-2.530600,0.542500
1,Marcher,99.984375,-1.258300,-2.340700,0.240100
1,Marcher,109.996094,-1.446800,-2.227800,0.223800
1,Marcher,119.976563,-1.778000,-2.269200,0.330000
1,Marcher,129.986328,-1.956000,-2.189000,0.378100
1,Marcher,139.996094,-2.149400,-2.340300,0.282200
1,Marcher,149.976563,-2.210100,-2.488100,0.428300
1,Marcher,159.988281,-2.008700,-2.791500,0.670100
1,Marcher,170.015625,-1.631400,-3.372100,0.457400
1,Marcher,179.980469,-1.027500,-3.955500,0.377700
1,Marcher,189.990234,-0.335400,-4.422200,0.261300
1,Marcher,200.001953,0.217500,-4.336200,0.282900
1,Marcher,209.980469,0.775800,-3.971000,0.210300
1,Marcher,219.992188,1.188500,-3.170500,0.019000
1,Marcher,230.003906,1.376700,-2.251700,-0.612000
1,Marcher,239.982422,1.537400,-1.141800,-1.187100
1,Marcher,249.994141,1.520400,-0.271400,-1.300900
1,Marcher,259.972656,1.246300,0.124800,-1.082800
1,Marcher,269.986328,0.833800,0.128300,-0.439500
1,Marcher,279.998047,0.413300,-0.263100,-0.406000
1,Marcher,289.992188,-0.132500,-0.538600,-0.323200
1,Marcher,299.988281,-0.751000,-0.225400,-0.156100
1,Marcher,310.000000,-0.799600,0.715900,0.344700
1,Marcher,319.978516,-0.063700,1.814500,1.038600
1,Marcher,329.990234,0.940500,2.599800,1.725900
1,Marcher,340.000000,2.045400,2.795500,2.069600
1,Marcher,349.980469,2.720800,2.443100,2.045000
1,Marcher,359.990234,2.715600,1.583200,1.902600
1,Marcher,370.003906,2.013300,0.763200,1.390400
1,Marcher,379.982422,0.987800,-0.097600,0.520500
1,Marcher,389.994141,0.101800,-0.808200,-0.844600
1,Marcher,399.974609,-0.494400,-1.101100,-2.780900
1,Marcher,410.001953,-0.912800,-0.939000,-5.213900
1,Marcher,419.996094,-1.676000,-0.347400,-6.933700
1,Marcher,429.974609,-2.569400,0.764400,-6.990400
1,Marcher,439.986328,-2.983500,2.249600,-2.188700
1,Marcher,449.996094,-2.681000,2.095100,0.729400
1,Marcher,459.976563,-2.255200,1.316800,1.987700
1,Marcher,469.986328,-1.979100,-0.008900,1.757400
1,Marcher,480.000000,-1.288600,-1.216600,1.057100
1,Marcher,489.980469,-0.313400,-1.718200,0.810800
1,Marcher,499.990234,0.926000,-1.319800,1.018600
1,Marcher,510.003906,1.839300,-0.217700,1.564200
1,Marcher,519.980469,2.543200,1.507700,1.851000
1,Marcher,530.009766,2.591300,3.505800,1.604600
1,Marcher,540.003906,2.347700,5.070100,0.921300
1,Marcher,549.984375,1.484100,5.768300,-0.412600
1,Marcher,559.996094,0.725800,5.483500,-1.573000
1,Marcher,569.974609,0.210400,4.375500,-1.840100
1,Marcher,579.984375,0.015600,2.798900,-1.354300
1,Marcher,589.998047,-0.317300,1.225600,-0.641000
1,Marcher,599.978516,-0.453700,-0.304900,-0.058900
1,Marcher,609.988281,-0.460300,-1.440100,0.506800
1,Marcher,619.998047,-0.366800,-2.377700,0.890400
1,Marcher,629.978516,-0.040600,-2.924300,0.855900
1,Marcher,639.990234,0.133000,-3.276300,0.774100
1,Marcher,650.019531,0.470800,-3.472700,0.430000
1,Marcher,659.980469,1.083700,-3.433200,0.107100
1,Marcher,669.992188,1.793700,-3.546200,-0.216600
1,Marcher,680.003906,2.320300,-3.613000,-0.674900
1,Marcher,689.982422,2.679900,-4.000700,-0.919100
1,Marcher,699.994141,2.785900,-4.078900,-0.929800
1,Marcher,709.974609,2.465500,-3.998200,-0.654400
1,Marcher,719.984375,1.585600,-3.874000,-0.650200
1,Marcher,729.994141,0.721100,-3.591300,-0.664600
1,Marcher,739.974609,0.227200,-3.154500,-0.793200
1,Marcher,749.986328,-0.272500,-2.527400,-0.337500
1,Marcher,759.998047,-0.488400,-1.944100,0.278000
1,Marcher,769.994141,-0.702200,-1.560400,0.583800
1,Marcher,779.988281,-0.752000,-1.450500,0.869500
1,Marcher,790.000000,-0.840800,-1.260500,0.889500
1,Marcher,799.978516,-0.955800,-1.262100,0.917800
1,Marcher,809.992188,-1.054700,-1.219400,0.876400
1,Marcher,820.001953,-1.016400,-0.935800,1.067100
1,Marcher,829.982422,-0.833700,-0.412900,1.332200
1,Marcher,839.992188,-0.710100,0.349000,1.761000
1,Marcher,849.972656,-0.374800,1.072800,1.712700
1,Marcher,859.984375,-0.095100,1.404500,1.770400
1,Marcher,869.996094,0.286900,1.659300,1.996200
1,Marcher,879.974609,0.592100,1.682700,2.322900
1,Marcher,890.001953,0.669300,1.826300,2.522400
1,Marcher,899.998047,0.726000,2.282800,2.294100
1,Marcher,909.976563,0.813600,2.966600,1.549500
1,Marcher,919.988281,0.824400,3.754000,0.427000
1,Marcher,929.998047,0.753600,4.371800,-0.765800
1,Marcher,939.978516,0.633200,4.235500,-1.728800
1,Marcher,949.988281,0.715000,3.430800,-2.209500
1,Marcher,960.000000,0.595900,2.196100,-2.257900
1,Marcher,969.980469,0.337900,0.887000,-2.390600
1,Marcher,979.990234,-0.092900,-0.538000,-2.756200
1,Marcher,990.003906,-0.261600,-1.606700,-2.781400
1,Marcher,999.982422,-0.519900,-2.203000,-2.417600
1,Marcher,1010.009766,-0.437800,-1.973300,-1.668700
1,Marcher,1019.972656,-0.404000,-0.799800,-0.971200
1,Marcher,1029.984375,-0.333300,0.959500,-1.151900
1,Marcher,1039.996094,-0.039600,2.756900,-1.583300
1,Marcher,1049.974609,0.430100,3.732200,-1.613900
1,Marcher,1059.986328,0.271600,3.101500,-1.188500
1,Marcher,1069.998047,-0.300800,2.117700,-0.617400
1,Marcher,1079.978516,-0.966000,1.015700,0.210300
1,Marcher,1089.988281,-1.305700,-0.008700,0.685500
1,Marcher,1100.001953,-1.473000,-0.916400,0.841600
1,Marcher,1109.980469,-1.245200,-1.589100,0.808100
1,Marcher,1119.992188,-1.160400,-2.067700,0.636900
1,Marcher,1130.019531,-0.910800,-2.273100,0.453500
1,Marcher,1139.982422,-0.887800,-2.204300,0.332600
1,Marcher,1149.992188,-0.819800,-2.134400,0.106100
1,Marcher,1159.974609,-0.934600,-1.984600,-0.090300
1,Marcher,1169.982422,-1.115000,-1.872500,-0.124600
1,Marcher,1179.994141,-1.398900,-2.073100,-0.011000
1,Marcher,1189.974609,-1.405700,-2.390100,0.209300
1,Marcher,1199.986328,-1.288400,-2.784100,0.395700
1,Marcher,1209.998047,-1.135800,-3.097800,0.564500
1,Marcher,1219.976563,-1.069100,-3.409600,0.524700
1,Marcher,1229.988281,-1.206300,-3.601400,0.425100
1,Marcher,1239.998047,-1.415900,-3.398200,0.546600
1,Marcher,1249.996094,-1.361800,-3.154100,0.597400
1,Marcher,1259.990234,-1.151900,-2.949100,0.597400
1,Marcher,1270.000000,-0.680400,-2.666200,0.733100
1,Marcher,1279.978516,-0.255500,-2.302000,0.917900
1,Marcher,1289.992188,0.174400,-1.971100,1.057200
1,Marcher,1300.001953,0.468000,-1.594100,1.131700
1,Marcher,1309.982422,0.597100,-1.216000,0.986500
1,Marcher,1319.992188,0.656800,-0.880500,0.944100
1,Marcher,1329.972656,0.752500,-0.593500,0.868600
1,Marcher,1339.986328,0.857700,-0.238500,0.376000
1,Marcher,1349.996094,1.015100,0.303900,-0.114500
1,Marcher,1359.976563,1.465500,0.920800,-0.314200
1,Marcher,1370.003906,1.813200,2.045100,-0.467000
1,Marcher,1380.000000,2.037000,2.895800,-0.506200
1,Marcher,1389.978516,1.949200,2.928000,-0.105400
1,Marcher,1399.988281,1.491700,2.576800,0.596400
1,Marcher,1410.000000,0.485500,1.686500,1.247600
1,Marcher,1419.980469,-0.223800,0.608100,1.744400
1,Marcher,1429.990234,-0.880500,-0.192700,1.728600
1,Marcher,1440.001953,-1.476400,-0.291000,1.121200
1,Marcher,1449.982422,-1.560600,0.465400,0.405300
1,Marcher,1459.992188,-1.041600,1.799100,-0.297600
1,Marcher,1469.972656,-0.210400,3.201500,-0.883800
1,Marcher,1479.984375,0.615200,3.849400,-1.744200
1,Marcher,1490.011719,0.833700,3.432800,-2.568600
1,Marcher,1499.974609,0.365900,2.193000,-3.063500
1,Marcher,1509.986328,-0.720300,0.487100,-3.092700
1,Marcher,1519.996094,-1.825100,-1.448900,-2.781300
1,Marcher,1529.976563,-2.418300,-3.262800,-2.325100
1,Marcher,1539.986328,-2.554400,-4.482800,-1.423500
1,Marcher,1549.998047,-2.331900,-4.443500,-0.581300
1,Marcher,1559.978516,-1.697700,-3.303500,0.197200
1,Marcher,1569.990234,-0.711600,-1.262200,0.843500
1,Marcher,1580.001953,0.762800,1.323500,1.020900
1,Marcher,1589.980469,2.104900,3.709200,0.652500
1,Marcher,1599.992188,2.986200,5.308300,-0.057600
1,Marcher,1610.019531,3.135900,5.888600,-0.486000
1,Marcher,1619.984375,2.693100,5.176800,-0.835400
1,Marcher,1629.994141,2.241800,3.956000,-1.331100
1,Marcher,1639.974609,1.581200,2.577800,-1.759000
1,Marcher,1649.984375,0.932000,1.238200,-1.840800
1,Marcher,1659.996094,0.196300,0.173700,-1.320400
1,Marcher,1669.978516,-0.197900,-0.811000,-0.449600
1,Marcher,1679.986328,-0.450200,-2.304500,0.361200
1,Marcher,1690.000000,-0.565900,-2.620800,0.373200
1,Marcher,1699.978516,-0.418300,-2.818800,0.251500
1,Marcher,1709.990234,-0.031800,-3.055300,0.225900
1,Marcher,1720.000000,0.333500,-3.134200,0.256800
1,Marcher,1729.996094,1.019900,-3.056300,0.214000
1,Marcher,1739.990234,1.650800,-2.939800,0.208700
1,Marcher,1750.001953,2.271700,-2.902000,0.097800
1,Marcher,1759.980469,2.362500,-2.784500,-0.095700
1,Marcher,1769.992188,2.317000,-2.545700,-0.388800
1,Marcher,1779.972656,1.900000,-2.615800,-0.580300
1,Marcher,1789.982422,1.223300,-2.839500,-0.616300
1,Marcher,1799.992188,0.724500,-3.021900,-0.392300
1,Marcher,1809.974609,0.522700,-3.046400,-0.146300
1,Marcher,1819.986328,0.578200,-3.070600,0.079500
1,Marcher,1829.996094,0.748900,-2.822500,0.381700
1,Marcher,1839.976563,0.803400,-2.382400,0.471900
1,Marcher,1850.005859,0.662600,-1.672900,0.529800
1,Marcher,1860.000000,0.312700,-0.967300,0.490200
1,Marcher,1869.978516,-0.329100,-0.382400,0.246200
1,Marcher,1879.990234,-0.835200,0.121500,0.171900
1,Marcher,1890.001953,-1.482500,0.663000,0.072500
1,Marcher,1899.982422,-1.743700,1.010100,0.188100
1,Marcher,1909.994141,-1.794900,1.243100,0.351500
1,Marcher,1920.003906,-1.482400,1.361800,0.579500
1,Marcher,1929.984375,-1.038700,1.326200,0.793900
1,Marcher,1939.994141,-0.357000,1.178100,1.069200
1,Marcher,1949.974609,0.302500,1.073900,1.659000
1,Marcher,1959.984375,0.730300,1.364500,2.331300
1,Marcher,1970.011719,0.746900,1.694700,2.862200
1,Marcher,1979.974609,0.608100,2.178300,2.994400
1,Marcher,1989.986328,0.354900,2.695000,2.598500
1,Marcher,1999.998047,0.179000,2.929900,1.842200
1,Marcher,2009.978516,0.318600,2.807900,0.583900
1,Marcher,2019.990234,0.569200,2.605900,-0.372000
1,Marcher,2030.000000,0.952000,2.285700,-1.524100
1,Marcher,2039.980469,1.149300,1.612700,-2.522200
1,Marcher,2049.990234,1.098500,0.977500,-3.401000
1,Marcher,2060.001953,0.817900,0.223700,-3.712300
1,Marcher,2069.980469,0.285700,-0.727800,-3.628800
1,Marcher,2079.994141,-0.371500,-1.328200,-3.085200
1,Marcher,2089.990234,-1.191300,-1.616500,-2.444600
1,Marcher,2099.984375,-1.983900,-1.277500,-1.596700
1,Marcher,2109.994141,-2.188600,-0.347700,-0.816500
1,Marcher,2119.974609,-2.026100,0.939100,-0.260400
1,Marcher,2129.984375,-1.506700,2.190500,-0.103000
1,Marcher,2139.998047,-1.029500,2.935100,-0.292700
1,Marcher,2149.978516,-0.618900,3.014500,-0.657900
1,Marcher,2159.988281,-0.303400,2.624500,-0.736800
1,Marcher,2170.000000,-0.294500,1.841800,-0.537900
1,Marcher,2179.978516,-0.424200,0.979400,-0.223200
1,Marcher,2189.992188,-0.563800,0.036000,-0.020700
1,Marcher,2200.001953,-0.597400,-0.752300,0.049000
1,Marcher,2209.996094,-0.649500,-1.384400,0.110600
1,Marcher,2219.992188,-0.657500,-2.053900,0.125400
1,Marcher,2230.003906,-0.742700,-2.602900,0.311100
1,Marcher,2239.982422,-0.944700,-3.071200,0.605100
1,Marcher,2249.994141,-1.029900,-3.420600,0.686200
1,Marcher,2259.974609,-1.252600,-3.458200,0.801300
1,Marcher,2269.984375,-1.599900,-3.301600,0.766300
1,Marcher,2279.996094,-1.680700,-2.990300,0.685300
1,Marcher,2289.976563,-1.961800,-2.169900,0.557500
1,Marcher,2299.986328,-1.806400,-1.937300,0.649200
1,Marcher,2309.998047,-1.470500,-1.898400,0.746500
1,Marcher,2319.978516,-1.202500,-2.013400,0.715400
1,Marcher,2330.007813,-0.858600,-2.048500,0.658500
1,Marcher,2340.000000,-0.678000,-1.966600,0.734100
1,Marcher,2349.978516,-0.504100,-1.730000,0.797800
1,Marcher,2359.990234,-0.310500,-1.533600,0.886800
1,Marcher,2370.001953,-0.006200,-1.180800,0.954400
1,Marcher,2379.982422,0.420700,-0.866400,1.096900
1,Marcher,2389.994141,0.963800,-0.669100,1.144300
1,Marcher,2399.972656,1.500500,-0.470900,1.165600
1,Marcher,2409.984375,1.764700,-0.545800,1.023800
1,Marcher,2419.996094,1.528900,-0.580200,0.853100
1,Marcher,2429.976563,1.033900,-0.496200,0.663200
1,Marcher,2439.986328,0.477200,-0.411000,0.563900
1,Marcher,2450.013672,0.128000,-0.284700,0.656400
1,Marcher,2459.976563,0.049000,-0.000600,0.818400
1,Marcher,2469.988281,0.228400,0.283400,0.931400
1,Marcher,2479.998047,0.612800,0.682800,0.968600
1,Marcher,2489.978516,1.076000,1.040400,1.238700
1,Marcher,2499.992188,1.433500,1.397000,1.348100
1,Marcher,2510.001953,1.498600,1.479300,1.455200
1,Marcher,2519.982422,1.166300,1.249400,1.364600
1,Marcher,2529.992188,0.764000,0.981300,1.007800
1,Marcher,2540.003906,0.285100,0.712700,0.429300
1,Marcher,2549.982422,-0.138800,0.675800,-0.271200
1,Marcher,2559.994141,-0.164500,1.104400,-0.895000
1,Marcher,2569.992188,-0.111100,1.880700,-1.559600
1,Marcher,2579.984375,-0.051600,2.534000,-2.379600
1,Marcher,2589.996094,-0.141000,2.829200,-3.347900
1,Marcher,2599.976563,-0.258700,2.455600,-4.124700
1,Marcher,2609.984375,-0.478000,1.299900,-4.227600
1,Marcher,2619.998047,-0.601700,-0.243700,-3.833300
1,Marcher,2629.978516,-0.628700,-1.979000,-2.879800
1,Marcher,2639.988281,-0.670200,-3.357700,-1.954900
1,Marcher,2650.001953,-0.497500,-4.106000,-1.019000
1,Marcher,2659.980469,-0.618700,-3.910300,-0.229000
1,Marcher,2669.992188,-0.628300,-2.497200,0.343400
1,Marcher,2680.003906,-0.506000,-0.730900,0.628600
1,Marcher,2689.998047,-0.036200,1.308400,0.753700
1,Marcher,2699.994141,0.472500,3.463500,0.543800
1,Marcher,2709.974609,0.955600,5.107400,0.164300
1,Marcher,2719.986328,1.313100,5.810000,-0.042300
1,Marcher,2729.996094,1.596900,5.375800,-0.313500
1,Marcher,2739.976563,1.700100,4.040600,-0.222200
1,Marcher,2749.986328,1.587400,2.510500,0.138900
1,Marcher,2759.998047,1.181000,1.059600,0.497000
1,Marcher,2769.976563,0.742400,-0.390600,0.846300
1,Marcher,2779.988281,0.308000,-1.566200,1.177100
1,Marcher,2790.000000,-0.124900,-2.545900,1.329500
1,Marcher,2799.978516,-0.517300,-3.173100,1.189700
1,Marcher,2810.007813,-0.402700,-3.251500,1.033100
1,Marcher,2820.001953,-0.175200,-2.977500,0.855600
1,Marcher,2829.982422,0.461600,-2.429500,0.610300
1,Marcher,2839.992188,1.068800,-1.959900,0.401600
1,Marcher,2850.001953,1.605800,-1.606200,0.117600
1,Marcher,2859.982422,2.182400,-1.405500,0.050800
1,Marcher,2869.994141,2.499500,-1.357300,-0.311100
1,Marcher,2879.972656,2.723100,-1.658400,-0.401900
1,Marcher,2889.984375,2.593200,-2.036200,-0.681800
1,Marcher,2899.996094,2.131700,-2.414500,-0.652100
1,Marcher,2909.976563,1.372800,-2.989800,-0.632400
1,Marcher,2919.986328,0.250600,-3.606900,-0.593800
1,Marcher,2930.013672,-0.309800,-3.518400,-0.432900
1,Marcher,2939.976563,-0.541900,-3.078000,-0.385800
1,Marcher,2949.990234,-0.379500,-2.244500,-0.160700
1,Marcher,2960.000000,-0.135400,-1.096400,0.000000
1,Marcher,2969.980469,0.150000,-0.026200,0.141500
1,Marcher,2979.992188,0.029100,0.726900,0.110300
1,Marcher,2990.003906,-0.330100,1.238900,0.117700
1,Marcher,2999.984375,-0.813000,1.431300,0.212800
1,Marcher,3009.994141,-1.279300,1.424800,0.392300
1,Marcher,3019.974609,-1.732500,1.259800,0.839400
1,Marcher,3029.984375,-2.025800,1.134400,1.317000
1,Marcher,3039.996094,-2.278500,1.402200,1.780100
1,Marcher,3049.992188,-2.306200,1.634200,2.217000
1,Marcher,3059.986328,-2.213700,1.749800,2.365700
1,Marcher,3069.996094,-2.079300,1.670400,2.275000
1,Marcher,3079.976563,-1.625100,1.513400,2.139700
1,Marcher,3089.988281,-0.900600,1.475300,1.814400
1,Marcher,3100.000000,-0.105100,1.594900,1.306000
1,Marcher,3109.980469,0.800000,1.791300,0.632000
1,Marcher,3119.990234,1.727100,2.065800,-0.137000
1,Marcher,3130.001953,2.484100,2.181300,-0.912000
1,Marcher,3139.980469,3.062500,1.825300,-1.854400
1,Marcher,3149.992188,3.153200,1.233200,-2.495600
1,Marcher,3160.003906,2.725300,0.561900,-3.149900
1,Marcher,3170.000000,2.008300,-0.656900,-3.478200
1,Marcher,3179.994141,0.992600,-1.680200,-3.489000
1,Marcher,3189.974609,0.002400,-2.508000,-2.932700
1,Marcher,3199.986328,-0.797300,-2.984800,-2.124900
1,Marcher,3209.998047,-1.446000,-2.993000,-1.378500
1,Marcher,3219.976563,-1.715800,-2.375500,-0.992600
1,Marcher,3229.988281,-1.520100,-1.481900,-0.883400
1,Marcher,3240.000000,-0.961400,-0.310700,-0.849500
1,Marcher,3249.978516,-0.211400,0.981600,-1.073200
1,Marcher,3259.990234,0.419200,2.198900,-1.353000
1,Marcher,3270.000000,0.667800,2.595600,-1.337300
1,Marcher,3279.980469,0.402100,2.641100,-1.111700
1,Marcher,3290.007813,-0.397800,2.333600,-0.683800
1,Marcher,3300.001953,-1.516400,1.592600,-0.324100
1,Marcher,3309.984375,-2.444400,0.967100,0.074100
1,Marcher,3319.994141,-2.883200,0.301900,0.312900
1,Marcher,3329.974609,-2.874700,-0.089000,0.585200
1,Marcher,3339.984375,-2.538100,-0.480800,0.882500
1,Marcher,3349.996094,-1.956900,-0.599000,1.120100
1,Marcher,3359.974609,-1.285800,-0.523400,1.366600
1,Marcher,3369.986328,-0.564100,-0.607100,1.465100
1,Marcher,3379.996094,0.239100,-0.653300,1.379500
1,Marcher,3389.976563,0.739600,-0.662500,1.143200
1,Marcher,3399.986328,1.006300,-0.790000,0.921300
1,Marcher,3410.015625,0.801500,-0.996200,0.747700
1,Marcher,3419.980469,0.283700,-1.122900,0.593200
1,Marcher,3429.990234,-0.511200,-1.246900,0.282800
1,Marcher,3440.001953,-1.498000,-1.289300,0.074300
1,Marcher,3449.980469,-2.286800,-1.603200,-0.135700
1,Marcher,3459.994141,-2.880600,-1.875600,-0.159300
1,Marcher,3470.003906,-3.234200,-1.989300,-0.017200
1,Marcher,3479.984375,-3.185900,-2.101200,0.122400
1,Marcher,3489.996094,-2.847000,-1.935800,0.256400
1,Marcher,3499.974609,-2.405000,-1.766400,0.373100
1,Marcher,3509.984375,-1.901900,-1.435000,0.467800
1,Marcher,3519.998047,-1.244000,-0.982000,0.550800
1,Marcher,3529.992188,-0.010400,-0.610600,0.742800
1,Marcher,3539.988281,0.356000,-0.439300,0.859600
1,Marcher,3549.998047,0.698100,-0.433600,0.826900
1,Marcher,3559.978516,0.906800,-0.357600,0.766500
1,Marcher,3569.990234,0.967500,-0.325300,0.449100
1,Marcher,3580.000000,0.755500,-0.174700,0.526300
1,Marcher,3589.980469,0.706900,0.095000,0.795800
1,Marcher,3599.990234,0.717200,0.250500,1.096700
1,Marcher,3610.001953,0.863800,0.369500,1.278800
1,Marcher,3619.982422,1.178700,0.686300,1.268100
1,Marcher,3629.994141,1.321500,0.849400,1.103500
1,Marcher,3639.974609,1.437900,0.857800,0.936300
1,Marcher,3650.000000,1.481200,0.828900,0.993900
1,Marcher,3659.994141,1.473000,0.642300,0.968900
1,Marcher,3669.974609,1.440200,0.530700,0.791000
1,Marcher,3679.986328,1.183600,0.454000,0.385000
1,Marcher,3689.998047,0.816000,0.606800,-0.160700
1,Marcher,3699.976563,0.610600,0.871600,-0.689500
1,Marcher,3709.988281,0.492000,1.484300,-1.194200
1,Marcher,3720.000000,0.582000,1.818000,-1.783800
1,Marcher,3729.978516,0.588400,1.563200,-2.155500
1,Marcher,3739.992188,0.489300,0.840300,-2.357500
1,Marcher,3750.001953,0.367100,-0.389300,-2.359300
1,Marcher,3759.982422,0.185900,-1.890100,-2.055300
1,Marcher,3770.009766,-0.047400,-3.073900,-1.682200
1,Marcher,3779.972656,-0.306400,-3.470300,-1.311000
1,Marcher,3789.984375,-0.620800,-3.276700,-0.792500
1,Marcher,3799.994141,-0.723100,-2.257800,-0.288500
1,Marcher,3809.976563,-0.512600,-0.453300,0.350200
1,Marcher,3819.984375,-0.045400,1.822000,0.655400
1,Marcher,3829.998047,0.507100,3.703200,0.466300
1,Marcher,3839.976563,0.735100,5.111800,-0.153700
1,Marcher,3849.988281,0.729300,5.421700,-0.510100
1,Marcher,3859.998047,0.843700,4.751400,-0.580900
1,Marcher,3869.978516,0.550700,3.572700,-0.345800
1,Marcher,3879.988281,0.386900,2.238200,0.103500
1,Marcher,3890.017578,0.081600,1.061300,0.797900
1,Marcher,3899.980469,-0.022500,0.002400,1.283000
1,Marcher,3909.992188,-0.085200,-0.899400,1.449800
1,Marcher,3920.001953,-0.032700,-1.448300,1.342100
1,Marcher,3929.982422,0.085400,-1.801400,0.961400
1,Marcher,3939.994141,0.413700,-1.762700,0.614200
1,Marcher,3949.972656,0.836900,-1.724400,0.336400
1,Marcher,3959.984375,1.165700,-1.646800,0.011800
1,Marcher,3969.996094,1.411500,-1.686400,-0.061700
1,Marcher,3979.974609,1.536200,-1.764400,-0.114200
1,Marcher,3989.986328,1.615200,-1.959100,-0.254000
1,Marcher,3999.998047,1.686900,-2.191600,-0.206100
1,Marcher,4009.994141,1.485600,-2.619300,-0.228200
1,Marcher,4019.988281,1.434300,-2.889400,-0.350900
1,Marcher,4030.000000,1.146600,-3.080700,-0.457300
1,Marcher,4039.980469,0.816400,-3.114800,-0.616900
1,Marcher,4049.992188,0.602300,-2.756500,-0.676900
1,Marcher,4060.001953,0.508600,-2.515900,-0.634900
1,Marcher,4069.982422,0.426100,-2.157500,-0.318200
1,Marcher,4079.992188,0.321800,-1.917000,0.015500
1,Marcher,4089.972656,0.335900,-1.596600,0.156100
1,Marcher,4099.982422,0.494000,-1.351900,0.344000
1,Marcher,4109.994141,0.611200,-1.066400,0.362800
1,Marcher,4119.976563,0.598300,-0.778900,0.235700
1,Marcher,4130.001953,0.581300,-0.412400,0.170500
1,Marcher,4139.996094,0.404400,-0.007000,0.105100
1,Marcher,4149.976563,0.010200,0.278000,0.255700
1,Marcher,4159.988281,-1.221300,0.907000,0.672000
1,Marcher,4169.998047,-1.491000,1.141200,0.878300
1,Marcher,4179.978516,-1.476400,1.413800,0.871100
1,Marcher,4189.988281,-0.997500,1.335000,0.810300
1,Marcher,4200.001953,-0.331500,1.336900,0.926800
1,Marcher,4209.978516,0.361200,1.577000,0.949100
1,Marcher,4219.992188,0.551500,1.817000,1.118500
1,Marcher,4230.003906,0.480700,2.016000,1.130400
1,Marcher,4239.982422,0.195700,2.094900,1.100900
1,Marcher,4250.009766,-0.070400,1.974200,0.851500
1,Marcher,4259.972656,-0.066000,1.696800,0.651700
1,Marcher,4269.986328,-0.023300,1.223100,0.342900
1,Marcher,4279.996094,0.386000,0.753200,0.268300
1,Marcher,4289.976563,0.729400,0.012500,0.074900
1,Marcher,4299.986328,1.011800,-0.687500,-0.570800
1,Marcher,4309.998047,0.899300,-1.507800,-1.498000
1,Marcher,4319.978516,0.669900,-2.293100,-2.495900
1,Marcher,4329.990234,0.102200,-2.808800,-3.217000
1,Marcher,4339.998047,-0.671600,-3.133200,-3.636900
1,Marcher,4349.978516,-1.444000,-2.992100,-3.760500
1,Marcher,4359.990234,-2.325500,-2.619300,-3.415400
1,Marcher,4370.017578,-2.860400,-2.128900,-2.664500
1,Marcher,4379.982422,-2.871200,-1.204700,-1.787700
1,Marcher,4389.992188,-2.385300,-0.119400,-1.057800
1,Marcher,4399.972656,-1.659800,0.813800,-0.161600
1,Marcher,4409.982422,-0.894300,1.793000,0.301300
1,Marcher,4419.996094,-0.281500,2.343400,0.490900
1,Marcher,4429.974609,0.193600,2.581900,0.259500
1,Marcher,4439.986328,0.328500,2.545100,0.037000
1,Marcher,4449.996094,0.331500,2.153700,0.057300
1,Marcher,4459.976563,0.171200,1.642400,0.158000
1,Marcher,4469.986328,-0.164300,1.130200,0.380500
1,Marcher,4480.000000,-0.413200,0.814500,0.525700
1,Marcher,4489.996094,-0.662200,0.539000,0.557600
1,Marcher,4499.990234,-0.947900,0.499200,0.696900
1,Marcher,4510.000000,-1.144600,0.381000,0.714000
1,Marcher,4519.980469,-1.366400,0.419000,0.871500
1,Marcher,4529.994141,-1.257500,0.418200,0.908600
1,Marcher,4540.003906,-0.983100,0.339700,0.937400
1,Marcher,4549.984375,-0.627600,0.222300,0.638000
1,Marcher,4559.994141,-0.135100,-0.171200,0.651100
1,Marcher,4569.974609,0.106600,-0.684600,0.620500
1,Marcher,4579.984375,0.319400,-1.120800,0.519000
1,Marcher,4589.996094,0.344000,-1.596600,0.435300
1,Marcher,4599.978516,0.299100,-1.954200,0.266000
1,Marcher,4610.001953,0.218200,-2.193000,-0.005700
1,Marcher,4619.998047,-0.225600,-2.430400,-0.095700
1,Marcher,4629.978516,-0.547000,-2.392000,-0.042200
1,Marcher,4639.990234,-0.730800,-2.156900,-0.231700
1,Marcher,4650.000000,-0.770600,-1.882300,-0.305800
1,Marcher,4659.980469,-0.703200,-1.489800,-0.171100
1,Marcher,4669.990234,-0.422600,-1.214600,-0.184800
1,Marcher,4680.001953,-0.054200,-0.938900,-0.245200
1,Marcher,4689.980469,0.196000,-0.584400,-0.388400
1,Marcher,4699.992188,0.401000,-0.347500,-0.451400
1,Marcher,4709.972656,0.402800,-0.071400,-0.434100
1,Marcher,4719.984375,0.351200,0.125900,-0.410200
1,Marcher,4730.011719,0.214000,0.166300,-0.420300
1,Marcher,4739.974609,0.182700,-0.107400,-0.467800
1,Marcher,4749.986328,-0.086800,-0.381000,-0.620700
1,Marcher,4759.998047,-0.131300,-0.498000,-0.541300
1,Marcher,4769.976563,-0.375500,-0.418800,-0.420800
1,Marcher,4779.988281,-0.534700,-0.221900,-0.078600
1,Marcher,4790.000000,-0.342400,-0.417500,0.137500
1,Marcher,4799.978516,-0.073500,-0.457000,0.293700
1,Marcher,4809.992188,0.275100,-0.692900,0.556900
1,Marcher,4820.001953,0.764700,-0.968700,0.621900
1,Marcher,4829.980469,1.575700,-1.245500,0.570700
1,Marcher,4839.992188,2.610200,-1.248200,0.222500
1,Marcher,4850.019531,3.292700,-0.935900,-0.150300
1,Marcher,4859.984375,3.563900,-0.345800,-0.889400
1,Marcher,4869.994141,3.052400,0.248700,-1.784700
1,Marcher,4879.974609,2.136100,0.769800,-2.711800
1,Marcher,4889.986328,0.686500,1.057900,-3.304600
1,Marcher,4899.994141,-0.744400,0.718500,-3.307900
1,Marcher,4909.978516,-1.816700,0.024200,-2.508700
1,Marcher,4919.986328,-2.385400,-0.791800,-1.396200
1,Marcher,4929.998047,-2.728700,-1.260400,-0.174200
1,Marcher,4939.978516,-2.595000,-1.223500,0.806800
1,Marcher,4949.990234,-1.854000,-0.718100,1.367100
1,Marcher,4959.998047,-0.840900,0.218700,1.448500
1,Marcher,4969.994141,0.091200,1.274500,1.182600
1,Marcher,4979.990234,1.129800,2.528500,0.731400
1,Marcher,4990.001953,1.635700,3.587500,0.439600
1,Marcher,4999.982422,1.923000,4.334000,0.184700
1,Marcher,5009.994141,1.744600,3.983500,0.130500
1,Marcher,5019.974609,1.109300,3.241500,0.197600
1,Marcher,5029.982422,0.563800,2.186700,0.354000
1,Marcher,5039.998047,0.268900,1.132000,0.515100
1,Marcher,5049.974609,0.217600,0.077300,0.680100
1,Marcher,5059.986328,0.177400,-0.937800,0.852400
1,Marcher,5069.998047,0.042100,-1.483500,0.872000
1,Marcher,5079.978516,0.057000,-1.639100,0.738900
1,Marcher,5090.005859,0.001000,-1.720900,0.750400
1,Marcher,5099.998047,0.131300,-1.569600,0.559300
1,Marcher,5109.978516,0.465100,-1.263900,0.498200
1,Marcher,5119.990234,1.154200,-0.919400,0.288800
1,Marcher,5130.001953,1.751400,-0.811000,0.158700
1,Marcher,5139.982422,2.197100,-0.700100,-0.112800
1,Marcher,5149.994141,2.417000,-0.779500,-0.387300
1,Marcher,5160.001953,2.317100,-0.889900,-0.482100
1,Marcher,5169.982422,2.079600,-0.913200,-0.727900
1,Marcher,5179.994141,1.679100,-1.007300,-0.883600
1,Marcher,5189.974609,1.327600,-0.939400,-0.844500
1,Marcher,5199.986328,1.044600,-0.831400,-0.782000
1,Marcher,5210.013672,1.062600,-0.724500,-0.675100
1,Marcher,5219.978516,0.876500,-0.621400,-0.613000
1,Marcher,5229.986328,0.724500,-0.564100,-0.449500
1,Marcher,5239.998047,0.476200,-0.354900,-0.184100
1,Marcher,5249.978516,0.206500,-0.189800,0.103200
1,Marcher,5259.990234,-0.053500,0.050600,0.338600
1,Marcher,5269.998047,-0.431600,0.329000,0.714100
1,Marcher,5279.978516,-0.616800,0.450400,0.999700
1,Marcher,5289.990234,-0.646700,0.336600,1.124700
1,Marcher,5300.001953,-0.329600,0.224200,1.208700
1,Marcher,5309.982422,0.055800,-0.003000,1.216600
1,Marcher,5319.994141,0.420400,-0.460800,1.297700
1,Marcher,5329.990234,0.541400,-0.720500,1.330200
1,Marcher,5339.986328,0.609400,-1.171900,1.285400
1,Marcher,5349.998047,0.293900,-1.271400,1.045500
1,Marcher,5359.974609,-0.116100,-0.983900,0.925400
1,Marcher,5369.986328,-0.488000,-0.628000,0.802600
1,Marcher,5379.998047,-0.894500,-0.126400,0.493400
1,Marcher,5389.978516,-1.260300,0.364400,0.452000
1,Marcher,5399.986328,-1.286400,1.045200,0.365700
1,Marcher,5410.001953,-1.003900,0.866500,-0.320300
1,Marcher,5419.982422,-0.809500,0.456600,-1.362600
1,Marcher,5429.990234,-0.860100,-0.420000,-2.179000
1,Marcher,5440.001953,-1.069400,-1.176300,-2.921000
1,Marcher,5449.998047,-1.465500,-1.775200,-3.288500
1,Marcher,5459.994141,-1.875900,-2.063800,-3.030900
1,Marcher,5470.001953,-2.379000,-1.847400,-2.214800
1,Marcher,5479.982422,-2.816900,-1.361600,-1.200100
1,Marcher,5489.994141,-3.120100,-0.603000,-0.519000
1,Marcher,5499.974609,-3.333800,0.077800,-0.044300
1,Marcher,5509.982422,-3.651000,0.720000,0.494000
1,Marcher,5519.998047,-3.809600,1.444700,0.723300
1,Marcher,5529.978516,-3.357400,2.253400,0.878100
1,Marcher,5539.986328,-2.390400,2.950400,0.729100
1,Marcher,5549.998047,-1.482300,3.338200,0.363300
1,Marcher,5559.978516,-0.629000,3.336900,0.088500
1,Marcher,5570.005859,0.095900,3.062700,0.205600
1,Marcher,5580.001953,0.424100,2.749700,0.472400
1,Marcher,5589.982422,0.294000,2.318400,0.879900
1,Marcher,5599.990234,-0.103100,1.769400,1.077500
1,Marcher,5610.001953,-0.647900,1.300300,1.040800
1,Marcher,5619.982422,-0.804900,0.754100,1.081100
1,Marcher,5629.994141,-0.741000,0.207800,1.151200
1,Marcher,5639.974609,-0.425800,-0.456100,1.222500
1,Marcher,5649.986328,0.030300,-1.120500,1.369700
1,Marcher,5659.994141,0.291900,-1.511900,1.297700
1,Marcher,5669.974609,0.325700,-1.983300,0.998000
1,Marcher,5679.986328,0.393700,-2.259800,0.595800
1,Marcher,5690.013672,0.111400,-2.614700,0.209400
1,Marcher,5699.978516,0.125000,-2.656500,0.001700
1,Marcher,5709.986328,0.043200,-2.423100,-0.085100
1,Marcher,5720.001953,-0.245800,-2.463100,-0.106900
1,Marcher,5729.978516,-0.543800,-2.423800,0.057200
1,Marcher,5739.990234,-0.656100,-2.502500,0.125200
1,Marcher,5750.001953,-0.588100,-2.504000,0.319600
1,Marcher,5759.982422,-0.540800,-2.624800,0.375500
1,Marcher,5769.990234,-0.584600,-2.628900,0.550200
1,Marcher,5780.001953,-0.690600,-2.670600,0.459400
1,Marcher,5789.982422,-0.794600,-2.630200,0.439900
1,Marcher,5799.994141,-0.895500,-2.350500,0.289600
1,Marcher,5809.990234,-0.692000,-2.106600,0.166300
1,Marcher,5819.986328,-0.427100,-1.702300,0.160600
1,Marcher,5829.998047,0.102700,-1.101900,-0.023900
1,Marcher,5839.974609,0.598200,-0.466100,-0.182600
1,Marcher,5849.986328,0.930800,0.242100,-0.286400
1,Marcher,5859.998047,1.210800,0.826100,-0.124200
1,Marcher,5869.978516,1.344700,1.289100,0.182200
1,Marcher,5879.990234,1.275600,1.673300,0.403400
1,Marcher,5890.001953,1.101900,1.824300,0.543400
1,Marcher,5899.982422,0.912800,1.703500,0.759000
1,Marcher,5909.994141,0.552300,1.507300,1.075100
1,Marcher,5920.001953,0.242200,1.313100,1.328500
1,Marcher,5929.998047,0.132000,1.277500,1.556400
1,Marcher,5939.994141,0.047800,1.124500,1.686800
1,Marcher,5949.974609,0.004200,0.816000,1.618900
1,Marcher,5959.986328,-0.190800,0.586600,1.252500
1,Marcher,5969.994141,-0.313700,0.159000,0.563600
1,Marcher,5979.974609,-0.403600,-0.508300,-0.504300
1,Marcher,5989.986328,-0.530500,-0.945400,-2.126700
1,Marcher,5999.998047,-0.724500,-0.875600,-3.671000
1,Marcher,6009.978516,-1.060500,-0.411300,-4.353900
1,Marcher,6019.986328,-2.068000,1.159300,-2.925000
1,Marcher,6029.998047,-1.645800,1.475100,-1.516600
1,Marcher,6039.978516,-1.055700,1.514000,-0.614800
1,Marcher,6050.005859,-0.302300,1.157200,-0.355500
1,Marcher,6060.001953,0.164900,0.799400,-0.448600
1,Marcher,6069.982422,0.660500,0.440800,-0.385400
1,Marcher,6079.990234,1.079300,0.357300,-0.405400
1,Marcher,6090.005859,1.347900,0.431500,-0.165600
1,Marcher,6099.982422,1.390600,0.938300,-0.090000
1,Marcher,6109.994141,1.252800,1.681900,-0.049300
1,Marcher,6119.974609,1.049900,2.505100,-0.036300
1,Marcher,6129.986328,0.702500,3.094100,-0.317100
1,Marcher,6139.998047,0.363800,3.134800,-0.505500
1,Marcher,6149.978516,0.032400,2.902000,-0.677200
1,Marcher,6159.990234,-0.032700,2.159400,-0.638800
1,Marcher,6170.013672,0.236300,1.180600,-0.436000
1,Marcher,6179.978516,0.570300,0.044500,-0.073100
1,Marcher,6189.990234,0.777800,-1.012700,0.215000
1,Marcher,6200.001953,0.712200,-2.029700,0.424900
1,Marcher,6209.978516,0.528500,-2.771800,0.547700
1,Marcher,6219.994141,0.308000,-3.279100,0.572200
1,Marcher,6230.001953,0.165800,-3.474900,0.482500
1,Marcher,6239.982422,0.097500,-3.479200,0.218500
1,Marcher,6249.994141,-0.014900,-3.408900,-0.177900
1,Marcher,6259.974609,0.087800,-3.261700,-0.672700
1,Marcher,6269.986328,0.331300,-3.113200,-0.873500
1,Marcher,6279.994141,0.459400,-2.842500,-1.014800
1,Marcher,6289.994141,0.710700,-2.607600,-1.038200
1,Marcher,6299.986328,1.013700,-2.252600,-1.010900
1,Marcher,6309.998047,1.243800,-2.092900,-0.874000
1,Marcher,6319.978516,1.744700,-1.971100,-0.889100
1,Marcher,6329.990234,2.013600,-1.966300,-0.714000
1,Marcher,6339.998047,2.204000,-1.960300,-0.419800
1,Marcher,6349.978516,2.121000,-2.070900,-0.203900
1,Marcher,6359.990234,1.917100,-2.023800,0.086300
1,Marcher,6370.001953,1.368500,-1.976000,0.259200
1,Marcher,6379.982422,0.896200,-1.654400,0.415400
1,Marcher,6389.994141,0.274400,-1.099700,0.665600
1,Marcher,6400.001953,-0.226800,-0.469300,0.888700
1,Marcher,6410.001953,-0.633600,0.080200,1.016200
1,Marcher,6419.994141,-0.781100,0.588800,0.984300
1,Marcher,6429.974609,-0.713100,1.018700,0.883400
1,Marcher,6439.986328,-0.595500,1.173900,0.827600
1,Marcher,6449.998047,-0.333100,0.978400,0.588900
1,Marcher,6459.978516,0.097900,0.824100,0.584600
1,Marcher,6469.986328,0.650400,0.710500,0.838300
1,Marcher,6480.001953,1.135000,0.715800,1.186000
1,Marcher,6489.978516,1.185600,1.189900,1.730400
1,Marcher,6499.990234,0.744600,1.699800,2.348300
1,Marcher,6509.998047,0.106600,2.401200,2.809400
1,Marcher,6519.982422,-0.564500,2.707300,3.019900
1,Marcher,6530.009766,-0.936900,2.621500,2.878200
1,Marcher,6540.001953,-1.322100,1.986900,2.174700
1,Marcher,6549.982422,-1.643600,1.194900,1.006600
1,Marcher,6559.994141,-1.906000,0.283700,-0.680100
1,Marcher,6569.974609,-1.909800,-0.394100,-2.795500
1,Marcher,6579.982422,-2.200000,-1.033300,-4.634300
1,Marcher,6589.994141,-2.803400,-1.395400,-5.822500
1,Marcher,6599.978516,-3.112800,-1.632900,-5.971700
1,Marcher,6609.986328,-2.540100,-1.314500,-4.780000
1,Marcher,6619.998047,-1.172200,-0.641100,-3.136000
1,Marcher,6629.978516,0.168800,0.187700,-1.850700
1,Marcher,6639.990234,1.892400,1.602100,-0.568300
1,Marcher,6650.017578,2.251000,2.350500,-0.420100
1,Marcher,6659.978516,2.242300,2.943100,-0.347000
1,Marcher,6669.990234,1.812500,3.340800,-0.464700
1,Marcher,6680.001953,0.757100,3.619700,-0.390800
1,Marcher,6689.982422,-0.408600,3.387200,-0.318800
1,Marcher,6699.994141,-1.485500,2.878600,-0.407100
1,Marcher,6709.970703,-1.977000,1.898900,-0.223800
1,Marcher,6719.986328,-1.896700,0.606400,0.194900
1,Marcher,6729.994141,-1.453100,-0.684200,0.694300
1,Marcher,6739.974609,-0.672000,-1.971800,1.168600
1,Marcher,6749.986328,0.000500,-3.059800,1.548800
1,Marcher,6759.998047,0.483100,-3.753000,1.949500
1,Marcher,6769.994141,0.662900,-4.168700,2.096900
1,Marcher,6779.986328,0.634200,-4.502900,2.062900
1,Marcher,6789.998047,0.514000,-4.522600,1.752400
1,Marcher,6799.978516,0.418800,-4.505900,1.341900
1,Marcher,6809.990234,0.234600,-4.300900,0.768300
1,Marcher,6820.001953,-0.212800,-3.875100,0.387800
1,Marcher,6829.982422,-0.587000,-3.308000,0.192500
1,Marcher,6839.994141,-0.794000,-2.792200,0.345500
1,Marcher,6850.005859,-0.906000,-2.277000,0.383800
1,Marcher,6859.982422,-0.850000,-1.791100,0.337600
1,Marcher,6869.994141,-0.743900,-1.569600,0.351400
1,Marcher,6879.974609,-0.360000,-1.223700,0.299900
1,Marcher,6890.001953,-0.097700,-1.027700,0.230800
1,Marcher,6899.998047,0.180600,-0.829700,0.282200
1,Marcher,6909.974609,0.235600,-0.630200,0.519100
1,Marcher,6919.986328,0.132900,-0.351000,0.510200
1,Marcher,6929.998047,0.034000,-0.033200,0.462200
1,Marcher,6939.978516,-0.149300,0.359800,0.562100
1,Marcher,6949.986328,-0.417200,0.787900,0.756200
1,Marcher,6959.998047,-0.520100,1.253100,0.828400
1,Marcher,6969.982422,-0.403800,1.561300,0.946600
1,Marcher,6979.990234,-0.135400,1.713200,1.077600
1,Marcher,6990.001953,-0.226900,1.868200,1.183000
1,Marcher,6999.978516,-0.589700,2.026600,1.259600
1,Marcher,7010.009766,-0.994900,2.344900,1.571400
1,Marcher,7019.970703,-1.192400,2.900200,1.796400
1,Marcher,7029.982422,-0.674500,3.375100,1.968700
1,Marcher,7039.998047,0.040500,3.651100,1.892200
1,Marcher,7049.974609,0.685900,3.768100,1.537000
1,Marcher,7059.986328,1.114400,3.373700,0.682600
1,Marcher,7069.998047,0.911100,2.665100,-0.228300
1,Marcher,7079.978516,-0.162600,1.997100,-1.600800
1,Marcher,7089.990234,-1.351000,1.370000,-2.874200
1,Marcher,7100.001953,-2.381100,0.628400,-3.941300
1,Marcher,7109.978516,-2.873100,-0.265600,-4.887900
1,Marcher,7119.990234,-2.694600,-1.037700,-5.299500
1,Marcher,7130.021484,-2.049900,-1.492400,-5.045700
1,Marcher,7139.982422,-0.964500,-1.399300,-4.114900
1,Marcher,7149.990234,0.164800,-0.839800,-2.869200
1,Marcher,7160.001953,1.213800,-0.286300,-1.806100
1,Marcher,7169.982422,1.876500,0.105100,-1.154900
1,Marcher,7179.994141,2.091600,0.415900,-0.789300
1,Marcher,7189.974609,1.911300,0.531500,-0.731200
1,Marcher,7199.982422,1.309300,0.885100,-0.663500
1,Marcher,7209.994141,0.421500,1.125900,-0.741300
1,Marcher,7219.974609,-0.468600,1.450700,-0.731600
1,Marcher,7229.986328,-0.975600,1.546200,-0.901800
1,Marcher,7239.998047,-1.049800,1.643600,-0.716400
1,Marcher,7249.994141,-0.830100,1.623500,-0.680000
1,Marcher,7259.990234,0.241800,0.660500,-0.469400
1,Marcher,7270.001953,0.854500,-0.302700,0.099700
1,Marcher,7279.978516,1.389100,-1.419700,0.751100
1,Marcher,7289.994141,1.741200,-2.258200,1.207700
1,Marcher,7300.001953,1.992200,-3.055300,1.655800
1,Marcher,7309.982422,2.137800,-3.620200,1.920100
1,Marcher,7319.990234,2.194100,-3.917700,1.997000
1,Marcher,7329.974609,2.089000,-4.074900,2.020500
1,Marcher,7339.986328,1.928400,-3.816800,1.757900
1,Marcher,7349.994141,1.487500,-3.296900,1.367400
1,Marcher,7359.978516,1.435300,-2.628300,0.774400
1,Marcher,7370.001953,1.334600,-2.077800,0.384500
1,Marcher,7379.998047,1.212100,-1.639500,0.259000
1,Marcher,7389.974609,1.167800,-1.544300,0.313300
1,Marcher,7399.986328,1.165700,-1.714300,0.524900
1,Marcher,7409.998047,1.053600,-2.073300,0.546100
1,Marcher,7419.978516,1.122600,-2.427800,0.481800
1,Marcher,7429.990234,1.307900,-2.897700,0.588000
1,Marcher,7440.001953,1.361600,-3.247700,0.504500
1,Marcher,7449.978516,0.931100,-3.361400,0.614500
1,Marcher,7459.994141,0.620300,-3.317100,0.786300
1,Marcher,7470.005859,0.493000,-2.760700,1.201800
1,Marcher,7479.982422,0.370600,-1.811100,1.570200
1,Marcher,7490.009766,0.015500,-0.740900,1.647900
1,Marcher,7499.974609,-0.615500,0.131900,1.443300
1,Marcher,7509.986328,-1.080700,0.563500,1.090600
1,Marcher,7519.994141,-1.368300,0.872100,0.693400
1,Marcher,7529.974609,-1.378900,0.824200,0.410100
1,Marcher,7539.986328,-0.989700,0.698600,0.264700
1,Marcher,7549.998047,-0.226400,0.616500,0.176000
1,Marcher,7559.978516,0.811800,0.697200,0.357500
1,Marcher,7569.986328,1.436300,1.054800,0.639900
1,Marcher,7580.001953,1.176900,1.917700,1.168500
1,Marcher,7589.978516,0.257500,2.966800,1.999400
1,Marcher,7599.990234,-1.007700,3.968600,2.782100
1,Marcher,7610.017578,-1.991900,4.299400,3.214800
1,Marcher,7619.982422,-2.710700,4.160700,2.644800
1,Marcher,7629.994141,-2.761600,3.869500,1.422500
1,Marcher,7639.974609,-1.940800,3.544200,-0.083100
1,Marcher,7649.982422,-0.694900,3.223100,-1.744800
1,Marcher,7659.994141,0.539100,2.514100,-3.416100
1,Marcher,7669.974609,1.087700,1.533400,-4.912900
1,Marcher,7679.986328,0.904900,0.436800,-5.555300
1,Marcher,7689.994141,0.276600,-0.894300,-5.380000
1,Marcher,7699.978516,-0.381800,-2.028300,-4.407700
1,Marcher,7709.990234,-0.836000,-2.888200,-3.192600
1,Marcher,7719.998047,-1.045200,-2.887300,-1.507600
1,Marcher,7729.998047,-1.053300,-2.182200,-0.127500
1,Marcher,7739.986328,-0.761100,-0.888600,0.530200
1,Marcher,7750.001953,-0.493300,0.601200,0.857800
1,Marcher,7759.978516,-0.132700,2.131800,0.556900
1,Marcher,7769.990234,0.359000,3.586400,-0.164000
1,Marcher,7780.001953,0.607200,4.689500,-0.795900
1,Marcher,7789.982422,0.518600,4.850900,-1.069900
1,Marcher,7799.994141,0.002400,4.263800,-0.842500
1,Marcher,7809.970703,-0.538500,3.006400,-0.231700
1,Marcher,7819.986328,-0.926200,1.199400,0.301500
1,Marcher,7829.998047,-0.890000,-0.721700,0.771600
1,Marcher,7839.974609,-0.617700,-2.440700,1.119100
1,Marcher,7850.001953,-0.473100,-3.642400,1.275300
1,Marcher,7860.001953,-0.258800,-4.601600,1.427800
1,Marcher,7869.978516,0.063100,-5.008700,1.577000
1,Marcher,7879.990234,0.320900,-3.966600,1.496700
1,Marcher,7889.998047,-0.013800,-3.167600,1.291300
1,Marcher,7899.982422,-0.441600,-2.539700,1.215100
1,Marcher,7909.994141,-1.136800,-2.047000,1.174600
1,Marcher,7920.001953,-1.770200,-1.880800,1.051800
1,Marcher,7929.982422,-2.184700,-1.873900,0.991400
1,Marcher,7939.990234,-2.411500,-2.292600,0.912500
1,Marcher,7949.974609,-2.425600,-2.740900,0.817800
1,Marcher,7959.982422,-2.080400,-3.181700,0.874900
1,Marcher,7970.009766,-1.532100,-3.420000,0.767300
1,Marcher,7979.974609,-0.930700,-3.537400,0.795100
1,Marcher,7989.986328,-0.189400,-3.457800,0.774600
1,Marcher,7999.998047,0.310500,-3.220900,0.845700
1,Marcher,8009.974609,0.772500,-2.866700,0.826100
1,Marcher,8019.986328,1.093000,-2.120300,0.659200
1,Marcher,8029.998047,1.305700,-1.374100,0.723800
1,Marcher,8039.978516,1.209300,-0.587600,0.497100
1,Marcher,8049.990234,0.940400,0.199300,0.093900
1,Marcher,8060.001953,0.610200,0.828500,-0.303100
1,Marcher,8069.982422,0.260300,1.378000,-0.693400
1,Marcher,8079.994141,0.284600,1.886900,-0.856100
1,Marcher,8090.021484,0.270100,2.278400,-0.662500
1,Marcher,8099.986328,0.366600,2.747200,-0.030400
1,Marcher,8109.994141,0.539400,3.058600,0.607900
1,Marcher,8119.974609,0.832300,3.369900,1.292600
1,Marcher,8129.982422,1.282400,3.328600,1.865600
1,Marcher,8139.994141,1.668300,2.972900,2.216100
1,Marcher,8149.978516,1.911500,2.420600,1.872100
1,Marcher,8159.986328,1.362800,1.986100,1.128900
1,Marcher,8169.998047,0.089200,1.983600,0.040100
1,Marcher,8179.974609,-1.685200,2.178300,-1.149700
1,Marcher,8189.990234,-3.142900,2.217200,-2.210900
1,Marcher,8200.001953,-3.909600,1.865500,-3.038100
1,Marcher,8209.994141,-4.109000,0.967500,-3.409700
1,Marcher,8219.990234,-3.563100,-0.124000,-3.162200
1,Marcher,8230.001953,-2.559900,-1.175800,-2.465200
1,Marcher,8239.982422,-1.337700,-1.640300,-1.564300
1,Marcher,8249.994141,-0.254700,-1.518400,-0.842600
1,Marcher,8259.974609,0.577600,-0.888900,-0.108200
1,Marcher,8269.986328,1.201000,-0.026000,0.369200
1,Marcher,8279.998047,1.503600,1.150100,0.418600
1,Marcher,8289.974609,1.524000,2.247600,-0.030000
1,Marcher,8299.986328,1.456200,3.188000,-0.625500
1,Marcher,8309.994141,1.227900,3.461600,-1.060100
1,Marcher,8319.978516,0.958900,3.264200,-1.188100
1,Marcher,8330.005859,0.778600,2.636000,-1.164000
1,Marcher,8339.998047,0.645400,1.577000,-0.866600
1,Marcher,8349.978516,0.638000,0.441100,-0.477800
1,Marcher,8359.990234,0.603500,-0.810000,-0.187500
1,Marcher,8370.001953,0.623700,-2.097300,0.164300
1,Marcher,8379.982422,0.589200,-3.222700,0.385300
1,Marcher,8389.994141,0.614600,-3.950300,0.512200
1,Marcher,8400.005859,0.693900,-4.399900,0.598200
1,Marcher,8409.982422,0.945600,-4.342000,0.588700
1,Marcher,8419.994141,1.256400,-4.059400,0.810300
1,Marcher,8429.974609,1.632800,-3.752500,0.829700
1,Marcher,8439.986328,2.033500,-3.341300,0.876600
1,Marcher,8450.013672,2.135700,-2.935100,0.723600
1,Marcher,8459.974609,2.234000,-2.761500,0.541700
1,Marcher,8469.990234,2.212500,-2.577100,0.170200
1,Marcher,8479.998047,2.066400,-2.343800,0.240900
1,Marcher,8489.978516,1.779500,-2.417300,0.263700
1,Marcher,8499.986328,1.204700,-2.685100,0.389100
1,Marcher,8509.998047,0.906800,-2.990400,0.355500
1,Marcher,8519.982422,0.791100,-3.020300,0.424000
1,Marcher,8529.990234,0.910100,-2.696100,0.497000
1,Marcher,8540.001953,0.978700,-2.098300,0.773100
1,Marcher,8549.978516,0.921300,-1.227200,0.818800
1,Marcher,8559.994141,0.776500,-0.434600,0.758900
1,Marcher,8569.990234,0.437000,0.162300,0.611000
1,Marcher,8579.982422,-0.041100,0.758100,0.460700
1,Marcher,8589.994141,-0.606700,1.194300,0.322900
1,Marcher,8599.974609,-1.023200,1.509100,0.314600
1,Marcher,8609.986328,-1.226000,1.429400,0.351000
1,Marcher,8619.998047,-1.260400,1.348400,0.432600
1,Marcher,8629.978516,-0.802300,1.387700,0.587300
1,Marcher,8639.990234,-0.433900,1.742100,0.919200
1,Marcher,8650.001953,-0.262600,2.174800,1.345500
1,Marcher,8659.978516,-0.535600,2.838600,1.973400
1,Marcher,8669.994141,-1.232400,3.456900,2.620900
1,Marcher,8680.001953,-2.220700,3.832600,2.379700
1,Marcher,8689.998047,-2.847200,4.204000,1.551500
1,Marcher,8699.990234,-2.948600,4.536800,0.678700
1,Marcher,8710.001953,-2.053600,4.481700,-0.691100
1,Marcher,8719.986328,-0.846400,3.843200,-1.945300
1,Marcher,8729.994141,0.353400,2.503100,-3.073200
1,Marcher,8739.974609,0.823000,0.969800,-3.476900
1,Marcher,8749.982422,0.916300,-0.873900,-3.669400
1,Marcher,8759.998047,0.579900,-2.638100,-3.398600
1,Marcher,8769.974609,0.516300,-3.930300,-3.055100
1,Marcher,8779.986328,0.461100,-4.242400,-2.149800
1,Marcher,8789.998047,0.453000,-3.418200,-1.075100
1,Marcher,8799.978516,0.374400,-1.693800,0.039700
1,Marcher,8810.005859,0.490300,0.382400,0.658600
1,Marcher,8820.001953,0.484200,2.420000,0.417600
1,Marcher,8829.978516,0.428800,3.910500,-0.462400
1,Marcher,8839.994141,0.547900,4.737300,-1.466500
1,Marcher,8850.001953,0.610500,4.546400,-1.827100
1,Marcher,8859.982422,0.283800,3.727500,-1.374400
1,Marcher,8869.994141,-0.111500,2.318600,-0.587600
1,Marcher,8879.974609,-0.367100,0.671600,0.374200
1,Marcher,8889.986328,-0.489800,-1.171600,0.793200
1,Marcher,8899.994141,-0.678300,-2.778000,0.920000
1,Marcher,8909.978516,-0.566400,-3.791800,0.964400
1,Marcher,8919.986328,-0.447300,-4.484400,0.783500
1,Marcher,8930.013672,-0.413000,-4.505000,0.770400
1,Marcher,8939.974609,-0.227200,-4.131600,0.931600
1,Marcher,8949.986328,-0.257500,-3.563100,1.177800
1,Marcher,8960.001953,-0.340800,-3.002800,1.212700
1,Marcher,8969.978516,-0.792000,-2.533400,1.076100
1,Marcher,8979.990234,-1.208100,-2.431000,0.919600
1,Marcher,8990.001953,-1.726200,-2.414000,0.768700
1,Marcher,8999.982422,-2.129500,-2.634900,0.704900
1,Marcher,9009.994141,-2.480700,-2.697400,0.970400
1,Marcher,9020.005859,-2.623300,-2.715400,0.959000
1,Marcher,9029.982422,-2.494500,-2.686700,1.052600
1,Marcher,9039.994141,-2.217300,-2.690100,0.997600
1,Marcher,9049.990234,-1.724600,-2.531300,0.994200
1,Marcher,9059.986328,-1.351200,-2.486500,0.946800
1,Marcher,9069.994141,-0.944000,-2.361400,0.707300
1,Marcher,9079.978516,-0.655800,-1.922100,0.363100
1,Marcher,9089.990234,-0.248700,-1.404100,0.129900
1,Marcher,9099.998047,0.487500,-0.808800,0.211600
1,Marcher,9109.978516,0.985500,0.019700,0.221600
1,Marcher,9119.986328,1.352300,1.354200,-0.037400
1,Marcher,9130.001953,1.230800,1.353700,-0.200800
1,Marcher,9139.978516,0.538100,1.433800,-0.299200
1,Marcher,9149.990234,-0.401800,1.516900,0.057500
1,Marcher,9160.001953,-0.889300,1.798500,0.767400
1,Marcher,9169.998047,-0.945400,2.355300,1.616000
1,Marcher,9179.994141,-0.514100,3.028600,2.346000
1,Marcher,9189.974609,0.245700,3.582900,2.486800
1,Marcher,9199.986328,0.977500,3.976900,1.955300
1,Marcher,9209.998047,1.493700,4.210400,0.958200
1,Marcher,9219.974609,1.446500,4.557500,-0.454900
1,Marcher,9229.986328,0.819300,4.471500,-2.155900
1,Marcher,9239.998047,0.195700,3.835800,-3.493700
1,Marcher,9249.978516,-0.232200,2.730400,-4.062800
1,Marcher,9259.990234,-0.430500,1.195000,-3.877600
1,Marcher,9269.998047,-0.248800,-0.574800,-3.388800
1,Marcher,9279.978516,0.118800,-2.304600,-2.602100
1,Marcher,9290.009766,0.554300,-3.367300,-1.988200
1,Marcher,9300.001953,0.796300,-3.840400,-1.427800
1,Marcher,9309.978516,0.580100,-3.371300,-0.621600
1,Marcher,9319.990234,0.489700,-2.040200,0.184000
1,Marcher,9330.001953,0.630300,-0.318400,0.569000
1,Marcher,9339.982422,0.771700,1.403800,0.326900
1,Marcher,9349.994141,0.889800,2.971900,-0.355500
1,Marcher,9359.974609,0.640300,3.680600,-1.160900
1,Marcher,9369.986328,0.300200,3.764400,-1.639000
1,Marcher,9379.998047,-0.106300,3.104200,-1.724400
1,Marcher,9389.974609,-0.255100,1.971700,-1.313500
1,Marcher,9399.986328,-0.277800,0.523400,-0.595100
1,Marcher,9410.017578,-0.127300,-0.963800,0.056400
1,Marcher,9419.978516,0.127500,-2.291600,0.576900
1,Marcher,9429.990234,0.234200,-3.260600,0.819800
1,Marcher,9439.998047,0.437500,-3.753900,1.003300
1,Marcher,9449.982422,0.847800,-3.891300,0.953100
1,Marcher,9459.994141,1.223900,-3.677400,1.033500
1,Marcher,9470.001953,1.658600,-3.392200,1.104900
1,Marcher,9479.982422,1.933200,-3.001900,1.105300
1,Marcher,9489.994141,1.935900,-2.701200,1.075100
1,Marcher,9499.974609,1.908700,-2.404800,0.885500
1,Marcher,9509.982422,1.825400,-2.264600,0.946900
1,Marcher,9519.994141,1.821800,-2.238400,0.962700
1,Marcher,9529.994141,1.719600,-2.442100,0.916600
1,Marcher,9539.986328,1.642100,-2.446600,0.959900
1,Marcher,9549.998047,1.317400,-2.566400,0.867000
1,Marcher,9559.978516,0.995800,-2.563700,0.660600
1,Marcher,9569.986328,0.827700,-2.713700,0.726800
1,Marcher,9580.001953,0.702000,-2.586800,0.738000
1,Marcher,9589.978516,0.578200,-2.264200,0.893500
1,Marcher,9599.990234,0.341700,-1.865900,1.049700
1,Marcher,9610.001953,-0.053700,-1.430900,1.115800
1,Marcher,9619.982422,-0.265700,-0.838600,1.363700
1,Marcher,9629.994141,-0.489500,-0.399300,1.388200
1,Marcher,9639.970703,-0.706900,-0.074400,1.227300
1,Marcher,9650.001953,-1.017100,0.171600,0.874500
1,Marcher,9659.994141,-1.291100,0.374100,0.266500
1,Marcher,9669.974609,-1.487800,0.491900,-0.253200
1,Marcher,9679.986328,-1.433100,0.763900,-0.256700
1,Marcher,9689.998047,-1.063600,1.153500,0.152400
1,Marcher,9699.978516,-0.537300,1.543600,0.907000
1,Marcher,9709.986328,-0.312400,2.325400,1.813200
1,Marcher,9719.998047,-0.747800,3.220700,2.718600
1,Marcher,9729.978516,-1.336000,3.995300,2.912300
1,Marcher,9739.990234,-2.043300,5.156200,1.300000
1,Marcher,9750.001953,-1.934300,4.551900,-0.175500
1,Marcher,9759.978516,-0.965300,3.832300,-1.549200
1,Marcher,9770.005859,0.457600,2.645800,-2.564500
1,Marcher,9780.005859,1.372300,1.619500,-3.199600
1,Marcher,9789.982422,1.646100,0.398900,-3.503300
1,Marcher,9799.994141,1.405900,-0.937300,-3.643300
1,Marcher,9809.974609,1.047900,-2.310900,-3.440700
1,Marcher,9819.986328,0.509100,-3.135200,-3.162600
1,Marcher,9829.998047,-0.162000,-3.215200,-2.663500
1,Marcher,9839.974609,-0.994800,-2.277300,-2.097900
1,Marcher,9849.986328,-1.720900,-0.752500,-1.242200
1,Marcher,9859.994141,-2.425600,1.045900,-0.488300
1,Marcher,9869.978516,-2.538100,2.571800,-0.390800
1,Marcher,9879.986328,-2.118900,3.826600,-0.669000
1,Marcher,9890.013672,-1.264400,4.144100,-1.277600
1,Marcher,9899.982422,-0.410600,3.640300,-1.492500
1,Marcher,9909.990234,0.290800,2.626900,-1.373900
1,Marcher,9920.001953,0.543300,1.415800,-0.892800
1,Marcher,9929.978516,0.521100,0.125100,-0.270300
1,Marcher,9939.994141,0.471500,-0.969600,0.351800
1,Marcher,9949.970703,0.401700,-2.062700,0.760800
1,Marcher,9959.982422,0.340400,-2.877200,1.087700
1,Marcher,9969.998047,0.149000,-3.606500,1.341700
1,Marcher,9979.974609,-0.100200,-3.780100,1.427100
1,Marcher,9989.986328,-0.338500,-3.603400,1.472100
1,Marcher,9999.998047,-0.685100,-3.159400,1.464500
1,Marcher,10009.990234,-1.021200,-2.883000,1.400900
1,Marcher,10019.990234,-1.280800,-2.577800,1.248400
1,Marcher,10029.998047,-1.517800,-2.239700,1.133400
1,Marcher,10039.978516,-1.644700,-2.178100,1.177600
1,Marcher,10049.990234,-1.764700,-2.153600,1.041300
1,Marcher,10059.998047,-1.736900,-2.164600,1.086700
1,Marcher,10069.982422,-1.466300,-2.172900,1.238800
1,Marcher,10079.990234,-1.121200,-2.139200,1.207400
1,Marcher,10090.001953,-0.899200,-1.986600,1.157500
1,Marcher,10099.982422,-0.490100,-1.951400,1.030000
1,Marcher,10109.994141,-0.316300,-1.838500,0.976100
1,Marcher,10119.970703,-0.195600,-1.647800,0.962800
1,Marcher,10129.998047,-0.102600,-1.495500,0.781300
1,Marcher,10139.994141,0.096300,-1.381100,0.680300
1,Marcher,10149.974609,0.286000,-1.067700,0.594400
1,Marcher,10159.986328,0.499200,-0.750700,0.502200
1,Marcher,10169.998047,0.601000,-0.313500,0.389100
1,Marcher,10179.978516,0.693600,0.084600,0.231100
1,Marcher,10189.990234,0.737800,0.403700,0.257500
1,Marcher,10200.001953,0.694500,0.957300,0.263100
1,Marcher,10209.978516,0.494500,1.353700,0.169100
1,Marcher,10219.994141,0.140900,1.475600,0.048700
1,Marcher,10230.001953,-0.358300,1.481400,-0.031900
1,Marcher,10239.982422,-0.769100,1.567500,0.224600
1,Marcher,10250.009766,-0.611800,1.769600,0.466200
1,Marcher,10259.974609,-0.062600,1.967900,0.994200
1,Marcher,10269.986328,0.562300,2.201000,1.081500
1,Marcher,10279.994141,0.919100,2.744300,0.862800
1,Marcher,10289.978516,0.983900,3.246300,0.509600
1,Marcher,10299.986328,0.844500,3.628800,-0.318700
1,Marcher,10309.998047,0.327600,3.735900,-1.597800
1,Marcher,10319.974609,-0.503300,3.255600,-3.157700
1,Marcher,10329.986328,-1.178000,2.073000,-4.392300
1,Marcher,10339.998047,-1.590800,0.464300,-4.859700
1,Marcher,10349.978516,-1.703800,-1.412900,-4.512900
1,Marcher,10359.990234,-0.662400,-3.721800,-2.733800
1,Marcher,10370.017578,0.045600,-3.678400,-1.767800
1,Marcher,10379.978516,0.464900,-2.734900,-0.876100
1,Marcher,10389.994141,0.682300,-1.243700,-0.168500
1,Marcher,10400.001953,0.778600,0.638700,0.247900
1,Marcher,10409.982422,0.644600,2.717800,0.156000
1,Marcher,10419.994141,0.173300,4.132200,-0.199300
1,Marcher,10429.974609,-0.583700,4.804800,-0.697100
1,Marcher,10439.986328,-0.895700,4.342000,-0.794300
1,Marcher,10449.994141,-0.739100,3.055600,-0.540500
1,Marcher,10459.974609,-0.209800,1.531100,0.011800
1,Marcher,10469.986328,0.409200,-0.507400,0.700900
1,Marcher,10479.998047,0.992800,-2.198000,1.369900
1,Marcher,10489.994141,1.389000,-3.576300,1.500100
1,Marcher,10499.986328,1.847500,-4.404900,1.602200
1,Marcher,10510.001953,2.000600,-4.680400,1.612700
1,Marcher,10519.978516,1.826100,-4.363900,1.557400
1,Marcher,10529.990234,1.632500,-3.691300,1.276900
1,Marcher,10540.001953,1.561500,-2.703800,1.037100
1,Marcher,10549.982422,1.713900,-1.915000,0.815700
1,Marcher,10559.994141,1.836800,-1.212300,0.774800
1,Marcher,10569.974609,2.063000,-0.833200,0.621500
1,Marcher,10579.982422,2.088600,-0.774100,0.588600
1,Marcher,10589.998047,1.819300,-1.105600,0.548700
1,Marcher,10599.974609,1.657600,-1.586500,0.538500
1,Marcher,10610.001953,1.430800,-1.980700,0.625600
1,Marcher,10619.994141,1.240200,-2.214400,0.555200
1,Marcher,10629.978516,1.333200,-2.249200,0.446500
1,Marcher,10639.990234,1.386900,-2.007100,0.332600
1,Marcher,10649.998047,1.131800,-1.803000,0.278200
1,Marcher,10659.978516,1.055500,-1.596300,0.296400
1,Marcher,10669.990234,0.945400,-1.384600,0.332100
1,Marcher,10680.001953,0.713600,-0.890400,0.522700
1,Marcher,10689.978516,0.239900,-0.468800,0.762900
1,Marcher,10699.990234,-0.284000,-0.164500,0.656200
1,Marcher,10710.005859,-0.643300,0.016700,0.573900
1,Marcher,10719.982422,-0.755900,0.110300,0.340300
1,Marcher,10730.009766,-0.859300,-0.002500,0.151100
1,Marcher,10739.970703,-0.812300,-0.044100,-0.170900
1,Marcher,10749.986328,-0.697900,-0.052200,-0.323500
1,Marcher,10759.998047,-0.574500,0.056100,-0.021200
1,Marcher,10769.974609,-0.574200,0.323200,0.374700
1,Marcher,10779.986328,-0.994700,0.824700,0.850000
1,Marcher,10790.001953,-1.401000,1.481900,1.328100
1,Marcher,10799.978516,-2.045800,2.096400,1.885900
1,Marcher,10809.990234,-2.695300,2.316300,2.040500
1,Marcher,10819.998047,-3.116400,2.143100,1.881400
1,Marcher,10829.982422,-3.134000,1.893000,1.467100
1,Marcher,10839.990234,-2.810300,1.879800,0.510600
1,Marcher,10850.017578,-2.079100,1.906800,-0.473900
1,Marcher,10859.982422,-1.301200,2.050900,-1.710100
1,Marcher,10869.990234,-0.781100,2.115900,-2.970600
1,Marcher,10879.974609,-0.536900,2.063000,-4.183600
1,Marcher,10889.982422,-0.636100,1.581100,-4.787100
1,Marcher,10899.994141,-0.322000,0.751100,-4.537000
1,Marcher,10909.974609,0.208700,-0.310200,-3.687000
1,Marcher,10919.986328,0.419800,-1.330300,-2.709900
1,Marcher,10929.998047,0.321000,-1.839500,-1.602900
1,Marcher,10939.974609,0.293500,-1.524700,-0.444800
1,Marcher,10949.986328,0.369500,-0.621800,0.369500
1,Marcher,10960.001953,0.737400,0.437500,0.813400
1,Marcher,10969.994141,1.053000,1.732600,0.514800
1,Marcher,10979.990234,0.825500,3.420600,-0.273400
1,Marcher,10990.005859,0.418600,3.382400,-0.327300
1,Marcher,10999.982422,-0.083900,2.637900,-0.309200
1,Marcher,11009.994141,-0.564700,1.384300,-0.203800
1,Marcher,11020.001953,-0.913400,-0.260200,0.104900
1,Marcher,11029.986328,-1.261300,-1.825100,0.539700
1,Marcher,11039.994141,-1.191000,-3.113700,0.758400
1,Marcher,11049.974609,-0.955100,-3.930500,1.077400
1,Marcher,11059.982422,-0.640800,-4.394000,1.252800
1,Marcher,11069.994141,-0.437500,-4.386400,1.277400
1,Marcher,11079.978516,-0.178800,-3.908300,1.295100
1,Marcher,11090.001953,-0.005100,-3.079000,1.167100
1,Marcher,11099.998047,0.029700,-2.134600,0.967600
1,Marcher,11109.978516,-0.100000,-1.469400,0.797600
1,Marcher,11119.990234,-0.131600,-0.967200,0.723700
1,Marcher,11130.001953,-0.229700,-0.745100,0.737200
1,Marcher,11139.978516,-0.330900,-0.877400,0.779100
1,Marcher,11149.990234,-0.491700,-1.162800,0.770200
1,Marcher,11160.001953,-0.622700,-1.717000,0.741900
1,Marcher,11169.982422,-0.775500,-2.148500,0.667500
1,Marcher,11179.994141,-0.774700,-2.577100,0.634700
1,Marcher,11189.974609,-0.772000,-2.808000,0.722100
1,Marcher,11199.986328,-0.723000,-2.802200,0.724700
1,Marcher,11210.013672,-0.501200,-2.676900,0.557300
1,Marcher,11219.974609,-0.301400,-2.156700,0.232200
1,Marcher,11229.986328,0.003600,-1.282700,0.105400
1,Marcher,11239.998047,0.352200,-0.332600,-0.097000
1,Marcher,11249.978516,0.840100,0.533200,-0.179600
1,Marcher,11259.986328,1.230400,1.157400,-0.291800
1,Marcher,11269.998047,1.679900,1.540300,-0.159800
1,Marcher,11279.978516,1.405000,1.569200,-0.087800
1,Marcher,11289.990234,0.501300,1.602300,0.139700
1,Marcher,11300.001953,-0.504400,1.718500,0.481600
1,Marcher,11309.982422,-0.965800,1.877300,1.037500
1,Marcher,11319.994141,-0.797600,2.155000,1.454200
1,Marcher,11330.021484,0.015200,2.549400,1.587500
1,Marcher,11339.982422,0.805300,3.138500,1.293800
1,Marcher,11349.994141,1.455200,3.725900,0.813900
1,Marcher,11359.974609,1.473000,4.154700,-0.105700
1,Marcher,11369.986328,0.962000,4.190100,-1.217300
1,Marcher,11379.998047,0.015300,3.362300,-2.132000
1,Marcher,11389.978516,-1.124400,2.026200,-2.589900
1,Marcher,11399.986328,-2.111800,0.300800,-2.570500
1,Marcher,11409.998047,-2.762700,-1.421400,-2.355600
1,Marcher,11419.978516,-2.863100,-2.906200,-2.105200
1,Marcher,11429.986328,-2.579700,-3.723100,-1.933000
1,Marcher,11439.998047,-1.891400,-3.795700,-1.870300
1,Marcher,11449.998047,-0.891500,-2.851500,-1.276000
1,Marcher,11459.990234,0.071000,-1.361700,-0.783300
1,Marcher,11470.001953,1.147200,0.359100,-0.471100
1,Marcher,11479.978516,2.187200,2.156000,-0.702500
1,Marcher,11489.994141,2.667100,3.757700,-1.233800
1,Marcher,11499.970703,2.540500,4.656700,-1.709600
1,Marcher,11509.982422,1.828200,4.774900,-1.716200
1,Marcher,11519.998047,1.085600,4.112000,-1.487300
1,Marcher,11529.974609,0.479100,3.057500,-0.843600
1,Marcher,11539.986328,-0.093500,1.767100,-0.285400
1,Marcher,11549.998047,-0.335800,0.475300,0.308700
1,Marcher,11559.978516,-0.356200,-0.855300,0.757300
1,Marcher,11570.005859,-0.330800,-1.948900,1.062300
1,Marcher,11580.001953,0.027100,-2.647300,1.144600
1,Marcher,11589.982422,0.442300,-2.912500,1.148800
1,Marcher,11599.994141,1.210500,-2.470900,0.955400
1,Marcher,11610.001953,1.539600,-2.149700,0.855400
1,Marcher,11619.982422,1.762900,-1.913200,0.832100
1,Marcher,11629.990234,1.709900,-1.840400,0.654700
1,Marcher,11640.001953,1.490300,-1.930100,0.642800
1,Marcher,11649.982422,1.037100,-2.099200,0.504500
1,Marcher,11659.994141,0.899100,-2.188700,0.516400
1,Marcher,11669.974609,0.824900,-2.353200,0.525700
1,Marcher,11679.982422,0.717800,-2.552900,0.495000
1,Marcher,11690.013672,0.710300,-2.749900,0.537100
1,Marcher,11699.974609,0.923900,-3.100300,0.562000
1,Marcher,11709.986328,1.046200,-3.292000,0.606200
1,Marcher,11719.998047,1.237400,-3.208900,0.587500
1,Marcher,11729.978516,1.382700,-2.971800,0.748200
1,Marcher,11739.990234,1.650300,-2.736400,0.800700
1,Marcher,11750.001953,1.785000,-2.186800,0.818800
1,Marcher,11759.978516,1.801500,-1.749700,0.670800
1,Marcher,11769.994141,1.626600,-1.228200,0.673300
1,Marcher,11780.001953,1.351400,-0.739700,0.729700
1,Marcher,11789.982422,0.873100,-0.403400,0.800300
1,Marcher,11799.990234,0.146300,-0.303300,0.629100
1,Marcher,11809.990234,-0.465300,-0.246800,0.483800
1,Marcher,11819.986328,-1.077600,-0.313900,0.431500
1,Marcher,11829.994141,-1.413500,-0.113700,0.381700
1,Marcher,11839.978516,-1.450500,0.003700,0.516900
1,Marcher,11849.986328,-1.153500,0.235600,0.631900
1,Marcher,11859.998047,-0.593500,0.509100,0.583700
1,Marcher,11869.974609,-0.085500,0.745800,0.422600
1,Marcher,11879.986328,0.325100,0.868400,0.261000
1,Marcher,11890.001953,0.451700,1.032700,0.520000
1,Marcher,11899.978516,0.226400,1.511900,0.914100
1,Marcher,11909.990234,-0.507600,2.142900,1.745000
1,Marcher,11920.001953,-1.236000,2.925800,2.507800
1,Marcher,11929.998047,-2.040200,3.273400,2.904100
1,Marcher,11939.994141,-2.766700,3.420100,2.576000
1,Marcher,11950.005859,-2.922200,3.484300,1.701600
1,Marcher,11959.982422,-2.309300,3.469600,0.526600
1,Marcher,11969.994141,-1.334200,3.338000,-0.566600
1,Marcher,11979.974609,-0.089800,2.776000,-1.615300
1,Marcher,11989.986328,1.078800,1.979600,-2.512000
1,Marcher,11999.994141,1.563800,0.869700,-3.263500
1,Marcher,12009.978516,1.539100,-0.122300,-3.726700
1,Marcher,12019.986328,1.130000,-1.388500,-3.829100
1,Marcher,12029.998047,0.462900,-2.340500,-3.578900
1,Marcher,12039.978516,-0.229300,-2.742000,-2.759300
1,Marcher,12050.009766,-0.875400,-2.239400,-1.740800
1,Marcher,12060.001953,-1.246000,-1.185900,-0.570800
1,Marcher,12069.978516,-1.277000,0.026300,-0.047500
1,Marcher,12079.990234,-1.087500,1.279000,-0.148200
1,Marcher,12090.005859,-0.903000,2.453300,-0.465200
1,Marcher,12099.982422,-0.486400,3.353400,-0.499500
1,Marcher,12109.994141,-0.291600,3.703900,-0.153700
1,Marcher,12119.974609,-0.200200,3.269400,0.100200
1,Marcher,12129.986328,-0.249200,2.285400,0.417100
1,Marcher,12139.998047,-0.366900,0.987600,0.847200
1,Marcher,12149.974609,-0.373200,-0.505400,1.051200
1,Marcher,12159.986328,-0.328400,-2.115000,1.357400
1,Marcher,12170.013672,-0.312700,-3.527400,1.385400
1,Marcher,12179.978516,-0.218000,-4.349600,1.363800
1,Marcher,12189.990234,-0.050100,-4.659300,1.194500
1,Marcher,12199.998047,-0.021400,-4.574900,1.161900
1,Marcher,12209.982422,0.016800,-4.177200,1.129700
1,Marcher,12219.990234,-0.440400,-2.606600,0.979200
1,Marcher,12230.001953,-0.976500,-1.787100,0.936200
1,Marcher,12239.978516,-1.132200,-1.206400,0.846600
1,Marcher,12249.990234,-1.437500,-0.978100,0.677600
1,Marcher,12260.001953,-1.495800,-1.098200,0.669400
1,Marcher,12269.982422,-1.337300,-1.251600,0.568500
1,Marcher,12279.994141,-0.986400,-1.635400,0.733400
1,Marcher,12289.994141,-0.792200,-1.977900,0.803100
1,Marcher,12299.986328,-0.858500,-2.242000,0.790400
1,Marcher,12309.998047,-1.011500,-2.272300,0.893600
1,Marcher,12319.974609,-1.156500,-2.145600,0.855700
1,Marcher,12329.990234,-1.206800,-2.016900,0.579800
1,Marcher,12340.001953,-0.978400,-1.650300,0.215700
1,Marcher,12349.978516,-0.548200,-1.086300,-0.144300
1,Marcher,12359.990234,-0.049800,-0.563600,-0.404400
1,Marcher,12369.998047,0.466500,-0.240000,-0.492600
1,Marcher,12379.982422,1.025600,-0.079000,-0.595800
1,Marcher,12389.994141,1.282100,-0.082000,-0.741200
1,Marcher,12400.001953,0.917400,0.186900,-0.783600
1,Marcher,12409.998047,0.375200,0.652100,-0.498200
1,Marcher,12419.994141,-0.038800,1.669300,0.085400
1,Marcher,12429.974609,0.088800,2.453100,0.570300
1,Marcher,12439.982422,0.554300,3.122400,1.251500
1,Marcher,12449.994141,1.191900,3.439200,1.637400
1,Marcher,12459.974609,1.697400,3.325700,1.890000
1,Marcher,12469.986328,1.758800,2.508300,1.888800
1,Marcher,12479.998047,1.196200,1.691400,1.539400
1,Marcher,12489.978516,0.458800,1.188200,0.970400
1,Marcher,12499.986328,-0.418300,1.034700,0.079000
1,Marcher,12510.001953,-1.384200,1.265800,-1.298900
1,Marcher,12519.978516,-2.427200,1.881700,-2.918300
1,Marcher,12530.009766,-3.007200,2.217200,-4.420300
1,Marcher,12540.001953,-2.843400,2.081500,-5.325500
1,Marcher,12549.982422,-2.272500,1.400400,-5.247000
1,Marcher,12559.994141,-1.423900,0.448800,-4.180200
1,Marcher,12569.970703,-0.496200,-0.461300,-2.845800
1,Marcher,12579.986328,0.319300,-0.939400,-1.563600
1,Marcher,12589.994141,0.846100,-0.985100,-0.486300
1,Marcher,12599.974609,1.440700,-0.598900,0.127900
1,Marcher,12609.982422,1.610600,0.023800,0.486900
1,Marcher,12619.998047,1.599200,0.804900,0.378300
1,Marcher,12629.978516,1.377800,1.705400,0.271300
1,Marcher,12639.986328,0.945300,2.215100,0.087400
1,Marcher,12650.013672,0.212800,2.490300,-0.130400
1,Marcher,12659.978516,-0.435900,2.373500,-0.294300
1,Marcher,12669.990234,-0.770300,1.825400,-0.167800
1,Marcher,12680.001953,-1.008900,1.004200,0.161700
1,Marcher,12689.978516,-0.761600,-0.286000,0.545700
1,Marcher,12699.994141,-0.340300,-1.613200,0.974600
1,Marcher,12710.001953,0.132100,-2.898800,1.254700
1,Marcher,12719.982422,0.598100,-3.790900,1.194700
1,Marcher,12729.994141,1.068700,-4.136100,1.247000
1,Marcher,12739.974609,1.570300,-4.211400,1.246600
1,Marcher,12749.986328,1.902100,-3.900700,1.254800
1,Marcher,12759.998047,2.099000,-3.323100,1.208000
1,Marcher,12769.994141,2.157200,-2.752100,1.128200
1,Marcher,12779.986328,2.168900,-2.378200,0.859900
1,Marcher,12789.994141,2.275900,-1.998200,0.577200
1,Marcher,12799.978516,2.380800,-1.803700,0.283400
1,Marcher,12809.986328,2.388700,-1.952700,0.251700
1,Marcher,12819.998047,2.163500,-2.175200,0.376100
1,Marcher,12829.978516,1.715200,-2.475800,0.577300
1,Marcher,12839.990234,1.268900,-2.504400,0.584700
1,Marcher,12850.001953,1.203700,-2.379400,0.314100
1,Marcher,12859.982422,1.109100,-2.177800,0.106200
1,Marcher,12869.994141,1.126800,-1.974500,0.199000
1,Marcher,12879.970703,0.829000,-1.495500,0.166500
1,Marcher,12889.998047,0.445100,-1.014000,0.198200
1,Marcher,12899.994141,-0.072800,-0.606800,0.288400
1,Marcher,12909.974609,-0.564000,-0.194700,0.436300
1,Marcher,12919.986328,-0.975100,0.139700,0.355200
1,Marcher,12929.998047,-1.228600,0.434400,0.255400
1,Marcher,12939.978516,-1.192900,0.646000,0.031800
1,Marcher,12949.990234,-1.021900,0.773300,-0.119400
1,Marcher,12959.998047,-0.493400,1.016400,-0.059300
1,Marcher,12969.978516,0.076400,1.417900,0.221600
1,Marcher,12979.986328,0.535100,1.899000,0.642000
1,Marcher,12989.998047,0.625500,2.300100,1.117500
1,Marcher,12999.982422,0.128000,2.618900,1.721200
1,Marcher,13010.009766,-0.713800,3.010900,2.184500
1,Marcher,13020.001953,-1.213700,3.322500,2.439900
1,Marcher,13029.982422,-1.534900,3.709400,2.078300
1,Marcher,13039.994141,-1.455100,3.974000,1.123600
1,Marcher,13049.970703,-1.029000,3.684000,-0.366800
1,Marcher,13059.982422,-0.576400,2.800600,-1.687100
1,Marcher,13069.994141,-0.220100,1.912400,-3.027400
1,Marcher,13079.974609,-0.191800,1.100600,-3.968100
1,Marcher,13089.986328,-0.292900,0.095600,-4.267700
1,Marcher,13099.998047,-0.279300,-1.021800,-3.997300
1,Marcher,13109.978516,-0.420500,-1.978300,-3.552900
1,Marcher,13119.990234,-0.552800,-2.265400,-2.776000
1,Marcher,13130.017578,-0.799500,-1.843300,-1.720600
1,Marcher,13139.982422,-0.931100,-0.869100,-0.621300
1,Marcher,13149.994141,-0.880600,0.224900,0.143800
1,Marcher,13160.001953,-0.805000,1.437600,0.249100
1,Marcher,13169.982422,-0.589800,2.454900,0.012000
1,Marcher,13179.994141,-0.235400,3.119700,-0.443900
1,Marcher,13189.974609,0.223700,3.079500,-0.549400
1,Marcher,13199.986328,0.408700,2.608400,-0.353500
1,Marcher,13209.994141,0.453700,1.705200,-0.087400
1,Marcher,13219.978516,0.289500,0.800600,0.141200
1,Marcher,13229.982422,0.184800,-0.457900,0.415200
1,Marcher,13239.998047,0.088300,-1.755700,0.623400
1,Marcher,13249.994141,0.016400,-2.934700,0.738100
1,Marcher,13259.986328,-0.159800,-3.837300,0.837600
1,Marcher,13269.998047,-0.464500,-4.424100,0.881000
1,Marcher,13279.978516,-0.661200,-4.734500,1.000200
1,Marcher,13289.990234,-0.776200,-4.417400,1.128100
1,Marcher,13300.001953,-0.683800,-3.906200,0.970400
1,Marcher,13309.982422,-0.839200,-3.280400,0.723400
1,Marcher,13319.994141,-1.007600,-2.814600,0.531600
1,Marcher,13330.001953,-1.200700,-2.270900,0.328000
1,Marcher,13339.982422,-1.310600,-1.999800,0.139300
1,Marcher,13349.994141,-1.449300,-1.764900,0.067400
1,Marcher,13359.974609,-1.399100,-1.762500,-0.068400
1,Marcher,13370.001953,-1.281700,-1.836800,-0.023500
1,Marcher,13379.994141,-1.180200,-1.793400,0.133500
1,Marcher,13389.978516,-1.050600,-1.751000,0.251400
1,Marcher,13399.986328,-0.847500,-1.709400,0.468700
1,Marcher,13409.998047,-0.646900,-1.589000,0.563700
1,Marcher,13419.974609,-0.329300,-1.428200,0.562800
1,Marcher,13429.990234,-0.154200,-1.304500,0.308400
