2,PasC,0.000000,-3.428700,29.805399,4.499000
2,PasC,10.009766,-3.938300,32.494301,-0.081800
2,PasC,20.020508,-4.880800,30.858799,-10.615300
2,PasC,30.017578,-4.879600,25.589300,-15.627500
2,PasC,40.012695,-3.548700,18.841900,-10.920400
2,PasC,49.993164,-2.314500,13.793500,-4.322300
2,PasC,60.003906,0.280200,8.681100,-1.812000
2,PasC,70.014648,2.670600,4.938500,-1.257000
2,PasC,79.994141,2.635800,3.590000,-1.473600
2,PasC,90.005859,1.680300,2.489800,-2.083100
2,PasC,100.016602,2.152300,2.792600,-3.942600
2,PasC,109.997070,4.502000,3.524600,-4.646800
2,PasC,120.006836,8.117599,4.535500,-1.277400
2,PasC,130.017578,13.316299,6.899200,-0.213700
2,PasC,140.000000,17.522299,9.693100,1.109600
2,PasC,150.025391,19.368099,14.511700,2.739200
2,PasC,160.020508,16.890100,15.033199,3.383300
2,PasC,169.999023,13.214700,14.281799,2.175400
2,PasC,180.011719,9.757400,12.283999,-0.370100
2,PasC,189.991211,6.945400,10.009999,-1.425400
2,PasC,200.001953,4.877900,7.861700,-0.718900
2,PasC,210.013672,3.473500,5.446500,0.605800
2,PasC,219.995117,2.392000,2.795600,0.665600
2,PasC,230.003906,1.841600,-0.466700,-1.009300
2,PasC,240.016602,1.066600,-3.810600,-2.246800
2,PasC,249.995117,-0.236900,-7.193800,-2.189700
2,PasC,260.007813,-1.427200,-10.308100,-1.496000
2,PasC,270.033203,-2.640700,-11.890400,-0.046100
2,PasC,279.998047,-3.959800,-12.692100,0.929500
2,PasC,290.008789,-5.093200,-13.299200,0.551700
2,PasC,300.019531,-5.975900,-13.450500,0.097800
2,PasC,309.999023,-6.711800,-13.455500,0.470400
2,PasC,320.011719,-7.318700,-13.223100,1.326400
2,PasC,330.021484,-7.665900,-12.684700,1.852000
2,PasC,340.000977,-7.679900,-11.959200,2.223600
2,PasC,350.012695,-7.541100,-11.103900,2.293000
2,PasC,359.993164,-7.456000,-10.332800,2.454600
2,PasC,370.004883,-7.206400,-9.926600,1.930100
2,PasC,380.015625,-6.895500,-9.616700,0.467800
2,PasC,390.010742,-6.406400,-9.298200,-0.684100
2,PasC,400.005859,-5.828200,-9.226500,-1.619600
2,PasC,410.016602,-5.292700,-9.315599,-1.807300
2,PasC,419.996094,-4.288400,-9.268000,-1.201800
2,PasC,430.006836,-2.534800,-8.843500,0.351200
2,PasC,440.018555,0.789000,-6.806800,2.817100
2,PasC,449.997070,4.581000,-0.964700,4.497600
2,PasC,460.009766,5.570900,3.811000,4.070500
2,PasC,470.021484,5.969100,5.335800,4.184900
2,PasC,480.000977,6.082600,6.098800,3.402800
2,PasC,490.012695,6.222400,6.883800,3.050400
2,PasC,499.991211,6.255500,7.118500,2.396700
2,PasC,510.020508,6.243300,7.376700,1.574000
2,PasC,520.013672,6.121000,7.754100,1.811100
2,PasC,529.993164,6.593500,7.839900,2.438100
2,PasC,540.003906,6.655900,7.705400,3.868000
2,PasC,550.016602,6.280400,7.196000,5.375800
2,PasC,559.996094,5.734900,6.016400,6.625200
2,PasC,570.006836,4.621600,4.694200,7.889100
2,PasC,580.017578,3.089600,4.135600,7.553000
2,PasC,589.998047,1.142400,5.385800,8.845300
2,PasC,600.009766,-0.996200,8.616099,11.317100
2,PasC,610.019531,-2.239500,13.007299,11.560200
2,PasC,620.000000,-2.088300,16.701000,9.770800
2,PasC,630.028320,-0.744900,17.869999,6.978000
2,PasC,640.021484,-1.035000,17.265200,5.779900
2,PasC,650.002930,-1.855500,17.445400,4.800100
2,PasC,660.011719,-1.459900,18.163700,0.814300
2,PasC,669.991211,-1.520600,18.337700,-3.007200
2,PasC,680.001953,-2.145300,18.848099,-5.548700
2,PasC,690.014648,-3.135900,18.773600,-7.111900
2,PasC,699.995117,-4.088700,17.338200,-6.477300
2,PasC,710.004883,-4.554700,14.560599,-5.180500
2,PasC,720.016602,-4.160300,10.550600,-5.262900
2,PasC,729.996094,-4.100700,5.543200,-5.311600
2,PasC,740.007813,-3.432000,1.429900,-5.127900
2,PasC,750.035156,-2.020500,-0.882200,-4.225700
2,PasC,759.998047,0.044800,-0.929300,-2.167200
2,PasC,770.010742,3.022200,1.160900,-1.168400
2,PasC,780.021484,5.548600,3.932100,-0.544500
2,PasC,790.000977,11.890300,14.089700,-1.651700
2,PasC,800.011719,14.913099,18.889200,-2.805500
2,PasC,809.993164,16.563299,21.640099,-3.923500
2,PasC,820.001953,15.778999,22.066099,-3.254200
2,PasC,830.014648,14.182300,21.427000,-1.370100
2,PasC,839.993164,12.283100,18.774700,-1.183800
2,PasC,850.004883,10.758800,15.193199,-1.699900
2,PasC,860.015625,10.261300,11.420099,-2.016900
2,PasC,870.011719,8.733800,7.331000,-1.114200
2,PasC,880.005859,6.569700,3.458200,-1.158000
2,PasC,890.018555,3.842200,-0.034000,-2.862300
2,PasC,899.998047,1.117400,-3.365700,-4.704600
2,PasC,910.008789,-1.076500,-6.178800,-4.968900
2,PasC,920.021484,-2.679900,-8.527100,-4.073700
2,PasC,930.001953,-3.700800,-10.537600,-1.689400
2,PasC,940.009766,-4.241600,-12.304600,1.184600
2,PasC,949.992188,-4.155500,-13.527400,1.416300
2,PasC,960.000977,-4.332400,-14.200900,0.925300
2,PasC,970.013672,-4.734000,-14.202499,1.075800
2,PasC,979.993164,-5.101400,-13.874700,1.168000
2,PasC,990.020508,-5.659400,-13.328199,1.143800
2,PasC,1000.015625,-6.128400,-12.560500,1.733600
2,PasC,1009.994141,-6.347600,-11.436200,2.229100
2,PasC,1020.005859,-6.298800,-10.262199,2.471900
2,PasC,1030.016602,-6.058200,-9.727600,2.351300
2,PasC,1039.996094,-5.675700,-9.336699,2.327800
2,PasC,1050.006836,-5.134000,-8.842000,2.519300
2,PasC,1060.019531,-4.964300,-8.566700,2.955800
2,PasC,1070.000000,-4.694800,-8.565800,3.707600
2,PasC,1080.010742,-4.005500,-8.346499,4.284600
2,PasC,1090.020508,-3.406800,-7.362500,5.223300
2,PasC,1100.000977,-2.782900,-5.606100,7.112100
2,PasC,1110.029297,-0.219600,-2.009500,8.583500
2,PasC,1119.991211,1.820700,2.249800,8.603200
2,PasC,1130.002930,3.268500,4.809600,7.891400
2,PasC,1140.013672,4.147700,6.238700,5.956100
2,PasC,1149.993164,4.351600,7.164700,4.416600
2,PasC,1160.004883,4.087900,7.983300,3.217200
2,PasC,1170.014648,3.428300,8.550600,2.848700
2,PasC,1179.997070,2.441900,8.783199,2.560400
2,PasC,1190.007813,1.601800,9.006700,2.378700
2,PasC,1200.017578,0.641200,9.444699,2.520200
2,PasC,1209.998047,-0.189600,9.635700,2.912000
2,PasC,1220.008789,-0.977100,9.282100,3.653500
2,PasC,1230.036133,-2.084200,8.135500,5.484300
2,PasC,1239.999023,-3.223200,6.096700,7.812800
2,PasC,1250.011719,-4.075600,3.205600,10.684400
2,PasC,1259.991211,-4.450500,0.735800,10.450700
2,PasC,1270.001953,-4.637700,0.999600,7.919000
2,PasC,1280.013672,-4.490700,3.520200,5.550500
2,PasC,1289.993164,-3.958000,6.951900,3.880100
2,PasC,1300.001953,-4.072500,10.733000,3.832700
2,PasC,1310.012695,-4.704700,15.227300,6.117100
2,PasC,1319.995117,-4.597200,19.321699,9.578500
2,PasC,1330.005859,-2.872700,22.202299,7.493100
2,PasC,1340.016602,-2.934500,23.757599,3.443800
2,PasC,1350.013672,-3.351000,23.546200,0.111900
2,PasC,1360.008789,-4.196100,22.971800,-4.930500
2,PasC,1370.019531,-5.018900,22.786798,-8.023300
2,PasC,1379.999023,-4.710000,19.896200,-9.326099
2,PasC,1390.009766,-5.132500,15.825600,-8.911200
2,PasC,1400.021484,-3.715700,13.581800,-6.507900
2,PasC,1410.001953,-2.919700,11.475200,-3.520500
2,PasC,1420.011719,-1.453300,8.785300,-2.462500
2,PasC,1429.993164,1.292900,3.096000,-4.321300
2,PasC,1440.002930,3.784900,3.065600,1.397200
2,PasC,1450.015625,6.892700,5.743600,8.868299
2,PasC,1459.993164,10.158400,9.596900,8.983800
2,PasC,1470.021484,11.902900,12.292800,2.916600
2,PasC,1480.015625,14.339499,14.566400,-1.292000
2,PasC,1489.996094,15.247900,16.287600,-2.427200
2,PasC,1500.005859,16.254400,16.281000,-1.439900
2,PasC,1510.018555,17.885201,16.381500,-1.902700
2,PasC,1519.997070,17.816500,15.895400,-2.385700
2,PasC,1530.009766,17.796999,13.981199,-1.791600
2,PasC,1540.019531,16.408300,11.145900,-2.445100
2,PasC,1550.000977,13.498400,7.750200,-2.615500
2,PasC,1560.010742,9.670899,3.990600,-1.970500
2,PasC,1569.991211,5.842000,-0.200000,-2.492500
2,PasC,1580.002930,2.537200,-4.540500,-4.437800
2,PasC,1590.031250,-0.094700,-7.869100,-4.816100
2,PasC,1599.993164,-2.057500,-10.401199,-3.795100
2,PasC,1610.003906,-3.655800,-12.314799,-2.441100
2,PasC,1620.014648,-5.107100,-13.582000,-1.120000
2,PasC,1629.994141,-6.465200,-14.872999,-1.073400
2,PasC,1640.004883,-7.687100,-15.492499,-2.251100
2,PasC,1650.017578,-8.389400,-15.036699,-2.999600
2,PasC,1659.998047,-8.968800,-14.240399,-2.257600
2,PasC,1670.008789,-9.582000,-13.513700,-0.952600
2,PasC,1680.020508,-9.415400,-12.067599,0.219100
2,PasC,1689.999023,-8.784699,-10.394600,1.614700
2,PasC,1700.010742,-8.262899,-9.338600,2.349000
2,PasC,1710.039063,-7.622100,-8.577000,2.863600
2,PasC,1720.000977,-6.792800,-7.775600,3.545900
2,PasC,1730.011719,-6.132600,-7.136400,3.272800
2,PasC,1739.994141,-5.529400,-6.784900,2.829100
2,PasC,1750.001953,-4.580800,-6.199000,3.044500
2,PasC,1760.014648,-4.407700,-5.867700,4.110400
2,PasC,1769.993164,-4.228200,-5.215300,4.441400
2,PasC,1780.004883,-3.690300,-3.746400,5.847400
2,PasC,1790.014648,-2.055500,-0.956000,7.437100
2,PasC,1799.996094,0.423800,2.502900,6.817900
2,PasC,1810.007813,2.026800,4.410600,5.247900
2,PasC,1820.018555,2.732700,5.132500,3.721700
2,PasC,1830.013672,2.999000,5.545600,2.455500
2,PasC,1840.008789,2.988800,6.239800,1.722600
2,PasC,1850.019531,2.797500,6.953100,1.790400
2,PasC,1859.999023,2.558500,7.597800,2.072200
2,PasC,1870.009766,1.946200,7.962000,3.263100
2,PasC,1879.992188,1.211400,8.710400,4.917200
2,PasC,1890.002930,0.953000,9.663099,6.715300
2,PasC,1900.012695,0.688400,10.139900,10.326799
2,PasC,1909.993164,0.178700,8.879499,12.516000
2,PasC,1920.003906,-1.723300,7.986900,8.983900
2,PasC,1930.015625,-3.702800,11.253500,3.975100
2,PasC,1939.995117,-3.998500,16.625799,0.820000
2,PasC,1950.021484,-4.159600,22.877899,5.137700
2,PasC,1960.018555,-4.462900,26.464300,13.205899
2,PasC,1969.996094,-3.278600,27.420500,14.705000
2,PasC,1980.008789,-1.157600,27.711699,8.580500
2,PasC,1990.019531,-0.936500,25.341299,0.535900
2,PasC,2000.000000,-1.932700,22.591000,-3.873600
2,PasC,2010.009766,-2.528900,21.896299,-6.378300
2,PasC,2020.020508,-4.250400,22.625500,-9.128300
2,PasC,2030.000977,-4.672000,20.505999,-8.936600
2,PasC,2040.012695,-4.496000,15.817300,-6.826300
2,PasC,2049.991211,-3.750500,10.829599,-3.764100
2,PasC,2060.003906,-1.905900,5.235000,-0.531700
2,PasC,2070.031250,0.906100,-0.708600,-2.747800
2,PasC,2079.994141,2.668100,-0.611400,-0.829200
2,PasC,2090.005859,5.959600,-0.116600,3.572100
2,PasC,2100.016602,10.344299,1.465500,7.719000
2,PasC,2109.997070,14.184500,5.077500,8.435699
2,PasC,2120.006836,18.011299,9.251200,4.417900
2,PasC,2130.017578,19.148199,12.589300,-2.708700
2,PasC,2139.998047,17.886600,14.949100,-8.393600
2,PasC,2150.008789,16.216000,15.772599,-10.257800
2,PasC,2160.020508,14.602900,16.188499,-7.709600
2,PasC,2169.999023,13.296400,16.262699,-4.750600
2,PasC,2180.011719,10.867300,13.990200,-3.234500
2,PasC,2190.006836,9.176000,10.820800,-1.522200
2,PasC,2200.001953,7.144400,7.691400,-0.807500
2,PasC,2210.013672,4.854500,3.737000,-0.006000
2,PasC,2219.994141,2.693200,-0.061700,-1.347500
2,PasC,2230.003906,0.776400,-4.224400,-3.601000
2,PasC,2240.014648,-0.625900,-7.465500,-3.586400
2,PasC,2249.995117,-1.612500,-9.884999,-2.803700
2,PasC,2260.005859,-2.448500,-11.492700,-2.328100
2,PasC,2270.018555,-3.710400,-12.654400,-1.776500
2,PasC,2279.996094,-5.330800,-13.674800,-1.334000
2,PasC,2290.008789,-6.745700,-14.267699,-1.064300
2,PasC,2300.019531,-7.824200,-14.435699,-0.802900
2,PasC,2310.014648,-8.294900,-13.755300,-0.380600
2,PasC,2320.010742,-8.506700,-13.021100,-0.068900
2,PasC,2330.021484,-8.451000,-12.134000,0.625100
2,PasC,2340.000977,-8.049800,-10.840000,1.582700
2,PasC,2350.011719,-7.679800,-9.696899,2.262100
2,PasC,2359.993164,-7.023000,-8.986100,3.431100
2,PasC,2370.004883,-6.420000,-8.457399,4.904000
2,PasC,2380.015625,-5.704000,-7.998600,6.015200
2,PasC,2389.995117,-4.757300,-7.807600,4.526900
2,PasC,2400.003906,-3.333800,-7.613800,2.854200
2,PasC,2410.016602,-2.652000,-7.270200,1.906000
2,PasC,2419.996094,-2.127300,-6.395200,3.158600
2,PasC,2430.024414,-1.544600,-4.311400,5.186700
2,PasC,2440.018555,-0.352900,-0.753600,6.101100
2,PasC,2449.997070,0.882100,2.178500,6.374000
2,PasC,2460.008789,1.392800,3.742600,6.180900
2,PasC,2470.021484,1.584500,4.965200,5.839600
2,PasC,2480.000977,1.641600,5.839400,5.210900
2,PasC,2490.012695,1.440900,6.725500,4.212000
2,PasC,2499.991211,1.139100,7.414800,3.320200
2,PasC,2510.002930,0.770300,8.060500,2.623800
2,PasC,2520.013672,0.635000,8.797999,3.034200
2,PasC,2529.993164,0.055300,9.418600,3.964500
2,PasC,2540.003906,-0.447200,9.537100,5.554600
2,PasC,2550.032227,-0.611800,8.959900,7.437000
2,PasC,2559.994141,-0.929800,8.559500,8.914000
2,PasC,2570.006836,-1.363200,7.894000,9.860400
2,PasC,2580.016602,-2.731000,8.659900,9.418400
2,PasC,2589.998047,-4.984800,12.171100,6.670300
2,PasC,2600.009766,-7.272000,17.539299,2.389200
2,PasC,2610.019531,-7.634800,25.781898,1.656800
2,PasC,2620.000000,-6.843200,34.328300,1.907200
2,PasC,2630.010742,-7.382300,35.497398,-1.650600
2,PasC,2640.021484,-7.505900,32.805500,-6.048400
2,PasC,2650.000977,-6.515700,31.045700,-7.547600
2,PasC,2660.011719,-5.701700,27.504200,-5.825100
2,PasC,2670.008789,-5.338600,23.140400,-3.233700
2,PasC,2680.003906,-4.064400,18.401300,-0.745100
2,PasC,2690.013672,-2.100900,13.470799,1.029800
2,PasC,2699.995117,0.140600,8.298800,-0.477900
2,PasC,2710.004883,2.174500,4.245900,-2.617300
2,PasC,2720.016602,6.666000,0.459100,-1.721900
2,PasC,2729.996094,9.300400,0.745300,0.552600
2,PasC,2740.008789,11.689400,1.000200,2.043600
2,PasC,2750.018555,13.771500,2.668800,-1.318700
2,PasC,2759.999023,14.974799,4.767600,-5.243000
2,PasC,2770.010742,16.237900,7.825500,-6.135600
2,PasC,2780.021484,17.190100,11.667299,-5.926200
2,PasC,2790.016602,16.976799,15.444200,-5.550700
2,PasC,2800.011719,16.698000,18.804499,-5.508000
2,PasC,2809.992188,15.165299,18.571999,-6.285600
2,PasC,2820.001953,12.545000,15.527400,-5.497900
2,PasC,2830.012695,9.324699,10.845500,-4.148600
2,PasC,2839.995117,6.782700,4.937100,-3.250100
2,PasC,2850.004883,4.757400,-0.728500,-2.255700
2,PasC,2860.015625,2.188800,-5.630600,-1.377400
2,PasC,2869.995117,-0.104000,-9.800099,-0.173500
2,PasC,2880.005859,-1.933400,-12.227500,1.199700
2,PasC,2890.018555,-3.974700,-13.991799,2.265800
2,PasC,2899.998047,-6.001400,-15.782000,2.064900
2,PasC,2910.026367,-6.863100,-16.287699,1.151500
2,PasC,2920.019531,-7.293000,-15.036599,0.140900
2,PasC,2929.999023,-7.792000,-13.120299,-0.046900
2,PasC,2940.009766,-7.719200,-11.970699,1.174200
2,PasC,2950.022461,-7.574100,-10.828300,2.349200
2,PasC,2960.000977,-7.698400,-9.151800,3.033500
2,PasC,2970.012695,-7.651000,-7.607700,3.480400
2,PasC,2979.991211,-7.271200,-6.927500,4.162000
2,PasC,2990.002930,-7.123400,-6.298000,3.943600
2,PasC,3000.015625,-7.007300,-6.377800,3.765500
2,PasC,3009.994141,-6.425100,-6.764900,3.595800
2,PasC,3020.005859,-5.628200,-6.876500,3.334700
2,PasC,3030.034180,-4.965400,-7.207600,3.521400
2,PasC,3039.996094,-4.330600,-7.740500,3.927300
2,PasC,3050.008789,-2.997900,-8.208600,3.949300
2,PasC,3060.019531,-1.563600,-7.547400,5.421100
2,PasC,3070.000000,1.447400,-3.914500,7.929600
2,PasC,3080.010742,4.713700,2.685500,7.021400
2,PasC,3090.020508,5.779500,5.949300,4.086600
2,PasC,3100.000977,6.199000,7.114000,2.649400
2,PasC,3110.011719,6.652700,7.908300,2.296000
2,PasC,3119.991211,7.253800,8.458600,2.501200
2,PasC,3130.002930,7.633600,8.778200,3.127400
2,PasC,3140.013672,8.027400,8.442800,3.725000
2,PasC,3150.009766,8.054500,7.170800,5.068700
2,PasC,3160.003906,7.095000,4.725200,6.484800
2,PasC,3170.014648,4.667200,2.226400,6.032000
2,PasC,3179.997070,2.273300,1.722500,3.848900
2,PasC,3190.007813,0.714900,3.454300,2.812800
2,PasC,3200.017578,-0.432900,5.759200,3.510100
2,PasC,3209.998047,-0.684000,7.597000,2.110200
2,PasC,3220.008789,-0.164800,10.637300,2.922700
2,PasC,3230.018555,0.500900,14.485900,7.065900
2,PasC,3239.999023,0.459500,18.059099,4.866300
2,PasC,3250.010742,-0.871900,20.995399,0.722800
2,PasC,3260.022461,-2.339800,24.043400,-3.728000
2,PasC,3270.018555,-2.818800,27.187199,-7.152100
2,PasC,3280.013672,-3.418800,26.748899,-8.065100
2,PasC,3289.993164,-4.011500,24.201500,-10.220900
2,PasC,3300.004883,-3.230800,20.761999,-10.223700
2,PasC,3310.014648,-2.522200,15.131000,-8.294400
2,PasC,3319.995117,-1.670000,10.030700,-4.940900
2,PasC,3330.005859,-0.511400,5.790200,-3.685100
2,PasC,3340.016602,0.648900,2.858600,-5.565900
2,PasC,3349.996094,1.856600,1.291300,-6.099700
2,PasC,3360.006836,3.103700,0.846800,-1.355300
2,PasC,3370.018555,6.213600,2.379700,2.373200
2,PasC,3379.998047,11.564500,7.561200,1.391400
2,PasC,3390.026367,13.762600,11.682099,-0.459500
2,PasC,3400.021484,14.159499,13.694400,-1.845300
2,PasC,3410.001953,13.316999,14.204400,-2.036800
2,PasC,3420.011719,11.977900,13.830000,-2.320600
2,PasC,3429.992188,10.180699,11.853300,-3.366700
2,PasC,3440.002930,8.519400,9.404400,-4.803400
2,PasC,3450.013672,7.071500,6.925900,-4.749600
2,PasC,3459.993164,5.616200,3.501000,-1.929300
2,PasC,3470.003906,4.493300,-0.904600,1.427800
2,PasC,3480.015625,3.183300,-5.328800,2.266100
2,PasC,3489.996094,1.583700,-9.394899,0.739300
2,PasC,3500.005859,-0.011400,-12.347199,-0.777200
2,PasC,3510.034180,-1.985000,-14.018499,-0.130000
2,PasC,3519.997070,-3.892600,-14.734600,1.251400
2,PasC,3530.008789,-4.972800,-14.766999,2.350400
2,PasC,3540.019531,-5.599900,-14.289400,2.961900
2,PasC,3550.000000,-6.159200,-13.451500,2.505400
2,PasC,3560.010742,-6.566000,-12.353300,1.602900
2,PasC,3570.020508,-6.945700,-11.114799,0.606300
2,PasC,3580.000977,-7.358500,-9.692400,0.353000
2,PasC,3590.011719,-7.436600,-8.446600,0.531100
2,PasC,3599.993164,-7.243700,-7.603800,0.823300
2,PasC,3610.003906,-7.270500,-6.886600,1.302300
2,PasC,3620.014648,-6.997600,-6.554200,1.718000
2,PasC,3630.009766,-6.308800,-6.624000,2.529000
2,PasC,3640.004883,-5.317300,-6.603700,3.529000
2,PasC,3650.016602,-4.230300,-6.840300,4.182300
2,PasC,3659.997070,-3.383700,-6.950400,4.405800
2,PasC,3670.007813,-2.538900,-7.049700,5.133000
2,PasC,3680.020508,-1.735400,-6.573100,6.450700
2,PasC,3689.998047,-0.811200,-4.459500,7.863500
2,PasC,3700.010742,0.987100,0.661400,8.773200
2,PasC,3710.021484,2.911600,5.374200,6.756500
2,PasC,3720.000977,3.698000,6.573100,4.959600
2,PasC,3730.011719,4.088500,6.914000,4.403800
2,PasC,3739.991211,4.256100,7.226600,4.372700
2,PasC,3750.018555,4.482900,7.465900,3.892700
2,PasC,3760.013672,4.726000,7.564200,3.657800
2,PasC,3769.993164,4.690000,7.570400,4.008200
2,PasC,3780.004883,4.376600,6.411600,4.916000
2,PasC,3790.017578,3.506300,4.282000,6.190600
2,PasC,3799.996094,2.262100,2.550600,6.211300
2,PasC,3810.005859,1.074300,2.124900,5.618300
2,PasC,3820.018555,-0.057700,2.986600,5.396700
2,PasC,3829.998047,-1.180800,4.823000,5.017500
2,PasC,3840.008789,-1.911000,7.984700,4.623700
2,PasC,3850.019531,-3.238900,12.959300,5.963100
2,PasC,3859.999023,-4.920100,19.819899,8.437699
2,PasC,3870.026367,-4.683400,25.545700,6.862200
2,PasC,3879.992188,-3.614500,29.729599,1.259900
2,PasC,3890.001953,-4.766900,29.468100,-4.733000
2,PasC,3900.012695,-6.257000,26.884899,-10.044100
2,PasC,3909.993164,-6.748100,25.588799,-10.289800
2,PasC,3920.003906,-7.202100,23.654099,-7.735500
2,PasC,3930.015625,-6.417900,21.318399,-5.408200
2,PasC,3939.995117,-4.999000,17.798800,-0.924200
2,PasC,3950.005859,-3.190600,14.819799,0.456800
2,PasC,3960.018555,0.197200,11.157200,-0.604900
2,PasC,3969.996094,3.526300,7.325700,0.740500
2,PasC,3980.008789,5.890600,6.161800,3.176500
2,PasC,3990.035156,8.962800,7.514100,1.785600
2,PasC,4000.000000,12.254399,8.729400,-1.216600
2,PasC,4010.009766,13.345699,8.989400,-1.871400
2,PasC,4020.020508,13.151099,10.698700,-2.807200
2,PasC,4030.000977,12.177500,11.640300,-3.346000
2,PasC,4040.012695,11.265699,10.137199,-4.404000
2,PasC,4049.991211,10.362500,9.089499,-4.459400
2,PasC,4060.002930,9.425600,8.770500,-3.684500
2,PasC,4070.013672,8.033100,7.453800,-1.967300
2,PasC,4079.994141,6.116000,4.442800,-0.594900
2,PasC,4090.003906,4.674700,0.750700,-1.300500
2,PasC,4100.016602,3.526700,-3.136600,-1.413000
2,PasC,4110.011719,2.089200,-6.691800,-0.882900
2,PasC,4120.004883,0.921500,-9.333300,0.387800
2,PasC,4130.017578,-0.552100,-11.956400,1.150000
2,PasC,4139.998047,-2.042600,-14.441299,0.487400
2,PasC,4150.008789,-3.160400,-15.872299,-0.617400
2,PasC,4160.020508,-4.223600,-16.439699,-2.131100
2,PasC,4169.999023,-4.864200,-16.158300,-2.931700
2,PasC,4180.011719,-5.198500,-14.673300,-2.817700
2,PasC,4189.991211,-5.137300,-13.676800,-1.633700
2,PasC,4200.001953,-5.195000,-12.556399,0.320300
2,PasC,4210.013672,-5.277200,-10.715000,1.576800
2,PasC,4219.992188,-5.340900,-9.164300,2.113400
2,PasC,4230.019531,-5.394000,-7.691400,2.867900
2,PasC,4240.014648,-4.938300,-6.575800,4.061900
2,PasC,4249.995117,-4.758800,-6.204500,3.709700
2,PasC,4260.005859,-4.429300,-5.958000,3.301900
2,PasC,4270.017578,-4.138300,-5.584000,3.069200
2,PasC,4279.996094,-4.529600,-5.355900,2.854600
2,PasC,4290.007813,-4.777800,-4.821900,3.306000
2,PasC,4300.018555,-4.739700,-3.811500,4.529300
2,PasC,4309.999023,-4.234900,-1.946800,6.483500
2,PasC,4320.010742,-3.289600,0.852100,7.662300
2,PasC,4330.021484,-2.043100,3.464300,7.810700
2,PasC,4340.000977,-0.790700,5.288500,7.782700
2,PasC,4350.029297,-0.101700,6.777900,7.463700
2,PasC,4359.992188,0.298700,7.926400,7.543600
2,PasC,4370.002930,0.229500,8.484700,7.903200
2,PasC,4380.015625,-0.012500,8.533600,8.635200
2,PasC,4389.995117,-0.388100,8.151899,8.725800
2,PasC,4400.003906,-0.957400,7.035200,7.572100
2,PasC,4410.016602,-0.921100,5.214300,9.504399
2,PasC,4419.996094,0.085900,1.167500,12.516100
2,PasC,4430.006836,-0.124300,-1.476800,8.291600
2,PasC,4440.018555,-0.930600,0.231800,4.737300
2,PasC,4449.997070,-1.251500,2.287400,3.156500
2,PasC,4460.009766,-1.527800,4.700800,1.242800
2,PasC,4470.037109,-2.506500,7.733000,1.418800
2,PasC,4480.000000,-3.463600,11.921800,4.238300
2,PasC,4490.012695,-3.805800,16.466900,5.148200
2,PasC,4499.990234,-1.586600,21.707899,1.398200
2,PasC,4510.000977,0.264800,26.500900,-0.272600
2,PasC,4520.013672,-0.553700,28.582600,-0.188200
2,PasC,4529.993164,-1.771500,27.947899,-1.566800
2,PasC,4540.003906,-3.068500,25.311800,-2.392400
2,PasC,4550.014648,-4.300000,20.800999,-2.769000
2,PasC,4559.994141,-4.883000,14.849400,-1.001700
2,PasC,4570.005859,-4.294300,8.973700,1.422200
2,PasC,4580.016602,-3.994900,3.630500,1.738300
2,PasC,4590.012695,-2.636400,-1.363500,0.702500
2,PasC,4600.009766,-0.099300,-4.183800,-1.297100
2,PasC,4610.019531,1.670700,-3.775400,-1.019000
2,PasC,4620.000000,4.283100,-1.159600,1.403300
2,PasC,4630.010742,8.005500,2.262200,1.219200
2,PasC,4640.021484,10.068600,4.248700,0.925700
2,PasC,4650.000977,11.290899,7.119500,2.700700
2,PasC,4660.011719,12.949300,18.155199,0.714500
2,PasC,4669.991211,12.526299,20.240599,0.327200
2,PasC,4680.001953,11.220400,17.592499,1.968500
2,PasC,4690.014648,9.235499,12.508800,1.212000
2,PasC,4699.995117,8.593100,9.936600,-2.080000
2,PasC,4710.021484,7.307000,6.529300,-1.335200
2,PasC,4720.016602,4.828000,2.842800,0.212000
2,PasC,4729.996094,3.663800,-0.362300,-0.598500
2,PasC,4740.007813,2.210500,-4.760500,-2.742600
2,PasC,4750.018555,0.844800,-7.918800,-4.076100
2,PasC,4759.998047,-0.520000,-10.780200,-3.222500
2,PasC,4770.008789,-1.765000,-12.670099,-1.442700
2,PasC,4780.021484,-2.494300,-13.678599,-0.927900
2,PasC,4789.999023,-3.335300,-14.387600,-1.697100
2,PasC,4800.011719,-4.150600,-14.544100,-2.459400
2,PasC,4809.992188,-4.842200,-14.464600,-2.995500
2,PasC,4820.001953,-5.356200,-14.426200,-2.824200
2,PasC,4830.029297,-5.404700,-13.566600,-2.539300
2,PasC,4839.993164,-5.181800,-12.160000,-0.818400
2,PasC,4850.004883,-4.900100,-10.879100,1.314300
2,PasC,4860.015625,-4.485600,-9.921700,2.736200
2,PasC,4869.995117,-4.269100,-8.917000,2.245700
2,PasC,4880.005859,-4.145500,-8.035600,1.293200
2,PasC,4890.018555,-4.115100,-7.531800,1.042600
2,PasC,4899.999023,-4.364100,-6.992800,0.614600
2,PasC,4910.008789,-4.771300,-6.806800,0.336400
2,PasC,4920.020508,-5.163300,-6.770600,-0.054800
2,PasC,4929.999023,-5.273000,-6.391100,0.667200
2,PasC,4940.010742,-5.468500,-5.742000,2.278700
2,PasC,4950.038086,-5.310100,-3.804100,4.937800
2,PasC,4960.000977,-3.305900,0.735200,7.209000
2,PasC,4970.012695,-0.954900,4.380200,6.988800
2,PasC,4979.993164,0.356500,6.512800,6.036200
2,PasC,4990.002930,0.830100,8.939300,5.692600
2,PasC,5000.014648,1.143600,9.743899,5.984700
2,PasC,5009.993164,1.172200,10.342500,6.428000
2,PasC,5020.004883,1.504200,10.686200,7.098200
2,PasC,5030.016602,2.111400,9.202700,9.210100
2,PasC,5039.997070,1.593600,5.062400,9.519400
2,PasC,5050.006836,-0.394300,5.107000,7.437300
2,PasC,5060.018555,-1.562800,8.691900,5.308800
2,PasC,5070.014648,-2.975600,14.036300,5.250400
2,PasC,5080.008789,-4.654600,19.872299,5.397400
2,PasC,5090.020508,-3.693600,25.694000,1.157600
2,PasC,5100.000977,-3.428100,28.226599,-1.195900
2,PasC,5110.010742,-4.887000,27.502100,-1.405600
2,PasC,5119.991211,-5.351800,25.337700,-2.179200
2,PasC,5130.002930,-5.740700,20.630499,-1.770100
2,PasC,5140.012695,-5.836400,15.685200,-2.340800
2,PasC,5149.993164,-5.333900,11.574900,-2.234800
2,PasC,5160.004883,-4.263400,9.019500,-1.916000
2,PasC,5170.014648,-2.896000,7.653700,-1.756800
2,PasC,5179.995117,-1.397700,6.135100,-2.639000
2,PasC,5190.022461,-0.065400,5.256600,-6.248000
2,PasC,5200.018555,-0.007300,4.801100,-6.171400
2,PasC,5209.995117,2.398100,2.671200,-3.850400
2,PasC,5220.008789,6.448400,2.672600,-0.094600
2,PasC,5230.020508,11.172400,4.708300,4.909200
2,PasC,5239.999023,15.474700,6.552900,4.650900
2,PasC,5250.010742,17.247000,9.864699,0.640200
2,PasC,5260.020508,17.858299,12.775700,-4.438800
2,PasC,5270.000977,18.697300,15.643300,-6.876800
2,PasC,5280.012695,18.075199,16.761900,-5.910000
2,PasC,5289.993164,14.981299,13.843800,-5.394400
2,PasC,5300.004883,12.137600,10.526299,-6.235800
2,PasC,5310.030273,5.519600,6.522400,-3.875300
2,PasC,5319.993164,3.899300,5.370200,-2.665300
2,PasC,5330.004883,3.611800,2.198200,-3.832700
2,PasC,5340.016602,1.878800,-1.573800,-4.807700
2,PasC,5349.997070,-0.588500,-6.047500,-3.126300
2,PasC,5360.006836,-2.762400,-10.314300,0.208500
2,PasC,5370.018555,-4.860500,-13.306499,1.957700
2,PasC,5379.999023,-6.235800,-14.202499,1.836100
2,PasC,5390.010742,-6.693600,-14.008599,2.037700
2,PasC,5400.022461,-6.946500,-14.035399,1.625100
2,PasC,5409.999023,-6.979900,-14.266800,0.709400
2,PasC,5420.012695,-6.947600,-14.155999,0.454900
2,PasC,5430.008789,-6.677400,-13.629399,0.567700
2,PasC,5440.002930,-6.274500,-13.205000,0.791100
2,PasC,5450.012695,-6.166000,-12.665400,1.499000
2,PasC,5459.993164,-6.056900,-11.926300,2.610900
2,PasC,5470.002930,-5.865300,-10.704100,3.156700
2,PasC,5480.016602,-5.659200,-9.179000,3.049700
2,PasC,5489.995117,-5.162700,-7.696200,3.071500
2,PasC,5500.006836,-4.120000,-6.945300,2.776800
2,PasC,5510.016602,-3.296000,-6.584700,2.384700
2,PasC,5519.997070,-2.443200,-6.573100,2.852400
2,PasC,5530.008789,-1.452800,-6.178400,4.668000
2,PasC,5540.020508,-0.369900,-4.221900,7.086900
2,PasC,5550.016602,1.278000,-0.631100,9.547100
2,PasC,5560.010742,2.025500,3.780800,9.899700
2,PasC,5570.020508,2.512600,6.996400,8.011200
2,PasC,5580.000977,2.824700,8.322400,4.968200
2,PasC,5590.010742,2.750300,9.159500,2.545600
2,PasC,5599.993164,2.455400,9.764999,1.670800
2,PasC,5610.002930,1.425700,9.813200,1.548000
2,PasC,5620.014648,-0.156000,10.506700,0.596600
2,PasC,5629.995117,-1.378800,10.066500,1.599300
2,PasC,5640.004883,-2.753800,8.906000,2.899600
2,PasC,5650.016602,-3.869700,7.756100,5.147000
2,PasC,5659.997070,-4.473500,6.949100,8.930900
2,PasC,5670.024414,-5.570400,5.779700,11.287100
2,PasC,5680.018555,-5.761200,4.040400,8.971499
2,PasC,5689.999023,-4.798100,4.638200,5.586400
2,PasC,5700.008789,-4.156300,6.592700,3.945700
2,PasC,5710.018555,-3.846900,9.209800,2.243900
2,PasC,5720.000977,-4.201600,13.073500,2.105500
2,PasC,5730.012695,-5.060600,18.978699,5.888300
2,PasC,5739.991211,-3.741600,28.159698,6.178800
2,PasC,5750.002930,-3.922400,34.082500,1.660200
2,PasC,5760.012695,-6.850300,29.240700,-4.889000
2,PasC,5769.993164,-5.603700,24.810200,-5.346300
2,PasC,5780.002930,-3.886000,25.330700,-7.100000
2,PasC,5790.030273,-4.571500,21.624100,-8.415500
2,PasC,5799.995117,-3.963900,15.054700,-2.697000
2,PasC,5810.006836,-3.414200,10.032700,-0.601600
2,PasC,5820.016602,-2.764900,6.984600,-2.053000
2,PasC,5829.997070,-0.287000,3.240900,-2.454100
2,PasC,5840.010742,2.349600,1.339300,1.520200
2,PasC,5850.020508,4.231000,0.873600,6.253800
2,PasC,5860.000977,6.958400,2.037000,6.055100
2,PasC,5870.010742,9.925000,3.843600,1.595000
2,PasC,5880.024414,12.487700,4.819500,-1.943800
2,PasC,5890.000977,15.381200,7.711500,-3.329600
2,PasC,5900.014648,17.678600,11.918699,-2.524600
2,PasC,5910.008789,18.155100,15.339299,-1.997700
2,PasC,5920.002930,17.386999,18.714800,-0.731400
2,PasC,5930.014648,17.079199,20.981800,-0.139500
2,PasC,5939.995117,12.636100,18.161999,-1.566400
2,PasC,5950.004883,9.549600,14.685499,-0.716300
2,PasC,5960.016602,6.888500,9.934199,-0.214700
2,PasC,5969.997070,4.162300,3.952000,-1.248800
2,PasC,5980.008789,2.279800,-1.326200,-2.841800
2,PasC,5990.018555,0.696600,-5.097300,-3.808300
2,PasC,5999.999023,-0.621400,-7.829500,-4.075800
2,PasC,6010.010742,-1.954300,-9.978700,-2.889000
2,PasC,6020.020508,-3.514800,-12.062699,-1.475200
2,PasC,6030.016602,-4.560200,-14.024699,-0.318400
2,PasC,6040.010742,-5.227600,-14.877700,-0.280700
2,PasC,6049.991211,-5.622300,-14.992700,-1.022500
2,PasC,6060.000977,-5.753000,-14.577800,-1.139800
2,PasC,6070.012695,-5.916800,-13.601600,-0.435700
2,PasC,6079.993164,-6.020700,-12.472799,0.400500
2,PasC,6090.004883,-6.093600,-10.999599,1.335400
2,PasC,6100.016602,-6.264600,-9.747499,1.698500
2,PasC,6109.995117,-6.439800,-8.671599,1.455500
2,PasC,6120.006836,-6.442900,-7.942800,1.373300
2,PasC,6130.018555,-6.369900,-7.536100,1.542600
2,PasC,6139.999023,-6.017200,-7.233600,2.020300
2,PasC,6150.026367,-5.273700,-7.052600,2.425200
2,PasC,6160.020508,-4.552400,-7.043000,2.792600
2,PasC,6169.999023,-4.070800,-7.257100,3.129300
2,PasC,6180.010742,-3.426600,-7.081300,3.478400
2,PasC,6190.020508,-2.921800,-6.438100,5.127800
2,PasC,6200.000977,-1.785400,-3.350800,7.544800
2,PasC,6210.012695,0.056600,1.347000,7.768300
2,PasC,6219.993164,1.175500,3.898400,7.136300
2,PasC,6230.002930,1.771200,4.951400,6.144900
2,PasC,6240.014648,1.975800,5.828100,4.892000
2,PasC,6249.995117,2.017200,6.668000,3.823500
2,PasC,6260.004883,1.454400,7.597100,3.014300
2,PasC,6270.034180,0.938300,8.401999,3.067200
2,PasC,6279.997070,0.352000,8.554000,3.974300
2,PasC,6290.006836,-0.461000,8.495900,4.732800
2,PasC,6300.018555,-1.504700,8.143100,4.849800
2,PasC,6309.999023,-1.964400,6.741200,4.940100
2,PasC,6320.010742,-1.511400,5.408400,5.088000
2,PasC,6330.020508,-1.559000,5.104900,5.054700
2,PasC,6340.000977,-2.205700,6.224200,5.228100
2,PasC,6350.010742,-2.698700,9.250700,7.094900
2,PasC,6359.991211,-3.250500,13.152200,8.096700
2,PasC,6370.002930,-3.310900,17.500799,6.805600
2,PasC,6380.014648,-3.607700,21.191000,6.436500
2,PasC,6390.010742,-5.529200,23.391499,7.022600
2,PasC,6400.004883,-7.038000,24.726500,4.268000
2,PasC,6410.016602,-7.598100,25.780300,-1.471900
2,PasC,6419.995117,-8.454599,26.774700,-6.200500
2,PasC,6430.004883,-8.740800,26.280499,-7.046200
2,PasC,6440.018555,-8.105200,24.023199,-6.085600
2,PasC,6449.999023,-6.057900,20.498999,-5.178900
2,PasC,6460.008789,-2.962300,16.684399,-3.859300
2,PasC,6470.020508,-0.184200,13.025100,-2.288700
2,PasC,6479.999023,2.200200,8.844200,-3.077400
2,PasC,6490.010742,3.040200,5.775400,-3.686200
2,PasC,6500.022461,3.538100,5.294200,1.042600
2,PasC,6510.018555,6.119100,6.093500,6.152400
2,PasC,6520.012695,9.203300,7.979700,7.281900
2,PasC,6529.993164,11.899400,9.112500,3.679300
2,PasC,6540.004883,14.791500,10.148100,0.972900
2,PasC,6550.014648,16.981899,12.423500,-0.691200
2,PasC,6559.995117,17.057199,12.947599,-1.727000
2,PasC,6570.004883,16.700500,11.996400,-1.082400
2,PasC,6580.018555,15.994900,13.059500,-0.584800
2,PasC,6590.038086,14.096900,12.968400,-0.746500
2,PasC,6600.006836,11.805600,11.702100,-1.617800
2,PasC,6610.018555,9.082100,9.444900,-2.444100
2,PasC,6619.999023,6.369400,6.164000,-2.502200
2,PasC,6630.026367,4.400100,2.596500,-2.264600
2,PasC,6640.022461,2.636300,-0.858300,-1.971100
2,PasC,6650.002930,0.597400,-4.683700,-1.218200
2,PasC,6660.012695,-1.175000,-7.600500,-0.956800
2,PasC,6669.993164,-2.575100,-9.473499,-1.333800
2,PasC,6680.002930,-4.006300,-10.929299,-1.793700
2,PasC,6690.014648,-5.137100,-12.189400,-2.346800
2,PasC,6699.995117,-5.727900,-12.892900,-1.659200
2,PasC,6710.004883,-6.499400,-13.403999,-0.220000
2,PasC,6720.016602,-6.987200,-13.818100,0.944900
2,PasC,6729.995117,-7.017600,-13.797299,1.340200
2,PasC,6740.006836,-6.987600,-13.571099,0.758600
2,PasC,6750.034180,-6.991200,-12.993700,0.338600
2,PasC,6759.997070,-7.090200,-12.000500,0.472400
2,PasC,6770.008789,-6.998800,-11.103100,0.950900
2,PasC,6780.018555,-6.990700,-10.075100,1.843300
2,PasC,6789.999023,-7.121700,-8.554600,2.265600
2,PasC,6800.012695,-6.675100,-7.549300,2.397000
2,PasC,6809.991211,-6.092500,-7.450400,2.854400
2,PasC,6820.000977,-5.241300,-7.525100,3.505400
2,PasC,6830.012695,-4.031900,-7.513300,4.109000
2,PasC,6839.993164,-2.420000,-7.348300,4.872500
2,PasC,6850.002930,0.491600,-6.026700,6.116100
2,PasC,6860.014648,4.228900,-2.336200,6.956600
2,PasC,6870.010742,6.355000,2.114300,5.559300
2,PasC,6880.004883,6.763800,4.560100,3.784500
2,PasC,6890.016602,6.817300,5.576400,3.121400
2,PasC,6899.997070,7.388800,6.145200,3.025200
2,PasC,6910.008789,7.361900,6.521800,2.820100
2,PasC,6920.020508,7.241700,6.998900,2.358100
2,PasC,6929.999023,7.261400,7.619700,1.945600
2,PasC,6940.010742,6.909300,8.420100,1.469000
2,PasC,6950.022461,6.615900,8.727400,1.675900
2,PasC,6960.000977,6.596000,8.185200,3.141100
2,PasC,6970.012695,5.853200,6.475500,4.354600
2,PasC,6979.991211,4.232800,3.828900,5.207000
2,PasC,6990.018555,2.225000,1.881400,7.121300
2,PasC,7000.012695,-0.095900,3.346800,9.082600
2,PasC,7009.993164,-1.741500,8.892799,7.842900
2,PasC,7020.004883,-2.736900,15.530999,3.324600
2,PasC,7030.016602,-5.361300,21.599899,4.810300
2,PasC,7039.997070,-5.252800,27.270399,5.313600
2,PasC,7050.006836,-5.001000,29.718800,1.818700
2,PasC,7060.018555,-6.115600,28.127199,-2.591700
2,PasC,7069.997070,-5.329700,24.512899,-6.827800
2,PasC,7080.008789,-5.221100,21.598000,-7.764300
2,PasC,7090.018555,-5.042300,19.073399,-8.772400
2,PasC,7099.999023,-4.353400,14.991699,-7.874400
2,PasC,7110.028320,-3.165100,11.601600,-6.513500
2,PasC,7119.991211,-1.792100,8.117300,-5.033600
2,PasC,7130.002930,0.106200,4.685400,-4.327500
2,PasC,7140.012695,1.890500,2.339900,-4.669200
2,PasC,7149.993164,4.072400,1.115100,-2.978000
2,PasC,7160.002930,7.835400,1.245600,-0.985800
2,PasC,7170.016602,12.470500,2.554900,0.696700
2,PasC,7179.995117,15.657499,5.494000,3.233800
2,PasC,7190.006836,17.159100,10.195600,3.279100
2,PasC,7200.016602,17.246199,14.778299,0.158400
2,PasC,7209.997070,15.757299,16.449200,-4.111200
2,PasC,7220.008789,10.704000,14.818000,-6.972200
2,PasC,7230.034180,8.429000,12.974299,-5.783500
2,PasC,7240.000977,6.507100,11.204800,-4.013800
2,PasC,7250.010742,4.549900,9.630799,-2.503500
2,PasC,7260.020508,3.950900,7.959100,-2.990000
2,PasC,7270.000977,3.384800,5.221200,-3.419500
2,PasC,7280.012695,3.078400,1.417800,-2.685200
2,PasC,7289.991211,2.413700,-2.043700,-0.236100
2,PasC,7300.002930,1.034900,-5.078900,1.650700
2,PasC,7310.014648,-0.523500,-8.002800,2.353400
2,PasC,7319.995117,-2.429300,-10.355900,1.986100
2,PasC,7330.002930,-4.198000,-12.643600,0.468400
2,PasC,7340.016602,-5.216800,-13.894799,-0.224100
2,PasC,7350.012695,-5.871400,-14.122800,-0.109600
2,PasC,7360.006836,-6.037600,-14.249399,0.301900
2,PasC,7370.016602,-5.871300,-14.230300,0.778300
2,PasC,7379.997070,-6.004000,-13.545700,1.085400
2,PasC,7390.008789,-5.911800,-12.695800,1.073400
2,PasC,7400.020508,-5.678200,-11.811500,1.287300
2,PasC,7409.999023,-5.352200,-10.860499,1.165300
2,PasC,7420.010742,-4.773200,-10.120200,0.788900
2,PasC,7429.991211,-4.224900,-9.212900,0.974700
2,PasC,7440.000977,-3.790700,-8.888300,1.925900
2,PasC,7450.014648,-3.227700,-8.615000,3.702300
2,PasC,7459.991211,-2.043900,-7.536100,5.141900
2,PasC,7470.018555,-2.397500,-7.282700,5.362100
2,PasC,7480.014648,-2.388900,-7.303600,5.457900
2,PasC,7489.995117,-1.945000,-6.249900,6.463500
2,PasC,7500.006836,-1.867000,-3.630400,7.583400
2,PasC,7510.018555,-0.738600,0.806400,7.709900
2,PasC,7519.997070,0.432200,4.549400,6.466900
2,PasC,7530.008789,1.506600,6.379500,4.895300
2,PasC,7540.020508,2.130100,7.952800,4.529400
2,PasC,7549.999023,2.154700,8.526100,4.515000
2,PasC,7560.010742,1.766800,8.987200,4.727000
2,PasC,7570.020508,1.101100,9.513599,4.642700
2,PasC,7580.000977,0.189000,9.785600,4.509600
2,PasC,7590.030273,-0.605600,10.102200,4.739200
2,PasC,7599.991211,-1.409000,10.405900,4.834100
2,PasC,7610.002930,-2.143100,9.738600,5.758200
2,PasC,7620.012695,-2.657100,7.544400,7.889100
2,PasC,7629.995117,-3.086000,5.219500,8.818900
2,PasC,7640.002930,-3.315200,5.221400,7.984200
2,PasC,7650.016602,-3.719000,7.710200,6.702300
2,PasC,7659.995117,-4.129100,11.189400,5.216000
2,PasC,7670.006836,-4.616200,15.802799,5.794800
2,PasC,7680.018555,-4.384400,21.094999,7.808500
2,PasC,7689.997070,-2.787100,26.260000,5.727600
2,PasC,7700.008789,-2.698300,30.842299,2.584900
2,PasC,7710.034180,-3.011800,32.120800,-0.349200
2,PasC,7720.000977,-3.319500,29.490398,-3.399600
2,PasC,7730.010742,-2.953600,26.216900,-3.892600
2,PasC,7739.991211,-2.193600,21.809200,-3.113800
2,PasC,7750.002930,-2.555500,16.562799,-2.386200
2,PasC,7760.014648,-1.685900,11.856899,-3.616800
2,PasC,7769.993164,0.459300,8.137400,-5.563900
2,PasC,7780.004883,2.154300,5.907400,-7.433100
2,PasC,7790.014648,2.906500,4.384800,-6.683200
2,PasC,7799.995117,4.462400,3.671100,-4.389300
2,PasC,7810.004883,6.951900,4.302300,-2.888800
2,PasC,7820.016602,9.807799,5.826900,-0.637400
2,PasC,7830.012695,12.060900,7.770900,-0.181100
2,PasC,7840.008789,14.202100,9.856800,-1.589800
2,PasC,7850.018555,15.381499,11.509500,-2.655900
2,PasC,7859.999023,14.903199,11.905700,-1.689200
2,PasC,7870.010742,14.205199,10.026899,-1.010100
2,PasC,7880.020508,12.423900,7.845800,-2.954100
2,PasC,7890.000977,10.925400,5.470500,-5.103500
2,PasC,7900.010742,9.641300,3.441100,-5.911300
2,PasC,7909.991211,8.205700,1.334900,-5.314800
2,PasC,7920.000977,6.011600,-1.265800,-4.188000
2,PasC,7930.014648,3.526900,-4.080600,-3.065500
2,PasC,7939.995117,1.358900,-6.735200,-2.001700
2,PasC,7950.020508,-0.601200,-8.743700,-0.756500
2,PasC,7960.016602,-2.542400,-10.675700,1.222200
2,PasC,7969.995117,-3.878500,-12.025800,2.825700
2,PasC,7980.008789,-4.985700,-12.821199,3.388000
2,PasC,7990.018555,-6.174700,-13.217000,2.966500
2,PasC,7999.999023,-7.011000,-13.234900,2.096600
2,PasC,8010.008789,-7.825800,-13.072200,0.608700
2,PasC,8020.022461,-8.590000,-12.538400,-0.156700
2,PasC,8030.000977,-9.092500,-12.121099,0.399700
2,PasC,8040.012695,-9.242700,-11.697499,1.351200
2,PasC,8049.993164,-9.376900,-10.915800,2.216900
2,PasC,8060.002930,-9.337999,-9.776600,2.645900
2,PasC,8070.030273,-8.948200,-8.495399,3.057700
2,PasC,8079.993164,-8.390300,-7.477700,3.780800
2,PasC,8090.004883,-7.563900,-6.652300,4.486300
2,PasC,8100.014648,-6.522200,-6.081900,4.571700
2,PasC,8109.997070,-5.362600,-5.553600,4.860400
2,PasC,8120.004883,-3.985900,-4.383700,6.144100
2,PasC,8130.018555,-2.146800,-2.532100,7.717400
2,PasC,8139.997070,0.158000,0.069100,9.173100
2,PasC,8150.008789,2.874200,3.307500,8.342199
2,PasC,8160.018555,4.986700,5.786500,6.082200
2,PasC,8169.999023,6.124800,7.047100,4.544900
2,PasC,8180.008789,6.636900,7.617900,3.123500
2,PasC,8190.038086,6.734800,8.661700,0.849300
2,PasC,8200.000977,6.724600,9.161799,0.451000
2,PasC,8210.012695,6.870200,9.142400,1.506200
2,PasC,8219.993164,6.868700,8.707399,3.520900
2,PasC,8230.002930,6.355600,8.179999,5.793700
2,PasC,8240.014648,5.539900,7.521600,7.626600
2,PasC,8249.993164,4.117800,6.707500,8.667300
2,PasC,8260.006836,2.591200,7.247500,9.299000
2,PasC,8270.016602,1.199900,10.078600,7.374800
2,PasC,8279.997070,-0.909800,13.777400,6.838800
2,PasC,8290.006836,-3.255200,18.874300,11.255000
2,PasC,8300.018555,-3.454700,23.440500,11.563900
2,PasC,8310.014648,-1.597800,26.334999,6.562700
2,PasC,8320.010742,-0.624600,26.971899,0.622300
2,PasC,8330.020508,-1.152400,25.973400,-5.508700
2,PasC,8339.999023,-0.612400,24.417299,-7.225800
2,PasC,8350.010742,-0.954200,21.490799,-4.447400
2,PasC,8359.991211,-2.252100,17.980700,-1.663500
2,PasC,8370.002930,-2.319200,13.991199,-0.500500
2,PasC,8380.012695,-1.512400,10.315499,-0.541700
2,PasC,8389.993164,-0.237500,6.893200,-2.562200
2,PasC,8400.002930,1.177600,4.489900,-4.776000
2,PasC,8410.016602,2.135200,2.851700,-5.505500
2,PasC,8419.995117,1.031800,2.215400,-4.414200
2,PasC,8430.022461,1.286800,2.363100,-3.019200
2,PasC,8440.016602,3.041700,2.979500,-3.722700
2,PasC,8449.997070,5.190400,4.722100,-3.562400
2,PasC,8460.008789,8.166200,6.709200,-1.179600
2,PasC,8470.020508,11.033999,9.571600,2.466000
2,PasC,8479.999023,11.589100,12.909500,0.362700
2,PasC,8490.010742,10.459900,15.004900,-4.066900
2,PasC,8500.022461,10.295700,13.495800,-3.775300
2,PasC,8510.000977,10.218800,10.472300,-2.341200
2,PasC,8520.012695,8.502399,4.059900,-1.217600
2,PasC,8529.993164,7.686400,0.972500,-1.791500
2,PasC,8540.002930,6.209000,-2.258700,-2.098900
2,PasC,8550.030273,4.339800,-4.838300,-2.487100
2,PasC,8559.995117,2.649500,-7.044800,-2.657400
2,PasC,8570.006836,0.909600,-8.722600,-1.985300
2,PasC,8580.016602,-0.590400,-9.778000,-1.302700
2,PasC,8589.997070,-1.621800,-10.858200,-0.996700
2,PasC,8600.006836,-3.290100,-12.213300,0.432900
2,PasC,8610.018555,-4.551800,-12.974899,1.520900
2,PasC,8619.997070,-5.509200,-13.483600,1.344800
2,PasC,8630.010742,-6.401200,-13.628799,0.808500
2,PasC,8640.020508,-7.009000,-13.667900,0.651700
2,PasC,8650.000977,-7.700400,-13.474299,1.624800
2,PasC,8660.010742,-7.774800,-12.677199,1.929300
2,PasC,8670.008789,-7.430400,-11.746600,2.114700
2,PasC,8680.002930,-7.151600,-10.628900,2.921400
2,PasC,8690.012695,-6.903400,-9.484799,2.983000
2,PasC,8699.993164,-6.583400,-8.674600,2.468700
2,PasC,8710.002930,-6.277500,-7.897400,1.737200
2,PasC,8720.016602,-5.800900,-6.955700,2.113800
2,PasC,8729.995117,-5.480200,-6.022700,3.028300
2,PasC,8740.006836,-5.452800,-4.847300,4.316600
2,PasC,8750.018555,-5.337300,-2.810100,5.954800
2,PasC,8759.997070,-4.325700,0.660100,7.802200
2,PasC,8770.008789,-2.195300,3.929500,8.118899
2,PasC,8780.020508,-0.049700,6.153100,7.000600
2,PasC,8790.014648,1.688600,7.254900,6.045000
2,PasC,8800.010742,3.078100,8.001800,5.321900
2,PasC,8810.024414,3.991000,8.476300,4.852300
2,PasC,8820.000977,4.566700,8.640500,4.537200
2,PasC,8830.012695,4.973400,8.827800,4.674500
2,PasC,8839.993164,5.656700,8.397400,6.289900
2,PasC,8850.002930,6.839800,8.233399,11.816700
2,PasC,8860.014648,7.030500,5.924500,11.634500
2,PasC,8869.995117,5.239300,4.514000,9.669400
2,PasC,8880.004883,2.546500,7.012300,7.806500
2,PasC,8890.018555,-0.550800,12.847400,3.031500
2,PasC,8899.999023,-3.477200,20.069300,4.619600
2,PasC,8910.024414,-1.873500,28.475800,5.596100
2,PasC,8920.016602,-1.483800,33.518700,2.408100
2,PasC,8929.999023,-3.344900,32.133999,0.964400
2,PasC,8940.010742,-2.648500,27.821699,-3.170700
2,PasC,8950.020508,-1.621800,21.749500,-5.235000
2,PasC,8959.999023,-0.754500,15.546400,-4.592000
2,PasC,8970.010742,-0.195400,10.218800,-3.984500
2,PasC,8979.989258,0.237100,7.451300,-4.672400
2,PasC,8990.000977,0.896800,6.106200,-4.271700
2,PasC,9000.014648,2.933800,4.132800,-3.163200
2,PasC,9009.993164,5.203600,3.718300,-3.119800
2,PasC,9020.004883,7.506000,4.619600,-2.852600
2,PasC,9030.032227,9.399799,5.308200,-1.188100
2,PasC,9039.995117,12.223200,6.218800,0.512200
2,PasC,9050.006836,15.237300,7.875300,1.120300
2,PasC,9060.018555,16.898899,12.141100,-1.492300
2,PasC,9069.999023,16.303699,15.626800,-3.415100
2,PasC,9080.008789,14.308399,15.679600,-2.812300
2,PasC,9090.020508,12.652800,13.367499,-1.686700
2,PasC,9099.999023,10.449599,9.395900,-0.738500
2,PasC,9110.010742,8.275000,5.188400,-0.384300
2,PasC,9120.020508,6.422400,1.542000,-1.429600
2,PasC,9130.000977,4.513900,-1.214400,-2.267900
2,PasC,9140.010742,3.264700,-3.690100,-2.083700
2,PasC,9150.008789,1.878300,-6.036200,-1.182300
2,PasC,9160.004883,0.063400,-7.646800,0.308000
2,PasC,9170.014648,-1.543500,-9.240100,0.794700
2,PasC,9179.995117,-3.375500,-11.296900,0.201800
2,PasC,9190.004883,-6.143600,-13.161300,-2.481400
2,PasC,9200.018555,-7.326100,-13.025499,-3.127300
2,PasC,9209.995117,-8.200300,-12.860100,-2.672700
2,PasC,9220.006836,-8.931100,-12.703300,-2.035800
2,PasC,9230.018555,-9.554700,-12.320399,-0.934700
2,PasC,9239.997070,-9.789300,-11.741700,0.359600
2,PasC,9250.008789,-9.625100,-10.696000,0.903400
2,PasC,9260.020508,-8.999400,-9.400400,1.420900
2,PasC,9270.016602,-8.033999,-8.392900,1.769200
2,PasC,9280.012695,-7.102800,-8.016600,2.140200
2,PasC,9289.991211,-6.235100,-8.103900,2.478700
2,PasC,9300.002930,-5.504500,-8.265100,2.378600
2,PasC,9310.014648,-4.791200,-8.271500,2.479900
2,PasC,9319.993164,-4.194600,-7.658300,3.273400
2,PasC,9330.004883,-4.030000,-6.773000,4.772800
2,PasC,9340.016602,-3.686900,-5.408900,6.887400
2,PasC,9349.997070,-2.342600,-2.344700,9.046500
2,PasC,9360.004883,0.067000,1.586500,9.744900
2,PasC,9370.018555,2.196200,4.395200,8.124400
2,PasC,9379.999023,3.382400,5.919100,6.226600
2,PasC,9390.024414,3.976700,6.527700,4.869000
2,PasC,9400.020508,4.234300,6.658700,3.903900
2,PasC,9409.999023,4.441700,7.017200,3.729600
2,PasC,9420.010742,4.397600,7.948400,3.929000
2,PasC,9430.022461,4.314200,8.738200,4.381500
2,PasC,9440.000977,4.346800,8.957100,5.192500
2,PasC,9450.010742,4.292300,8.206900,6.982500
2,PasC,9459.993164,4.418700,6.338600,10.331500
2,PasC,9470.002930,3.218700,4.492900,10.600699
2,PasC,9480.014648,0.870000,4.333900,7.899000
2,PasC,9489.995117,-0.225500,5.995000,6.216800
2,PasC,9500.004883,-1.089400,8.387000,4.022000
2,PasC,9510.034180,-2.255200,11.287499,3.073200
2,PasC,9519.995117,-3.767000,14.882299,4.902200
2,PasC,9530.008789,-1.991400,21.594999,-0.488100
2,PasC,9540.018555,-2.457500,23.374100,-4.145000
2,PasC,9549.999023,-2.247100,22.525000,-8.318399
2,PasC,9560.010742,-2.790900,19.407600,-9.814799
2,PasC,9570.022461,-3.296200,16.442400,-11.149400
2,PasC,9580.000977,-2.620700,13.309000,-8.097400
2,PasC,9590.012695,-2.242500,9.582300,-5.490500
2,PasC,9599.993164,-2.123700,7.726200,-4.294000
2,PasC,9610.002930,-0.639400,6.829900,-1.822500
2,PasC,9620.012695,0.786700,5.530800,3.352300
2,PasC,9630.008789,2.118500,6.588200,9.592100
2,PasC,9640.004883,4.272000,8.854400,10.168600
2,PasC,9650.016602,6.938000,10.590099,4.495400
2,PasC,9659.997070,8.786099,12.372000,-2.105800
2,PasC,9670.004883,9.777500,14.090600,-5.009900
2,PasC,9680.018555,10.823999,15.372600,-4.996800
2,PasC,9689.997070,12.447599,15.483999,-5.424600
2,PasC,9700.010742,13.202000,14.848100,-5.328500
2,PasC,9710.018555,13.386399,13.211200,-3.784700
2,PasC,9719.999023,13.201500,11.044300,-2.444500
2,PasC,9730.012695,11.631499,8.011100,-1.420300
2,PasC,9739.991211,10.035299,4.100400,-0.570300
2,PasC,9750.018555,8.006400,0.388200,0.281300
2,PasC,9760.012695,5.129100,-2.976900,1.210200
2,PasC,9769.993164,2.239700,-5.886100,1.805600
2,PasC,9780.002930,-0.452900,-8.589000,2.621200
2,PasC,9790.014648,-2.913400,-10.959700,2.839800
2,PasC,9799.993164,-4.874300,-12.807099,2.205200
2,PasC,9810.006836,-6.343600,-13.866500,1.246900
2,PasC,9820.016602,-7.134200,-14.112800,0.145000
2,PasC,9829.997070,-7.546900,-13.839100,-0.713000
2,PasC,9840.010742,-7.385000,-13.653999,-1.049900
2,PasC,9850.020508,-7.114300,-13.414300,-0.812000
2,PasC,9860.000977,-5.969800,-12.075200,-0.650600
2,PasC,9870.024414,-5.637000,-11.194400,-0.309100
2,PasC,9880.022461,-5.188700,-10.134999,0.269800
2,PasC,9890.000977,-4.702100,-8.933700,0.753400
2,PasC,9900.012695,-4.384400,-8.136600,1.136500
2,PasC,9909.991211,-4.164200,-7.312700,1.716900
2,PasC,9920.002930,-3.976500,-6.769900,1.995400
2,PasC,9930.012695,-4.245200,-6.646200,1.899700
2,PasC,9939.995117,-4.694400,-6.533100,1.500100
2,PasC,9950.004883,-5.237600,-6.314100,0.930100
2,PasC,9960.016602,-5.900700,-5.974400,0.883300
2,PasC,9969.997070,-6.448200,-5.248500,1.627700
2,PasC,9980.006836,-6.480300,-2.843200,4.409500
2,PasC,9990.034180,-2.810700,4.052200,6.843500
2,PasC,9999.997070,2.006700,7.131900,4.754500
2,PasC,10010.008789,3.695600,7.402800,3.703300
2,PasC,10020.020508,4.312900,7.832400,3.718600
2,PasC,10029.999023,4.410700,8.323200,3.908100
2,PasC,10040.010742,4.201100,8.801000,4.506100
2,PasC,10049.991211,3.768300,8.945700,5.692400
2,PasC,10060.000977,2.656000,8.328000,8.017400
2,PasC,10070.012695,0.929400,6.250600,10.523399
2,PasC,10079.993164,-0.948500,3.482500,8.687799
2,PasC,10090.004883,-1.912000,3.003200,5.122900
2,PasC,10100.016602,-2.052300,3.762900,4.307600
2,PasC,10110.012695,-1.570900,5.593600,5.646000
2,PasC,10120.006836,-1.341400,7.892100,7.468700
2,PasC,10130.016602,-1.587200,9.956699,10.266399
2,PasC,10139.997070,-2.752000,12.657700,10.607599
2,PasC,10150.008789,-3.384500,15.453199,6.877000
2,PasC,10160.020508,-3.432300,18.846800,2.964400
2,PasC,10169.999023,-3.884700,22.523699,0.434100
2,PasC,10180.010742,-4.467400,23.711300,0.178200
2,PasC,10190.020508,-4.584400,22.734400,0.340100
2,PasC,10200.000977,-3.125000,16.487200,-2.396800
2,PasC,10210.012695,-1.349400,11.908700,-2.879200
2,PasC,10219.991211,-0.862800,8.406500,-4.539000
2,PasC,10230.020508,-0.229600,6.381200,-6.175400
2,PasC,10240.014648,0.817600,4.862200,-8.009399
2,PasC,10249.995117,2.298600,3.649600,-7.857600
2,PasC,10260.002930,3.813400,3.235800,-5.409100
2,PasC,10270.014648,5.794900,3.521300,-2.364800
2,PasC,10279.995117,9.172000,4.907900,0.460300
2,PasC,10290.006836,11.244400,7.115300,2.335400
2,PasC,10300.016602,12.469800,9.404300,-0.417300
2,PasC,10309.999023,13.775000,11.990399,-3.884900
2,PasC,10320.010742,14.477400,15.338200,-4.668200
2,PasC,10330.020508,14.589499,17.292299,-4.911800
2,PasC,10340.000977,13.313300,15.653600,-4.316600
2,PasC,10350.026367,12.008800,12.743700,-4.005500
2,PasC,10359.991211,9.065499,9.831699,-3.998500
2,PasC,10370.002930,6.250900,5.968900,-2.692300
2,PasC,10380.014648,4.407600,2.006900,-1.966100
2,PasC,10389.993164,2.300100,-1.859800,-2.147100
2,PasC,10400.004883,0.207000,-4.862100,-1.868300
2,PasC,10410.014648,-1.992500,-6.838800,-1.299700
2,PasC,10419.995117,-3.642100,-8.861100,-0.010200
2,PasC,10430.004883,-5.476400,-11.263000,0.864800
2,PasC,10440.016602,-6.801800,-13.135699,1.025900
2,PasC,10449.997070,-7.710900,-13.988700,0.197100
2,PasC,10460.008789,-8.007299,-14.033500,-0.969600
2,PasC,10470.036133,-7.341800,-13.694799,-1.433600
2,PasC,10479.999023,-7.317300,-13.463300,-1.187500
2,PasC,10490.010742,-7.502800,-13.281099,-0.004900
2,PasC,10500.020508,-7.395300,-13.075299,1.258600
2,PasC,10510.000977,-7.144900,-12.622900,2.453500
2,PasC,10520.012695,-6.626400,-11.774799,3.444900
2,PasC,10529.991211,-5.923900,-11.134900,3.887200
2,PasC,10540.000977,-4.320900,-9.111199,2.099900
2,PasC,10550.014648,-3.398600,-8.124000,2.301800
2,PasC,10559.995117,-2.841300,-7.276400,2.796400
2,PasC,10570.004883,-2.192600,-6.669100,3.726700
2,PasC,10580.016602,-1.850800,-5.768800,4.662500
2,PasC,10590.012695,-1.325100,-4.319900,5.640000
2,PasC,10600.006836,-0.007600,-2.445300,7.138600
2,PasC,10610.018555,1.821400,0.618000,8.890400
2,PasC,10619.999023,3.646300,4.214000,9.061399
2,PasC,10630.008789,4.467700,6.624000,7.987600
2,PasC,10640.020508,4.754400,7.560900,6.661300
2,PasC,10649.999023,4.600700,7.929800,5.469600
2,PasC,10660.012695,3.816200,8.425600,4.697300
2,PasC,10669.993164,2.975300,8.945800,4.191000
2,PasC,10680.002930,1.976900,8.720500,4.208200
2,PasC,10690.014648,0.643800,7.653800,5.847700
2,PasC,10699.993164,-1.056300,6.420500,10.161400
2,PasC,10710.020508,-3.196800,3.770500,12.574200
2,PasC,10720.014648,-4.309600,0.907700,11.097400
2,PasC,10729.995117,-3.953900,1.788700,9.116199
2,PasC,10740.004883,-3.585300,4.363800,7.246400
2,PasC,10750.018555,-3.393100,8.783500,2.582300
2,PasC,10759.995117,-3.898200,15.276700,1.144100
2,PasC,10770.008789,-4.158000,21.866800,3.181900
2,PasC,10780.018555,-2.012300,28.788300,4.219200
2,PasC,10789.999023,-1.179800,31.883598,4.237900
2,PasC,10800.010742,-0.591800,29.553400,3.171200
2,PasC,10810.020508,1.683400,23.962999,-0.366500
2,PasC,10820.000977,1.598300,20.190699,-5.358700
2,PasC,10830.030273,0.194400,19.136999,-7.241600
2,PasC,10839.993164,0.716900,16.695400,-10.791200
2,PasC,10850.002930,1.951700,14.264000,-13.181700
2,PasC,10860.014648,2.565500,12.492300,-9.971100
2,PasC,10869.993164,4.071700,12.148800,-5.632700
2,PasC,10880.004883,6.742300,12.044700,-1.056100
2,PasC,10890.016602,8.196899,11.080299,1.135200
2,PasC,10899.997070,9.114400,9.588900,-0.781300
2,PasC,10910.008789,9.776500,7.483100,-5.768900
2,PasC,10920.018555,10.931399,5.618600,-6.728600
2,PasC,10929.999023,11.265100,4.532700,-4.341500
2,PasC,10940.008789,10.549000,3.360500,-2.711000
2,PasC,10950.036133,7.947200,1.441200,-2.489900
2,PasC,10959.999023,5.624600,-1.655200,-1.880600
2,PasC,10970.012695,3.639000,-4.504700,-0.409200
2,PasC,10979.991211,1.251300,-6.409600,-0.841600
2,PasC,10990.002930,-0.223900,-8.377100,-0.802200
2,PasC,11000.012695,-1.343100,-10.167600,0.283100
2,PasC,11009.993164,-1.993400,-11.602200,0.899200
