1,Sauter,0.000000,-0.185400,-0.141700,0.252200
1,Sauter,9.979492,-0.024000,-0.180700,0.352100
1,Sauter,19.992188,-0.132700,-0.181000,0.227800
1,Sauter,29.971680,-0.013800,-0.102500,0.221200
1,Sauter,39.983398,0.141000,-0.023900,0.142500
1,Sauter,49.993164,0.177100,0.015300,0.065700
1,Sauter,59.973633,0.175600,0.054700,0.062500
1,Sauter,69.984375,0.211600,0.016000,0.167400
1,Sauter,79.995117,0.244800,0.055800,0.079600
1,Sauter,89.992188,0.282800,0.056100,0.032500
1,Sauter,99.985352,0.324200,-0.022000,0.137800
1,Sauter,109.997070,0.284000,-0.060900,0.050200
1,Sauter,119.976563,0.163600,-0.178200,-0.035900
1,Sauter,129.988281,0.080900,-0.177700,-0.046700
1,Sauter,140.000000,0.002700,-0.334400,-0.052900
1,Sauter,149.979492,-0.036400,-0.412700,-0.134500
1,Sauter,159.990234,-0.036900,-0.569800,-0.208500
1,Sauter,170.000977,-0.002800,-0.569400,-0.171100
1,Sauter,179.981445,-0.085300,-0.647600,-0.173200
1,Sauter,189.992188,-0.015900,-0.686500,-0.286800
1,Sauter,199.971680,-0.023400,-0.647100,-0.318700
1,Sauter,210.000000,0.042500,-0.646500,-0.196900
1,Sauter,219.994141,0.027000,-0.528400,-0.302300
1,Sauter,229.974609,-0.027600,-0.488600,-0.173900
1,Sauter,239.984375,0.109000,-0.448600,-0.235000
1,Sauter,249.996094,0.092300,-0.369900,-0.443200
1,Sauter,259.975586,0.119500,-0.448300,-0.411100
1,Sauter,269.987305,0.102700,-0.408500,-0.271000
1,Sauter,279.998047,0.128300,-0.368600,-0.098100
1,Sauter,289.978516,0.045700,-0.329400,-0.123000
1,Sauter,299.989258,0.005200,-0.447200,-0.187100
1,Sauter,310.001953,-0.147000,-0.604800,-0.473600
1,Sauter,319.979492,-0.028700,-0.879900,-0.666900
1,Sauter,330.007813,-0.140000,-1.194400,-0.928500
1,Sauter,339.971680,-0.170700,-1.587200,-1.102700
1,Sauter,349.982422,-0.236600,-2.097400,-1.148200
1,Sauter,359.993164,-0.226500,-2.528400,-1.265400
1,Sauter,369.972656,-0.072400,-3.114500,-1.412700
1,Sauter,379.983398,-0.005700,-3.816500,-1.546200
1,Sauter,389.995117,0.089900,-4.359200,-1.590100
1,Sauter,399.975586,0.026800,-4.782800,-1.438100
1,Sauter,409.986328,-0.036500,-5.283400,-1.286000
1,Sauter,419.999023,-0.098700,-5.742300,-1.276400
1,Sauter,429.977539,-0.052700,-6.002600,-0.992800
1,Sauter,439.989258,-0.083700,-6.222100,-0.827100
1,Sauter,450.014648,-0.155000,-6.479300,-0.507500
1,Sauter,459.979492,-0.297100,-6.695500,-0.182800
1,Sauter,469.990234,-0.362500,-6.952400,0.432800
1,Sauter,480.000977,-0.616600,-7.248000,0.852300
1,Sauter,489.980469,-0.702900,-7.467800,1.334100
1,Sauter,499.992188,-0.858300,-7.260900,1.710400
1,Sauter,509.973633,-0.998200,-6.862500,2.067100
1,Sauter,519.983398,-1.524700,-6.350300,2.226500
1,Sauter,529.993164,-1.231200,-5.667500,1.471200
1,Sauter,539.974609,-0.696700,-4.881600,0.261900
1,Sauter,549.986328,-0.304900,-4.112400,-0.489600
1,Sauter,559.997070,-0.382700,-2.989700,-0.366200
1,Sauter,569.992188,-0.437000,-1.609700,0.193500
1,Sauter,579.987305,-0.378100,-0.401100,0.342600
1,Sauter,589.998047,-0.460900,1.255100,0.535800
1,Sauter,599.977539,-0.746000,4.173100,0.747500
1,Sauter,609.988281,-0.817100,7.493200,0.937600
1,Sauter,620.000000,-0.687700,9.666600,0.883000
1,Sauter,629.979492,-0.307400,10.316299,0.668800
1,Sauter,639.991211,0.091100,10.504399,0.468200
1,Sauter,649.971680,0.315400,10.509399,-0.005900
1,Sauter,659.982422,0.376000,10.404099,-0.221200
1,Sauter,669.994141,0.205600,10.423200,-0.762200
1,Sauter,679.972656,-0.144500,11.193700,-1.310800
1,Sauter,690.000000,-0.258200,12.320399,-1.687500
1,Sauter,699.995117,-0.069800,13.842299,-2.010400
1,Sauter,709.974609,0.372500,16.973000,-2.137700
1,Sauter,719.985352,-0.075800,18.222500,-2.018900
1,Sauter,729.998047,-0.368100,19.079300,-1.551400
1,Sauter,739.978516,-0.275000,19.306599,-0.394000
1,Sauter,749.988281,0.308400,18.786999,0.981700
1,Sauter,759.999023,0.722300,18.384800,2.036500
1,Sauter,769.979492,0.847600,17.905399,2.466600
1,Sauter,779.991211,0.938700,16.993799,2.726400
1,Sauter,790.001953,0.616200,16.159899,2.694000
1,Sauter,799.981445,0.422500,14.894500,2.960600
1,Sauter,810.009766,0.037600,13.709499,2.998000
1,Sauter,819.971680,-0.072900,11.899400,2.664100
1,Sauter,829.982422,-0.066000,10.051900,1.802100
1,Sauter,839.995117,-0.062000,7.971100,0.228700
1,Sauter,849.975586,-0.026500,5.421300,-1.695100
1,Sauter,859.985352,0.659900,2.834200,-3.460300
1,Sauter,869.996094,0.947800,0.287900,-4.493200
1,Sauter,879.975586,0.887200,-1.669400,-4.307300
1,Sauter,889.987305,0.832100,-3.626000,-4.156600
1,Sauter,899.999023,0.895000,-6.523600,-4.005500
1,Sauter,909.977539,0.877500,-10.244200,-3.501000
1,Sauter,919.989258,0.698900,-14.236799,-4.230300
1,Sauter,930.014648,0.433900,-17.087500,-5.241200
1,Sauter,939.979492,0.050100,-18.677099,-5.825800
1,Sauter,949.992188,-0.250500,-18.771099,-5.412100
1,Sauter,959.971680,-0.613900,-16.978800,-4.053500
1,Sauter,969.982422,-0.791300,-14.125600,-2.353700
1,Sauter,979.993164,-0.634600,-11.034200,-0.816400
1,Sauter,989.973633,-0.713100,-8.128200,0.050800
1,Sauter,999.984375,-0.431100,-6.340100,0.708000
1,Sauter,1009.995117,0.001600,-5.817800,1.556800
1,Sauter,1019.976563,0.112000,-6.240600,2.707300
1,Sauter,1029.986328,0.097900,-6.927300,3.974300
1,Sauter,1039.998047,0.119200,-7.608300,5.038700
1,Sauter,1049.993164,-0.162300,-8.022900,6.037100
1,Sauter,1059.988281,-0.674100,-7.986200,6.933500
1,Sauter,1070.000000,-1.153300,-7.674500,7.742000
1,Sauter,1079.979492,-1.636400,-6.726600,8.633800
1,Sauter,1089.990234,-1.871500,-4.902800,9.204100
1,Sauter,1100.000977,-1.896900,-2.807200,9.556800
1,Sauter,1109.981445,-1.569300,-0.637600,9.377900
1,Sauter,1119.991211,-1.185300,1.505200,8.699600
1,Sauter,1129.973633,-0.778400,3.494400,7.920200
1,Sauter,1139.982422,-0.286800,4.941600,7.470600
1,Sauter,1149.995117,0.063600,6.168900,6.963800
1,Sauter,1159.974609,0.023700,6.955600,6.640500
1,Sauter,1170.001953,-0.189500,7.386600,6.578100
1,Sauter,1179.997070,-0.638400,7.455100,6.736300
1,Sauter,1189.975586,-1.514000,7.278000,7.285200
1,Sauter,1199.987305,-3.203800,6.018200,8.113900
1,Sauter,1209.998047,-6.245400,1.746000,7.786300
1,Sauter,1219.978516,-7.672400,-3.759900,4.152200
1,Sauter,1229.988281,-7.602200,-5.738600,1.510200
1,Sauter,1240.000977,-8.625299,-4.983500,0.542600
1,Sauter,1249.981445,-9.761100,-0.983900,0.511200
1,Sauter,1259.992188,-8.208400,4.395000,1.009800
1,Sauter,1269.971680,-5.611300,6.867300,1.648500
1,Sauter,1279.982422,-3.770900,7.507700,2.468000
1,Sauter,1290.009766,-2.598400,7.612300,3.152900
1,Sauter,1299.972656,-1.760600,7.647100,4.001200
1,Sauter,1309.984375,-1.093400,7.772000,5.010800
1,Sauter,1319.996094,-0.177000,7.664100,5.706600
1,Sauter,1329.975586,0.550700,7.203700,6.721400
1,Sauter,1339.985352,0.908800,5.141000,6.169400
1,Sauter,1349.998047,0.671800,4.028300,3.792900
1,Sauter,1359.978516,0.680900,4.526900,2.314400
1,Sauter,1369.989258,1.678900,6.793900,1.425500
1,Sauter,1380.000000,2.747900,10.884000,2.186600
1,Sauter,1389.979492,2.771800,15.955999,3.537000
1,Sauter,1399.990234,2.569200,21.084799,3.702800
1,Sauter,1410.018555,2.748600,23.676699,1.955900
1,Sauter,1419.980469,2.669100,22.384699,-0.086200
1,Sauter,1429.993164,2.329700,20.429800,-1.300000
1,Sauter,1439.973633,2.032400,18.411699,-1.351400
1,Sauter,1449.983398,1.737100,16.633900,-0.832900
1,Sauter,1459.995117,1.633900,15.365900,-0.318900
1,Sauter,1469.974609,1.758300,14.488999,-0.053700
1,Sauter,1479.986328,1.650100,13.847600,-0.184300
1,Sauter,1489.997070,1.622700,13.128400,-0.158900
1,Sauter,1499.976563,1.789600,12.292100,0.058600
1,Sauter,1509.987305,1.764000,11.496400,0.359500
1,Sauter,1519.998047,1.508700,10.937799,0.552000
1,Sauter,1529.995117,0.989100,10.419900,0.600500
1,Sauter,1539.990234,0.356900,9.942300,0.383300
1,Sauter,1550.000977,-0.156700,9.544700,0.137500
1,Sauter,1559.980469,-0.823400,8.952800,-0.286500
1,Sauter,1569.991211,-1.130400,8.478200,-0.436000
1,Sauter,1579.971680,-1.392700,7.885400,-0.547100
1,Sauter,1589.983398,-1.416400,7.054700,-0.488000
1,Sauter,1599.994141,-1.134800,5.908600,-0.576700
1,Sauter,1609.973633,-1.049700,4.763300,-0.548900
1,Sauter,1619.984375,-0.830400,3.578900,-0.354600
1,Sauter,1629.995117,-0.555900,2.553700,-0.196800
1,Sauter,1639.976563,-0.364400,1.650300,-0.140400
1,Sauter,1650.002930,-0.068300,0.750000,-0.013600
1,Sauter,1659.998047,0.147500,0.006100,0.022100
1,Sauter,1669.977539,0.361100,-0.504400,-0.128900
1,Sauter,1679.988281,0.567300,-0.937600,-0.339700
1,Sauter,1690.000000,0.535700,-1.448700,-0.664100
1,Sauter,1699.979492,0.539500,-1.880000,-0.932200
1,Sauter,1709.991211,0.466200,-2.466800,-1.064900
1,Sauter,1720.000977,0.400200,-2.818100,-0.915600
1,Sauter,1729.981445,0.373700,-3.326600,-0.653400
1,Sauter,1739.994141,0.197500,-3.796100,-0.468500
1,Sauter,1749.972656,-0.040600,-4.422200,-0.390800
1,Sauter,1759.984375,-0.265800,-4.929200,-0.412800
1,Sauter,1770.010742,-0.332600,-5.551700,-0.378700
1,Sauter,1779.974609,-0.369400,-6.171500,-0.330200
1,Sauter,1789.985352,-0.383400,-6.279000,-0.352500
1,Sauter,1799.996094,-0.299500,-6.463200,-0.178100
1,Sauter,1809.976563,-0.433600,-6.411600,-0.051800
1,Sauter,1819.987305,-0.540300,-6.201300,0.000100
1,Sauter,1829.999023,-0.584500,-5.989800,0.206800
1,Sauter,1839.978516,-0.597500,-5.737900,0.528900
1,Sauter,1849.990234,-0.601400,-5.486400,0.689200
1,Sauter,1860.001953,-0.603900,-5.077200,0.809700
1,Sauter,1869.980469,-0.559900,-4.782400,0.826400
1,Sauter,1879.992188,-0.430300,-4.289700,0.888100
1,Sauter,1889.987305,-0.298300,-3.956200,1.130900
1,Sauter,1899.982422,-0.264200,-3.546700,1.246300
1,Sauter,1909.993164,-0.104700,-3.022300,1.271300
1,Sauter,1919.973633,-0.084400,-2.623300,1.423300
1,Sauter,1929.983398,-0.046100,-2.154300,1.504200
1,Sauter,1939.995117,-0.039700,-0.872900,1.420000
1,Sauter,1949.976563,-0.063900,-0.340600,1.122200
1,Sauter,1959.986328,-0.086000,0.038000,0.523400
1,Sauter,1969.999023,-0.106800,0.852700,0.099800
1,Sauter,1979.977539,-0.161600,1.632000,-0.189700
1,Sauter,1989.989258,-0.113800,2.174100,-0.060100
1,Sauter,2000.000000,0.062200,2.438800,0.090300
1,Sauter,2009.996094,0.212100,2.464400,0.296800
1,Sauter,2019.990234,0.421900,2.252300,0.524600
1,Sauter,2029.971680,0.691300,1.608700,0.666500
1,Sauter,2039.983398,0.684700,1.082400,0.838500
1,Sauter,2049.993164,0.533700,0.518500,0.936200
1,Sauter,2059.973633,0.457900,-0.278500,1.001300
1,Sauter,2069.984375,0.343100,-0.994100,0.806200
1,Sauter,2079.995117,0.082600,-1.434200,0.891400
1,Sauter,2089.974609,0.021600,-1.832100,0.761600
1,Sauter,2099.985352,-0.223800,-2.189700,0.681100
1,Sauter,2109.997070,-0.307600,-2.075600,0.531600
1,Sauter,2119.976563,-0.271700,-1.803700,0.272100
1,Sauter,2130.004883,-0.268100,-1.218300,0.208700
1,Sauter,2139.998047,-0.107400,-0.827800,0.116300
1,Sauter,2149.977539,-0.027200,-0.593400,0.029700
1,Sauter,2159.988281,0.243300,-0.515100,-0.090600
1,Sauter,2170.000977,0.314300,-0.318100,-0.125400
1,Sauter,2179.979492,0.381800,-0.120000,-0.192000
1,Sauter,2189.992188,0.404500,0.000000,-0.101300
1,Sauter,2199.971680,0.384100,0.158100,-0.021300
1,Sauter,2209.982422,0.247100,0.391300,0.185200
1,Sauter,2219.994141,0.260400,0.466300,0.257200
1,Sauter,2229.972656,0.114700,0.423200,0.241500
1,Sauter,2239.984375,0.197600,0.342400,0.194700
1,Sauter,2250.012695,-0.020400,0.222600,0.156600
1,Sauter,2259.975586,-0.036500,0.182200,0.091800
1,Sauter,2269.985352,-0.155600,0.063300,0.116100
1,Sauter,2279.998047,-0.179700,0.022400,0.108600
1,Sauter,2289.978516,-0.236700,-0.057400,0.148600
1,Sauter,2299.989258,-0.294300,-0.333400,0.344400
1,Sauter,2309.999023,-0.385700,-0.335400,0.498200
1,Sauter,2319.979492,-0.398900,-0.534300,0.563400
1,Sauter,2329.990234,-0.269000,-0.536100,0.630400
1,Sauter,2339.969727,-0.257400,-0.420600,0.651600
1,Sauter,2349.980469,-0.254300,-0.265400,0.592800
1,Sauter,2359.993164,-0.141900,-0.227400,0.456100
1,Sauter,2369.988281,-0.033300,-0.268100,0.391100
1,Sauter,2379.983398,0.068900,-0.308200,0.328300
1,Sauter,2389.995117,0.059000,-0.348300,0.190100
1,Sauter,2399.975586,0.089400,-0.348900,0.016500
1,Sauter,2409.986328,0.091500,-0.272200,0.032900
1,Sauter,2419.996094,0.171700,-0.274100,0.084200
1,Sauter,2429.976563,0.251700,-0.119700,0.242300
1,Sauter,2439.987305,0.066600,-0.004700,0.207500
1,Sauter,2449.999023,0.039700,0.032200,0.063100
1,Sauter,2459.979492,0.046600,-0.047400,0.008900
1,Sauter,2469.990234,0.092900,0.069400,-0.076700
1,Sauter,2480.000977,-0.017800,-0.088200,-0.044400
1,Sauter,2489.996094,-0.081500,-0.168000,0.023800
1,Sauter,2499.992188,-0.074400,-0.208400,0.126400
