2,Sauter,0.000000,-0.083600,-5.652900,-0.188100
2,Sauter,9.968750,-0.545300,-6.113100,0.162100
2,Sauter,20.000000,-0.814600,-6.475400,0.601900
2,Sauter,30.031250,-0.928400,-6.742600,1.178200
2,Sauter,39.984375,-0.826900,-6.886600,1.857000
2,Sauter,50.000000,-0.611800,-6.694200,1.703700
2,Sauter,60.015625,-0.440000,-5.952100,1.657800
2,Sauter,69.984375,-0.326600,-5.321100,2.650800
2,Sauter,80.000000,-0.473500,-4.284100,2.763100
2,Sauter,90.015625,-0.739000,-2.371600,1.962000
2,Sauter,99.984375,-0.766900,-0.224100,1.313600
2,Sauter,110.000000,-0.500100,1.745900,0.682200
2,Sauter,120.015625,0.199200,3.584200,0.196500
2,Sauter,129.984375,1.212800,5.371500,-0.481900
2,Sauter,140.000000,2.047800,7.544700,-0.657100
2,Sauter,150.031250,2.064400,11.032300,-0.513700
2,Sauter,159.984375,0.516900,16.265299,-1.200400
2,Sauter,170.000000,-2.102500,23.661999,-2.858400
2,Sauter,179.984375,-2.983100,29.429600,-4.626400
2,Sauter,190.000000,0.240900,27.727200,-5.274800
2,Sauter,200.015625,5.572200,22.088200,-3.816300
2,Sauter,209.984375,8.277200,20.959799,-2.279900
2,Sauter,220.000000,7.661500,25.429899,-1.044700
2,Sauter,230.015625,5.698500,29.502998,0.775500
2,Sauter,239.984375,2.351600,29.333300,0.016700
2,Sauter,250.000000,-0.344800,25.814400,-1.659300
2,Sauter,260.015625,-0.274000,21.158300,-0.273700
2,Sauter,270.000000,0.612700,16.697300,2.269700
2,Sauter,280.000000,0.438600,12.834800,3.815500
2,Sauter,290.015625,-0.311500,9.277599,4.449000
2,Sauter,299.984375,-0.807800,5.633700,3.726300
2,Sauter,310.000000,-0.325300,-0.808000,-0.871500
2,Sauter,319.984375,-0.035500,-3.509600,-2.430800
2,Sauter,329.984375,-0.277600,-6.031400,-3.994700
2,Sauter,340.015625,-0.796000,-9.070200,-5.246600
2,Sauter,349.984375,-0.639400,-13.271399,-6.307900
2,Sauter,360.000000,-1.261100,-18.191099,-8.011900
2,Sauter,370.015625,-2.155900,-23.107800,-10.312600
2,Sauter,379.984375,-2.882200,-26.429499,-11.639100
2,Sauter,390.015625,-2.525100,-27.002499,-9.589100
2,Sauter,400.015625,-1.716700,-23.870800,-4.309700
2,Sauter,409.984375,-2.461800,-18.122499,0.141400
2,Sauter,420.000000,-3.508500,-12.279400,3.172100
2,Sauter,430.015625,-3.841600,-7.745100,4.995500
2,Sauter,439.984375,-3.452600,-4.737300,5.757500
2,Sauter,450.000000,-2.611900,-2.556300,6.265000
2,Sauter,460.015625,-0.756200,-1.608500,7.303000
2,Sauter,469.984375,1.051500,-2.094400,7.906700
2,Sauter,480.000000,1.768700,-3.235900,7.257200
2,Sauter,489.984375,2.668700,-4.926900,6.012300
2,Sauter,500.000000,3.807400,-6.750600,5.219600
2,Sauter,510.015625,4.258700,-7.729700,6.006500
2,Sauter,520.000000,4.261100,-6.979000,7.815500
2,Sauter,530.000000,3.566300,-3.669600,8.601000
2,Sauter,540.015625,2.281900,-0.162500,6.966500
2,Sauter,549.984375,1.338100,1.877700,5.214300
2,Sauter,560.000000,0.846000,3.114300,4.204700
2,Sauter,570.015625,0.704300,3.994700,3.431100
2,Sauter,579.984375,0.893400,4.519000,3.080100
2,Sauter,590.000000,1.343400,4.897500,3.313800
2,Sauter,600.015625,1.912900,5.186500,3.722400
2,Sauter,609.984375,2.319100,5.526600,3.859900
2,Sauter,620.000000,2.498500,6.037900,3.834500
2,Sauter,630.000000,2.323500,6.806100,3.624900
2,Sauter,639.984375,1.877800,7.464300,3.610400
2,Sauter,650.000000,0.502500,3.349000,7.922900
2,Sauter,660.000000,-2.465000,-8.654500,1.441500
2,Sauter,669.984375,-3.930500,-7.776100,1.517200
2,Sauter,680.015625,-5.533100,-5.980300,3.033900
2,Sauter,690.000000,-6.569500,-2.975500,4.457600
2,Sauter,700.000000,-6.344000,0.547000,4.989000
2,Sauter,710.015625,-5.171300,3.140600,4.665300
2,Sauter,719.984375,-3.572800,4.834700,2.675100
2,Sauter,730.000000,-2.970300,6.315700,1.103300
2,Sauter,740.015625,-1.900100,8.137800,1.367400
2,Sauter,750.000000,-1.381000,12.416500,2.323200
2,Sauter,760.000000,-1.326100,21.940199,3.234200
2,Sauter,770.015625,0.683200,36.015697,3.957600
2,Sauter,779.984375,2.212900,45.946400,0.923500
2,Sauter,790.000000,2.204700,43.737801,0.700600
2,Sauter,799.984375,0.788200,31.899899,1.816600
2,Sauter,809.984375,1.216100,22.253500,-0.763600
2,Sauter,820.000000,3.278500,17.944500,-0.921800
2,Sauter,830.000000,4.230000,14.620100,-0.160500
2,Sauter,840.000000,4.157000,11.327100,1.399200
2,Sauter,850.015625,2.070700,8.199699,2.153400
2,Sauter,860.000000,-1.854700,6.996600,2.086800
2,Sauter,870.015625,-4.594100,7.015900,1.309900
2,Sauter,880.015625,-5.535700,7.752300,-0.218100
2,Sauter,890.000000,-5.109200,9.175400,-1.749400
2,Sauter,900.000000,-3.487200,10.644300,-2.776300
2,Sauter,910.015625,-1.614800,10.899600,-2.724900
2,Sauter,919.984375,-0.013200,10.211200,-1.961200
2,Sauter,930.000000,0.961400,9.069700,-1.385200
2,Sauter,939.984375,1.396000,7.603200,-1.220700
2,Sauter,949.984375,1.540400,5.655000,-1.231000
2,Sauter,960.000000,1.697200,3.254300,-1.183300
2,Sauter,969.984375,1.853200,0.624400,-1.504900
2,Sauter,979.984375,2.171900,-1.803800,-0.541000
2,Sauter,990.015625,2.268900,-4.015200,0.184500
2,Sauter,1000.000000,1.972800,-5.966800,0.171500
2,Sauter,1010.000000,0.745500,-8.658500,0.969000
2,Sauter,1020.015625,-0.000800,-9.381100,1.381700
2,Sauter,1030.000000,-0.712100,-9.759800,1.280500
2,Sauter,1040.000000,-1.379600,-9.811100,1.157400
2,Sauter,1050.015625,-1.978600,-9.747000,0.622100
2,Sauter,1060.000000,-2.202800,-9.613299,0.160400
2,Sauter,1070.000000,-2.238300,-9.153800,-0.376100
2,Sauter,1080.015625,-1.909100,-8.465600,-0.826600
2,Sauter,1089.984375,-1.328700,-7.460600,-1.017600
2,Sauter,1100.000000,-0.660100,-6.099900,-0.844600
2,Sauter,1110.000000,0.052200,-4.538200,-0.655500
2,Sauter,1119.984375,0.259900,-2.483400,-0.820100
2,Sauter,1130.000000,0.122600,-0.253200,-0.854000
2,Sauter,1139.984375,0.137000,1.977200,-0.946400
2,Sauter,1150.000000,0.003600,4.257100,-0.885600
2,Sauter,1160.015625,-0.047100,6.220100,-0.909400
2,Sauter,1170.000000,0.102300,7.544700,-0.640300
2,Sauter,1180.000000,0.323900,7.862200,-0.028600
2,Sauter,1190.015625,0.681100,7.190900,0.458600
2,Sauter,1200.000000,1.049700,5.914400,0.745000
2,Sauter,1210.000000,1.373700,4.312500,0.691500
2,Sauter,1220.015625,1.496900,2.761900,0.630200
2,Sauter,1230.015625,1.457400,1.454700,0.820900
2,Sauter,1240.000000,1.213800,0.452700,1.268800
2,Sauter,1249.984375,0.792800,-0.390000,1.676000
2,Sauter,1260.000000,0.268000,-1.105700,2.089600
2,Sauter,1270.000000,-0.201500,-1.691400,2.314700
2,Sauter,1279.984375,-0.711400,-1.953100,2.167700
2,Sauter,1289.984375,-0.948700,-1.919200,1.850100
2,Sauter,1300.000000,-0.939600,-1.526200,1.526800
2,Sauter,1309.984375,-0.735600,-0.851600,1.296900
2,Sauter,1319.984375,-0.442900,-0.121000,1.166500
2,Sauter,1330.015625,-0.175200,0.580000,0.937600
2,Sauter,1340.000000,0.058000,1.244200,0.651400
2,Sauter,1350.015625,0.244200,1.678700,0.201000
2,Sauter,1360.015625,0.524600,1.871600,0.000600
2,Sauter,1370.000000,0.541000,1.585500,-0.184000
2,Sauter,1380.000000,0.481500,1.173600,-0.224300
2,Sauter,1390.015625,0.334700,0.586300,-0.230200
2,Sauter,1400.000000,0.105700,0.088500,-0.159700
2,Sauter,1410.000000,-0.173600,-0.379600,-0.020500
2,Sauter,1419.984375,-0.457600,-0.778000,0.030000
2,Sauter,1430.000000,-0.722900,-0.939100,0.079500
2,Sauter,1440.000000,-0.839200,-0.932500,0.168400
2,Sauter,1449.984375,-0.827700,-0.817400,0.183000
2,Sauter,1459.984375,-0.646900,-0.615000,0.224500
2,Sauter,1470.015625,-0.369500,-0.383600,0.235900
2,Sauter,1480.000000,-0.065100,-0.190400,0.181600
2,Sauter,1490.000000,0.216100,0.063200,0.152000
2,Sauter,1500.015625,0.390800,0.288900,0.091100
2,Sauter,1510.000000,0.459600,0.486500,0.058200
2,Sauter,1520.000000,0.419900,0.635400,0.148700
2,Sauter,1530.015625,0.256400,0.626600,0.194300
2,Sauter,1540.000000,0.089400,0.567900,0.210000
2,Sauter,1550.000000,-0.098600,0.449900,0.217800
2,Sauter,1559.984375,-0.326900,0.321700,0.261300
2,Sauter,1570.000000,-0.419700,0.183700,0.352900
2,Sauter,1580.000000,-0.514600,0.025800,0.412000
2,Sauter,1590.000000,-0.564900,-0.064000,0.474500
2,Sauter,1600.000000,-0.545500,-0.096000,0.437200
2,Sauter,1610.000000,-0.521300,-0.049600,0.414500
2,Sauter,1619.984375,-0.408600,0.016000,0.413700
2,Sauter,1629.984375,-0.299100,0.061900,0.485600
2,Sauter,1640.000000,-0.188100,0.107700,0.524300
2,Sauter,1650.000000,-0.089100,0.153900,0.459000
2,Sauter,1660.000000,-0.042300,0.230100,0.353800
2,Sauter,1670.015625,0.009600,0.257100,0.301200
2,Sauter,1680.000000,-0.037100,0.274600,0.186400
2,Sauter,1690.000000,-0.079400,0.322000,0.060700
2,Sauter,1700.015625,-0.160200,0.261300,0.185900
2,Sauter,1710.015625,-0.149400,0.250100,0.139200
2,Sauter,1720.000000,-0.508200,0.248600,0.520300
2,Sauter,1729.984375,-0.984200,0.208300,0.762600
2,Sauter,1740.000000,-1.072500,0.170100,0.259100
2,Sauter,1750.000000,-1.176900,0.231300,0.045600
2,Sauter,1759.984375,-1.026000,0.263300,0.168100
2,Sauter,1770.000000,-0.463700,0.333900,0.155600
2,Sauter,1780.000000,0.055000,0.422800,0.256900
2,Sauter,1789.984375,0.568600,0.470800,0.287500
2,Sauter,1800.000000,0.943200,0.449200,0.080400
2,Sauter,1810.000000,1.190900,0.289500,-0.070200
2,Sauter,1820.000000,1.197700,0.178900,-0.164500
2,Sauter,1830.031250,1.113300,0.127300,-0.102100
2,Sauter,1840.015625,1.055600,0.075700,0.007600
2,Sauter,1850.000000,1.299000,0.043300,0.008800
2,Sauter,1860.000000,0.907600,0.119000,0.481100
2,Sauter,1869.984375,0.541400,0.117100,0.473700
2,Sauter,1880.000000,0.501600,0.057000,0.253600
2,Sauter,1890.000000,0.191700,0.046300,0.384200
2,Sauter,1899.984375,0.169400,0.016200,0.254000
2,Sauter,1910.000000,0.044900,0.074400,0.267000
2,Sauter,1920.000000,-0.044700,0.132800,0.249800
2,Sauter,1929.984375,-0.179600,0.210900,0.210200
2,Sauter,1940.000000,0.028800,0.259500,-0.058800
2,Sauter,1950.015625,-0.301600,0.337600,0.271700
2,Sauter,1960.000000,-0.533500,0.416100,0.163300
2,Sauter,1970.000000,-0.468800,0.406300,-0.104300
2,Sauter,1980.015625,-0.408300,0.337200,0.064300
2,Sauter,1990.000000,-0.300500,0.287200,0.170400
2,Sauter,2000.015625,-0.261700,0.217400,0.292600
2,Sauter,2009.984375,-0.119700,0.118500,0.311100
2,Sauter,2020.000000,0.053400,0.078800,0.394500
2,Sauter,2030.000000,-0.026500,0.088400,0.572800
2,Sauter,2039.984375,-0.187800,0.147100,0.255400
2,Sauter,2050.000000,-0.270600,0.206000,0.366500
2,Sauter,2060.000000,-0.338000,0.265100,0.259500
2,Sauter,2070.000000,-0.474700,0.363800,0.161600
2,Sauter,2080.000000,-0.445500,0.345100,0.050300
2,Sauter,2090.000000,-0.321900,0.287300,0.003600
2,Sauter,2099.984375,-0.142300,0.161400,0.128100
2,Sauter,2110.000000,-0.273300,0.241200,-0.100900
2,Sauter,2120.000000,-0.137200,0.261700,-0.225900
2,Sauter,2129.984375,0.116600,0.203500,-0.118000
2,Sauter,2140.015625,0.265000,0.213300,-0.131000
2,Sauter,2150.015625,0.426100,0.154300,0.031100
2,Sauter,2160.000000,0.519700,0.134300,0.140700
2,Sauter,2170.015625,0.502200,0.084700,0.283400
2,Sauter,2179.984375,0.375700,0.123500,0.287300
2,Sauter,2190.015625,0.271200,0.172700,0.205000
2,Sauter,2200.015625,0.101100,0.201800,0.148200
2,Sauter,2209.984375,-0.053500,0.201400,0.023900
2,Sauter,2220.000000,-0.124700,0.142500,-0.050000
2,Sauter,2230.000000,-0.086600,0.063900,-0.030800
2,Sauter,2239.984375,-0.063400,0.024700,-0.045800
2,Sauter,2250.000000,-0.019200,0.053900,-0.082900
2,Sauter,2260.000000,0.068200,0.112700,-0.050700
2,Sauter,2269.984375,0.141800,0.151900,0.012700
2,Sauter,2280.000000,0.163200,0.161600,0.034900
2,Sauter,2290.000000,0.120900,0.171300,0.007000
2,Sauter,2300.000000,0.038300,0.161200,0.013900
2,Sauter,2310.031250,-0.007600,0.121800,0.036500
2,Sauter,2319.984375,-0.097000,0.082300,-0.019700
2,Sauter,2330.000000,-0.165300,0.140800,-0.133700
2,Sauter,2340.015625,-0.153000,0.277900,-0.149800
2,Sauter,2349.984375,-0.127300,0.385600,-0.140400
2,Sauter,2360.000000,-0.043600,0.404900,-0.102700
2,Sauter,2370.015625,0.049800,0.385200,-0.024800
2,Sauter,2379.984375,0.242600,0.267400,0.035000
2,Sauter,2390.000000,0.329500,0.228200,-0.002800
2,Sauter,2400.000000,0.419000,0.218200,-0.042400
2,Sauter,2409.984375,0.433600,0.257300,-0.056900
2,Sauter,2420.000000,0.409600,0.335500,-0.017300
2,Sauter,2430.015625,0.391600,0.394100,0.021800
2,Sauter,2439.984375,0.304100,0.442900,0.048100
2,Sauter,2450.015625,0.251400,0.472100,0.052800
2,Sauter,2460.000000,0.251300,0.462100,0.062400
2,Sauter,2470.000000,0.220000,0.373700,0.050400
2,Sauter,2480.015625,0.191000,0.295200,0.002300
2,Sauter,2489.984375,0.154200,0.246100,-0.016000
2,Sauter,2500.000000,0.101200,0.157800,0.021300
2,Sauter,2510.015625,0.062600,0.128400,0.077100
2,Sauter,2519.984375,0.018400,0.108800,0.104600
2,Sauter,2530.000000,-0.014000,0.108900,0.159600
2,Sauter,2540.015625,-0.103400,0.138400,0.211100
2,Sauter,2550.000000,-0.239500,0.197400,0.241600
2,Sauter,2560.000000,-0.362400,0.236700,0.186500
2,Sauter,2570.000000,-0.483400,0.256400,0.131100
2,Sauter,2579.984375,-0.526400,0.256600,0.101300
2,Sauter,2590.000000,-0.538300,0.256900,0.071400
2,Sauter,2600.000000,-0.501300,0.247300,0.070400
2,Sauter,2609.984375,-0.442700,0.247500,0.080000
2,Sauter,2620.000000,-0.428900,0.287000,0.064000
2,Sauter,2629.984375,-0.407200,0.326300,0.004000
2,Sauter,2640.000000,-0.391100,0.356000,-0.016900
2,Sauter,2650.015625,-0.361400,0.376100,-0.010300
2,Sauter,2659.984375,-0.415800,0.337400,-0.005000
2,Sauter,2670.015625,-0.410800,0.279300,-0.036800
