1,Sauter,0.000000,-1.189100,-6.918300,7.739900
1,Sauter,10.010742,-0.836100,-3.586500,8.792200
1,Sauter,19.990234,-0.611000,-1.383400,9.384700
1,Sauter,30.000977,-0.499300,0.458300,9.373799
1,Sauter,40.012695,-0.542200,1.741300,9.174500
1,Sauter,49.993164,-0.724100,2.802000,9.133200
1,Sauter,60.002930,-0.888400,3.688200,8.955299
1,Sauter,70.015625,-0.904800,4.486800,8.712500
1,Sauter,79.995117,-0.652000,5.086200,8.534200
1,Sauter,90.006836,-0.567700,5.262900,8.541100
1,Sauter,100.016602,-0.708000,4.947100,8.518800
1,Sauter,110.012695,-0.538400,4.500400,8.551600
1,Sauter,120.007813,-0.175200,4.058100,8.527100
1,Sauter,129.987305,0.304700,3.358200,8.108399
1,Sauter,139.998047,0.786800,3.229700,7.605100
1,Sauter,150.010742,1.200500,3.539400,7.108000
1,Sauter,159.988281,1.592500,4.246800,7.204900
1,Sauter,170.000000,1.914200,4.660000,7.620600
1,Sauter,180.011719,2.273900,5.102800,8.310900
1,Sauter,189.992188,2.963700,5.544100,9.456200
1,Sauter,200.002930,4.120600,5.204300,10.887099
1,Sauter,210.013672,4.787900,2.602200,10.700600
1,Sauter,219.994141,3.351500,-1.833300,7.520000
1,Sauter,230.022461,2.225200,-3.095200,3.024700
1,Sauter,240.015625,-0.086500,-1.716700,0.364200
1,Sauter,249.995117,-0.898200,0.378100,-2.917600
1,Sauter,260.007813,-1.168500,4.115900,-3.402900
1,Sauter,269.987305,0.288200,12.047400,2.020400
1,Sauter,279.998047,2.055300,23.056200,9.331699
1,Sauter,290.008789,2.171200,29.844500,8.193800
1,Sauter,299.989258,3.329400,31.230999,4.636400
1,Sauter,309.999023,3.946200,25.843500,2.669700
1,Sauter,320.010742,3.410200,21.012499,3.188800
1,Sauter,329.990234,1.529700,16.375999,3.352300
1,Sauter,340.001953,-0.077800,12.485399,2.206300
1,Sauter,350.029297,-0.443500,9.265400,0.453900
1,Sauter,359.993164,-0.198500,7.538600,-0.642100
1,Sauter,370.002930,-0.038600,7.303000,-0.877300
1,Sauter,380.013672,-0.719400,7.967000,-0.740600
1,Sauter,389.993164,-0.847400,7.963200,-0.275000
1,Sauter,400.005859,-0.628000,7.959900,0.287100
1,Sauter,410.016602,-0.412300,8.349700,0.462300
1,Sauter,419.995117,-0.162700,8.269700,0.343400
1,Sauter,430.006836,0.118100,7.876800,0.209600
1,Sauter,439.987305,0.355800,7.445200,0.297100
1,Sauter,449.999023,0.557600,6.699700,0.525900
1,Sauter,460.009766,0.686000,5.953800,0.586900
1,Sauter,470.005859,0.516800,4.813900,0.645300
1,Sauter,480.000977,0.343800,3.945900,0.602600
1,Sauter,490.012695,0.206700,2.729100,0.368600
1,Sauter,499.992188,0.392500,1.478000,0.191400
1,Sauter,510.002930,0.478900,0.192700,-0.032000
1,Sauter,520.013672,0.497600,-1.018400,-0.333000
1,Sauter,529.993164,0.492900,-2.160700,-0.384900
1,Sauter,540.003906,0.247400,-2.909700,-0.463900
1,Sauter,550.015625,0.031100,-3.344500,-0.630000
1,Sauter,559.995117,-0.187200,-3.741700,-0.704400
1,Sauter,570.007813,-0.088500,-3.903600,-0.633000
1,Sauter,579.987305,-0.067100,-4.140900,-0.389000
1,Sauter,590.014648,-0.162000,-4.139900,-0.475600
1,Sauter,600.009766,-0.338200,-4.138600,-0.415200
1,Sauter,609.988281,-0.386100,-4.295100,-0.466300
1,Sauter,620.000000,-0.427800,-4.373400,-0.638800
1,Sauter,630.010742,-0.571000,-4.567900,-0.801400
1,Sauter,639.990234,-0.604500,-4.526400,-0.788700
1,Sauter,650.000977,-0.671100,-4.406500,-0.825600
1,Sauter,660.011719,-0.769700,-4.365200,-0.732300
1,Sauter,669.994141,-0.668400,-4.206200,-0.563200
1,Sauter,680.004883,-0.709200,-3.891100,-0.624200
1,Sauter,690.014648,-0.622000,-3.537100,-0.446300
1,Sauter,699.995117,-0.412300,-3.261200,-0.222300
1,Sauter,710.022461,-0.163700,-2.867100,-0.074200
1,Sauter,720.017578,-0.042700,-2.471400,0.039200
1,Sauter,729.996094,0.100000,-2.192100,0.303000
1,Sauter,740.007813,0.267000,-1.911500,0.362700
1,Sauter,749.987305,0.181800,-1.553800,0.345300
1,Sauter,759.998047,0.264100,-1.040100,0.361000
1,Sauter,770.008789,0.389300,-0.449500,0.356800
1,Sauter,779.991211,0.439800,-0.174200,0.375300
1,Sauter,790.001953,0.404200,0.020900,0.525200
1,Sauter,800.011719,0.321800,-0.020600,0.688000
1,Sauter,809.992188,0.304600,0.055700,0.721400
1,Sauter,820.002930,0.216600,0.013800,0.752000
1,Sauter,830.029297,0.171200,-0.027300,0.676800
1,Sauter,839.993164,0.049200,-0.147200,0.597300
1,Sauter,850.005859,-0.038000,-0.305500,0.561200
1,Sauter,860.016602,-0.011000,-0.424200,0.487100
1,Sauter,869.995117,-0.136000,-0.386200,0.333700
1,Sauter,880.007813,-0.148700,-0.544200,0.366400
1,Sauter,889.987305,-0.087000,-0.740700,0.248000
1,Sauter,899.999023,-0.143200,-0.819100,0.094100
1,Sauter,910.008789,-0.237200,-0.583400,-0.051700
1,Sauter,919.989258,-0.359800,-0.544500,-0.073300
1,Sauter,930.000000,-0.217400,-0.504800,-0.061700
1,Sauter,940.010742,-0.266600,-0.425800,-0.270500
1,Sauter,950.007813,-0.268900,-0.386500,-0.350800
1,Sauter,960.000977,-0.224100,-0.151600,-0.273900
1,Sauter,970.013672,-0.177000,0.004400,-0.198400
1,Sauter,979.993164,-0.164200,-0.074900,-0.230200
1,Sauter,990.003906,-0.069900,-0.272200,-0.222400
1,Sauter,1000.015625,-0.095800,-0.116500,-0.067200
1,Sauter,1009.995117,-0.043100,0.038900,0.080300
1,Sauter,1020.005859,-0.101300,0.311200,0.257800
1,Sauter,1030.016602,-0.080200,0.387300,0.427600
1,Sauter,1039.997070,-0.099700,0.189100,0.445800
1,Sauter,1050.007813,-0.196100,0.109100,0.094300
1,Sauter,1059.987305,0.013600,0.304700,-0.352500
1,Sauter,1070.015625,0.324700,0.148500,-0.174900
1,Sauter,1080.010742,0.169100,-0.165100,0.183000
1,Sauter,1089.990234,0.090300,-0.282800,0.261600
1,Sauter,1100.000977,0.124500,-0.400000,0.186400
1,Sauter,1110.012695,0.158800,-0.477800,-0.037600
1,Sauter,1119.991211,0.073900,-0.437700,-0.181600
1,Sauter,1130.002930,-0.008000,-0.672200,-0.203100
1,Sauter,1140.013672,-0.082300,-0.436800,-0.151400
1,Sauter,1149.994141,-0.229600,-0.319500,-0.219300
1,Sauter,1160.004883,-0.336400,-0.163200,-0.251200
1,Sauter,1170.017578,-0.405700,-0.163600,-0.206100
1,Sauter,1179.997070,-0.239900,-0.203300,-0.160900
1,Sauter,1190.023438,-0.157500,-0.164400,-0.200500
1,Sauter,1199.987305,-0.229100,-0.204100,-0.279200
1,Sauter,1209.998047,-0.221600,-0.322300,-0.200500
1,Sauter,1220.008789,-0.062800,-0.478600,-0.610700
1,Sauter,1229.988281,0.240000,-0.556000,-0.252100
1,Sauter,1239.999023,0.083300,-0.204300,0.730900
1,Sauter,1250.010742,0.081500,-0.165900,0.625300
1,Sauter,1259.991211,0.080900,-0.166300,0.454300
1,Sauter,1270.001953,0.114100,-0.126800,0.410800
1,Sauter,1280.014648,0.107800,-0.126100,0.339400
1,Sauter,1289.993164,0.063100,-0.046700,0.159600
1,Sauter,1300.004883,-0.022000,-0.007000,0.198900
1,Sauter,1310.030273,-0.209500,-0.008200,0.142400
1,Sauter,1319.995117,-0.225200,-0.010100,0.056200
1,Sauter,1330.005859,-0.094500,-0.089200,0.024900
1,Sauter,1340.016602,-0.084600,-0.207300,0.073700
1,Sauter,1349.996094,-0.072800,-0.207800,0.004700
1,Sauter,1360.007813,0.128700,-0.247200,-0.108400
1,Sauter,1369.989258,0.092900,-0.364800,-0.373400
1,Sauter,1380.000000,0.056100,-0.364800,-0.328200
1,Sauter,1390.010742,0.092400,-0.364300,-0.320300
1,Sauter,1399.990234,0.045000,-0.402800,-0.315400
1,Sauter,1410.001953,0.031300,-0.480300,-0.236500
1,Sauter,1420.012695,0.052100,-0.478800,-0.347400
1,Sauter,1430.007813,-0.035000,-0.438500,-0.414200
1,Sauter,1440.002930,-0.228200,-0.281700,-0.216300
1,Sauter,1450.013672,-0.303300,-0.125900,0.233300
1,Sauter,1459.993164,-0.374700,-0.087900,0.328200
1,Sauter,1470.003906,-0.210300,-0.050400,0.174600
1,Sauter,1480.015625,-0.039200,-0.051800,0.040300
1,Sauter,1489.995117,0.005600,0.105200,0.140800
1,Sauter,1500.006836,0.124300,0.184100,0.272400
1,Sauter,1509.987305,0.012400,0.183700,0.468100
1,Sauter,1519.998047,-0.131100,0.104100,0.579100
1,Sauter,1530.009766,-0.004900,0.103400,0.494000
1,Sauter,1539.988281,0.001300,-0.054100,0.366800
1,Sauter,1550.017578,-0.033000,-0.014900,-0.055000
1,Sauter,1560.010742,-0.149200,-0.054000,-0.084600
1,Sauter,1569.990234,-0.036500,-0.092800,0.034600
1,Sauter,1580.002930,-0.074200,-0.132400,0.222900
1,Sauter,1590.013672,-0.072300,-0.093500,0.254000
1,Sauter,1599.994141,-0.184000,-0.329600,0.243000
1,Sauter,1610.003906,0.017800,-0.487400,0.340200
1,Sauter,1620.014648,-0.015200,-0.449300,0.233100
1,Sauter,1629.995117,-0.048100,-0.371800,0.206000
1,Sauter,1640.006836,-0.153100,-0.373100,0.103600
1,Sauter,1650.017578,-0.179600,-0.413500,0.079700
1,Sauter,1659.997070,-0.204200,-0.336200,0.096500
1,Sauter,1670.025391,-0.150100,-0.258900,-0.043600
1,Sauter,1679.988281,-0.063000,-0.142000,0.005900
1,Sauter,1690.000000,-0.024900,-0.063600,0.022800
1,Sauter,1700.010742,-0.067200,-0.102700,-0.055600
1,Sauter,1709.991211,-0.035700,-0.023800,-0.050800
1,Sauter,1720.000977,-0.037300,-0.062900,-0.126100
1,Sauter,1730.012695,-0.032200,0.093600,-0.127700
1,Sauter,1739.991211,0.011700,0.093400,-0.126100
1,Sauter,1750.002930,0.020900,0.053700,-0.232600
1,Sauter,1760.014648,0.063200,0.092900,-0.100600
1,Sauter,1769.995117,0.022400,0.093200,-0.006200
1,Sauter,1780.004883,-0.049700,0.053700,0.119300
1,Sauter,1790.032227,-0.118400,0.053300,-0.028000
1,Sauter,1799.997070,-0.110300,0.052800,-0.073600
1,Sauter,1810.008789,0.080900,-0.103900,0.068900
1,Sauter,1819.987305,0.155900,-0.221400,-0.091000
1,Sauter,1829.999023,0.226000,-0.338600,-0.048500
1,Sauter,1840.008789,0.179800,-0.416600,-0.081300
1,Sauter,1849.989258,0.130800,-0.416000,-0.225400
1,Sauter,1859.999023,0.091700,-0.454900,-0.207900
1,Sauter,1870.010742,0.052700,-0.376300,-0.231200
1,Sauter,1879.993164,0.126900,-0.140500,-0.064900
1,Sauter,1890.002930,0.080400,-0.061600,0.016400
1,Sauter,1900.012695,0.072000,0.056500,0.056900
1,Sauter,1910.008789,0.061700,0.017900,0.022100
1,Sauter,1920.004883,0.165900,0.018700,0.097200
1,Sauter,1930.016602,0.192900,0.019400,0.097100
1,Sauter,1939.995117,0.144200,-0.058400,0.098700
1,Sauter,1950.006836,0.095200,-0.214700,0.134800
1,Sauter,1960.016602,0.011200,-0.332100,0.131800
1,Sauter,1969.997070,-0.032100,-0.449700,0.238700
1,Sauter,1980.008789,-0.187100,-0.410700,0.152600
1,Sauter,1989.989258,-0.220900,-0.254300,0.220200
1,Sauter,1999.999023,-0.102400,-0.215300,0.091500
1,Sauter,2010.010742,-0.024400,-0.097700,0.122800
1,Sauter,2019.991211,-0.064000,-0.058500,0.118100
1,Sauter,2030.016602,0.007400,-0.136500,0.043000
1,Sauter,2040.012695,0.072400,-0.214100,0.002300
1,Sauter,2049.991211,0.096400,-0.291600,-0.038300
1,Sauter,2060.004883,0.052000,-0.212800,0.079300
1,Sauter,2070.016602,0.087900,-0.291000,0.035300
1,Sauter,2079.993164,0.050700,-0.173500,-0.043100
1,Sauter,2090.006836,0.051100,-0.252000,-0.007100
1,Sauter,2100.016602,-0.025300,-0.252200,-0.092100
1,Sauter,2109.997070,-0.099900,-0.213300,-0.136200
1,Sauter,2120.006836,-0.097600,-0.095800,-0.142700
1,Sauter,2129.987305,-0.055100,-0.096100,-0.105100
1,Sauter,2139.999023,0.021500,-0.135200,0.084600
1,Sauter,2150.026367,0.057100,-0.095800,0.004600
1,Sauter,2159.989258,0.091200,-0.095500,0.039100
1,Sauter,2170.000977,0.128600,-0.095400,0.000000
1,Sauter,2180.012695,0.090300,-0.213100,0.000000
1,Sauter,2189.991211,-0.060600,-0.213500,0.037600
1,Sauter,2200.002930,0.019600,-0.135100,-0.037500
1,Sauter,2210.014648,-0.018800,-0.056700,-0.147300
1,Sauter,2219.993164,0.093400,-0.095500,0.015800
1,Sauter,2230.004883,-0.031400,-0.134200,0.018800
1,Sauter,2240.014648,-0.003100,-0.172600,-0.012300
1,Sauter,2249.995117,-0.009700,-0.329100,0.103700
1,Sauter,2260.004883,0.024200,-0.250300,0.216600
1,Sauter,2270.002930,0.017500,-0.171400,0.211900
1,Sauter,2279.997070,0.051900,-0.131900,0.203900
1,Sauter,2290.008789,0.088300,-0.092600,0.119000
1,Sauter,2299.989258,0.049500,-0.131900,0.111000
1,Sauter,2309.999023,-0.027600,-0.328100,0.032600
1,Sauter,2320.010742,-0.099900,-0.367800,0.068600
1,Sauter,2329.989258,-0.095600,-0.328900,0.062300
1,Sauter,2340.000977,-0.053100,-0.211500,0.170400
1,Sauter,2350.012695,-0.052500,-0.054700,0.007000
1,Sauter,2359.993164,-0.017600,-0.054400,-0.038500
1,Sauter,2370.002930,0.053100,0.024400,0.067900
1,Sauter,2380.014648,0.084800,0.025000,0.020700
1,Sauter,2390.010742,0.042700,-0.014000,-0.016900
1,Sauter,2400.006836,-0.071700,-0.092600,0.019100
1,Sauter,2410.016602,-0.217800,-0.211100,0.092700
1,Sauter,2419.997070,-0.280900,-0.251400,0.048700
1,Sauter,2430.006836,-0.341900,-0.213400,0.119200
1,Sauter,2439.987305,-0.142400,-0.174400,0.000000
1,Sauter,2449.999023,-0.060900,-0.174600,-0.042400
1,Sauter,2460.008789,-0.097100,-0.096300,-0.125600
1,Sauter,2469.989258,0.023500,-0.175000,-0.086400
1,Sauter,2479.999023,0.021300,-0.370900,-0.086400
1,Sauter,2490.012695,0.020600,-0.410100,-0.125600
1,Sauter,2499.993164,0.095600,-0.449100,-0.233700
1,Sauter,2510.018555,0.131200,-0.409600,-0.219300
1,Sauter,2520.014648,0.090100,-0.291800,-0.204900
1,Sauter,2529.993164,0.014500,-0.252700,-0.077600
1,Sauter,2540.004883,-0.018500,-0.174700,0.041600
1,Sauter,2550.014648,0.023700,-0.174900,0.118500
1,Sauter,2559.995117,-0.088700,-0.214500,0.226500
1,Sauter,2570.004883,-0.011400,-0.175200,0.068000
1,Sauter,2579.987305,-0.050400,-0.253700,0.179300
1,Sauter,2589.995117,-0.162100,-0.371800,0.290600
1,Sauter,2600.008789,-0.118700,-0.293600,0.353000
1,Sauter,2609.989258,-0.075000,-0.176200,0.410600
1,Sauter,2619.999023,-0.029600,-0.058900,0.281700
1,Sauter,2630.026367,-0.059200,0.019000,0.306400
1,Sauter,2639.989258,-0.050700,0.175400,0.365700
