1,Sauter,0.000000,-0.161200,-0.349000,0.047400
1,Sauter,10.000000,-0.155300,-0.193000,0.038100
1,Sauter,20.007813,-0.112200,-0.272200,0.027300
1,Sauter,29.984375,-0.109500,-0.194100,0.022700
1,Sauter,39.992188,-0.067800,-0.194400,0.060700
1,Sauter,50.007813,0.044900,-0.193900,0.100000
1,Sauter,59.984375,0.043400,-0.115400,-0.017700
1,Sauter,69.992188,0.081500,-0.076200,0.018100
1,Sauter,79.984375,0.040800,-0.115300,-0.022700
1,Sauter,89.992188,0.042600,-0.115300,-0.096500
1,Sauter,100.000000,0.082700,-0.075900,-0.128100
1,Sauter,109.976563,0.082500,-0.075700,-0.125600
1,Sauter,120.007813,0.156800,-0.075200,-0.160300
1,Sauter,130.000000,0.188400,-0.035300,-0.158900
1,Sauter,139.976563,0.143000,0.004400,-0.000500
1,Sauter,149.992188,0.055300,0.044200,-0.044600
1,Sauter,160.000000,-0.064100,-0.034200,-0.129300
1,Sauter,169.984375,-0.179600,-0.270000,-0.135300
1,Sauter,180.000000,-0.139900,-0.309200,-0.093900
1,Sauter,190.007813,-0.101900,-0.465600,-0.203100
1,Sauter,199.984375,-0.024300,-0.543400,-0.266700
1,Sauter,209.992188,-0.021900,-0.542600,-0.320800
1,Sauter,219.976563,0.017600,-0.658800,-0.405800
1,Sauter,229.984375,0.055700,-0.578300,-0.561200
1,Sauter,240.007813,0.089500,-0.575400,-0.751200
1,Sauter,249.984375,0.190200,-0.688900,-0.862500
1,Sauter,259.992188,0.284400,-0.997000,-1.041200
1,Sauter,270.000000,0.111200,-1.266000,-1.021400
1,Sauter,279.976563,-0.057200,-1.613100,-1.035600
1,Sauter,289.992188,-0.219500,-2.077600,-1.005000
1,Sauter,300.000000,-0.259800,-2.658300,-1.118000
1,Sauter,309.976563,-0.375800,-3.159700,-1.148400
1,Sauter,319.992188,-0.488200,-3.895200,-1.053400
1,Sauter,330.007813,-0.562300,-4.629200,-0.915700
1,Sauter,339.984375,-0.673500,-5.403300,-0.437400
1,Sauter,350.000000,-0.742900,-6.061000,0.067200
1,Sauter,360.023438,-0.698400,-6.561600,0.409800
1,Sauter,369.984375,-0.616300,-6.946600,0.931100
1,Sauter,380.000000,-0.723600,-7.215400,1.248600
1,Sauter,389.976563,-0.715200,-7.363100,1.193200
1,Sauter,399.984375,-0.820700,-7.192700,0.886800
1,Sauter,409.992188,-0.812700,-7.017500,0.639900
1,Sauter,419.984375,-0.882300,-6.760600,0.638800
1,Sauter,429.992188,-0.942100,-6.464700,0.947400
1,Sauter,440.000000,-0.954500,-6.250600,1.277400
1,Sauter,449.976563,-0.917700,-5.841600,1.404100
1,Sauter,459.992188,-0.802500,-5.315700,1.484800
1,Sauter,470.000000,-0.646800,-4.520000,1.620700
1,Sauter,479.992188,-0.418500,-3.689500,1.618200
1,Sauter,489.992188,0.022700,-2.433900,1.543900
1,Sauter,500.000000,0.301400,-1.338800,1.296500
1,Sauter,509.984375,0.610400,-0.369900,1.207800
1,Sauter,520.000000,0.816200,0.357300,1.320000
1,Sauter,529.976563,0.817800,1.194300,1.467500
1,Sauter,539.984375,1.033600,2.265800,1.319000
1,Sauter,550.000000,1.132400,3.567500,1.324100
1,Sauter,559.976563,1.156500,5.066100,1.192000
1,Sauter,569.984375,0.856900,6.724100,0.944700
1,Sauter,580.000000,0.472300,8.110600,0.749600
1,Sauter,589.984375,0.073700,9.268499,0.330600
1,Sauter,600.007813,0.182700,10.827800,-0.603800
1,Sauter,610.000000,0.528800,15.333899,-1.647600
1,Sauter,619.984375,0.528800,17.525600,-1.431800
1,Sauter,629.992188,0.713500,19.247499,-1.179600
1,Sauter,640.000000,1.042700,20.186300,-1.470700
1,Sauter,649.984375,1.242500,20.341000,-1.572100
1,Sauter,660.000000,1.435500,20.102600,-1.180500
1,Sauter,670.007813,1.504400,18.883299,-0.565000
1,Sauter,679.984375,1.606100,17.507399,0.239800
1,Sauter,690.000000,1.855900,15.740000,1.039800
1,Sauter,699.976563,2.253400,14.797199,1.714500
1,Sauter,709.984375,2.491300,14.365000,2.112000
1,Sauter,720.015625,2.342900,14.207600,2.431600
1,Sauter,729.984375,1.854200,13.696600,2.633700
1,Sauter,739.984375,1.225800,12.831699,2.604100
1,Sauter,750.007813,0.764100,11.652599,2.535800
1,Sauter,759.984375,0.851700,10.317200,1.892600
1,Sauter,769.992188,0.821700,8.276199,0.957500
1,Sauter,780.000000,0.711700,6.431700,0.352500
1,Sauter,789.984375,0.295300,4.469100,-0.472900
1,Sauter,799.992188,-0.308600,2.427400,-1.241600
1,Sauter,810.000000,-1.059200,0.542100,-2.032900
1,Sauter,819.976563,-2.151800,-1.265100,-2.346500
1,Sauter,830.000000,-2.925400,-3.033300,-2.035000
1,Sauter,839.992188,-3.309800,-6.134600,-2.038200
1,Sauter,849.984375,-2.803700,-10.490200,-2.321300
1,Sauter,860.000000,-2.154900,-15.001800,-2.764300
1,Sauter,869.976563,-1.486200,-17.941399,-4.142500
1,Sauter,879.984375,-0.757900,-19.659300,-6.303400
1,Sauter,890.000000,-0.580900,-19.840799,-7.152900
1,Sauter,899.984375,-0.328800,-17.858500,-6.024800
1,Sauter,909.992188,0.339800,-14.419800,-3.732000
1,Sauter,920.007813,1.102900,-10.348200,-1.879900
1,Sauter,929.984375,1.690100,-6.193300,-0.273100
1,Sauter,939.992188,1.697000,-3.919700,1.280900
1,Sauter,950.000000,1.416000,-3.370100,2.602100
1,Sauter,960.000000,0.703800,-4.579500,3.637300
1,Sauter,969.992188,-0.350500,-6.205800,4.534400
1,Sauter,980.000000,-1.206500,-7.602000,5.100200
1,Sauter,989.992188,-1.896200,-8.497900,5.276800
1,Sauter,1000.000000,-2.240800,-9.326000,5.436100
1,Sauter,1009.976563,-1.985800,-9.969999,5.639800
1,Sauter,1019.984375,-1.039100,-9.692300,6.634600
1,Sauter,1030.000000,0.154300,-7.992800,7.992600
1,Sauter,1039.976563,0.985000,-4.711700,8.951799
1,Sauter,1049.984375,1.460900,-0.898100,9.120299
1,Sauter,1060.000000,1.519500,2.387600,8.547299
1,Sauter,1069.984375,1.180000,4.594800,7.777600
1,Sauter,1080.007813,0.533300,6.048600,7.114300
1,Sauter,1090.007813,-0.199300,6.956700,6.424800
1,Sauter,1099.984375,-0.839800,7.246400,5.926500
1,Sauter,1109.992188,-1.359200,6.915200,5.967500
1,Sauter,1120.007813,-1.969600,6.071400,6.668600
1,Sauter,1129.984375,-2.825200,4.315900,7.655800
1,Sauter,1139.992188,-4.325200,0.300900,8.212600
1,Sauter,1149.976563,-4.962200,-5.628100,5.371000
1,Sauter,1159.992188,-3.908200,-8.297200,1.984600
1,Sauter,1170.000000,-2.983400,-9.242100,0.557400
1,Sauter,1179.976563,-2.330400,-9.245399,1.035900
1,Sauter,1189.992188,-1.117700,-6.691800,5.399600
1,Sauter,1200.015625,1.656200,3.142400,7.560700
1,Sauter,1209.976563,2.055200,5.605700,5.864000
1,Sauter,1219.984375,1.678000,5.626800,5.369600
1,Sauter,1230.000000,0.999000,5.067200,5.148300
1,Sauter,1239.984375,-0.197800,5.044600,5.561700
1,Sauter,1249.992188,-1.178600,5.459700,6.838300
1,Sauter,1260.007813,-2.207100,5.485700,7.742800
1,Sauter,1269.984375,-2.942200,5.135900,8.181900
1,Sauter,1279.992188,-3.212300,4.568800,6.926700
1,Sauter,1290.007813,-2.952000,4.214200,5.738500
1,Sauter,1299.984375,-1.952600,5.630300,3.675700
1,Sauter,1309.992188,-0.866400,8.491700,2.103800
1,Sauter,1319.992188,0.385400,11.498199,1.169000
1,Sauter,1329.992188,1.470200,13.932300,1.222600
1,Sauter,1340.000000,2.489400,16.348299,1.763600
1,Sauter,1349.976563,2.961800,17.266100,1.994700
1,Sauter,1359.992188,3.109600,17.518900,1.651000
1,Sauter,1370.000000,2.935900,16.461899,0.642000
1,Sauter,1379.976563,2.783700,15.204800,-0.215300
1,Sauter,1389.992188,2.231500,13.958799,0.029600
1,Sauter,1400.007813,1.474000,12.284100,0.407400
1,Sauter,1409.984375,0.593200,11.471600,0.473200
1,Sauter,1419.992188,0.086800,11.957000,-0.266000
1,Sauter,1430.007813,-0.289100,13.233600,-1.557800
1,Sauter,1440.000000,-0.658100,14.471800,-1.631500
1,Sauter,1449.992188,-0.408800,14.808700,-0.963800
1,Sauter,1459.976563,-0.088700,14.401700,-0.806200
1,Sauter,1469.992188,0.494700,13.603600,-0.729600
1,Sauter,1480.000000,0.680600,12.649300,-0.734400
1,Sauter,1489.976563,0.693100,11.619699,-0.766600
1,Sauter,1499.992188,0.348600,10.750400,-0.579700
1,Sauter,1510.000000,-0.156200,9.922000,-0.303800
1,Sauter,1519.976563,-0.627100,8.898200,-0.024700
1,Sauter,1529.992188,-0.990000,7.834200,0.082200
1,Sauter,1540.000000,-1.009800,7.280900,0.109800
1,Sauter,1549.984375,-0.870400,6.765800,0.281900
1,Sauter,1560.015625,-0.569200,6.524800,0.680800
1,Sauter,1570.007813,-0.140800,6.009100,1.000900
1,Sauter,1579.984375,0.489900,5.298600,1.101900
1,Sauter,1589.992188,1.203800,4.119300,1.034000
1,Sauter,1600.007813,1.721700,2.941400,0.945500
1,Sauter,1609.984375,1.887600,1.724800,0.631700
1,Sauter,1619.992188,2.011000,0.782400,0.425200
1,Sauter,1629.968750,1.977200,-0.160700,0.207900
1,Sauter,1639.992188,1.780400,-1.220500,0.078300
1,Sauter,1650.000000,1.495400,-2.200600,-0.039000
1,Sauter,1659.976563,1.041900,-3.022700,-0.110800
1,Sauter,1669.992188,0.620300,-3.884200,-0.193200
1,Sauter,1680.015625,0.306900,-4.550600,-0.224700
1,Sauter,1689.976563,-0.132400,-5.255500,-0.141700
1,Sauter,1699.992188,-0.371800,-5.841500,-0.310500
1,Sauter,1710.000000,-0.298100,-6.230300,-0.583300
1,Sauter,1719.984375,-0.481400,-6.580800,-0.615100
1,Sauter,1730.000000,-0.618000,-6.814600,-0.339900
1,Sauter,1740.007813,-0.712600,-6.970500,-0.150600
1,Sauter,1749.984375,-0.704200,-7.007300,-0.038000
1,Sauter,1759.992188,-0.720100,-7.080600,0.042400
1,Sauter,1769.976563,-0.762200,-7.032400,-0.056500
1,Sauter,1779.984375,-0.791800,-6.979100,-0.292500
1,Sauter,1789.992188,-0.800000,-6.843000,-0.320800
1,Sauter,1800.000000,-0.857200,-6.624200,-0.178900
1,Sauter,1809.992188,-0.993400,-6.596900,0.105700
1,Sauter,1820.000000,-1.267700,-6.645900,0.378700
1,Sauter,1829.976563,-1.391700,-6.656800,0.667900
1,Sauter,1839.992188,-1.599800,-6.127500,0.734700
1,Sauter,1850.000000,-1.865100,-4.715400,1.125100
1,Sauter,1859.976563,-1.580300,-3.742500,1.060500
1,Sauter,1869.992188,-1.004400,-2.221800,0.789400
1,Sauter,1880.007813,-0.505200,-0.701600,0.537500
1,Sauter,1889.984375,0.152000,0.701900,0.447000
1,Sauter,1900.000000,0.684100,1.756900,0.110800
1,Sauter,1910.007813,1.013900,3.010500,-0.124100
1,Sauter,1920.000000,1.265500,3.639000,-0.329900
1,Sauter,1930.000000,1.341400,3.794500,-0.092300
1,Sauter,1939.976563,1.098600,3.518200,0.098100
1,Sauter,1949.992188,0.564400,2.725600,0.419200
1,Sauter,1960.000000,0.322300,1.614500,0.677900
1,Sauter,1969.984375,-0.178900,0.540600,0.928300
1,Sauter,1979.992188,-0.554000,-0.610500,1.188100
1,Sauter,1990.000000,-0.844000,-1.564800,1.413000
1,Sauter,1999.984375,-0.972300,-2.283900,1.673300
1,Sauter,2009.992188,-0.944100,-2.570800,1.850400
1,Sauter,2020.000000,-0.877600,-2.503900,1.788400
1,Sauter,2029.976563,-0.696800,-2.161600,1.714400
1,Sauter,2040.015625,-0.405000,-1.699500,1.564100
1,Sauter,2050.007813,-0.233000,-1.039100,1.311300
1,Sauter,2059.984375,-0.103900,-0.533900,1.340600
1,Sauter,2070.000000,-0.097400,-0.066300,1.225600
1,Sauter,2079.976563,-0.091500,0.245300,0.972700
1,Sauter,2089.984375,0.018400,0.598100,0.652800
1,Sauter,2100.000000,-0.044900,0.874800,0.320500
1,Sauter,2109.976563,0.047400,0.916600,-0.192600
1,Sauter,2119.984375,0.033400,0.918000,-0.547800
1,Sauter,2130.007813,0.063900,0.722700,-0.711700
1,Sauter,2139.984375,0.069500,0.447600,-1.099400
1,Sauter,2149.992188,-0.024900,0.288300,-1.333900
1,Sauter,2160.015625,-0.070400,0.088600,-1.265900
1,Sauter,2169.984375,-0.141800,-0.073100,-0.982700
1,Sauter,2179.992188,-0.128400,-0.313600,-0.852400
1,Sauter,2190.000000,-0.118900,-0.396500,-0.644700
1,Sauter,2199.984375,-0.162900,-0.556400,-0.356200
1,Sauter,2210.000000,-0.059000,-0.715300,-0.142000
1,Sauter,2220.007813,0.023700,-0.754900,-0.073400
1,Sauter,2229.984375,0.052900,-0.754100,0.006600
1,Sauter,2240.000000,0.108200,-0.713000,0.059000
1,Sauter,2249.976563,0.043900,-0.593200,-0.063500
1,Sauter,2259.984375,0.058200,-0.512200,-0.093600
1,Sauter,2270.000000,0.149100,-0.195300,-0.195300
1,Sauter,2279.992188,0.128200,-0.113600,-0.440300
1,Sauter,2289.992188,0.117700,0.085200,-0.449300
1,Sauter,2300.007813,0.111100,0.087900,-0.348500
1,Sauter,2309.984375,0.070000,0.130100,-0.319800
1,Sauter,2319.992188,0.103800,0.094600,-0.290400
1,Sauter,2330.000000,-0.015900,0.019400,-0.153600
1,Sauter,2339.984375,-0.090000,0.021700,-0.029900
1,Sauter,2349.992188,-0.088700,-0.054800,0.079100
1,Sauter,2360.000000,-0.083500,-0.211600,0.127600
1,Sauter,2369.992188,-0.041400,-0.408300,0.123200
1,Sauter,2380.000000,-0.111300,-0.370300,-0.001000
1,Sauter,2389.976563,-0.102000,-0.450900,-0.099400
1,Sauter,2400.007813,-0.209700,-0.414500,-0.092100
1,Sauter,2410.000000,-0.239100,-0.260200,-0.121800
1,Sauter,2419.976563,-0.233200,-0.183000,-0.214500
1,Sauter,2429.984375,-0.152600,-0.144600,-0.147700
1,Sauter,2440.000000,-0.152100,-0.223300,-0.112000
1,Sauter,2449.984375,-0.191600,-0.184100,0.122500
1,Sauter,2459.992188,-0.077300,-0.732500,0.169800
1,Sauter,2470.007813,-0.151000,-0.339700,-0.007800
1,Sauter,2479.984375,-0.182400,-0.339200,0.051400
1,Sauter,2489.992188,-0.020100,-0.103100,0.072400
1,Sauter,2500.000000,0.209600,0.094300,0.086700
1,Sauter,2509.984375,0.243100,0.095500,0.097900
1,Sauter,2520.007813,0.240900,0.096100,0.065900
1,Sauter,2530.000000,0.163000,0.056300,0.136000
1,Sauter,2539.992188,0.125000,0.016100,0.200400
1,Sauter,2550.000000,0.163300,-0.141500,0.263500
1,Sauter,2559.976563,0.160800,-0.103000,0.209000
1,Sauter,2569.984375,0.197200,-0.260000,-0.033500
1,Sauter,2580.000000,0.302200,-0.415800,-0.150200
1,Sauter,2589.976563,0.286500,-0.374700,-0.221400
1,Sauter,2599.984375,0.233600,-0.333200,-0.361800
1,Sauter,2610.000000,0.257900,-0.370200,-0.268600
1,Sauter,2619.984375,0.133000,-0.251400,-0.104100
1,Sauter,2629.992188,0.047100,-0.211900,0.124300
1,Sauter,2640.023438,0.040300,-0.133500,0.151500
1,Sauter,2649.984375,0.028700,-0.132900,0.103600
1,Sauter,2659.992188,-0.023000,-0.210600,0.095500
1,Sauter,2670.007813,-0.111000,-0.170900,0.046600
1,Sauter,2679.984375,-0.155400,-0.209900,0.002800
1,Sauter,2690.000000,-0.159900,-0.170200,-0.075700
1,Sauter,2699.976563,-0.203600,-0.090900,-0.028700
1,Sauter,2709.992188,-0.050000,-0.011600,-0.020900
