1,Sauter,0.000000,1.118800,-6.911600,4.858700
1,Sauter,10.011719,0.504900,-7.646200,5.982400
1,Sauter,19.988281,-0.403400,-8.143700,7.142700
1,Sauter,30.000000,-1.019100,-8.130100,8.191600
1,Sauter,40.011719,-1.590400,-6.965500,9.256599
1,Sauter,49.992188,-1.662800,-4.955900,9.941199
1,Sauter,60.003906,-1.269600,-2.233600,10.084499
1,Sauter,70.015625,-0.674900,0.136000,9.591900
1,Sauter,79.996094,-0.105000,2.090100,9.061200
1,Sauter,90.023438,0.277200,3.478600,8.529600
1,Sauter,100.019531,0.512200,4.530400,8.131300
1,Sauter,110.000000,0.160000,5.722500,7.786800
1,Sauter,120.011719,-0.140800,6.359700,7.311800
1,Sauter,130.019531,-0.717200,6.759600,7.083300
1,Sauter,140.000000,-1.150600,6.793500,7.185800
1,Sauter,150.007813,-1.556600,6.520800,7.544500
1,Sauter,160.019531,-1.536600,6.117500,7.983300
1,Sauter,170.003906,-1.546600,5.158700,8.722800
1,Sauter,180.011719,-2.071500,3.395800,9.345099
1,Sauter,189.996094,-2.833600,1.881800,9.283400
1,Sauter,200.000000,-3.118100,2.279700,8.287300
1,Sauter,210.031250,-2.333800,4.638400,6.218700
1,Sauter,219.992188,-0.953800,6.632000,3.506000
1,Sauter,230.003906,0.377200,7.168300,1.653600
1,Sauter,240.015625,1.459500,7.336800,1.056800
1,Sauter,249.996094,2.363800,7.420500,1.072600
1,Sauter,260.007813,3.054700,7.656400,1.499200
1,Sauter,270.019531,3.561700,8.309999,2.365700
1,Sauter,280.000000,3.972300,8.993800,4.045600
1,Sauter,290.011719,4.541000,9.222799,6.441500
1,Sauter,300.019531,4.704200,8.059899,7.649700
1,Sauter,310.000000,3.588700,4.722700,6.177100
1,Sauter,320.011719,1.789200,2.256000,2.244600
1,Sauter,330.007813,1.128100,1.977100,-2.222900
1,Sauter,340.003906,0.811400,3.792500,-2.958300
1,Sauter,350.011719,0.974800,7.605900,-2.102100
1,Sauter,359.996094,2.259800,14.115900,-0.379800
1,Sauter,370.003906,3.258300,22.550900,0.562100
1,Sauter,380.015625,3.807900,27.832499,-0.926600
1,Sauter,389.992188,3.247100,28.476299,-3.787300
1,Sauter,400.007813,2.986200,25.895199,-6.635300
1,Sauter,410.019531,2.983500,22.470999,-8.098300
1,Sauter,419.996094,3.545600,19.705700,-7.898800
1,Sauter,430.007813,3.732600,17.845900,-6.994100
1,Sauter,440.019531,3.176900,16.695499,-6.870800
1,Sauter,450.015625,2.159900,16.282000,-6.569400
1,Sauter,460.011719,1.222000,16.007299,-5.207700
1,Sauter,469.992188,0.804700,15.839800,-3.832600
1,Sauter,480.003906,0.589300,15.508900,-2.398300
1,Sauter,490.015625,0.150300,14.671599,-1.587400
1,Sauter,499.992188,-0.314200,13.682300,-1.081400
1,Sauter,510.003906,-0.651200,12.347600,-0.872300
1,Sauter,520.011719,-0.748800,10.513499,-0.872600
1,Sauter,529.996094,-0.806700,8.106800,-1.183400
1,Sauter,540.007813,-0.899100,5.795200,-1.447600
1,Sauter,550.015625,-0.840800,3.997600,-1.426500
1,Sauter,559.996094,-0.571000,2.893700,-1.050200
1,Sauter,570.027344,-0.445600,2.121000,-0.425200
1,Sauter,580.019531,-0.286800,1.482600,0.246400
1,Sauter,589.996094,-0.171200,1.002800,0.835200
1,Sauter,600.007813,0.138300,0.418500,1.340300
1,Sauter,610.023438,0.503600,-0.223800,1.795400
1,Sauter,620.000000,0.764400,-1.001500,2.169100
1,Sauter,630.011719,0.839800,-2.006300,2.219500
1,Sauter,639.992188,0.829300,-3.368100,1.862100
1,Sauter,650.003906,0.510900,-4.625300,1.305500
1,Sauter,660.015625,0.129000,-6.012100,0.986600
1,Sauter,669.992188,-0.221100,-7.321200,0.356800
1,Sauter,680.003906,-0.581900,-8.427500,-0.246900
1,Sauter,690.031250,-0.855000,-9.298100,-0.301200
1,Sauter,699.996094,-1.170700,-9.775300,-0.079800
1,Sauter,710.007813,-1.602900,-9.617300,0.401200
1,Sauter,720.015625,-1.863800,-9.213900,0.875900
1,Sauter,730.000000,-1.835600,-7.934400,1.233700
1,Sauter,740.007813,-1.314200,-6.997400,1.501300
1,Sauter,750.019531,-1.043400,-5.818000,1.745000
1,Sauter,759.996094,-0.492500,-4.598300,1.908700
1,Sauter,770.011719,-0.010400,-3.776500,2.013600
1,Sauter,779.992188,0.435500,-3.282600,1.804700
1,Sauter,790.000000,0.799200,-3.117000,1.478500
1,Sauter,800.011719,0.870200,-3.192600,1.174600
1,Sauter,810.011719,0.831300,-3.609100,0.901100
1,Sauter,820.003906,0.648800,-3.890800,0.945100
1,Sauter,830.015625,0.666200,-4.114800,1.267200
1,Sauter,839.992188,0.433800,-4.125300,1.665500
1,Sauter,850.003906,0.247500,-3.962900,1.976100
1,Sauter,860.019531,0.187800,-3.439700,2.255200
1,Sauter,869.996094,0.167800,-2.492200,2.429900
1,Sauter,880.007813,0.273500,-1.337900,2.382300
1,Sauter,890.019531,0.410100,-0.088000,2.330000
1,Sauter,900.000000,0.472000,1.058100,2.306400
1,Sauter,910.011719,0.493000,2.044700,2.228400
1,Sauter,920.019531,0.515100,2.999100,2.098700
1,Sauter,930.015625,0.614100,3.525100,1.550100
1,Sauter,940.011719,0.871300,3.690600,0.737100
1,Sauter,949.992188,0.987700,3.502700,-0.224000
1,Sauter,960.000000,1.265800,3.075000,-1.013200
1,Sauter,970.011719,1.746000,2.432900,-1.199000
1,Sauter,979.996094,2.206800,1.610900,-1.072300
1,Sauter,990.003906,2.258500,0.718500,-0.809000
1,Sauter,1000.015625,2.089400,-0.128400,-0.453300
1,Sauter,1009.996094,1.831500,-0.622600,0.059400
1,Sauter,1020.007813,1.336400,-0.769400,0.600600
1,Sauter,1030.019531,0.765600,-0.614000,1.038700
1,Sauter,1039.996094,0.461900,-0.193700,1.141600
1,Sauter,1050.027344,0.217100,0.298600,1.033300
1,Sauter,1060.019531,0.062900,0.705900,1.021300
1,Sauter,1070.000000,0.252800,1.074600,0.925200
1,Sauter,1080.011719,0.479200,1.328200,0.872800
1,Sauter,1089.992188,0.728100,1.312700,0.830100
1,Sauter,1100.003906,0.694900,1.065500,0.796000
1,Sauter,1110.011719,0.579300,0.703800,0.809700
1,Sauter,1119.992188,0.607800,0.151200,0.719000
1,Sauter,1130.003906,0.512300,-0.398600,0.712600
1,Sauter,1140.015625,0.334300,-1.023700,0.716800
1,Sauter,1149.996094,0.113400,-1.409300,0.696800
1,Sauter,1160.003906,0.002800,-1.672000,0.615700
1,Sauter,1170.031250,-0.115000,-1.929500,0.629500
1,Sauter,1179.996094,-0.195800,-2.028300,0.529000
1,Sauter,1190.007813,-0.307300,-2.090800,0.379600
1,Sauter,1200.019531,-0.259000,-1.883800,0.205700
1,Sauter,1210.000000,-0.121100,-1.566600,0.081300
1,Sauter,1220.011719,-0.071300,-1.217200,-0.165600
1,Sauter,1230.023438,0.012100,-0.796700,-0.257600
1,Sauter,1240.000000,0.190500,-0.223200,-0.235500
1,Sauter,1250.011719,0.411500,0.191800,-0.023800
1,Sauter,1259.992188,0.362800,0.411100,0.192600
1,Sauter,1270.003906,0.606700,0.676000,0.379400
1,Sauter,1280.015625,0.671700,0.986300,0.574600
1,Sauter,1290.007813,0.682000,1.025300,0.769100
1,Sauter,1300.003906,0.790700,1.029600,0.767100
1,Sauter,1310.015625,0.808100,0.998300,0.806900
1,Sauter,1319.996094,0.674600,0.810000,0.734200
1,Sauter,1330.003906,0.511000,0.542900,0.592600
1,Sauter,1340.015625,0.435800,0.313900,0.458800
1,Sauter,1350.000000,0.132900,-0.267800,0.182900
1,Sauter,1360.007813,0.026000,-0.575700,0.410300
1,Sauter,1370.019531,-0.069500,-0.535000,0.585800
1,Sauter,1379.996094,-0.271800,-0.576100,0.677100
1,Sauter,1390.011719,-0.390000,-0.618800,0.649400
1,Sauter,1399.988281,-0.429700,-0.543800,0.581800
1,Sauter,1410.015625,-0.466000,-0.469700,0.473400
1,Sauter,1420.015625,-0.536000,-0.318800,0.479500
1,Sauter,1429.992188,-0.561700,-0.089800,0.139400
1,Sauter,1440.003906,-0.660300,0.099700,-0.307900
1,Sauter,1450.015625,-0.712600,0.287600,-0.442700
1,Sauter,1459.996094,-0.792800,0.590000,-0.386900
1,Sauter,1470.007813,-0.829600,0.850700,-0.190300
1,Sauter,1480.015625,-0.978100,0.834900,0.035600
1,Sauter,1489.996094,-1.042300,0.936200,0.067800
1,Sauter,1500.011719,-1.099500,0.762600,0.185400
1,Sauter,1510.019531,-1.158500,0.551600,0.196000
1,Sauter,1520.000000,-1.170200,0.262000,0.140600
1,Sauter,1530.027344,-1.216100,0.130200,0.022000
1,Sauter,1540.019531,-1.105800,-0.078300,-0.006600
1,Sauter,1550.000000,-1.068400,-0.522300,-0.030600
1,Sauter,1560.011719,-0.913800,-0.847700,0.026500
1,Sauter,1569.988281,-0.913700,-0.859600,0.155300
1,Sauter,1580.000000,-0.913000,-0.989200,0.198900
1,Sauter,1590.015625,-0.795300,-1.001100,0.272800
1,Sauter,1599.992188,-0.534600,-0.815400,0.178600
1,Sauter,1610.003906,-0.394000,-0.471000,0.057200
1,Sauter,1620.015625,-0.446900,-0.282100,-0.089500
1,Sauter,1629.996094,-0.502300,-0.131600,-0.037800
1,Sauter,1640.007813,-0.519200,0.058700,-0.063900
1,Sauter,1650.035156,-0.422100,0.092900,-0.090000
1,Sauter,1659.996094,-0.404000,0.127500,-0.155300
1,Sauter,1670.011719,-0.350300,0.203200,-0.366300
1,Sauter,1680.019531,-0.261700,0.199600,-0.278600
1,Sauter,1690.000000,-0.068500,-0.117600,-0.322400
1,Sauter,1700.011719,-0.073900,-0.200200,-0.180000
1,Sauter,1709.992188,-0.008600,-0.360600,-0.076900
1,Sauter,1720.003906,-0.136700,-0.362800,-0.156200
1,Sauter,1730.011719,-0.153300,-0.364000,-0.033100
1,Sauter,1739.996094,-0.060600,-0.442900,0.051500
1,Sauter,1750.003906,-0.163100,-0.325500,0.138300
1,Sauter,1760.015625,-0.114200,-0.207800,0.184700
1,Sauter,1770.011719,-0.106900,-0.168900,0.264300
1,Sauter,1780.003906,-0.216500,-0.012900,0.221900
1,Sauter,1790.019531,0.131700,-0.169300,0.066400
1,Sauter,1799.996094,-0.061100,-0.052800,0.252200
1,Sauter,1810.007813,-0.053800,-0.015600,0.392700
1,Sauter,1820.019531,0.025300,-0.055700,0.306100
1,Sauter,1830.000000,0.098700,0.022800,0.185900
1,Sauter,1840.011719,0.208100,-0.015600,0.149000
1,Sauter,1850.019531,0.207100,-0.093900,0.149300
1,Sauter,1860.000000,0.245400,-0.289500,-0.041300
1,Sauter,1870.011719,0.201300,-0.367700,-0.003600
1,Sauter,1879.992188,0.190500,-0.641700,0.073300
1,Sauter,1890.019531,0.063400,-0.522600,-0.192900
1,Sauter,1900.011719,0.130600,-0.521800,-0.035400
1,Sauter,1909.996094,0.005000,-0.404000,-0.000700
1,Sauter,1920.003906,-0.002600,-0.247800,-0.015000
1,Sauter,1930.015625,0.104100,-0.208700,-0.064100
1,Sauter,1939.996094,0.176500,-0.012700,-0.227800
1,Sauter,1950.007813,0.244400,0.026800,-0.153500
1,Sauter,1960.019531,0.386600,0.027700,-0.078100
1,Sauter,1969.996094,0.327200,-0.167800,0.066700
1,Sauter,1980.011719,0.267600,-0.245200,0.059800
1,Sauter,1990.019531,0.250400,-0.323100,0.206600
1,Sauter,2000.000000,0.190800,-0.243300,0.124600
1,Sauter,2010.027344,0.021100,-0.203400,0.198200
1,Sauter,2019.992188,0.046000,-0.163200,0.234100
1,Sauter,2030.003906,-0.048800,-0.161800,0.154500
1,Sauter,2040.015625,-0.012800,-0.162500,0.221800
1,Sauter,2049.992188,-0.061900,-0.122500,0.181100
1,Sauter,2060.003906,0.078300,-0.198900,0.186500
1,Sauter,2070.011719,0.065200,-0.158500,0.226000
1,Sauter,2079.996094,0.205100,-0.235200,0.109100
1,Sauter,2090.007813,0.155600,-0.195100,0.108100
1,Sauter,2100.015625,0.183200,-0.193900,0.069200
1,Sauter,2109.996094,0.437700,-0.114100,0.022900
1,Sauter,2120.007813,0.189700,-0.309500,0.055500
1,Sauter,2130.035156,0.065200,-0.348400,0.051300
1,Sauter,2139.996094,-0.021900,-0.309500,0.036300
1,Sauter,2150.007813,0.085800,-0.191500,0.027200
1,Sauter,2160.023438,0.258400,-0.307500,0.095700
1,Sauter,2170.000000,0.196900,-0.266500,0.048500
1,Sauter,2180.011719,0.103800,-0.265000,-0.149000
