1,Sauter,0.000000,-1.372800,-9.084900,2.809200
1,Sauter,10.009766,-1.241400,-7.833600,2.772500
1,Sauter,20.019531,-0.857100,-6.024300,2.871100
1,Sauter,30.000000,-0.436500,-3.793000,2.686300
1,Sauter,40.011719,-0.147100,-1.660700,2.176600
1,Sauter,50.023438,0.093500,0.769500,1.619100
1,Sauter,60.001953,0.254600,3.775400,1.397800
1,Sauter,70.013672,0.136200,7.193000,1.074900
1,Sauter,80.025391,0.124100,10.414400,0.471300
1,Sauter,90.021484,0.136700,12.535000,-0.595000
1,Sauter,100.017578,-0.168500,13.615800,-2.372200
1,Sauter,110.027344,-0.277400,14.249200,-4.329600
1,Sauter,120.007813,-0.000500,15.232400,-5.954500
1,Sauter,130.017578,0.377500,16.975399,-7.166900
1,Sauter,140.029297,0.285600,19.077999,-8.056399
1,Sauter,150.009766,-0.036500,21.997200,-8.141500
1,Sauter,160.019531,-0.358200,24.517300,-7.699500
1,Sauter,170.001953,-0.030400,27.198000,-7.337000
1,Sauter,180.009766,0.896400,28.582100,-6.088100
1,Sauter,190.023438,2.254800,28.631300,-3.914400
1,Sauter,200.001953,3.428500,27.661600,-1.596100
1,Sauter,210.029297,3.731700,25.289999,-0.163900
1,Sauter,220.023438,2.873700,21.790699,0.662600
1,Sauter,230.003906,0.331400,17.912699,-0.074900
1,Sauter,240.013672,-2.947000,11.032100,-1.963600
1,Sauter,250.025391,-2.241200,8.501800,-0.418000
1,Sauter,260.005859,-0.160600,7.256900,2.577400
1,Sauter,270.017578,2.277200,8.397500,5.180900
1,Sauter,280.029297,3.680000,9.658899,5.117100
1,Sauter,290.007813,4.061800,8.936999,0.920300
1,Sauter,300.019531,3.434400,5.408400,-3.513900
1,Sauter,309.998047,1.421400,-0.501300,-5.343100
1,Sauter,320.009766,-0.569800,-5.692000,-7.036900
1,Sauter,330.037109,-1.764800,-11.179299,-8.668600
1,Sauter,340.000000,-2.057800,-15.751400,-8.620200
1,Sauter,350.011719,-2.084700,-18.787100,-7.744100
1,Sauter,360.023438,-1.807400,-19.859999,-6.645100
1,Sauter,370.003906,-1.302000,-19.329599,-4.867600
1,Sauter,380.013672,-0.840500,-16.851900,-2.352600
1,Sauter,390.023438,-0.240900,-13.172100,-0.587000
1,Sauter,400.005859,0.443800,-9.646000,-0.115600
1,Sauter,410.017578,0.819600,-7.359400,0.031800
1,Sauter,420.027344,0.368200,-6.303300,0.269500
1,Sauter,430.007813,-0.407100,-6.184900,0.675400
1,Sauter,440.017578,-1.120700,-6.663400,1.605200
1,Sauter,450.044922,-1.409300,-7.190800,2.968700
1,Sauter,460.007813,-1.443300,-7.540300,4.585700
1,Sauter,470.021484,-1.126600,-7.752900,6.224100
1,Sauter,480.000000,-1.013500,-7.781700,7.492400
1,Sauter,490.009766,-1.072800,-7.600700,8.236800
1,Sauter,500.023438,-1.202800,-7.079500,8.920000
1,Sauter,510.001953,-1.181700,-5.948500,9.433599
1,Sauter,520.013672,-0.913000,-4.212900,9.636499
1,Sauter,530.023438,-0.544500,-1.925700,9.490900
1,Sauter,540.003906,-0.113900,0.509600,9.183900
1,Sauter,550.013672,0.394100,2.645500,8.766500
1,Sauter,560.025391,0.680100,4.223900,8.474400
1,Sauter,570.023438,0.824700,5.501700,8.216100
1,Sauter,580.017578,0.839600,6.320000,8.061299
1,Sauter,590.027344,0.727200,6.907200,8.104500
1,Sauter,600.007813,0.284900,7.116300,8.083600
1,Sauter,610.021484,-0.285400,6.738400,8.146299
1,Sauter,619.998047,-1.034400,5.806500,8.411000
1,Sauter,630.011719,-1.958900,4.473200,9.023900
1,Sauter,640.021484,-2.421300,3.437800,9.290299
1,Sauter,650.001953,-2.271400,3.667400,9.101200
1,Sauter,660.011719,-1.216300,5.651200,7.630300
1,Sauter,670.023438,0.076800,7.869500,4.556900
1,Sauter,680.003906,0.753800,8.352300,1.456200
1,Sauter,690.029297,0.807000,8.105800,-0.148400
1,Sauter,700.025391,0.655300,7.890300,-0.821100
1,Sauter,710.003906,0.506700,7.817900,-0.728000
1,Sauter,720.013672,0.530100,7.885800,0.082700
1,Sauter,730.027344,0.508100,8.179100,1.449200
1,Sauter,740.007813,0.552500,8.840199,3.028800
1,Sauter,750.017578,0.436600,9.833000,4.463400
1,Sauter,760.029297,0.286200,10.446600,5.644000
1,Sauter,770.007813,0.486100,9.607600,5.771700
1,Sauter,780.019531,0.817200,6.518500,6.849000
1,Sauter,790.000000,-0.164300,3.037200,2.841500
1,Sauter,800.009766,-0.339300,3.320900,-0.777000
1,Sauter,810.041016,-0.246700,5.401600,-1.508700
1,Sauter,820.001953,0.296900,8.690599,-0.114900
1,Sauter,830.011719,1.780600,13.543699,0.818600
1,Sauter,840.023438,3.202500,19.735800,1.050700
1,Sauter,850.003906,4.012400,24.446499,0.361000
1,Sauter,860.015625,3.171900,22.380400,-1.475200
1,Sauter,870.027344,2.520600,19.862499,-2.719100
1,Sauter,880.005859,1.753100,17.421999,-2.853000
1,Sauter,890.017578,1.132500,15.469000,-2.785800
1,Sauter,900.029297,0.458200,14.427400,-2.966600
1,Sauter,910.009766,0.066400,14.325900,-2.955800
1,Sauter,920.019531,-0.245900,14.219100,-2.413600
1,Sauter,930.015625,-0.358300,13.791800,-1.894700
1,Sauter,940.009766,-0.465500,13.009399,-1.347700
1,Sauter,950.021484,-0.034200,12.305500,-0.925400
1,Sauter,960.001953,0.542100,11.604400,-0.658200
1,Sauter,970.011719,0.996200,10.987800,-0.610600
1,Sauter,980.023438,1.175800,10.341499,-0.843800
1,Sauter,990.001953,1.087000,9.743999,-1.039300
1,Sauter,1000.015625,0.883000,8.880600,-1.316600
1,Sauter,1010.025391,0.561400,8.061600,-1.338100
1,Sauter,1020.005859,0.358500,7.509600,-1.115300
1,Sauter,1030.015625,0.319400,6.910800,-0.844300
1,Sauter,1040.027344,0.098100,6.219300,-0.405200
1,Sauter,1050.025391,-0.049800,5.481900,-0.200700
1,Sauter,1060.017578,-0.004000,4.591700,0.168200
1,Sauter,1070.027344,-0.029200,3.674100,0.237500
1,Sauter,1080.007813,-0.067200,2.726300,0.243000
1,Sauter,1090.021484,-0.271000,1.746700,0.179700
1,Sauter,1100.000000,-0.336200,0.614700,0.066500
1,Sauter,1110.011719,-0.484000,-0.599600,-0.031400
1,Sauter,1120.021484,-0.403400,-1.701000,0.078800
1,Sauter,1130.001953,-0.296100,-2.685200,0.026300
1,Sauter,1140.013672,-0.162600,-3.787200,0.088400
1,Sauter,1150.025391,-0.047000,-4.772100,0.143900
1,Sauter,1160.003906,0.093000,-5.442000,0.084900
1,Sauter,1170.031250,0.179800,-5.912800,0.196000
1,Sauter,1180.025391,0.104100,-6.106200,0.281400
1,Sauter,1190.005859,0.060700,-6.100600,0.419100
1,Sauter,1200.019531,-0.086500,-5.936900,0.644100
1,Sauter,1210.029297,-0.173800,-5.733800,0.873900
1,Sauter,1220.009766,-0.353800,-5.374600,0.949100
1,Sauter,1230.019531,-0.364500,-5.330800,0.978900
1,Sauter,1240.000000,-0.484700,-5.248300,0.850400
1,Sauter,1250.009766,-0.525300,-5.207300,0.787900
1,Sauter,1260.021484,-0.458400,-5.362500,0.723100
1,Sauter,1270.000000,-0.435900,-5.435100,0.558400
1,Sauter,1280.011719,-0.262700,-5.500000,0.232400
1,Sauter,1290.041016,-0.217200,-5.633600,0.220500
1,Sauter,1300.003906,-0.178700,-5.486400,0.424100
1,Sauter,1310.011719,-0.098400,-4.980600,0.761000
1,Sauter,1320.025391,-0.093800,-4.631700,1.128900
1,Sauter,1330.005859,0.020000,-4.363400,1.403200
1,Sauter,1340.015625,-0.107300,-3.822700,1.350500
1,Sauter,1350.027344,-0.158400,-2.976500,1.227300
1,Sauter,1360.005859,-0.073200,-2.297900,1.144000
1,Sauter,1370.017578,-0.098300,-1.590700,1.183600
1,Sauter,1379.996094,-0.149000,-1.053900,1.220500
1,Sauter,1390.009766,0.252400,-0.410100,1.257300
1,Sauter,1400.019531,0.600500,-0.044700,1.158200
1,Sauter,1410.015625,0.646700,0.354000,1.152700
1,Sauter,1420.009766,0.482100,0.831300,1.066600
1,Sauter,1430.023438,0.400100,0.880600,0.989000
1,Sauter,1440.003906,0.249800,0.893900,0.999000
1,Sauter,1450.013672,0.211500,0.796500,0.876800
1,Sauter,1460.025391,0.170500,0.783000,0.775900
1,Sauter,1470.003906,-0.103300,0.379400,0.840400
1,Sauter,1480.017578,-0.179900,0.131700,1.016600
1,Sauter,1490.027344,-0.224900,-0.273600,1.106500
1,Sauter,1500.007813,-0.123500,-0.560600,1.116300
1,Sauter,1510.017578,0.124100,-0.571600,0.970800
1,Sauter,1520.029297,0.248100,-0.581300,0.709900
1,Sauter,1530.025391,0.336800,-0.434700,0.403700
1,Sauter,1540.019531,0.349400,-0.287900,0.253500
1,Sauter,1550.000000,0.513200,-0.177700,0.113700
1,Sauter,1560.009766,0.559900,-0.066200,0.253600
1,Sauter,1570.021484,0.529000,0.046200,0.398800
1,Sauter,1580.000000,0.391100,0.119700,0.470200
1,Sauter,1590.011719,0.290000,0.153100,0.610000
1,Sauter,1600.023438,0.188400,0.108300,0.552000
1,Sauter,1610.003906,0.055300,0.062700,0.607300
1,Sauter,1620.013672,0.112700,-0.098300,0.438600
1,Sauter,1630.025391,0.013100,-0.140800,0.431500
1,Sauter,1640.003906,0.045200,0.012900,0.279500
1,Sauter,1650.031250,-0.022500,0.087800,0.058400
1,Sauter,1660.027344,0.064800,0.007500,-0.148100
1,Sauter,1670.007813,0.065800,0.006100,-0.004300
1,Sauter,1680.019531,-0.011900,0.004500,0.097200
1,Sauter,1689.998047,0.019600,-0.114000,0.199300
1,Sauter,1700.009766,-0.027700,-0.311300,0.257700
1,Sauter,1710.021484,-0.112900,-0.351700,0.160800
1,Sauter,1720.001953,-0.129200,-0.311000,-0.231000
1,Sauter,1730.011719,-0.072500,-0.346500,-0.447800
1,Sauter,1740.023438,0.018200,-0.420100,-0.424100
1,Sauter,1750.001953,-0.040000,-0.298400,-0.323500
1,Sauter,1760.013672,0.103000,-0.178200,-0.154400
1,Sauter,1770.041016,0.171100,-0.098600,-0.075100
1,Sauter,1780.003906,0.164200,-0.216500,-0.044900
1,Sauter,1790.015625,0.083600,-0.060500,-0.094700
1,Sauter,1800.027344,0.126600,-0.023200,-0.032700
1,Sauter,1810.007813,0.095100,-0.103400,-0.002800
1,Sauter,1820.019531,0.064300,-0.260700,-0.116200
1,Sauter,1830.027344,-0.007400,-0.221500,-0.031700
1,Sauter,1840.007813,-0.305100,-0.221700,-0.017600
1,Sauter,1850.019531,-0.292600,-0.378500,0.034600
1,Sauter,1860.000000,-0.360000,-0.416800,0.014800
1,Sauter,1870.007813,-0.420600,-0.456000,-0.008500
1,Sauter,1880.019531,-0.217800,-0.532900,-0.066200
1,Sauter,1890.019531,-0.058600,-0.295700,-0.125800
1,Sauter,1900.011719,0.053600,-0.097300,-0.266100
1,Sauter,1910.023438,0.127000,-0.057700,-0.032000
1,Sauter,1920.003906,0.009400,0.021800,-0.177800
1,Sauter,1930.015625,0.119400,0.025200,-0.350200
1,Sauter,1940.027344,-0.036700,0.028000,-0.247000
1,Sauter,1950.007813,-0.112300,-0.008600,-0.144500
1,Sauter,1960.015625,-0.188100,-0.085700,0.064600
1,Sauter,1970.027344,-0.110600,-0.086700,0.212700
1,Sauter,1980.007813,-0.221700,-0.206300,0.044300
1,Sauter,1990.019531,-0.210300,-0.287400,0.070500
1,Sauter,2000.000000,-0.163300,-0.328000,-0.013900
1,Sauter,2010.023438,-0.186900,-0.249800,-0.239300
1,Sauter,2020.019531,-0.017600,-0.210400,-0.150700
1,Sauter,2030.000000,0.070800,-0.092000,-0.215400
1,Sauter,2040.011719,0.039300,-0.169300,-0.239800
1,Sauter,2050.023438,0.048500,-0.129600,-0.033600
1,Sauter,2060.003906,-0.056500,-0.168500,-0.022000
1,Sauter,2070.011719,-0.082800,-0.208000,-0.015800
1,Sauter,2080.023438,-0.224100,-0.325300,-0.080900
1,Sauter,2090.003906,-0.296000,-0.206300,-0.105800
1,Sauter,2100.015625,-0.213700,-0.204500,-0.128500
1,Sauter,2110.027344,-0.212500,-0.046100,-0.077000
1,Sauter,2120.007813,-0.176700,-0.045100,0.046400
1,Sauter,2130.035156,0.016400,0.033900,0.010500
1,Sauter,2140.027344,0.093600,-0.162900,0.239000
1,Sauter,2150.007813,0.209200,-0.203300,0.189400
1,Sauter,2160.019531,0.172300,-0.319800,-0.074200
1,Sauter,2170.000000,0.245500,-0.160900,-0.258400
1,Sauter,2180.007813,0.207200,-0.199200,-0.329400
1,Sauter,2190.023438,0.239300,-0.237100,-0.205600
1,Sauter,2200.000000,0.229100,-0.235400,-0.121300
1,Sauter,2210.011719,0.216000,-0.232800,-0.070400
1,Sauter,2220.023438,0.244000,-0.151700,0.060100
1,Sauter,2230.003906,0.190500,-0.189100,0.103800
1,Sauter,2240.015625,0.214100,-0.226400,0.147400
1,Sauter,2250.039063,0.275500,-0.185300,0.110400
1,Sauter,2260.007813,0.218800,-0.224100,0.141600
1,Sauter,2270.015625,0.056600,-0.303000,0.212800
1,Sauter,2280.027344,-0.020900,-0.226400,0.278000
