2,Sauter,0.000000,0.032200,-0.140200,0.186800
2,Sauter,10.010742,-0.128500,-0.129300,0.070700
2,Sauter,20.038086,-0.160200,-0.157900,0.049400
2,Sauter,30.000977,-0.160700,-0.137700,0.044100
2,Sauter,40.013672,-0.128600,-0.088400,-0.041800
2,Sauter,49.993164,-0.121400,-0.088400,-0.171000
2,Sauter,60.003906,-0.041600,-0.029700,-0.143400
2,Sauter,70.015625,0.011000,0.019000,-0.123200
2,Sauter,79.996094,0.032600,0.038400,-0.082400
2,Sauter,90.005859,0.035300,0.116600,-0.128100
2,Sauter,100.018555,0.051800,0.155400,-0.177500
2,Sauter,109.998047,0.061200,0.194000,-0.231300
2,Sauter,120.007813,0.029800,0.213000,-0.291800
2,Sauter,130.020508,0.014200,0.173100,-0.329700
2,Sauter,140.015625,-0.006500,0.123600,-0.321000
2,Sauter,150.010742,0.017300,0.084100,-0.288500
2,Sauter,160.023438,-0.028200,0.044900,-0.241500
2,Sauter,170.000977,-0.079700,0.005600,-0.215700
2,Sauter,180.012695,-0.111700,-0.004300,-0.217200
2,Sauter,190.024414,-0.155000,-0.053800,-0.253300
2,Sauter,200.003906,-0.171300,-0.103500,-0.274400
2,Sauter,210.014648,-0.217700,-0.153400,-0.347600
2,Sauter,219.995117,-0.268800,-0.203400,-0.417600
2,Sauter,230.006836,-0.281400,-0.282600,-0.416600
2,Sauter,240.017578,-0.250800,-0.342200,-0.448000
2,Sauter,249.997070,-0.206800,-0.411300,-0.414700
2,Sauter,260.023438,-0.113900,-0.519400,-0.450700
2,Sauter,270.018555,-0.025700,-0.588300,-0.540300
2,Sauter,279.998047,0.077700,-0.617700,-0.567800
2,Sauter,290.008789,0.102700,-0.666600,-0.812000
2,Sauter,300.021484,0.182900,-0.754300,-0.973800
2,Sauter,310.000977,0.196400,-0.861000,-1.313400
2,Sauter,320.011719,0.295200,-1.310200,-1.436800
2,Sauter,330.023438,0.464900,-1.650700,-1.257200
2,Sauter,340.002930,0.626200,-1.873100,-1.006900
2,Sauter,350.014648,0.854600,-2.134700,-0.614300
2,Sauter,359.993164,0.968000,-2.347700,-0.152500
2,Sauter,370.004883,0.912800,-2.463000,0.167000
2,Sauter,380.033203,0.781500,-2.539100,0.190600
2,Sauter,389.996094,0.671000,-2.801200,0.214800
2,Sauter,400.005859,0.470200,-3.033500,0.166100
2,Sauter,410.018555,0.143700,-2.980800,-0.035700
2,Sauter,419.998047,-0.086700,-2.878800,-0.037700
2,Sauter,430.007813,-0.290000,-2.767200,0.047100
2,Sauter,440.019531,-0.486100,-2.547500,-0.030900
2,Sauter,450.000000,-0.720000,-2.081700,-0.273900
2,Sauter,460.011719,-0.860300,-1.645300,-0.312000
2,Sauter,470.021484,-1.023900,-1.208600,-0.398300
2,Sauter,480.001953,-0.946200,-0.925600,-0.882000
2,Sauter,490.012695,-0.861000,-0.758600,-1.025300
2,Sauter,500.040039,-0.842800,-0.699500,-0.803000
2,Sauter,510.002930,-0.419100,-0.940500,-1.159400
2,Sauter,520.015625,-0.179700,-1.200900,-0.984700
2,Sauter,529.995117,-0.041000,-1.648600,-0.626500
2,Sauter,540.005859,-0.030200,-2.147400,-0.421800
2,Sauter,550.016602,-0.025900,-2.489100,-0.473800
2,Sauter,559.997070,-0.095800,-2.606000,-0.669300
2,Sauter,570.006836,-0.379700,-2.568400,-0.660400
2,Sauter,580.019531,-0.647100,-2.204400,-0.967900
2,Sauter,590.000000,-0.878800,-1.483500,-1.266800
2,Sauter,600.009766,-0.970200,-0.699600,-1.374500
2,Sauter,610.022461,-0.897300,0.017600,-1.099800
2,Sauter,620.017578,-0.219700,0.370200,-1.426300
2,Sauter,630.012695,0.385100,0.539700,-0.746400
2,Sauter,640.023438,0.565700,1.162900,-1.089700
2,Sauter,650.002930,0.758600,1.204400,-0.898700
2,Sauter,660.013672,0.751100,1.596300,-0.974100
2,Sauter,669.995117,0.630900,2.442900,-1.490000
2,Sauter,680.006836,0.337900,3.410700,-1.957100
2,Sauter,690.016602,0.096000,3.729800,-1.942500
2,Sauter,699.997070,-0.541400,4.465900,-1.896800
2,Sauter,710.007813,-0.896500,4.865700,-1.715100
2,Sauter,720.018555,-0.905200,4.548500,-1.527900
2,Sauter,729.998047,-0.920700,4.550100,-1.562400
2,Sauter,740.025391,-0.384700,4.331300,-1.286600
2,Sauter,750.020508,0.122700,4.309600,-1.232800
2,Sauter,760.000000,0.589200,4.480900,-1.541600
2,Sauter,770.010742,1.076500,4.702800,-1.777200
2,Sauter,780.023438,1.230100,4.841000,-2.137000
2,Sauter,790.000977,1.161600,4.900300,-2.136200
2,Sauter,800.013672,0.839600,5.180100,-1.983600
2,Sauter,810.023438,0.392700,5.620500,-1.819400
2,Sauter,820.004883,0.159500,6.094700,-1.445400
2,Sauter,830.015625,0.028800,6.708300,-1.045300
2,Sauter,839.995117,0.055400,7.345700,-0.711700
2,Sauter,850.005859,0.295600,7.844100,-0.532100
2,Sauter,860.033203,0.681500,8.033100,-0.605700
2,Sauter,869.996094,1.083400,8.063800,-0.704900
2,Sauter,880.008789,1.327800,7.991600,-0.622500
2,Sauter,890.020508,1.417000,7.828400,-0.403200
2,Sauter,899.998047,1.327200,7.819900,0.063000
2,Sauter,910.010742,1.038700,7.925300,0.632000
2,Sauter,920.021484,0.467400,8.307500,1.387700
2,Sauter,930.001953,-0.097200,9.026199,2.171700
2,Sauter,940.012695,-0.241900,9.998199,2.586500
2,Sauter,950.022461,-0.416700,12.782300,3.066900
2,Sauter,960.002930,-0.298200,14.266800,2.835600
2,Sauter,970.013672,-0.306100,15.382799,2.570600
2,Sauter,980.010742,-0.093300,15.745399,2.964200
2,Sauter,990.004883,0.635400,15.314699,4.242300
2,Sauter,1000.016602,1.647800,14.336200,5.683000
2,Sauter,1009.996094,2.370500,13.175099,6.421000
2,Sauter,1020.005859,2.963500,11.951099,6.500000
2,Sauter,1030.018555,3.001000,11.715000,4.736400
2,Sauter,1039.999023,2.604100,10.847099,2.404300
2,Sauter,1050.009766,1.571800,8.333799,2.055200
2,Sauter,1060.019531,0.152700,4.880500,1.427700
2,Sauter,1070.000000,-0.517300,0.889100,-0.546800
2,Sauter,1080.012695,-0.576200,-2.797400,-1.986000
2,Sauter,1090.023438,-0.580400,-5.797300,-3.275000
2,Sauter,1100.018555,-1.705900,-8.092800,-4.234700
2,Sauter,1110.012695,-2.185100,-10.634600,-4.913600
2,Sauter,1120.023438,-1.694700,-13.480200,-5.487900
2,Sauter,1130.003906,-2.021700,-16.188799,-6.143200
2,Sauter,1140.015625,-1.979100,-18.827000,-7.924600
2,Sauter,1149.995117,-1.674500,-20.389799,-9.543200
2,Sauter,1160.006836,-1.662200,-20.029800,-9.283999
2,Sauter,1170.016602,-1.448100,-17.732700,-8.006800
2,Sauter,1179.997070,-1.120400,-14.554899,-6.131200
2,Sauter,1190.007813,-0.675400,-11.568100,-3.816900
2,Sauter,1200.020508,-0.605900,-8.865700,-1.631500
2,Sauter,1210.000000,-0.826600,-6.943200,1.109200
2,Sauter,1220.026367,-0.860800,-6.000200,3.086000
2,Sauter,1230.021484,-0.843400,-5.977700,4.384200
2,Sauter,1240.000977,-0.868200,-6.114100,5.770900
2,Sauter,1250.011719,-0.553400,-5.853200,6.979500
2,Sauter,1260.024414,0.287800,-4.809800,7.441000
2,Sauter,1270.003906,1.630300,-3.637700,6.977600
2,Sauter,1280.013672,2.033700,-2.748600,8.721800
2,Sauter,1289.994141,2.275000,-1.739000,10.514299
2,Sauter,1300.004883,2.303800,-0.658500,11.438200
2,Sauter,1310.017578,2.007800,0.294300,11.104600
2,Sauter,1319.995117,1.681400,0.836800,9.549000
2,Sauter,1330.005859,1.174800,1.205700,7.877800
2,Sauter,1340.034180,0.878300,1.412200,6.864700
2,Sauter,1349.998047,0.561400,1.733500,6.629900
2,Sauter,1360.007813,0.381500,2.349000,6.804400
2,Sauter,1370.020508,0.569900,3.137300,7.207100
2,Sauter,1379.999023,0.781200,3.966900,7.607400
2,Sauter,1390.010742,1.047400,4.664600,7.890600
2,Sauter,1400.021484,1.269700,4.881900,8.132999
2,Sauter,1410.002930,1.337900,3.719800,8.740000
2,Sauter,1420.014648,0.819400,-0.350500,8.753900
2,Sauter,1430.022461,-0.412000,-5.557000,5.407100
2,Sauter,1440.004883,-1.234800,-7.573200,1.602500
2,Sauter,1450.015625,-1.987800,-8.097500,-0.461800
2,Sauter,1460.012695,-2.906500,-8.232500,-0.760300
2,Sauter,1470.005859,-4.090700,-7.479800,1.121200
2,Sauter,1480.016602,-4.165800,-4.573200,3.251300
2,Sauter,1489.996094,-3.052000,-1.354600,3.217700
2,Sauter,1500.008789,-1.895200,1.309800,1.502800
2,Sauter,1510.019531,-0.864900,3.864300,0.278200
2,Sauter,1520.000000,0.112500,5.943900,3.815600
2,Sauter,1530.010742,0.004900,8.405100,9.879000
2,Sauter,1540.022461,-0.375700,13.901899,11.405900
2,Sauter,1550.000000,-1.157700,28.741199,9.027200
2,Sauter,1560.012695,0.013600,44.926800,6.452800
2,Sauter,1570.023438,1.004800,46.810200,4.382500
2,Sauter,1580.018555,2.816700,37.341099,5.422100
2,Sauter,1590.013672,7.225900,19.994799,0.262200
2,Sauter,1599.994141,6.385400,14.656600,0.911600
2,Sauter,1610.003906,3.779000,10.724999,2.704200
2,Sauter,1620.016602,1.419700,7.543300,4.082400
2,Sauter,1629.997070,0.001600,5.546500,4.560700
2,Sauter,1640.006836,-1.699200,6.135500,4.005400
2,Sauter,1650.019531,-2.771200,7.811800,3.129400
2,Sauter,1659.998047,-2.598700,9.676200,1.248800
2,Sauter,1670.009766,-2.466000,11.492700,-0.408900
2,Sauter,1680.020508,-1.495300,12.085899,-0.267400
2,Sauter,1690.000000,-0.206500,11.485499,0.408900
2,Sauter,1700.028320,0.614300,9.916300,0.636600
2,Sauter,1710.023438,1.116500,7.142200,0.557700
2,Sauter,1720.002930,1.621500,3.810700,0.409400
2,Sauter,1730.011719,2.169000,0.530300,0.057200
2,Sauter,1740.024414,2.581500,-2.482900,-0.250200
2,Sauter,1750.004883,2.796000,-5.041900,-0.738100
2,Sauter,1760.014648,2.566800,-7.107300,-1.055000
2,Sauter,1769.995117,1.665300,-8.647600,-1.174500
2,Sauter,1780.005859,0.527300,-9.805600,-1.436700
2,Sauter,1790.018555,-0.377900,-10.575100,-2.003100
2,Sauter,1799.997070,-1.187900,-10.916699,-2.191200
2,Sauter,1810.007813,-1.923300,-10.880500,-2.294300
2,Sauter,1820.036133,-2.339400,-10.547500,-2.391400
2,Sauter,1829.999023,-2.426200,-9.920600,-2.162700
2,Sauter,1840.010742,-2.035900,-8.982100,-2.040800
2,Sauter,1850.021484,-1.534300,-7.729900,-1.957400
2,Sauter,1860.001953,-0.810900,-6.459800,-1.730700
2,Sauter,1870.011719,-0.295800,-5.131100,-1.181700
2,Sauter,1880.024414,0.136700,-3.958800,-0.522300
2,Sauter,1890.002930,0.526700,-2.833400,0.311800
2,Sauter,1900.014648,0.465200,-1.325500,0.990800
2,Sauter,1909.993164,-0.256000,2.629500,1.253800
2,Sauter,1920.004883,-1.204400,5.068700,0.629800
2,Sauter,1930.015625,-2.117400,7.322500,0.073100
2,Sauter,1940.012695,-2.552800,8.632700,0.362700
2,Sauter,1950.007813,-2.297700,8.581400,1.212600
2,Sauter,1960.018555,-1.547300,7.330200,1.921800
2,Sauter,1969.999023,-0.748500,5.480800,2.076600
2,Sauter,1980.008789,-0.182400,3.456600,1.597800
2,Sauter,1990.019531,0.338000,1.436200,1.026600
2,Sauter,2000.000000,0.560500,-0.258600,0.722600
2,Sauter,2010.010742,0.641400,-1.647500,0.711100
2,Sauter,2020.023438,0.690400,-2.711200,0.883500
2,Sauter,2030.000977,0.726100,-3.452400,1.209500
2,Sauter,2040.013672,0.810200,-3.744100,1.432100
2,Sauter,2050.025391,0.856500,-3.592900,1.343100
2,Sauter,2060.021484,0.929600,-3.095700,1.065800
2,Sauter,2070.015625,0.885400,-2.331000,0.759700
2,Sauter,2079.994141,0.825100,-1.583600,0.596100
2,Sauter,2090.005859,0.664800,-0.707800,0.456300
2,Sauter,2100.016602,0.277700,0.217000,0.316300
2,Sauter,2109.998047,-0.327600,1.159900,0.205400
2,Sauter,2120.009766,-0.753500,1.836700,0.149300
2,Sauter,2130.020508,-1.083600,2.228100,0.166500
2,Sauter,2140.000000,-1.272100,2.304800,0.128100
2,Sauter,2150.010742,-1.232700,2.077600,0.172700
2,Sauter,2160.021484,-1.024600,1.625900,0.235700
2,Sauter,2170.000977,-0.652000,1.156500,0.269500
2,Sauter,2180.029297,-0.248600,0.669200,0.197700
2,Sauter,2190.023438,0.107200,0.124100,0.118000
2,Sauter,2200.002930,0.427800,-0.342800,0.122100
2,Sauter,2210.014648,0.667000,-0.810900,0.124900
2,Sauter,2219.995117,0.777000,-1.024900,0.120000
2,Sauter,2230.006836,0.344000,-0.768300,0.262500
2,Sauter,2240.017578,0.153800,-0.482000,0.286800
2,Sauter,2249.997070,-0.059700,-0.166100,0.311600
2,Sauter,2260.007813,-0.245100,0.090500,0.330400
2,Sauter,2270.018555,-0.384800,0.306800,0.247800
2,Sauter,2279.998047,-0.573600,0.590100,0.263200
2,Sauter,2290.008789,-0.524300,0.764700,0.312300
2,Sauter,2300.037109,-0.425800,0.851100,0.304700
2,Sauter,2310.000977,-0.296800,0.791200,0.271400
2,Sauter,2320.011719,-0.010400,0.624300,0.239200
2,Sauter,2330.023438,0.238500,0.447900,0.146800
2,Sauter,2340.002930,0.456600,0.232700,0.128500
2,Sauter,2350.014648,0.597600,0.106400,0.181000
2,Sauter,2360.024414,0.616000,0.000200,0.169700
2,Sauter,2370.004883,0.586600,-0.076100,0.146100
2,Sauter,2380.015625,0.314700,-0.024900,0.085600
2,Sauter,2389.995117,0.200300,-0.012400,0.034800
2,Sauter,2400.005859,0.085500,0.059100,0.081900
2,Sauter,2410.018555,-0.191000,0.101000,0.083300
2,Sauter,2420.013672,-0.274700,0.063200,-0.091100
2,Sauter,2430.007813,-0.338500,0.102800,-0.182200
2,Sauter,2440.019531,-0.373100,0.161700,-0.099000
2,Sauter,2450.000000,-0.370500,0.190700,-0.015900
2,Sauter,2460.011719,-0.259800,0.258700,0.009400
2,Sauter,2470.021484,-0.136000,0.307400,0.071900
2,Sauter,2480.001953,-0.041300,0.346600,0.146700
2,Sauter,2490.012695,0.117900,0.307700,0.229000
2,Sauter,2500.023438,0.224500,0.259500,0.328100
2,Sauter,2510.002930,0.327800,0.221400,0.358400
2,Sauter,2520.015625,0.400600,0.173600,0.261300
2,Sauter,2529.995117,0.347100,0.174700,0.157900
2,Sauter,2540.021484,0.237600,0.185100,0.012100
2,Sauter,2550.016602,0.057400,0.079000,0.304000
2,Sauter,2559.997070,0.536400,0.043100,0.497900
2,Sauter,2570.005859,0.383100,0.290300,0.240700
2,Sauter,2580.016602,-0.001100,0.535200,-0.178400
2,Sauter,2589.997070,-0.381200,0.641800,-0.241000
2,Sauter,2600.009766,-0.278600,0.482400,-0.458700
2,Sauter,2610.022461,-0.516800,0.419100,-0.893000
2,Sauter,2620.000000,-0.847600,0.257400,-0.941800
2,Sauter,2630.010742,-0.692000,-0.019700,-0.537300
2,Sauter,2640.021484,-0.449200,-0.265700,-0.140200
2,Sauter,2650.002930,-0.028700,-0.422100,0.196300
2,Sauter,2660.029297,0.347500,-0.322400,0.454500
2,Sauter,2670.024414,0.904000,-0.182300,0.460600
2,Sauter,2680.003906,1.293500,0.134900,0.387700
2,Sauter,2690.014648,1.286900,0.540000,0.199000
2,Sauter,2699.995117,1.164500,0.846600,0.125400
2,Sauter,2710.006836,0.868300,0.877900,-0.019900
2,Sauter,2720.018555,0.603400,0.781100,-0.044400
2,Sauter,2729.998047,0.274500,0.693400,-0.018200
2,Sauter,2740.008789,-0.140700,0.526000,-0.018100
2,Sauter,2750.020508,-0.451500,0.279400,0.127000
2,Sauter,2760.000000,-0.603900,0.091500,0.230100
2,Sauter,2770.010742,-0.613800,-0.027700,0.184400
2,Sauter,2780.037109,-0.528700,-0.136700,0.164700
2,Sauter,2790.000977,-0.411200,-0.087800,0.168500
2,Sauter,2800.011719,-0.284400,0.048600,0.222300
2,Sauter,2810.024414,-0.094600,0.174000,0.254900
2,Sauter,2820.002930,0.140000,0.271500,0.248400
2,Sauter,2830.015625,0.228300,0.351200,0.159500
2,Sauter,2839.995117,0.231100,0.431700,0.108600
2,Sauter,2850.005859,0.170100,0.473500,0.032000
2,Sauter,2860.017578,0.062400,0.477900,-0.069700
2,Sauter,2869.996094,-0.085100,0.434000,-0.162200
2,Sauter,2880.007813,-0.167000,0.290300,-0.208900
2,Sauter,2890.020508,-0.266400,0.310700,-0.313700
2,Sauter,2900.015625,-0.271200,0.318800,-0.353500
2,Sauter,2910.008789,-0.261000,0.305500,-0.343400
2,Sauter,2920.021484,-0.181000,0.281600,-0.256700
2,Sauter,2930.001953,-0.123800,0.287000,-0.203700
2,Sauter,2940.012695,-0.065300,0.244600,-0.122400
2,Sauter,2950.021484,0.046700,0.232300,-0.113400
2,Sauter,2960.002930,0.099700,0.221000,-0.147800
2,Sauter,2970.013672,0.124600,0.219600,-0.219100
2,Sauter,2979.993164,0.109600,0.237800,-0.286200
2,Sauter,2990.004883,0.098600,0.197700,-0.265300
2,Sauter,3000.015625,0.085100,0.177200,-0.172700
2,Sauter,3009.995117,-0.010400,0.166800,-0.022100
2,Sauter,3020.023438,-0.066700,0.156700,0.036600
2,Sauter,3030.018555,-0.071700,0.205400,0.055600
2,Sauter,3039.997070,-0.082700,0.263800,0.055700
2,Sauter,3050.009766,-0.079800,0.341700,0.114500
2,Sauter,3060.019531,-0.052000,0.380100,0.096300
2,Sauter,3070.000000,-0.054400,0.417700,-0.062600
2,Sauter,3080.010742,-0.024500,0.416200,-0.067200
2,Sauter,3090.022461,0.024500,0.356200,0.002300
2,Sauter,3100.000977,0.042100,0.365200,0.020200
2,Sauter,3110.013672,0.056400,0.354800,0.006700
