2,Sauter,0.000000,0.590700,-3.818600,1.312000
2,Sauter,9.984375,0.343600,-3.763800,1.331500
2,Sauter,20.015625,-0.011200,-3.527900,1.072900
2,Sauter,30.007813,-0.309800,-3.277500,0.868500
2,Sauter,39.984375,-0.517200,-2.830900,0.879200
2,Sauter,49.992188,-0.518500,-2.151500,0.948300
2,Sauter,60.007813,-0.342400,-1.536000,1.069100
2,Sauter,69.984375,-0.222400,-0.772000,1.262200
2,Sauter,79.992188,-0.203400,0.138400,1.386200
2,Sauter,89.976563,-0.287200,1.309300,1.497900
2,Sauter,99.992188,-0.446200,2.706500,1.386300
2,Sauter,110.000000,-0.945400,3.186800,0.798900
2,Sauter,119.976563,-1.364600,3.155400,0.206800
2,Sauter,129.992188,-1.437600,2.988300,0.020500
2,Sauter,140.015625,-1.346000,2.855300,0.150100
2,Sauter,149.976563,-1.132400,3.079300,0.160600
2,Sauter,159.992188,-0.344700,5.022500,-0.373400
2,Sauter,170.000000,0.505600,6.424700,-0.965600
2,Sauter,179.984375,1.702600,7.871800,-1.865700
2,Sauter,189.992188,2.908900,8.820300,-2.917600
2,Sauter,200.007813,3.415700,9.821400,-4.268500
2,Sauter,209.984375,3.617800,11.102400,-5.004400
2,Sauter,219.992188,3.764900,12.924700,-4.183000
2,Sauter,229.976563,3.713500,14.874200,-2.869700
2,Sauter,239.984375,3.014400,16.546299,-2.328800
2,Sauter,249.992188,1.251500,18.419699,-1.922800
2,Sauter,260.000000,0.456800,20.650700,-1.351200
2,Sauter,269.992188,0.591100,22.966299,-0.715800
2,Sauter,280.000000,1.098500,24.310900,-0.065200
2,Sauter,289.976563,2.194600,24.247700,0.344700
2,Sauter,299.992188,3.527700,22.601299,0.833000
2,Sauter,310.000000,4.915200,19.704899,1.467800
2,Sauter,319.976563,5.468500,15.935200,3.827100
2,Sauter,329.992188,5.025200,11.714300,5.972000
2,Sauter,340.000000,3.244300,8.392300,4.270800
2,Sauter,349.984375,0.861200,6.298000,-1.650800
2,Sauter,360.000000,-0.972900,4.104300,-6.132500
2,Sauter,370.007813,-2.335800,1.126200,-6.336200
2,Sauter,380.000000,-3.229200,-1.650700,-4.246400
2,Sauter,389.992188,-3.841000,-4.169900,-1.247400
2,Sauter,399.976563,-4.298900,-6.887200,-0.198600
2,Sauter,409.984375,-4.452500,-9.926499,-0.644300
2,Sauter,419.992188,-5.101100,-13.180900,-1.083500
2,Sauter,429.984375,-6.480000,-16.163099,-1.385400
2,Sauter,439.992188,-6.860300,-19.630100,-3.070400
2,Sauter,450.000000,-6.056200,-23.260700,-5.230700
2,Sauter,459.976563,-5.631800,-24.310400,-7.420900
2,Sauter,469.992188,-5.126700,-21.426199,-8.094600
2,Sauter,480.000000,-3.829000,-16.767300,-5.339900
2,Sauter,489.976563,-1.854500,-12.096100,1.870800
2,Sauter,500.007813,2.356200,-4.875400,3.043900
2,Sauter,510.007813,3.333600,-2.147000,3.253300
2,Sauter,519.984375,3.344000,-0.931400,3.582000
2,Sauter,530.000000,2.705000,-1.718500,4.439600
2,Sauter,539.976563,1.678400,-3.650700,5.557900
2,Sauter,549.984375,1.065100,-5.692400,6.475400
2,Sauter,559.992188,1.453100,-7.263000,7.031800
2,Sauter,569.984375,2.690200,-7.729200,7.937600
2,Sauter,579.992188,3.819500,-6.953300,8.025900
2,Sauter,590.000000,4.243400,-5.256000,8.712600
2,Sauter,599.984375,4.876700,-3.216200,9.340899
2,Sauter,609.992188,5.528000,-0.839400,7.879300
2,Sauter,620.015625,5.543800,1.724600,6.407400
2,Sauter,629.976563,5.381900,3.790700,5.284500
2,Sauter,639.992188,5.107200,5.447700,4.647400
2,Sauter,650.000000,4.759200,6.804100,4.113300
2,Sauter,659.976563,4.720000,7.711800,3.551300
2,Sauter,669.992188,4.708400,8.242100,3.312700
2,Sauter,680.007813,4.692700,8.317400,3.854400
2,Sauter,689.984375,4.492200,7.808400,4.755800
2,Sauter,700.000000,3.710400,6.166300,6.077800
2,Sauter,709.976563,1.794600,1.633300,7.749300
2,Sauter,719.984375,-2.255700,-5.938100,5.464100
2,Sauter,730.000000,-4.332300,-8.684199,1.096600
2,Sauter,739.992188,-5.266500,-8.674700,1.179800
2,Sauter,749.992188,-6.558600,-7.179300,2.154300
2,Sauter,760.000000,-7.710400,-2.610900,3.498000
2,Sauter,769.984375,-5.601500,3.793100,3.050600
2,Sauter,779.992188,-3.415500,6.603000,0.908000
2,Sauter,790.000000,-3.054900,7.867300,-1.301100
2,Sauter,799.976563,-4.121800,10.366000,-3.821200
2,Sauter,809.992188,-6.312500,18.073399,-5.044700
2,Sauter,820.000000,-5.585700,28.990200,0.637300
2,Sauter,829.984375,-0.627700,38.565899,4.081300
2,Sauter,840.000000,8.091400,36.606098,3.275400
2,Sauter,849.976563,7.451400,30.364500,0.232000
2,Sauter,860.000000,6.101200,23.033100,-2.389700
2,Sauter,870.000000,3.598100,17.442999,-3.235100
2,Sauter,879.976563,2.623800,14.214700,-1.998500
2,Sauter,889.984375,3.094500,13.399099,0.240400
2,Sauter,900.000000,2.938100,13.147799,1.711500
2,Sauter,909.984375,1.459500,12.399199,1.829700
2,Sauter,919.984375,-0.042300,11.523399,0.721300
2,Sauter,930.000000,-0.878400,10.502900,-0.517300
2,Sauter,939.984375,-1.459800,9.605200,-0.873300
2,Sauter,949.992188,-1.564600,8.368199,-0.945500
2,Sauter,960.000000,-1.404800,6.946300,-0.557800
2,Sauter,969.984375,-1.407200,5.506800,-0.166700
2,Sauter,980.007813,-1.433300,3.904500,-0.018200
2,Sauter,990.007813,-1.215200,1.953700,0.048200
2,Sauter,999.984375,-0.805300,-0.014500,0.267400
2,Sauter,1010.000000,-0.506300,-1.875200,0.433900
2,Sauter,1019.976563,-0.298500,-3.526000,0.443500
2,Sauter,1029.984375,-0.244700,-4.813600,0.550600
2,Sauter,1040.000000,-0.073400,-5.794000,0.267900
2,Sauter,1049.976563,0.038100,-6.669600,-0.089300
2,Sauter,1059.984375,-0.018600,-7.310300,-0.375800
2,Sauter,1070.000000,-0.126500,-7.693300,-0.497900
2,Sauter,1079.984375,-0.427100,-7.976000,-0.239200
2,Sauter,1089.992188,-0.644500,-8.238000,0.037000
2,Sauter,1100.023438,-0.848300,-8.420800,0.450800
2,Sauter,1109.984375,-1.161100,-8.256200,0.626000
2,Sauter,1119.992188,-1.353800,-7.725600,0.568600
2,Sauter,1130.000000,-1.291200,-6.953000,0.465000
2,Sauter,1139.984375,-1.035000,-5.845300,0.240500
2,Sauter,1149.992188,-0.660700,-4.663000,0.047700
2,Sauter,1159.976563,-0.268200,-3.533100,-0.085400
2,Sauter,1169.992188,0.081900,-2.366200,-0.154300
2,Sauter,1180.000000,0.623800,-0.217400,-0.152500
2,Sauter,1189.976563,0.826700,0.927100,0.180400
2,Sauter,1199.984375,1.096400,1.958200,0.593600
2,Sauter,1210.000000,1.283500,2.932400,0.854500
2,Sauter,1219.992188,1.384400,3.753600,0.997000
2,Sauter,1229.984375,1.368900,4.374000,0.835800
2,Sauter,1240.007813,1.264500,4.705000,0.621100
2,Sauter,1249.984375,1.167600,4.769100,0.452800
2,Sauter,1259.992188,1.047500,4.607100,0.240200
2,Sauter,1270.007813,0.883100,4.364200,0.115800
2,Sauter,1279.984375,0.603400,4.071600,0.155500
2,Sauter,1289.992188,0.321600,3.540100,0.231700
2,Sauter,1300.000000,0.063000,2.957300,0.269700
2,Sauter,1309.992188,-0.104800,2.295300,0.400200
2,Sauter,1320.000000,-0.150500,1.584600,0.518300
2,Sauter,1329.976563,-0.156000,0.916500,0.576700
2,Sauter,1340.007813,-0.137600,0.319900,0.594100
2,Sauter,1350.000000,-0.077700,-0.252200,0.569900
2,Sauter,1359.976563,-0.020100,-0.810200,0.435300
2,Sauter,1369.984375,0.003200,-1.325900,0.303000
2,Sauter,1380.000000,0.078300,-1.800000,0.208700
2,Sauter,1389.984375,0.075200,-2.156300,0.201400
2,Sauter,1399.984375,0.074900,-2.444400,0.171400
2,Sauter,1410.007813,0.145800,-2.624700,0.071100
2,Sauter,1419.984375,0.162700,-2.639700,0.207700
2,Sauter,1429.992188,0.173200,-2.449800,0.468500
2,Sauter,1440.007813,0.235800,-2.170000,0.541900
2,Sauter,1449.984375,0.315300,-1.779500,0.466800
2,Sauter,1460.007813,0.372000,-1.279200,0.423700
2,Sauter,1469.968750,0.291900,-0.807400,0.370500
2,Sauter,1479.984375,0.228700,-0.336900,0.390800
2,Sauter,1490.000000,0.131900,0.092500,0.403100
2,Sauter,1499.976563,-0.072200,0.393200,0.342400
2,Sauter,1509.992188,-0.286000,0.691600,0.349500
2,Sauter,1520.000000,-0.492000,1.084100,0.687100
2,Sauter,1529.976563,-0.432600,1.348100,0.886300
2,Sauter,1539.992188,-0.261600,1.621400,1.093700
2,Sauter,1550.000000,-0.031900,1.836500,1.138700
2,Sauter,1559.984375,0.171800,2.014300,1.060300
2,Sauter,1569.992188,0.223600,2.076300,0.911800
2,Sauter,1580.023438,0.122000,1.914600,0.639000
2,Sauter,1589.984375,-0.172300,1.627100,0.256400
2,Sauter,1599.992188,-0.451300,1.310700,0.001800
2,Sauter,1610.007813,-0.639600,0.837100,-0.180800
2,Sauter,1619.984375,-0.798100,0.392000,-0.200800
2,Sauter,1629.992188,-0.755900,0.053600,-0.082700
2,Sauter,1639.976563,-0.646800,-0.314300,0.040100
2,Sauter,1649.992188,-0.511000,-0.555400,0.194900
2,Sauter,1660.000000,-0.375200,-0.728300,0.311500
2,Sauter,1669.976563,-0.194700,-0.752900,0.250200
2,Sauter,1679.992188,0.093800,-0.697500,0.268400
2,Sauter,1690.000000,0.271100,-0.514200,0.327400
2,Sauter,1699.992188,0.370100,-0.262900,0.475900
2,Sauter,1709.992188,0.411200,-0.060800,0.541800
2,Sauter,1720.000000,0.400500,0.053300,0.423500
2,Sauter,1729.984375,0.264800,0.079400,0.433000
2,Sauter,1739.992188,0.120600,0.115300,0.489800
2,Sauter,1750.007813,-0.026300,0.161100,0.494500
2,Sauter,1759.984375,-0.129700,0.207200,0.508300
2,Sauter,1769.992188,-0.172700,0.293800,0.478400
2,Sauter,1779.976563,-0.166000,0.439900,0.467800
2,Sauter,1789.984375,-0.125500,0.547100,0.514700
2,Sauter,1800.000000,-0.087000,0.615100,0.507600
2,Sauter,1809.976563,-0.003300,0.624300,0.443800
2,Sauter,1820.007813,0.014800,0.574600,0.313100
2,Sauter,1830.000000,-0.016700,0.515100,0.150100
2,Sauter,1839.976563,-0.066800,0.494600,-0.021200
2,Sauter,1849.992188,-0.078400,0.503400,-0.139900
2,Sauter,1860.000000,-0.059700,0.423800,-0.121000
2,Sauter,1869.976563,-0.002400,0.305100,-0.076300
2,Sauter,1879.992188,0.052400,0.167100,0.027100
2,Sauter,1890.000000,0.098100,0.088200,-0.010100
2,Sauter,1899.984375,0.136400,0.058800,-0.077100
2,Sauter,1910.000000,0.129800,0.029600,-0.154600
2,Sauter,1920.007813,0.138500,0.029700,-0.192300
2,Sauter,1929.984375,0.110100,0.039200,-0.151600
2,Sauter,1940.015625,0.089100,0.068200,-0.109000
2,Sauter,1949.976563,0.034700,0.097100,-0.032500
2,Sauter,1959.984375,0.031000,0.145600,0.073500
2,Sauter,1969.992188,0.055500,0.184200,0.106400
2,Sauter,1979.984375,0.083300,0.223100,0.120900
2,Sauter,1989.992188,0.113600,0.272100,0.100700
2,Sauter,2000.000000,0.183800,0.291900,0.102100
2,Sauter,2009.976563,0.246800,0.292500,0.115200
2,Sauter,2019.992188,0.305100,0.263800,0.071500
2,Sauter,2030.000000,0.303900,0.245100,0.058500
2,Sauter,2039.976563,0.275000,0.226500,-0.017100
2,Sauter,2050.000000,0.256900,0.188300,-0.023200
2,Sauter,2060.023438,0.194200,0.169600,0.016200
2,Sauter,2069.984375,0.124100,0.170200,0.040200
2,Sauter,2080.000000,0.026100,0.180200,0.076000
2,Sauter,2089.976563,-0.061200,0.199900,0.075800
2,Sauter,2099.984375,-0.136400,0.239000,0.043100
2,Sauter,2109.992188,-0.170000,0.258500,-0.015300
2,Sauter,2119.976563,-0.199100,0.268100,-0.021800
2,Sauter,2129.992188,-0.214300,0.267800,-0.023000
2,Sauter,2140.000000,-0.207100,0.267500,-0.005900
2,Sauter,2149.984375,-0.178700,0.276800,-0.010400
2,Sauter,2159.992188,-0.141300,0.276300,-0.027000
2,Sauter,2170.000000,-0.151300,0.275700,-0.053700
2,Sauter,2180.000000,-0.142900,0.275300,-0.162600
2,Sauter,2189.992188,-0.145100,0.275100,-0.161700
2,Sauter,2200.000000,-0.112000,0.294700,-0.157700
2,Sauter,2209.976563,-0.099600,0.334000,-0.130600
2,Sauter,2220.000000,-0.096700,0.373400,-0.140500
2,Sauter,2230.007813,-0.102400,0.383400,-0.148900
2,Sauter,2239.984375,-0.106700,0.403200,-0.128900
2,Sauter,2250.000000,-0.088800,0.373800,-0.099800
2,Sauter,2259.976563,-0.087100,0.314900,-0.089900
2,Sauter,2269.984375,-0.063200,0.275600,-0.166800
2,Sauter,2280.000000,-0.038800,0.275600,-0.240900
2,Sauter,2289.976563,-0.043500,0.285300,-0.183200
2,Sauter,2300.007813,-0.019100,0.295000,-0.137700
2,Sauter,2310.000000,-0.006400,0.314500,-0.111400
2,Sauter,2319.984375,-0.014700,0.343900,-0.113500
2,Sauter,2329.992188,-0.025800,0.363900,-0.217400
2,Sauter,2340.000000,-0.039200,0.335000,-0.222000
2,Sauter,2349.984375,-0.073400,0.315700,-0.122900
2,Sauter,2359.992188,-0.107300,0.306000,-0.000700
2,Sauter,2370.000000,-0.121900,0.296200,0.060300
2,Sauter,2379.984375,-0.117700,0.315800,0.071900
2,Sauter,2390.000000,-0.094600,0.276600,0.065100
2,Sauter,2399.976563,-0.071600,0.227600,0.096500
2,Sauter,2409.984375,-0.076600,0.188300,0.117000
2,Sauter,2420.015625,-0.072500,0.168700,0.051200
2,Sauter,2429.976563,-0.049500,0.168700,-0.006500
2,Sauter,2439.984375,-0.046600,0.168800,-0.062200
2,Sauter,2450.000000,-0.023600,0.208300,-0.134400
2,Sauter,2459.984375,0.008400,0.247700,-0.108500
2,Sauter,2469.992188,0.048700,0.306800,-0.074800
2,Sauter,2480.007813,0.077700,0.336400,-0.090100
2,Sauter,2489.984375,0.114600,0.326900,-0.104300
2,Sauter,2499.992188,0.122100,0.307600,-0.079200
2,Sauter,2510.000000,0.128800,0.288300,-0.083200
2,Sauter,2519.984375,0.116700,0.259100,-0.099800
2,Sauter,2529.992188,0.114700,0.190500,-0.137700
2,Sauter,2540.015625,0.083700,0.180900,-0.096700
2,Sauter,2549.984375,0.054200,0.181100,-0.112300
2,Sauter,2560.000000,0.016400,0.191100,-0.098100
2,Sauter,2569.976563,-0.020500,0.249900,-0.028100
2,Sauter,2579.984375,-0.047300,0.259500,-0.012400
2,Sauter,2590.000000,-0.083200,0.278800,-0.007900
2,Sauter,2599.976563,-0.071900,0.278700,-0.038000
2,Sauter,2609.984375,-0.053000,0.259400,-0.071800
