1,Sauter,0.000000,1.325900,16.815399,-2.656400
1,Sauter,9.996094,0.958700,16.596300,-1.044000
1,Sauter,19.976563,0.804500,16.688000,-0.665900
1,Sauter,29.988281,0.837800,16.899799,-0.982900
1,Sauter,39.964844,0.874800,16.917900,-1.007500
1,Sauter,49.976563,1.106000,16.352699,-0.656700
1,Sauter,59.988281,1.165800,15.713200,-0.604100
1,Sauter,69.968750,1.746600,15.074599,-1.027400
1,Sauter,79.980469,1.075200,13.731500,-0.697600
1,Sauter,89.988281,-0.289700,11.879399,0.149900
1,Sauter,99.972656,-1.573300,10.065599,0.687600
1,Sauter,109.980469,-2.584200,9.038899,0.416500
1,Sauter,120.007813,-2.692700,8.917800,0.795100
1,Sauter,129.972656,-1.401500,8.874700,1.715300
1,Sauter,139.984375,0.929200,8.088300,0.801900
1,Sauter,149.996094,2.638600,5.423500,-1.259900
1,Sauter,159.972656,2.917100,2.020600,-4.412400
1,Sauter,169.984375,1.981200,-1.650800,-5.683900
1,Sauter,179.964844,0.622500,-6.067400,-4.723500
1,Sauter,189.976563,-0.373200,-10.292700,-2.540700
1,Sauter,199.988281,-3.966200,-15.315499,-9.695200
1,Sauter,209.968750,-3.878600,-17.718700,-5.227500
1,Sauter,219.980469,-1.420000,-19.997299,-4.711000
1,Sauter,229.992188,-0.782900,-21.239700,-4.647500
1,Sauter,239.984375,3.135400,-24.558399,-6.033700
1,Sauter,249.980469,2.767700,-24.430700,0.598400
1,Sauter,259.988281,1.628000,-18.046900,1.923100
1,Sauter,269.972656,0.783200,-11.982800,1.146500
1,Sauter,279.984375,0.309300,-7.170200,2.225800
1,Sauter,289.992188,-0.632200,-4.260400,4.690700
1,Sauter,299.972656,-2.212200,-2.469800,6.678300
1,Sauter,309.984375,-3.768700,-0.586100,7.831100
1,Sauter,319.996094,-3.054200,-0.067700,7.878900
1,Sauter,329.972656,-1.068300,-1.189300,6.989600
1,Sauter,339.984375,0.385500,-3.258400,6.463700
1,Sauter,349.968750,1.050900,-5.036700,6.581500
1,Sauter,359.992188,1.207600,-6.504200,7.229100
1,Sauter,369.988281,0.559100,-6.828800,8.150599
1,Sauter,379.968750,-0.862600,-5.716400,9.139999
1,Sauter,389.980469,-1.012900,-3.492100,9.370900
1,Sauter,399.992188,-0.503500,-0.944400,8.120800
1,Sauter,409.968750,-0.030000,1.691600,6.729700
1,Sauter,419.984375,0.421100,4.312500,5.468000
1,Sauter,429.996094,0.778000,6.650700,4.686600
1,Sauter,439.972656,0.880600,8.473200,4.268700
1,Sauter,449.984375,0.239800,9.570700,3.629800
1,Sauter,459.992188,-0.534500,9.453100,4.501500
1,Sauter,469.976563,-1.278900,8.195000,5.621800
1,Sauter,480.003906,-2.659500,5.776400,6.776100
1,Sauter,489.964844,-4.012800,-1.494400,7.978700
1,Sauter,499.976563,-1.261600,-9.617100,4.483200
1,Sauter,509.988281,-0.318700,-11.143400,2.947000
1,Sauter,519.968750,0.088800,-11.614400,1.968500
1,Sauter,529.976563,0.790200,-11.287000,1.786800
1,Sauter,539.988281,1.394800,-9.396200,3.686900
1,Sauter,549.968750,0.707700,-4.760900,6.996900
1,Sauter,559.980469,-1.151400,1.243800,7.580400
1,Sauter,569.992188,-1.974300,4.472700,6.402800
1,Sauter,579.968750,-2.251900,5.850400,5.357800
1,Sauter,589.984375,-2.264700,6.540900,5.137000
1,Sauter,600.011719,-2.477400,6.988600,6.546200
1,Sauter,609.972656,-2.182200,6.376300,6.429500
1,Sauter,619.984375,-1.663200,5.417600,4.940100
1,Sauter,629.996094,-0.840400,4.328800,2.818900
1,Sauter,639.976563,0.633400,4.076200,0.801500
1,Sauter,649.988281,1.930200,5.145800,0.247100
1,Sauter,659.964844,0.613300,8.501800,4.201600
1,Sauter,669.980469,3.020700,12.528100,4.183100
1,Sauter,679.988281,4.076800,17.677599,3.266300
1,Sauter,689.968750,1.738300,23.922699,3.862800
1,Sauter,699.976563,-1.387300,28.293200,3.803000
1,Sauter,709.992188,-3.763800,30.333700,2.616000
1,Sauter,719.988281,-2.954000,26.648199,0.218700
1,Sauter,729.980469,-1.568600,21.762100,-2.213800
1,Sauter,739.992188,-0.444400,17.900499,-4.430700
1,Sauter,749.972656,0.711300,15.765200,-3.742600
1,Sauter,759.984375,0.988400,14.672400,-1.153400
1,Sauter,769.996094,0.567000,13.925600,0.539000
1,Sauter,779.972656,-0.262200,13.261000,0.705400
1,Sauter,789.988281,-0.992600,12.528100,-0.153200
1,Sauter,799.964844,-1.164500,11.371300,-0.749300
1,Sauter,809.976563,-1.095200,10.070200,-2.742500
1,Sauter,819.988281,-0.605200,8.805699,-1.924000
1,Sauter,829.968750,-0.325800,8.124000,-0.818300
1,Sauter,839.996094,-0.290900,7.283700,0.001300
1,Sauter,849.992188,-0.425800,6.605600,0.258100
1,Sauter,859.968750,-0.335900,5.965900,0.312600
1,Sauter,869.980469,-0.290200,5.283100,-0.010600
1,Sauter,879.988281,-0.428000,4.478900,-0.481000
1,Sauter,889.972656,-0.534500,3.398600,-0.932700
1,Sauter,899.980469,-0.533000,2.400100,-1.180300
1,Sauter,909.992188,-0.320000,1.374700,-0.792200
1,Sauter,919.972656,-0.252000,0.353800,-0.533600
1,Sauter,929.984375,-0.460800,-0.466400,-0.605100
1,Sauter,939.996094,-0.618700,-1.124100,0.034000
1,Sauter,949.976563,-0.865100,-1.975100,0.780800
1,Sauter,960.003906,-1.041700,-2.903600,0.835100
1,Sauter,969.964844,-0.898900,-3.366700,0.848800
1,Sauter,979.976563,-0.350900,-3.839000,0.800000
1,Sauter,989.988281,0.208400,-4.359700,0.491100
1,Sauter,999.968750,0.632000,-4.681600,0.230500
1,Sauter,1009.980469,0.789100,-4.992200,-0.033100
1,Sauter,1019.992188,0.819800,-4.941800,-0.005700
1,Sauter,1029.972656,0.674100,-4.928900,0.114200
1,Sauter,1039.984375,0.470200,-4.802000,0.213000
1,Sauter,1049.992188,0.376200,-4.557500,-0.238000
1,Sauter,1059.972656,0.395300,-4.127400,-0.711100
1,Sauter,1069.980469,0.614400,-3.574200,-0.879600
1,Sauter,1080.011719,1.056000,-2.975000,-0.733400
1,Sauter,1089.976563,1.360500,-2.529700,-0.216900
1,Sauter,1099.984375,1.226100,-2.437400,0.295100
1,Sauter,1109.968750,1.020500,-2.069200,0.416000
1,Sauter,1119.976563,0.710400,-1.701400,0.332700
1,Sauter,1129.988281,0.553900,-1.846000,0.275000
1,Sauter,1139.964844,0.320100,-2.074300,0.387500
1,Sauter,1149.976563,0.277400,-2.346000,0.520200
1,Sauter,1159.988281,0.243400,-2.500500,0.845500
1,Sauter,1169.968750,0.244500,-2.658300,1.195200
1,Sauter,1179.980469,0.260100,-2.821300,1.363700
1,Sauter,1189.992188,0.144700,-2.901500,1.509200
1,Sauter,1199.988281,0.383200,-2.663700,1.706500
1,Sauter,1209.984375,0.113900,-2.113100,1.501000
1,Sauter,1219.996094,-0.022700,-1.800900,1.553500
1,Sauter,1229.976563,-0.194500,-1.455200,1.664100
1,Sauter,1239.988281,-0.249500,-1.036400,1.521200
1,Sauter,1249.996094,-0.461700,-0.386900,1.363800
1,Sauter,1259.976563,-0.653500,0.028200,0.820600
1,Sauter,1269.984375,-0.611300,0.408800,0.337200
1,Sauter,1279.968750,-0.504500,0.636400,0.027100
1,Sauter,1289.980469,-0.376000,0.707700,0.107500
1,Sauter,1299.988281,-0.183600,0.698100,0.012500
1,Sauter,1309.972656,0.112500,0.764200,0.052300
1,Sauter,1320.000000,0.292100,0.593300,0.273200
1,Sauter,1329.992188,0.483500,0.382700,0.566900
1,Sauter,1339.968750,0.680400,-0.139700,0.908300
1,Sauter,1349.980469,0.451800,-0.699000,1.067600
1,Sauter,1359.992188,0.225300,-1.100100,0.998300
1,Sauter,1369.972656,0.033500,-1.226100,0.850000
1,Sauter,1379.984375,-0.154500,-1.351800,0.699900
1,Sauter,1389.996094,-0.229700,-1.241400,0.668100
1,Sauter,1399.972656,-0.225700,-1.130500,0.713600
1,Sauter,1409.988281,-0.146600,-1.215300,0.993300
1,Sauter,1419.964844,-0.031500,-1.259300,1.048400
1,Sauter,1429.976563,0.120100,-0.949700,1.143800
1,Sauter,1440.003906,0.189000,-0.717000,0.901600
1,Sauter,1449.968750,0.194800,-0.444600,0.714600
1,Sauter,1459.980469,0.268500,-0.210500,0.414600
1,Sauter,1469.988281,0.224300,-0.093000,0.055200
1,Sauter,1479.972656,0.364400,-0.052200,-0.282000
1,Sauter,1489.980469,0.458200,-0.049700,-0.494300
1,Sauter,1499.992188,0.536000,-0.163500,-0.698300
1,Sauter,1509.968750,0.447900,-0.199600,-0.610100
1,Sauter,1519.984375,0.172300,-0.236900,-0.654600
1,Sauter,1529.996094,-0.128400,-0.197400,-0.557900
1,Sauter,1539.972656,-0.338000,-0.159200,-0.235700
1,Sauter,1549.984375,-0.530900,-0.004900,-0.080700
1,Sauter,1560.011719,-0.627100,0.148100,0.070500
1,Sauter,1569.976563,-0.484100,0.105400,0.263800
1,Sauter,1579.988281,-0.337300,0.063300,0.237900
1,Sauter,1589.964844,-0.111400,-0.173400,0.004200
1,Sauter,1599.976563,0.059700,-0.291300,-0.022600
1,Sauter,1609.992188,0.327500,-0.447200,-0.085900
1,Sauter,1619.968750,0.425500,-0.524000,-0.074300
1,Sauter,1629.980469,0.510900,-0.483100,0.121400
1,Sauter,1639.988281,0.437800,-0.442300,0.348500
1,Sauter,1649.972656,0.291500,-0.284500,0.683600
1,Sauter,1659.984375,0.153900,-0.205100,0.755200
1,Sauter,1669.992188,-0.161400,-0.009000,0.790500
1,Sauter,1679.992188,-0.269700,0.186700,0.718000
1,Sauter,1689.980469,-0.295100,0.304000,0.415100
1,Sauter,1699.996094,-0.206700,0.343800,-0.069300
1,Sauter,1709.972656,-0.194200,0.344100,-0.205100
1,Sauter,1719.984375,-0.184200,0.147900,-0.235300
1,Sauter,1729.964844,-0.281400,-0.089000,-0.164600
1,Sauter,1739.976563,-0.294400,-0.287600,-0.068500
1,Sauter,1749.988281,-0.338700,-0.447700,-0.137200
1,Sauter,1759.968750,-0.343500,-0.450900,0.024400
1,Sauter,1769.980469,-0.281200,-0.610400,0.026100
1,Sauter,1779.992188,-0.156300,-0.573000,0.181400
1,Sauter,1789.968750,-0.156700,-0.417200,0.342700
1,Sauter,1799.996094,-0.165200,-0.260800,0.315900
1,Sauter,1809.992188,-0.065800,-0.221300,0.334700
1,Sauter,1819.972656,-0.116600,-0.103200,0.248400
1,Sauter,1829.984375,-0.160600,0.053700,0.165100
1,Sauter,1839.992188,-0.194800,-0.064600,0.225900
1,Sauter,1849.976563,-0.220800,-0.065600,0.206500
1,Sauter,1859.984375,-0.233800,-0.067300,0.296700
1,Sauter,1869.996094,-0.165000,-0.029800,0.269200
1,Sauter,1879.972656,0.019400,-0.148900,0.325100
1,Sauter,1889.984375,0.308800,-0.110400,0.274600
1,Sauter,1899.968750,0.506700,-0.188700,0.051900
1,Sauter,1909.976563,0.578600,-0.345100,-0.044900
1,Sauter,1920.003906,0.596600,-0.422200,-0.210600
1,Sauter,1929.968750,0.532400,-0.499100,-0.258200
1,Sauter,1939.980469,0.430100,-0.615300,-0.277400
1,Sauter,1949.992188,0.258700,-0.575500,-0.202900
1,Sauter,1959.968750,0.131300,-0.536000,-0.251000
1,Sauter,1969.980469,-0.028200,-0.418500,-0.186600
1,Sauter,1979.996094,-0.072600,-0.261600,-0.160200
1,Sauter,1989.972656,-0.229000,-0.065600,-0.243700
1,Sauter,1999.984375,-0.231300,0.052000,-0.363400
1,Sauter,2009.996094,-0.159500,0.209400,-0.395100
1,Sauter,2019.976563,-0.126900,0.092200,-0.386100
1,Sauter,2029.988281,-0.016100,-0.024600,-0.444200
1,Sauter,2039.980469,0.126800,-0.180000,-0.453300
1,Sauter,2049.980469,0.262900,-0.335200,-0.272300
1,Sauter,2059.988281,0.246600,-0.372800,-0.246600
1,Sauter,2069.968750,0.303700,-0.371100,-0.073400
1,Sauter,2079.976563,0.243100,-0.212500,-0.022600
1,Sauter,2089.988281,0.069700,-0.250500,0.142500
1,Sauter,2099.972656,-0.060800,-0.131700,0.113000
1,Sauter,2109.980469,-0.188100,-0.052200,0.202600
1,Sauter,2119.992188,-0.346500,-0.012500,0.251400
1,Sauter,2129.972656,-0.492000,-0.051600,0.038400
1,Sauter,2139.984375,-0.507200,-0.091000,-0.204000
1,Sauter,2149.996094,-0.512800,-0.209400,-0.256600
1,Sauter,2159.988281,-0.400600,-0.249500,-0.235900
1,Sauter,2169.984375,-0.139100,-0.172100,-0.110600
1,Sauter,2179.996094,0.224100,-0.172200,-0.181700
1,Sauter,2189.976563,0.570100,-0.132800,0.011800
1,Sauter,2199.988281,0.820100,-0.131700,0.125400
1,Sauter,2209.964844,0.715500,-0.130900,0.308000
1,Sauter,2219.976563,0.419000,-0.248200,0.448600
1,Sauter,2229.988281,0.282000,-0.326500,0.622600
1,Sauter,2239.968750,-0.007300,-0.248100,0.522200
1,Sauter,2249.980469,0.052900,-0.208800,0.495600
1,Sauter,2259.992188,-0.037700,-0.170100,0.655600
1,Sauter,2269.972656,-0.085600,-0.131600,0.694400
1,Sauter,2280.000000,-0.089400,-0.211100,0.726800
1,Sauter,2289.992188,-0.048500,-0.133900,0.678700
1,Sauter,2299.972656,-0.115400,-0.135400,0.561800
1,Sauter,2309.984375,-0.066200,-0.215100,0.560900
1,Sauter,2319.996094,-0.015500,-0.216200,0.489700
1,Sauter,2329.976563,0.031600,-0.217000,0.459300
1,Sauter,2339.988281,0.033500,-0.138700,0.397700
1,Sauter,2349.964844,-0.082500,-0.138900,0.148000
1,Sauter,2359.976563,0.027100,-0.060000,-0.013600
1,Sauter,2369.988281,-0.062200,0.058300,-0.054500
1,Sauter,2379.968750,-0.117100,0.020000,-0.103300
1,Sauter,2389.980469,-0.059200,-0.057000,-0.086400
1,Sauter,2400.007813,-0.118700,-0.055600,-0.149500
1,Sauter,2409.972656,-0.098200,-0.171800,-0.022900
1,Sauter,2419.980469,-0.032900,-0.327600,-0.123700
1,Sauter,2429.992188,0.118100,-0.523200,-0.337500
1,Sauter,2439.972656,0.277000,-0.562400,-0.272000
1,Sauter,2449.980469,0.403300,-0.445200,-0.204900
1,Sauter,2459.992188,0.334100,-0.249600,-0.057700
1,Sauter,2469.976563,0.257200,-0.249600,-0.060900
1,Sauter,2479.984375,0.141500,-0.210600,0.019100
1,Sauter,2489.996094,0.094500,-0.170800,0.017600
1,Sauter,2499.972656,-0.060500,-0.131600,0.091300
1,Sauter,2509.988281,-0.250400,-0.210600,0.094400
1,Sauter,2519.984375,-0.245700,-0.171700,0.176100
1,Sauter,2529.976563,-0.240800,-0.172100,0.257700
1,Sauter,2539.992188,-0.310100,-0.290500,0.185600
1,Sauter,2549.968750,-0.341800,-0.291100,0.075800
1,Sauter,2559.980469,-0.332300,-0.213400,-0.064900
1,Sauter,2569.992188,-0.133000,-0.253000,-0.125800
