1,Squat,0.000000,-0.190500,-0.260400,-0.024500
1,Squat,9.980469,-0.102500,-0.063700,-0.013600
1,Squat,19.990234,-0.094400,-0.141600,-0.120200
1,Squat,30.001953,-0.048800,-0.101700,-0.148200
1,Squat,39.982422,0.034400,-0.219200,-0.104100
1,Squat,49.994141,0.000000,-0.219000,-0.102200
1,Squat,59.974609,0.003200,-0.219200,-0.026900
1,Squat,69.984375,0.081600,-0.219700,0.043400
1,Squat,79.994141,0.119200,-0.220200,0.033700
1,Squat,89.992188,0.155300,-0.338000,0.032500
1,Squat,99.986328,0.076800,-0.377500,0.106400
1,Squat,109.998047,0.036000,-0.338400,0.142700
1,Squat,119.978516,0.032700,-0.299600,0.252700
1,Squat,129.988281,-0.004800,-0.260700,0.168100
1,Squat,140.000000,-0.003200,-0.260700,0.129000
1,Squat,149.978516,0.034400,-0.143200,0.125600
1,Squat,159.992188,0.031100,-0.221800,0.004700
1,Squat,170.001953,0.104800,-0.221800,-0.112700
1,Squat,179.982422,0.062300,-0.300100,-0.071600
1,Squat,189.992188,0.023100,-0.338900,-0.102500
1,Squat,199.972656,-0.048800,-0.417100,-0.058100
1,Squat,210.000000,-0.008000,-0.416800,-0.053000
1,Squat,219.994141,-0.083200,-0.455800,-0.010200
1,Squat,229.976563,-0.122500,-0.573200,-0.005000
1,Squat,239.986328,-0.086500,-0.612200,0.038100
1,Squat,249.998047,-0.127300,-0.651400,-0.000100
1,Squat,259.976563,-0.125700,-0.612100,0.001000
1,Squat,269.988281,-0.124100,-0.729900,-0.040000
1,Squat,279.998047,-0.120900,-0.691000,-0.005900
1,Squat,289.978516,-0.076800,-0.652000,-0.009800
1,Squat,299.988281,-0.035900,-0.691200,-0.088800
1,Squat,310.000000,-0.034300,-0.612500,-0.123800
1,Squat,319.982422,0.045700,-0.572900,-0.116500
1,Squat,330.007813,0.086600,-0.612000,0.003700
1,Squat,340.003906,0.127500,-0.612300,0.193900
1,Squat,349.982422,0.163500,-0.690900,0.191300
1,Squat,359.994141,0.120900,-0.887100,0.228600
1,Squat,369.972656,0.230300,-0.926200,0.231700
1,Squat,379.984375,0.107600,-1.200700,0.194700
1,Squat,389.996094,0.102600,-1.435800,0.120700
1,Squat,399.974609,0.174200,-1.553000,0.088200
1,Squat,409.986328,0.167300,-1.710100,0.202800
1,Squat,419.998047,0.126200,-1.514800,0.344200
1,Squat,429.978516,0.010100,-1.280300,0.329500
1,Squat,439.990234,-0.064900,-1.084600,0.124800
1,Squat,450.015625,-0.327500,-0.849200,-0.070200
1,Squat,459.980469,-0.313800,-1.044800,-0.256300
1,Squat,469.992188,-0.228400,-1.318800,-0.206400
1,Squat,480.001953,-0.185600,-1.671800,0.029800
1,Squat,489.982422,-0.180300,-1.946900,0.295500
1,Squat,499.992188,-0.176700,-2.026500,0.509500
1,Squat,509.972656,-0.247900,-2.145700,0.713100
1,Squat,519.984375,-0.315400,-2.186700,0.753700
1,Squat,529.994141,-0.304400,-2.109500,0.604800
1,Squat,539.976563,-0.328800,-2.071000,0.311200
1,Squat,549.986328,-0.312000,-1.836200,0.138200
1,Squat,559.998047,-0.220400,-1.640300,-0.029600
1,Squat,569.994141,-0.203400,-1.483700,-0.003500
1,Squat,579.988281,-0.035000,-1.405500,0.025900
1,Squat,589.998047,0.090400,-1.287800,0.099800
1,Squat,599.978516,0.025100,-0.934800,0.094700
1,Squat,609.988281,-0.113400,-0.620800,0.053100
1,Squat,620.000000,-0.089900,-0.306500,-0.024400
1,Squat,629.980469,0.039700,-0.266900,-0.138000
1,Squat,639.992188,0.051600,-0.541300,-0.100200
1,Squat,650.001953,0.142200,-0.894300,-0.028300
1,Squat,659.982422,0.154600,-1.404300,0.158100
1,Squat,669.992188,0.128300,-1.678700,0.193900
1,Squat,679.972656,0.173800,-1.913900,0.153800
1,Squat,690.000000,0.251400,-1.914200,0.106600
1,Squat,699.996094,0.200500,-1.836600,0.127000
1,Squat,709.976563,0.113500,-1.641500,0.135700
1,Squat,719.986328,-0.116200,-1.367500,0.106100
1,Squat,730.000000,-0.258800,-1.249800,0.087200
1,Squat,739.978516,-0.245300,-1.014300,0.080800
1,Squat,749.990234,-0.157100,-1.013800,-0.026800
1,Squat,760.000000,0.072800,-0.856400,-0.155900
1,Squat,769.980469,0.288100,-0.620700,-0.162600
1,Squat,779.990234,0.493000,-0.542100,-0.248300
1,Squat,790.001953,0.573600,-0.581400,-0.266400
1,Squat,799.982422,0.312500,-0.659800,-0.252300
1,Squat,810.011719,0.253200,-0.620700,-0.207600
1,Squat,819.974609,0.158400,-0.502800,-0.312800
1,Squat,829.984375,-0.075600,-0.580400,-0.485800
1,Squat,839.996094,-0.293900,-0.657400,-0.496600
1,Squat,849.974609,-0.617500,-0.734200,-0.467400
1,Squat,859.986328,-0.857300,-0.732400,-0.364500
1,Squat,869.996094,-0.859700,-0.613100,-0.230500
1,Squat,879.976563,-0.555300,-0.415400,-0.369700
1,Squat,889.986328,-0.076400,-0.138900,-0.651500
1,Squat,899.998047,0.046700,0.177100,-0.692800
1,Squat,909.978516,0.013900,0.258200,-0.611500
1,Squat,919.990234,-0.206700,0.143300,-0.418700
1,Squat,930.017578,-0.678700,-0.049700,-0.235100
1,Squat,939.980469,-0.900600,-0.242700,-0.022200
1,Squat,949.992188,-1.188400,-0.160400,0.071000
1,Squat,960.003906,-1.051700,-0.233800,-0.175000
1,Squat,969.984375,-0.552800,-0.072000,-0.522200
1,Squat,979.994141,-0.118100,0.128400,-0.628300
1,Squat,989.974609,0.261000,0.328600,-0.690800
1,Squat,999.984375,0.363600,0.608300,-0.980800
1,Squat,1009.996094,0.283500,0.575100,-1.037200
1,Squat,1019.976563,-0.009100,0.504200,-0.977100
1,Squat,1029.986328,-0.542800,0.433800,-0.658200
1,Squat,1040.000000,-0.747200,0.285100,-0.351900
1,Squat,1049.994141,-0.875300,0.290800,0.282000
1,Squat,1059.990234,-0.585300,0.960700,0.663700
1,Squat,1070.000000,-0.347000,1.356200,0.308400
1,Squat,1079.980469,-0.126800,1.437600,-0.154500
1,Squat,1089.990234,0.000600,1.401600,-0.487900
1,Squat,1100.001953,-0.077400,0.934200,-0.617600
1,Squat,1109.980469,-0.274800,0.544500,-0.321700
1,Squat,1119.992188,-0.502400,0.233100,0.045400
1,Squat,1129.974609,-0.747200,0.118000,0.319100
1,Squat,1139.984375,-0.925400,0.239500,0.344600
1,Squat,1149.996094,-0.976900,0.440700,0.252800
1,Squat,1159.974609,-0.875900,0.800900,-0.175600
1,Squat,1170.001953,-0.636500,1.082400,-0.394800
1,Squat,1179.996094,-0.500600,1.165800,-0.411800
1,Squat,1189.976563,-0.379600,1.050800,-0.080400
1,Squat,1199.988281,-0.161700,0.894300,0.016800
1,Squat,1210.000000,0.013700,0.618000,0.139800
1,Squat,1219.978516,0.049500,0.499700,-0.019200
1,Squat,1229.990234,0.137000,0.814900,-0.330200
1,Squat,1240.001953,0.122300,1.053400,-0.445600
1,Squat,1249.982422,0.302700,1.213300,-0.758000
1,Squat,1259.994141,0.208900,1.373800,-0.988600
1,Squat,1270.003906,-0.045000,1.690700,-1.023500
1,Squat,1279.984375,-0.198200,1.849100,-0.859000
1,Squat,1290.011719,-0.130000,1.967100,-0.729300
1,Squat,1299.974609,0.041500,2.007700,-0.619500
1,Squat,1309.984375,0.104200,1.934100,-0.571200
1,Squat,1319.996094,-0.091600,1.823300,-0.760400
1,Squat,1329.976563,-0.159600,1.830100,-0.919900
1,Squat,1339.986328,-0.296600,1.876200,-1.047800
1,Squat,1349.998047,-0.357500,1.959200,-0.875900
1,Squat,1359.978516,-0.235500,2.041100,-0.740300
1,Squat,1369.990234,-0.051400,2.043500,-0.598300
1,Squat,1380.000000,-0.111600,2.085700,-0.603500
1,Squat,1389.980469,-0.025900,2.009800,-0.643200
1,Squat,1399.990234,-0.099000,2.091500,-0.758500
1,Squat,1410.019531,-0.243000,2.015600,-0.805200
1,Squat,1419.980469,-0.223400,2.017600,-0.742100
1,Squat,1429.994141,-0.238500,1.980700,-0.681100
1,Squat,1439.972656,-0.174500,2.023500,-0.574300
1,Squat,1449.984375,-0.182000,2.145800,-0.545400
1,Squat,1459.994141,-0.259300,2.033700,-0.438200
1,Squat,1469.974609,-0.370500,1.958200,-0.073600
1,Squat,1479.984375,-0.321100,1.684700,0.083200
1,Squat,1489.998047,-0.348800,1.528300,0.157700
1,Squat,1499.978516,-0.179700,1.528400,-0.045000
1,Squat,1509.988281,-0.019500,1.645000,-0.248700
1,Squat,1520.000000,0.165000,1.761400,-0.483900
1,Squat,1529.996094,0.186900,1.681400,-0.325200
1,Squat,1539.992188,0.134800,1.679500,-0.053200
1,Squat,1550.001953,-0.250000,1.521400,0.289100
1,Squat,1559.982422,-0.428800,1.245900,0.431200
1,Squat,1569.992188,-0.417800,1.087500,0.181300
1,Squat,1580.003906,-0.257500,1.045000,0.122700
1,Squat,1589.982422,0.044500,0.961200,0.061200
1,Squat,1599.994141,0.295500,0.994500,0.082200
1,Squat,1609.974609,0.276100,0.911100,0.144500
1,Squat,1619.984375,0.149900,0.790100,0.170500
1,Squat,1629.998047,-0.011300,0.786400,0.269700
1,Squat,1639.976563,-0.200600,0.587200,0.286700
1,Squat,1650.003906,-0.194500,0.544000,0.259700
1,Squat,1659.998047,-0.230500,0.538700,0.305100
1,Squat,1669.978516,-0.150500,0.535800,-0.105800
1,Squat,1679.988281,0.002200,0.533800,-0.350700
1,Squat,1690.000000,0.114600,0.454200,-0.432600
1,Squat,1699.978516,0.223600,0.334900,-0.359100
1,Squat,1709.990234,0.250000,0.214400,-0.172000
1,Squat,1720.001953,0.270500,0.132300,0.209700
1,Squat,1729.982422,0.063700,-0.028500,0.544300
1,Squat,1739.994141,0.050600,0.007300,0.414000
1,Squat,1749.972656,0.081600,-0.192000,0.319400
1,Squat,1759.984375,0.117400,-0.234000,0.107800
1,Squat,1770.011719,0.046000,-0.157900,-0.029800
1,Squat,1779.976563,-0.059000,-0.158200,-0.158100
1,Squat,1789.986328,-0.086000,-0.078300,-0.234600
1,Squat,1799.998047,-0.164900,-0.037800,-0.069300
1,Squat,1809.976563,-0.173400,-0.116400,0.170500
1,Squat,1819.988281,-0.031700,-0.080200,0.278400
1,Squat,1829.998047,0.072700,-0.317900,0.192600
1,Squat,1839.980469,0.184900,-0.475300,-0.042200
1,Squat,1849.992188,0.455000,-0.787400,-0.302200
1,Squat,1860.001953,0.601500,-0.980000,-0.547500
1,Squat,1869.982422,0.661500,-1.057000,-0.252500
1,Squat,1879.992188,0.523200,-0.939300,0.073500
1,Squat,1889.988281,0.343200,-0.901600,0.312000
1,Squat,1899.982422,0.282100,-0.942300,0.315200
1,Squat,1909.994141,0.070400,-1.020700,0.284300
1,Squat,1919.972656,0.096200,-1.179000,0.165000
1,Squat,1929.984375,0.202400,-1.337200,-0.033300
1,Squat,1939.996094,0.346700,-1.652200,-0.112500
1,Squat,1949.976563,0.375900,-1.614300,0.001600
1,Squat,1959.988281,0.254400,-1.614800,0.118200
1,Squat,1969.998047,0.289000,-1.497300,0.432900
1,Squat,1979.978516,0.086900,-1.301100,0.671800
1,Squat,1989.988281,-0.068500,-1.419300,0.746400
1,Squat,2000.001953,-0.327900,-1.653000,0.514000
1,Squat,2009.998047,-0.535400,-1.806200,0.208900
1,Squat,2019.992188,-0.584700,-2.035700,-0.122800
1,Squat,2030.001953,-0.522800,-2.030500,-0.181300
1,Squat,2039.982422,-0.313900,-1.988100,-0.051600
1,Squat,2049.994141,0.106900,-1.831100,0.229300
1,Squat,2059.974609,0.619000,-1.598500,0.506800
1,Squat,2069.986328,0.924100,-1.210100,0.624800
1,Squat,2079.996094,1.291100,-0.981000,0.655600
1,Squat,2089.976563,1.417300,-0.753000,0.483700
1,Squat,2099.986328,1.396400,-0.720400,0.191400
1,Squat,2109.998047,1.156400,-0.883600,0.010800
1,Squat,2119.976563,0.816900,-1.004700,0.037200
1,Squat,2130.003906,0.525000,-1.358200,0.079400
1,Squat,2140.000000,0.052200,-1.631500,0.245000
1,Squat,2149.980469,-0.324600,-2.022900,0.480800
1,Squat,2159.990234,-0.579400,-2.258700,0.667500
1,Squat,2170.001953,-0.669900,-2.298600,0.614300
1,Squat,2179.982422,-0.525800,-2.065500,0.550700
1,Squat,2189.992188,-0.194500,-1.833200,0.406400
1,Squat,2199.972656,0.197700,-1.600100,0.234500
1,Squat,2209.982422,0.490400,-1.444900,0.074600
1,Squat,2219.994141,0.807000,-1.248900,0.048400
1,Squat,2229.974609,0.724300,-1.207000,-0.075900
1,Squat,2239.984375,0.560800,-1.125300,-0.041300
1,Squat,2250.013672,0.277600,-1.163100,-0.019200
1,Squat,2259.976563,-0.154700,-1.241800,-0.049900
1,Squat,2269.986328,-0.273500,-1.205200,-0.097100
1,Squat,2280.000000,0.062100,-1.093200,0.152500
1,Squat,2289.976563,0.276800,-1.059200,0.245400
1,Squat,2299.990234,0.349900,-1.139800,0.197400
1,Squat,2310.000000,0.443400,-1.099600,0.127700
1,Squat,2319.980469,0.473500,-1.292500,0.070900
1,Squat,2329.994141,0.596700,-1.208900,-0.054200
1,Squat,2340.003906,0.536600,-1.125500,-0.103400
1,Squat,2349.984375,0.369900,-0.926300,-0.087800
1,Squat,2359.994141,0.202900,-0.769300,0.105500
1,Squat,2369.988281,0.142300,-0.573300,0.102200
1,Squat,2379.984375,0.071800,-0.298900,0.021200
1,Squat,2389.996094,0.020100,-0.180100,-0.127000
1,Squat,2399.976563,0.101900,-0.098600,-0.261300
1,Squat,2409.986328,0.391200,-0.172200,-0.344300
1,Squat,2419.996094,0.361000,-0.285100,-0.273900
1,Squat,2429.976563,0.260700,-0.281600,-0.018100
1,Squat,2439.988281,0.214200,-0.319700,0.261800
1,Squat,2449.998047,0.110400,-0.164200,0.449000
1,Squat,2459.980469,-0.088500,-0.166400,0.397100
1,Squat,2469.990234,-0.076200,-0.090300,0.383800
1,Squat,2480.001953,-0.065700,-0.053700,0.251400
1,Squat,2489.998047,-0.060500,-0.251500,0.163500
1,Squat,2499.992188,-0.140400,-0.291800,0.078900
1,Squat,2509.970703,-0.196000,-0.215000,0.107700
1,Squat,2519.982422,-0.140400,-0.138100,0.057800
1,Squat,2529.994141,0.078600,-0.256300,0.210600
