1,Squat,0.000000,-0.097000,-0.234200,-0.237900
1,Squat,10.027344,-0.061100,-0.195100,-0.110500
1,Squat,19.990234,0.012500,-0.234400,-0.028900
1,Squat,30.001953,0.048600,-0.391300,0.160700
1,Squat,40.013672,0.083200,-0.391300,0.149400
1,Squat,49.994141,0.122600,-0.352000,0.174000
1,Squat,60.003906,0.234000,-0.352100,0.126600
1,Squat,70.015625,0.190000,-0.273600,0.084100
1,Squat,79.994141,0.146000,-0.195200,0.082400
1,Squat,90.007813,0.177100,-0.156100,0.043200
1,Squat,100.017578,0.206600,-0.156200,-0.108700
1,Squat,109.998047,0.201700,-0.195500,-0.069400
1,Squat,120.007813,0.159200,-0.234700,0.043300
1,Squat,130.005859,0.157600,-0.352400,0.077700
1,Squat,140.000000,0.154300,-0.313100,0.076100
1,Squat,150.009766,0.149500,-0.273900,0.154500
1,Squat,159.992188,0.103700,-0.195500,0.301900
1,Squat,170.001953,0.018800,-0.234700,0.218600
1,Squat,180.013672,-0.057900,-0.234700,0.217000
1,Squat,189.992188,-0.129900,-0.391400,0.208800
1,Squat,200.003906,-0.162600,-0.234400,0.123900
1,Squat,210.013672,-0.092300,-0.195100,0.153500
1,Squat,219.994141,-0.138000,-0.234200,0.176600
1,Squat,230.003906,-0.106900,-0.233900,0.154200
1,Squat,240.015625,-0.077300,-0.272800,0.095600
1,Squat,250.013672,-0.157400,-0.311600,0.113800
1,Squat,260.007813,-0.044500,-0.389800,0.059900
1,Squat,270.017578,-0.046100,-0.389700,-0.101900
1,Squat,279.998047,-0.046100,-0.350700,-0.211400
1,Squat,290.009766,-0.006900,-0.272300,-0.165700
1,Squat,299.988281,-0.005300,-0.233200,-0.119900
1,Squat,310.000000,0.038600,-0.233300,-0.077300
1,Squat,320.011719,0.041900,-0.272600,-0.188600
1,Squat,329.990234,0.043500,-0.351200,-0.144600
1,Squat,340.001953,0.046800,-0.390500,-0.254400
1,Squat,350.015625,0.014100,-0.390500,-0.215400
1,Squat,359.994141,0.095800,-0.468900,-0.138700
1,Squat,370.019531,0.135100,-0.468800,0.014700
1,Squat,380.015625,0.172700,-0.547300,-0.062200
1,Squat,389.996094,0.096000,-0.547300,-0.023200
1,Squat,400.007813,0.135300,-0.586700,-0.170600
1,Squat,410.017578,-0.091700,-0.587000,-0.267400
1,Squat,419.998047,-0.086800,-0.587300,-0.362500
1,Squat,430.007813,-0.235400,-0.587400,-0.264600
1,Squat,439.988281,-0.268000,-0.626800,-0.169900
1,Squat,449.998047,-0.150200,-0.587700,-0.157000
1,Squat,460.011719,-0.071600,-0.666300,-0.255100
1,Squat,469.992188,0.039600,-0.666400,-0.271500
1,Squat,480.001953,0.147600,-0.745000,-0.286100
1,Squat,490.029297,0.064300,-0.862700,-0.150300
1,Squat,499.992188,-0.056400,-0.784300,-0.130400
1,Squat,510.003906,-0.167400,-0.784100,-0.187300
1,Squat,520.013672,-0.461100,-0.823100,-0.209800
1,Squat,529.994141,-0.591200,-0.901200,-0.160400
1,Squat,540.005859,-0.675100,-1.057500,-0.261200
1,Squat,550.017578,-0.490700,-1.292300,-0.092100
1,Squat,559.994141,-0.310900,-1.448700,0.109500
1,Squat,570.007813,0.012400,-1.605400,0.147700
1,Squat,580.019531,0.134700,-1.605300,0.110800
1,Squat,589.998047,0.176800,-1.683700,0.108000
1,Squat,600.009766,0.178100,-1.722900,-0.005500
1,Squat,610.007813,0.182900,-1.840400,0.002100
1,Squat,620.001953,0.039800,-2.036000,0.129300
1,Squat,630.011719,-0.206600,-2.113800,0.285400
1,Squat,639.992188,-0.219200,-2.034700,0.473500
1,Squat,650.001953,0.109000,-2.034500,0.533200
1,Squat,660.013672,0.299900,-1.956400,0.471200
1,Squat,669.992188,0.369000,-1.603800,0.367900
1,Squat,680.005859,0.314700,-1.525900,0.309000
1,Squat,690.015625,0.035900,-1.526000,0.255300
1,Squat,699.996094,-0.262200,-1.407900,0.390400
1,Squat,710.005859,-0.654200,-1.367400,0.512400
1,Squat,720.017578,-0.870800,-1.325700,0.737300
1,Squat,730.013672,-0.658000,-1.166000,0.498600
1,Squat,740.007813,-0.194500,-1.164100,0.312000
1,Squat,749.988281,0.467300,-1.046400,0.020600
1,Squat,760.000000,0.830400,-0.930000,-0.336200
1,Squat,770.011719,0.936100,-1.049800,-0.454100
1,Squat,779.990234,0.765100,-1.130100,-0.340400
1,Squat,790.001953,0.594100,-1.327600,-0.163100
1,Squat,800.011719,0.398500,-1.563400,0.087000
1,Squat,809.992188,0.180300,-1.681000,0.258600
1,Squat,820.001953,-0.013800,-1.680400,0.236200
1,Squat,830.015625,-0.155900,-1.522500,0.137400
1,Squat,839.994141,-0.214300,-1.364800,-0.069300
1,Squat,850.021484,-0.232000,-1.128500,-0.159800
1,Squat,860.015625,-0.211000,-1.010300,-0.470500
1,Squat,869.996094,-0.160500,-0.892700,-0.611000
1,Squat,880.009766,-0.349300,-0.893300,-0.624800
1,Squat,890.019531,-0.456100,-0.815200,-0.515800
1,Squat,900.000000,-0.618300,-0.696800,-0.182500
1,Squat,910.009766,-0.650800,-0.577600,-0.015100
1,Squat,919.990234,-0.564100,-0.340300,-0.046000
1,Squat,930.000000,-0.331900,-0.221100,-0.189300
1,Squat,940.011719,0.103400,-0.103600,-0.327400
1,Squat,949.994141,0.393300,-0.066100,-0.489300
1,Squat,960.003906,0.425600,-0.029500,-0.636000
1,Squat,970.031250,0.255600,-0.110500,-0.462600
1,Squat,979.994141,-0.014100,-0.072500,-0.228400
1,Squat,990.005859,-0.292300,0.084200,-0.047600
1,Squat,1000.015625,-0.454800,0.281600,-0.186000
1,Squat,1009.996094,-0.442200,0.401400,-0.032800
1,Squat,1020.005859,-0.384500,0.404000,-0.003900
1,Squat,1030.017578,-0.107400,0.406100,-0.084300
1,Squat,1039.996094,-0.146900,0.447500,-0.190600
1,Squat,1050.007813,-0.227900,0.214400,-0.092800
1,Squat,1059.990234,-0.124700,0.098500,-0.103200
1,Squat,1069.998047,-0.108500,0.139200,-0.300500
1,Squat,1080.009766,-0.060900,0.140300,-0.341400
1,Squat,1090.007813,0.020000,0.062500,-0.236800
1,Squat,1100.001953,0.097000,-0.015300,-0.326800
1,Squat,1110.013672,0.021000,-0.132500,-0.311800
1,Squat,1119.992188,0.025400,-0.171100,-0.378300
1,Squat,1130.003906,-0.241500,-0.209500,-0.481000
1,Squat,1140.015625,-0.427200,-0.051200,-0.576000
1,Squat,1149.994141,-0.613000,0.068200,-0.578600
1,Squat,1160.007813,-0.681500,0.305900,-0.611600
1,Squat,1170.017578,-0.104800,0.502700,-0.417100
1,Squat,1179.998047,-0.146100,0.504100,-0.498900
1,Squat,1190.007813,0.208300,0.466800,-0.695200
1,Squat,1200.019531,0.185300,0.156000,-0.776400
1,Squat,1210.013672,0.055200,-0.310800,-0.859700
1,Squat,1220.009766,-0.034700,-0.620600,-0.631600
1,Squat,1229.990234,-0.317500,-0.655700,-0.290300
1,Squat,1240.000000,-0.523300,-0.495000,0.045000
1,Squat,1250.011719,-0.501900,-0.100000,0.059900
1,Squat,1259.990234,-0.482400,0.138800,-0.069900
1,Squat,1270.001953,-0.464900,0.653800,-0.570200
1,Squat,1280.013672,-0.364700,1.169900,-0.790000
1,Squat,1289.994141,-0.234000,1.450000,-0.816400
1,Squat,1300.003906,-0.188700,1.454800,-0.611700
1,Squat,1310.015625,-0.066100,1.223500,-0.376900
1,Squat,1319.996094,0.015700,0.834800,-0.421400
1,Squat,1330.023438,0.209800,0.681700,-0.616400
1,Squat,1340.015625,0.248200,0.647500,-0.724300
1,Squat,1349.996094,0.212300,0.691500,-0.605200
1,Squat,1360.009766,0.022900,0.853500,-0.566000
1,Squat,1369.988281,-0.310400,0.976500,-0.379900
1,Squat,1380.000000,-0.566200,1.137000,-0.129800
1,Squat,1390.011719,-0.705400,1.178500,0.069700
1,Squat,1399.990234,-0.656800,1.179400,0.147900
1,Squat,1410.001953,-0.612200,1.296900,0.220800
1,Squat,1420.013672,-0.358800,1.535400,-0.043700
1,Squat,1429.994141,-0.116100,1.617400,-0.491700
1,Squat,1440.003906,0.130000,1.777400,-0.554300
1,Squat,1450.031250,0.213400,1.896500,-0.469200
1,Squat,1459.994141,0.097600,1.895500,-0.204200
1,Squat,1470.007813,-0.094700,1.815600,0.094800
1,Squat,1480.017578,-0.290900,1.657800,0.205500
1,Squat,1489.998047,-0.525800,1.619400,0.172700
1,Squat,1500.007813,-0.676100,1.817600,0.066100
1,Squat,1510.019531,-0.745900,2.211800,-0.004700
1,Squat,1519.998047,-0.660500,2.486700,-0.204500
1,Squat,1530.009766,-0.308700,2.642700,-0.367400
1,Squat,1539.990234,-0.153600,2.758700,-0.261600
1,Squat,1550.000000,-0.077500,2.521800,-0.115600
1,Squat,1560.009766,-0.076100,2.325400,-0.157900
1,Squat,1570.009766,-0.225100,2.325600,-0.203100
1,Squat,1580.003906,-0.249000,2.325300,-0.179800
1,Squat,1590.013672,-0.422600,2.403800,-0.201300
1,Squat,1599.994141,-0.439800,2.522000,-0.258200
1,Squat,1610.003906,-0.461400,2.365300,-0.274400
1,Squat,1620.015625,-0.531700,2.561400,-0.361300
1,Squat,1629.994141,-0.380100,2.521900,-0.437100
1,Squat,1640.007813,-0.275400,2.207200,-0.274800
1,Squat,1650.017578,-0.172300,2.010000,-0.190300
1,Squat,1659.998047,-0.108900,1.930200,0.008700
1,Squat,1670.007813,-0.039300,1.889600,-0.072200
1,Squat,1679.988281,0.073700,1.887100,-0.089600
1,Squat,1690.015625,0.077200,1.885500,-0.147000
1,Squat,1700.013672,-0.067100,1.649900,-0.123600
1,Squat,1709.990234,-0.095800,1.454400,-0.167700
1,Squat,1720.001953,-0.015200,1.219900,-0.161900
1,Squat,1730.013672,-0.057500,1.063900,-0.190100
1,Squat,1739.994141,0.046500,0.788900,-0.179300
1,Squat,1750.001953,0.029600,0.473500,0.019200
1,Squat,1760.013672,0.049600,0.393600,-0.130700
1,Squat,1769.998047,0.033900,0.352900,-0.129200
1,Squat,1780.005859,-0.159400,0.469500,0.094500
1,Squat,1790.017578,-0.075500,0.586500,0.200300
1,Squat,1799.998047,0.045400,0.585600,0.306500
1,Squat,1810.025391,0.237600,0.544200,0.368800
1,Squat,1820.017578,0.380100,0.462500,0.313500
1,Squat,1829.998047,0.440200,0.341400,0.299100
1,Squat,1840.009766,0.452700,0.377000,0.095500
1,Squat,1849.990234,0.349100,0.257100,-0.215400
1,Squat,1859.998047,0.434700,0.372600,-0.440500
1,Squat,1870.013672,0.513600,0.291700,-0.507400
1,Squat,1879.990234,0.479600,0.367200,-0.310000
1,Squat,1890.001953,0.335000,0.326300,-0.341900
1,Squat,1900.013672,0.160800,0.130100,-0.407300
1,Squat,1909.994141,0.108800,-0.104300,-0.310700
1,Squat,1920.005859,-0.013600,-0.377800,-0.218700
1,Squat,1930.033203,0.100000,-0.690400,-0.165900
1,Squat,1939.998047,0.171700,-0.729800,0.073000
1,Squat,1950.005859,0.346800,-0.810100,0.228500
1,Squat,1960.017578,0.511900,-0.813100,0.262600
1,Squat,1969.998047,0.633800,-0.973600,0.332400
1,Squat,1980.009766,0.634400,-1.211600,0.058600
1,Squat,1989.990234,0.636700,-1.252200,-0.205300
1,Squat,2000.001953,0.523100,-1.251900,-0.301100
1,Squat,2010.009766,0.375700,-1.173500,-0.285900
1,Squat,2019.990234,0.270500,-1.252500,-0.119900
1,Squat,2030.001953,0.235700,-1.292800,0.200600
1,Squat,2040.013672,0.241400,-1.255100,0.476000
1,Squat,2050.009766,0.174900,-1.413400,0.632900
1,Squat,2060.001953,0.193300,-1.570800,0.636700
1,Squat,2070.017578,0.216600,-1.766700,0.526700
1,Squat,2079.994141,0.354000,-2.040600,0.460200
1,Squat,2090.005859,0.448800,-2.236700,0.390200
1,Squat,2100.017578,0.384500,-2.393000,0.010100
1,Squat,2109.998047,0.102000,-2.392100,-0.137000
1,Squat,2120.005859,0.211200,-2.235700,0.017800
1,Squat,2129.986328,0.202300,-2.001400,0.286000
1,Squat,2139.998047,0.299300,-1.533600,0.424700
1,Squat,2150.009766,0.457500,-1.459000,0.401000
1,Squat,2159.990234,0.417000,-1.501800,0.379600
1,Squat,2170.017578,0.258200,-1.740300,0.398600
1,Squat,2180.013672,0.072700,-2.056300,0.305200
1,Squat,2189.990234,-0.139200,-2.291400,0.152700
1,Squat,2200.005859,-0.481800,-2.328700,0.089700
1,Squat,2210.013672,-0.610900,-2.326500,0.144600
1,Squat,2219.994141,-0.575300,-2.283700,0.051100
1,Squat,2230.005859,-0.351100,-2.281200,-0.051000
1,Squat,2240.017578,-0.134500,-2.202300,-0.012100
1,Squat,2249.998047,0.180600,-2.282300,0.131500
1,Squat,2260.005859,0.362800,-2.480600,0.194300
1,Squat,2270.017578,0.530900,-2.404700,0.334500
1,Squat,2279.998047,0.353400,-2.366800,0.444600
1,Squat,2290.025391,0.148200,-2.170300,0.449800
1,Squat,2299.990234,-0.049500,-1.854400,0.311100
1,Squat,2310.001953,-0.198300,-1.732000,-0.081900
1,Squat,2320.009766,-0.300400,-1.491200,-0.275700
1,Squat,2329.990234,-0.351900,-1.405400,-0.576000
1,Squat,2340.001953,-0.505800,-1.358900,-0.529300
1,Squat,2350.013672,-0.503600,-1.237300,-0.392300
1,Squat,2359.994141,-0.289800,-1.237000,-0.119700
1,Squat,2370.001953,-0.043000,-0.962300,0.034400
1,Squat,2380.013672,0.266700,-0.804800,0.157600
1,Squat,2389.994141,0.530200,-0.724100,0.098500
1,Squat,2400.005859,0.939100,-0.525000,-0.032400
1,Squat,2410.033203,0.692400,-0.363900,-0.157500
1,Squat,2419.998047,0.376500,-0.398800,-0.088400
1,Squat,2430.005859,0.142500,-0.434400,-0.064500
1,Squat,2439.986328,-0.089900,-0.431800,-0.087300
1,Squat,2449.998047,-0.178500,-0.430800,-0.000200
1,Squat,2460.009766,-0.233000,-0.469900,0.160100
1,Squat,2469.990234,-0.323000,-0.314300,0.232300
1,Squat,2480.001953,-0.325300,-0.316900,0.333400
1,Squat,2490.013672,-0.318500,-0.436400,0.320000
1,Squat,2499.994141,-0.297800,-0.436300,0.238200
1,Squat,2510.005859,-0.119200,-0.435800,0.237000
1,Squat,2520.013672,-0.051700,-0.394000,0.130100
1,Squat,2530.009766,0.006500,-0.274600,0.333100
1,Squat,2540.005859,0.054800,-0.391600,0.492200
1,Squat,2550.017578,0.055700,-0.274400,0.489000
1,Squat,2559.994141,0.087500,-0.160400,0.505400
1,Squat,2570.005859,0.000400,-0.048200,0.549100
1,Squat,2580.017578,-0.048900,-0.015900,0.425000
1,Squat,2589.998047,-0.142300,-0.061400,0.305100
1,Squat,2600.009766,-0.083500,0.012100,0.156300
1,Squat,2609.990234,-0.057400,0.049000,0.023600
1,Squat,2619.998047,0.052600,-0.031100,0.129900
1,Squat,2630.009766,0.171100,-0.110600,0.199800
1,Squat,2639.990234,0.220900,-0.151400,0.264000
1,Squat,2650.017578,0.212100,-0.231500,0.282300
1,Squat,2660.013672,0.195400,-0.273400,0.293800
1,Squat,2669.990234,0.129700,-0.237100,0.305000
1,Squat,2680.005859,0.057400,-0.200700,0.201300
1,Squat,2690.013672,0.053900,-0.204300,0.249800
1,Squat,2699.994141,0.047000,-0.168300,0.222900
1,Squat,2710.005859,0.038600,-0.171300,0.277500
1,Squat,2720.017578,0.027100,-0.212500,0.144900
1,Squat,2729.998047,0.053200,-0.135600,0.134400
1,Squat,2740.009766,0.152900,-0.176800,0.161200
1,Squat,2749.990234,0.134800,-0.061800,0.258100
1,Squat,2759.998047,0.123100,-0.025000,0.237200
1,Squat,2770.025391,0.225900,0.011300,0.173900
1,Squat,2779.990234,0.288200,-0.108700,0.271700
