1,Squat,0.000000,-0.286600,-0.134300,0.051900
1,Squat,9.984375,-0.158000,-0.172200,-0.010100
1,Squat,19.992188,-0.109700,-0.288500,-0.073300
1,Squat,30.019531,-0.099000,-0.248700,0.054800
1,Squat,39.984375,0.058900,-0.247300,0.065500
1,Squat,49.996094,0.055700,-0.167800,0.071900
1,Squat,60.007813,0.091900,-0.088600,0.076200
1,Squat,69.984375,0.165700,-0.127900,0.112000
1,Squat,79.996094,0.160500,-0.282900,-0.032800
1,Squat,90.007813,0.003200,-0.359500,-0.019200
1,Squat,99.988281,0.034100,-0.239200,-0.082700
1,Squat,110.000000,-0.042900,-0.316400,-0.072600
1,Squat,120.011719,-0.191100,-0.473100,0.010900
1,Squat,129.992188,-0.066400,-0.356600,0.084900
1,Squat,140.003906,-0.101600,-0.319200,0.152000
1,Squat,149.996094,-0.174500,-0.360500,0.060900
1,Squat,159.992188,-0.167200,-0.441800,0.121800
1,Squat,170.000000,-0.232200,-0.522600,0.071700
1,Squat,179.984375,-0.216900,-0.485400,0.142200
1,Squat,189.996094,-0.240500,-0.447800,0.136800
1,Squat,200.003906,-0.116800,-0.409500,0.172100
1,Squat,209.988281,-0.110900,-0.489400,0.203100
1,Squat,219.992188,0.008800,-0.569100,0.390200
1,Squat,230.007813,0.269400,-0.609100,0.456200
1,Squat,239.984375,0.212100,-0.805300,0.407400
1,Squat,249.996094,0.267100,-1.001400,0.434900
1,Squat,260.007813,0.285400,-1.159400,0.533200
1,Squat,270.003906,0.153800,-1.083300,0.584700
1,Squat,280.000000,-0.010600,-1.123800,0.412400
1,Squat,290.011719,-0.123700,-0.929700,0.358500
1,Squat,299.992188,-0.081600,-0.853000,0.306200
1,Squat,310.003906,0.036000,-0.657700,0.142100
1,Squat,319.980469,0.077300,-0.541500,0.248500
1,Squat,329.996094,0.079800,-0.544100,0.304900
1,Squat,340.007813,0.263500,-0.584800,0.245000
1,Squat,349.984375,0.289400,-0.744000,0.372400
1,Squat,359.996094,0.197500,-0.863400,0.267800
1,Squat,370.003906,-0.047700,-0.943900,0.319700
1,Squat,379.988281,-0.353600,-1.025800,0.447500
1,Squat,390.015625,-0.535200,-1.068900,0.497000
1,Squat,400.007813,-0.786300,-0.956700,0.651600
1,Squat,409.992188,-0.836900,-0.766700,0.799800
1,Squat,420.000000,-0.774600,-0.733000,0.712000
1,Squat,430.011719,-0.638700,-0.658800,0.516500
1,Squat,439.988281,-0.322300,-0.740500,0.553100
1,Squat,450.000000,0.173000,-0.741900,0.325300
1,Squat,459.980469,0.271200,-0.742100,0.107500
1,Squat,469.992188,0.370000,-0.662900,-0.056200
1,Squat,480.003906,0.288300,-0.584200,-0.134900
1,Squat,489.980469,0.247200,-0.310000,-0.063100
1,Squat,499.992188,0.062100,-0.193700,0.043500
1,Squat,510.023438,-0.187600,-0.235100,0.112600
1,Squat,519.984375,-0.206100,-0.354400,0.069600
1,Squat,529.996094,-0.192600,-0.473500,0.059300
1,Squat,540.007813,0.040500,-0.552400,0.010500
1,Squat,549.988281,0.114600,-0.631000,-0.112800
1,Squat,560.000000,0.076500,-0.867200,-0.086600
1,Squat,570.007813,-0.033400,-0.907200,-0.131800
1,Squat,579.992188,-0.063200,-0.790500,-0.022000
1,Squat,590.000000,-0.232600,-0.753400,-0.031700
1,Squat,600.011719,-0.353900,-0.716600,0.077300
1,Squat,609.988281,-0.471600,-0.640800,0.065000
1,Squat,620.003906,-0.442000,-0.407600,0.167900
1,Squat,630.000000,-0.275000,-0.329800,0.046900
1,Squat,639.992188,0.102200,-0.289800,0.009100
1,Squat,650.003906,0.413000,-0.365600,-0.018200
1,Squat,659.984375,0.705400,-0.439600,-0.035200
1,Squat,669.996094,0.796500,-0.551700,-0.202100
1,Squat,680.007813,0.659900,-0.742500,-0.216500
1,Squat,689.988281,0.389200,-0.973400,-0.225500
1,Squat,699.996094,0.037500,-0.893600,-0.203500
1,Squat,710.011719,-0.256900,-0.933400,-0.114400
1,Squat,719.988281,-0.570800,-0.897000,0.002400
1,Squat,730.000000,-0.835500,-0.900100,-0.076500
1,Squat,740.007813,-0.788700,-0.941500,-0.185500
1,Squat,750.007813,-0.450200,-1.137400,-0.358600
1,Squat,760.003906,-0.099500,-1.291600,-0.519600
1,Squat,769.980469,0.609600,-1.403600,-0.786200
1,Squat,779.992188,1.061200,-1.474100,-0.851500
1,Squat,790.000000,1.163000,-1.465200,-0.988500
1,Squat,799.984375,0.848600,-1.457000,-0.971800
1,Squat,809.992188,0.245100,-1.410800,-0.952500
1,Squat,820.003906,-0.262400,-1.325700,-1.046000
1,Squat,829.984375,-1.086500,-1.084400,-1.165300
1,Squat,839.996094,-1.543300,-0.922000,-1.051400
1,Squat,850.007813,-1.796400,-0.640800,-1.010500
1,Squat,859.988281,-1.592100,-0.358800,-0.819300
1,Squat,870.015625,-1.169800,-0.115400,-0.478400
1,Squat,880.011719,-0.682900,-0.069300,-0.192000
1,Squat,889.988281,-0.162400,-0.219300,-0.066300
1,Squat,900.003906,0.313500,-0.330400,0.054300
1,Squat,910.015625,0.559000,-0.520100,0.095800
1,Squat,919.992188,0.538100,-0.829200,0.168000
1,Squat,930.003906,0.477600,-1.178300,0.313200
1,Squat,939.984375,0.222800,-1.410500,0.414300
1,Squat,949.992188,0.189600,-1.327700,0.361800
1,Squat,960.003906,0.182300,-1.164200,0.239300
1,Squat,969.984375,0.235300,-0.762200,0.050500
1,Squat,979.992188,-0.065800,-0.517100,0.016500
1,Squat,990.023438,-0.204300,-0.234000,0.015600
1,Squat,999.988281,-0.398000,0.006700,0.004400
1,Squat,1009.996094,-0.529800,0.244200,0.020900
1,Squat,1020.007813,-0.548100,0.165400,-0.163700
1,Squat,1029.988281,-0.391900,-0.031300,-0.231500
1,Squat,1040.000000,-0.083300,-0.188900,-0.303000
1,Squat,1050.011719,0.278200,-0.307700,-0.146500
1,Squat,1059.988281,0.377200,-0.466700,0.041200
1,Squat,1070.000000,0.334900,-0.356200,0.515500
1,Squat,1079.980469,0.182800,-0.089000,0.396400
1,Squat,1089.992188,0.131500,0.181100,0.093000
1,Squat,1100.003906,0.065800,0.376300,-0.275500
1,Squat,1110.000000,-0.030600,0.535500,-0.548900
1,Squat,1119.996094,-0.071500,0.541800,-0.761000
1,Squat,1130.007813,-0.018000,0.316200,-0.952200
1,Squat,1139.988281,-0.247500,0.168500,-0.905000
1,Squat,1150.000000,-0.372700,0.135600,-0.553900
1,Squat,1160.007813,-0.557200,0.176900,-0.141700
1,Squat,1169.988281,-0.545300,0.293900,0.177400
1,Squat,1179.996094,-0.384300,0.413500,-0.042700
1,Squat,1190.007813,-0.239000,0.575400,-0.329900
1,Squat,1199.992188,0.049700,0.619700,-0.344200
1,Squat,1210.000000,0.177200,0.702400,-0.362700
1,Squat,1220.011719,0.076000,0.626100,-0.234000
1,Squat,1230.011719,-0.069300,0.588900,-0.223700
1,Squat,1240.003906,-0.062900,0.434600,-0.211300
1,Squat,1249.980469,0.049200,0.282300,-0.348400
1,Squat,1259.992188,0.037200,0.443700,-0.290300
1,Squat,1270.003906,-0.128300,0.642500,-0.318700
1,Squat,1279.984375,-0.171100,1.155300,-0.581300
1,Squat,1289.996094,-0.278400,1.472000,-0.803000
1,Squat,1300.007813,-0.331400,1.438600,-1.011300
1,Squat,1309.984375,-0.303600,1.288600,-0.902100
1,Squat,1320.000000,-0.353000,1.023400,-0.547600
1,Squat,1330.007813,-0.253700,0.755500,-0.127100
1,Squat,1339.988281,-0.233000,0.602800,0.008500
1,Squat,1350.019531,-0.325800,0.643300,0.053300
1,Squat,1360.011719,-0.226700,0.683300,-0.138900
1,Squat,1369.992188,-0.093100,0.919100,-0.372500
1,Squat,1380.000000,0.076900,1.154900,-0.723800
1,Squat,1389.984375,0.119100,1.118200,-0.988100
1,Squat,1399.992188,0.078400,1.045200,-0.966700
1,Squat,1410.003906,0.030600,0.817900,-0.778100
1,Squat,1419.980469,-0.168400,0.591200,-0.391700
1,Squat,1429.996094,-0.204700,0.555700,-0.024100
1,Squat,1440.007813,-0.235300,0.438200,0.133400
1,Squat,1449.984375,-0.065400,0.517500,0.018900
1,Squat,1459.996094,-0.010400,0.597500,-0.092900
1,Squat,1470.023438,0.039000,0.720600,-0.425700
1,Squat,1479.988281,-0.032400,0.924800,-0.748700
1,Squat,1490.000000,0.012300,1.168800,-0.873900
1,Squat,1500.011719,0.135300,1.253800,-0.850000
1,Squat,1509.988281,0.102500,1.298500,-0.634400
1,Squat,1520.003906,-0.009000,1.183400,-0.272200
1,Squat,1530.011719,-0.080100,1.222700,-0.154100
1,Squat,1539.992188,-0.228500,1.418300,-0.274300
1,Squat,1550.000000,-0.298400,1.652300,-0.514800
1,Squat,1559.984375,-0.138800,1.928400,-0.862400
1,Squat,1569.996094,-0.025900,2.169400,-1.116700
1,Squat,1580.003906,0.161100,2.218100,-1.200300
1,Squat,1590.003906,0.114500,2.265600,-0.975000
1,Squat,1599.992188,-0.010600,2.311700,-0.755300
1,Squat,1610.007813,-0.128500,2.118900,-0.508300
1,Squat,1619.984375,-0.238300,2.079000,-0.236100
1,Squat,1629.996094,-0.187000,2.155100,-0.362300
1,Squat,1640.011719,-0.173700,2.307000,-0.419300
1,Squat,1649.988281,-0.199800,2.420300,-0.552700
1,Squat,1660.000000,-0.226300,2.537000,-0.870400
1,Squat,1670.011719,0.006900,2.460600,-0.902400
1,Squat,1679.992188,0.079100,2.229900,-0.768400
1,Squat,1690.003906,0.034000,1.604600,-0.210800
1,Squat,1699.980469,-0.004000,1.328800,0.177100
1,Squat,1710.007813,-0.001400,1.171300,0.057300
1,Squat,1720.007813,0.115900,1.091000,-0.106000
1,Squat,1729.984375,0.227100,1.125900,-0.160000
1,Squat,1739.996094,0.183800,1.121900,-0.291600
1,Squat,1750.003906,0.070200,1.196800,-0.343600
1,Squat,1759.988281,0.034700,1.038800,-0.386500
1,Squat,1769.996094,-0.116800,1.002900,-0.531900
1,Squat,1780.007813,-0.342100,0.930000,-0.591700
1,Squat,1789.984375,-0.185600,0.776200,-0.345500
1,Squat,1799.996094,-0.186100,0.540200,-0.033700
1,Squat,1810.007813,-0.031200,0.301700,0.033700
1,Squat,1819.988281,-0.066300,0.061200,0.094000
1,Squat,1830.015625,-0.093900,0.014600,0.224300
1,Squat,1840.011719,-0.082600,-0.186100,0.167700
1,Squat,1849.992188,-0.076000,-0.186200,-0.146500
1,Squat,1860.003906,0.040200,-0.105300,-0.255600
1,Squat,1869.980469,0.185900,-0.023400,-0.125000
1,Squat,1879.992188,0.402400,0.096000,-0.078200
1,Squat,1890.007813,0.496800,-0.021600,0.158000
1,Squat,1899.984375,0.283000,-0.102400,0.346300
1,Squat,1909.996094,0.150100,-0.109800,0.555800
1,Squat,1920.007813,0.105800,-0.118200,0.564900
1,Squat,1929.988281,0.028000,-0.320500,0.424500
1,Squat,1940.000000,0.027100,-0.478200,0.265100
1,Squat,1950.023438,-0.050800,-0.513300,0.123100
1,Squat,1959.992188,-0.125800,-0.549100,0.057100
1,Squat,1970.000000,-0.155200,-0.821100,0.066000
1,Squat,1980.011719,-0.291300,-0.898900,0.263700
1,Squat,1989.988281,-0.346800,-0.941000,0.487900
1,Squat,2000.000000,-0.328200,-1.061800,0.514900
1,Squat,2009.984375,-0.122800,-1.027200,0.536600
1,Squat,2019.992188,0.143400,-1.110400,0.362400
1,Squat,2030.003906,0.388500,-1.115800,0.265500
1,Squat,2039.984375,0.515100,-1.157400,0.179300
1,Squat,2049.996094,0.634700,-1.236600,0.295100
1,Squat,2060.007813,0.716000,-1.240000,0.557500
1,Squat,2070.000000,0.602500,-1.244700,0.696400
1,Squat,2079.996094,0.415000,-1.248700,0.759400
1,Squat,2090.007813,0.234200,-1.095800,0.625400
1,Squat,2099.988281,0.097500,-0.943900,0.331200
1,Squat,2110.000000,0.046000,-0.789200,-0.070400
1,Squat,2120.007813,-0.034400,-0.905500,-0.261100
1,Squat,2129.988281,0.161100,-0.981600,-0.251900
1,Squat,2140.000000,0.465800,-1.135000,-0.082100
1,Squat,2150.011719,0.635200,-1.325400,-0.022200
1,Squat,2159.992188,0.678000,-1.473500,0.047600
1,Squat,2170.003906,0.602600,-1.580900,0.044000
1,Squat,2179.984375,0.525200,-1.573900,0.223100
1,Squat,2190.011719,0.374400,-1.569100,0.237000
1,Squat,2200.003906,0.112800,-1.527300,0.243700
1,Squat,2209.984375,0.007900,-1.525100,0.209000
1,Squat,2219.996094,-0.207400,-1.564400,0.323500
1,Squat,2230.007813,-0.383400,-1.524800,0.440000
1,Squat,2239.984375,-0.592900,-1.405500,0.522200
1,Squat,2250.000000,-0.643300,-1.247500,0.524400
1,Squat,2260.011719,-0.720100,-1.051400,0.564100
1,Squat,2269.988281,-0.855000,-0.859100,0.592400
1,Squat,2280.000000,-0.782900,-0.747500,0.614400
1,Squat,2290.007813,-0.630600,-0.717100,0.743100
1,Squat,2299.992188,-0.401700,-0.765500,0.869700
1,Squat,2310.019531,0.085400,-0.850900,1.002100
1,Squat,2319.984375,0.135600,-0.973600,1.023200
1,Squat,2329.992188,0.101900,-1.093200,0.859500
1,Squat,2340.003906,0.025200,-1.171000,0.587500
1,Squat,2349.984375,0.096300,-1.053200,0.391000
1,Squat,2359.992188,0.012000,-1.055800,0.262900
1,Squat,2370.003906,-0.034700,-1.062500,0.392800
1,Squat,2379.988281,-0.070700,-1.110100,0.477900
1,Squat,2389.996094,-0.052800,-1.080100,0.600100
1,Squat,2400.007813,0.049100,-1.090600,0.677600
1,Squat,2409.984375,0.263400,-1.139400,0.600300
1,Squat,2420.000000,0.429500,-1.226400,0.447500
1,Squat,2430.027344,0.399700,-1.191700,0.193700
1,Squat,2439.988281,0.403700,-1.155800,0.062400
1,Squat,2450.003906,0.284600,-1.118500,-0.063700
1,Squat,2460.015625,0.055000,-1.122500,0.076200
1,Squat,2469.992188,-0.060400,-1.088100,0.251200
1,Squat,2480.003906,-0.140300,-1.092800,0.348300
1,Squat,2489.984375,-0.113200,-1.019700,0.519200
1,Squat,2499.996094,0.060100,-0.984200,0.382400
1,Squat,2510.003906,0.333500,-0.868800,0.328200
1,Squat,2519.984375,0.548400,-0.673100,0.239700
1,Squat,2529.996094,0.790300,-0.631500,0.081700
1,Squat,2540.007813,0.724200,-0.470400,0.048700
1,Squat,2550.003906,0.705000,-0.386000,0.022900
1,Squat,2559.996094,0.518500,-0.224200,0.116100
1,Squat,2570.007813,0.266500,-0.142000,0.168300
1,Squat,2579.988281,0.098200,-0.257200,0.136900
1,Squat,2590.000000,0.008400,-0.295900,0.057700
1,Squat,2600.011719,0.075500,-0.217900,-0.025900
1,Squat,2609.988281,0.060800,-0.180100,-0.036500
1,Squat,2620.000000,0.119600,-0.220000,0.072500
1,Squat,2629.980469,0.210300,-0.418100,0.408700
1,Squat,2639.992188,0.258100,-0.575800,0.512800
1,Squat,2650.003906,0.305800,-0.730600,0.355200
1,Squat,2659.984375,0.246300,-0.651700,0.389500
1,Squat,2670.011719,0.082900,-0.651300,0.153700
1,Squat,2680.007813,0.000200,-0.456300,0.029300
1,Squat,2689.984375,-0.003800,-0.377600,-0.245800
1,Squat,2700.000000,-0.050200,-0.298800,-0.364500
1,Squat,2710.007813,-0.066900,-0.180300,-0.209700
1,Squat,2719.988281,-0.088200,-0.100300,-0.053800
1,Squat,2730.000000,-0.075100,-0.137100,0.025400
1,Squat,2740.011719,-0.024400,-0.133400,0.110000
1,Squat,2749.992188,-0.044500,-0.249600,0.225900
1,Squat,2760.000000,-0.128000,-0.445700,0.263200
1,Squat,2770.011719,-0.273000,-0.486600,0.260500
1,Squat,2779.992188,-0.323500,-0.450000,0.063500
1,Squat,2790.019531,-0.295900,-0.451000,-0.125800
1,Squat,2799.980469,-0.116100,-0.333500,-0.196400
1,Squat,2809.992188,0.050500,-0.215500,-0.034700
1,Squat,2820.007813,0.013200,-0.096700,-0.028800
1,Squat,2829.984375,0.084200,-0.018800,0.162000
1,Squat,2839.996094,-0.001300,0.019600,0.077600
1,Squat,2850.007813,0.107300,0.056300,0.219600
1,Squat,2859.988281,0.097900,-0.024600,0.243400
1,Squat,2870.000000,0.053700,-0.222300,0.234000
1,Squat,2880.007813,0.091700,-0.338300,0.162600
1,Squat,2889.988281,0.019000,-0.413500,0.023100
1,Squat,2900.003906,0.028700,-0.294100,-0.043400
1,Squat,2910.031250,0.187300,-0.212200,-0.105500
1,Squat,2919.992188,0.183100,-0.015600,0.012800
1,Squat,2930.000000,-0.013100,0.021700,0.161100
1,Squat,2939.984375,0.098800,-0.061400,0.293800
1,Squat,2949.992188,0.279200,-0.066500,0.303200
1,Squat,2960.003906,0.262900,-0.188000,0.356800
1,Squat,2969.984375,0.095000,-0.426100,0.378400
1,Squat,2979.996094,0.122700,-0.661200,0.139300
1,Squat,2990.007813,0.039900,-0.464800,0.099500
1,Squat,2999.984375,-0.113400,-0.190000,0.062700
1,Squat,3009.996094,-0.148900,0.085200,-0.050000
1,Squat,3020.007813,-0.338800,0.320800,-0.085100
1,Squat,3030.003906,-0.373700,0.319100,-0.012900
1,Squat,3040.000000,-0.332600,0.158500,0.087400
1,Squat,3050.011719,-0.288300,-0.122100,0.334200
1,Squat,3059.992188,-0.203200,-0.443600,0.730600
1,Squat,3070.003906,-0.086500,-0.685300,0.697900
1,Squat,3079.980469,0.066200,-0.727100,0.447500
1,Squat,3089.992188,0.021700,-0.609000,-0.023300
1,Squat,3100.000000,-0.090200,-0.253000,-0.358600
1,Squat,3109.984375,-0.158200,0.065800,-0.681500
1,Squat,3119.996094,-0.185700,0.226900,-0.616400
