1,troisSix,0.000000,-1.399400,-8.932199,0.967300
1,troisSix,9.978516,-1.694300,-9.420199,1.779800
1,troisSix,19.990234,-1.391500,-9.948299,1.913400
1,troisSix,30.001953,-0.932400,-10.389100,1.447300
1,troisSix,39.981445,-0.357300,-10.930799,0.760100
1,troisSix,49.992188,0.322700,-11.493600,0.361700
1,troisSix,59.972656,0.648400,-11.445300,0.409500
1,troisSix,69.982422,0.803800,-10.468100,0.590200
1,troisSix,79.993164,0.827500,-9.071400,0.734700
1,troisSix,89.991211,0.813400,-7.290400,1.767800
1,troisSix,99.984375,1.079300,-5.496100,3.348800
1,troisSix,109.997070,1.717600,-4.115500,4.606000
1,troisSix,119.976563,1.876700,-3.046600,6.022300
1,troisSix,129.987305,1.154500,-2.489300,7.259100
1,troisSix,139.999023,0.695500,-2.684000,7.591700
1,troisSix,149.977539,0.587800,-3.545600,6.879600
1,troisSix,159.989258,0.696800,-3.823000,5.113400
1,troisSix,170.000000,1.628300,-4.401900,3.393800
1,troisSix,179.979492,2.176700,-4.888100,1.823400
1,troisSix,189.992188,2.969900,-3.941700,0.233400
1,troisSix,199.970703,3.454200,-0.777200,-1.552300
1,troisSix,209.998047,3.676900,5.449800,-2.272100
1,troisSix,219.994141,3.767400,12.496400,-3.237400
1,troisSix,229.973633,1.775100,16.902399,-3.909700
1,troisSix,239.984375,-2.075400,18.961000,-3.163600
1,troisSix,249.995117,-4.301200,19.191399,-2.933900
1,troisSix,259.974609,-2.389400,19.765600,-5.251800
1,troisSix,269.986328,0.402600,20.391699,-8.941000
1,troisSix,279.997070,0.457500,21.110800,-10.843699
1,troisSix,289.976563,-0.207000,21.532799,-9.956699
1,troisSix,299.988281,-3.223200,22.683500,-8.817500
1,troisSix,310.000000,-6.393800,25.157598,-7.527700
1,troisSix,319.980469,-8.815499,26.039900,-2.758100
1,troisSix,330.005859,-9.248099,25.253000,-2.660800
1,troisSix,340.000977,-7.221400,20.721800,-2.804000
1,troisSix,349.981445,-2.532600,14.754700,-2.945700
1,troisSix,359.992188,1.820300,9.577800,-2.181900
1,troisSix,369.971680,3.906300,8.359700,-0.163200
1,troisSix,379.982422,4.974000,12.116199,1.055700
1,troisSix,389.994141,2.115500,18.069399,0.417500
1,troisSix,399.972656,1.925400,18.717199,1.625500
1,troisSix,409.984375,3.481900,13.644199,-0.281100
1,troisSix,419.997070,8.971800,6.731900,-2.046200
1,troisSix,429.976563,11.066199,0.694800,-4.952800
1,troisSix,439.988281,11.479799,-2.861000,-7.170800
1,troisSix,450.013672,12.281700,-7.497800,-10.009800
1,troisSix,459.978516,14.384900,-13.630199,-12.368000
1,troisSix,469.989258,17.482700,-18.509300,-12.305099
1,troisSix,480.000000,15.993000,-18.167900,-12.892500
1,troisSix,489.979492,13.387600,-15.960999,-13.925799
1,troisSix,499.992188,11.101100,-14.283799,-13.988800
1,troisSix,509.971680,8.620800,-14.576099,-12.847300
1,troisSix,519.982422,6.668700,-14.288300,-13.940200
1,troisSix,529.993164,1.648500,-14.929399,-14.483700
1,troisSix,539.973633,-4.185600,-15.998400,-13.385699
1,troisSix,549.983398,-9.966200,-15.352599,-11.605599
1,troisSix,559.995117,-15.450600,-10.065100,-7.297800
1,troisSix,569.992188,-15.592799,-7.765100,-3.458300
1,troisSix,579.986328,-14.708899,-5.834500,0.215900
1,troisSix,589.997070,-12.819200,-4.486000,2.289800
1,troisSix,599.976563,-10.849600,-2.908800,2.671900
1,troisSix,609.989258,-9.603700,-1.775100,2.969400
1,troisSix,620.000000,-8.140900,-1.082100,3.986600
1,troisSix,629.979492,-5.409100,-0.513400,4.818500
1,troisSix,639.990234,-2.910500,0.081800,4.740100
1,troisSix,649.970703,-1.183800,1.039600,4.606400
1,troisSix,659.980469,0.539200,1.615900,4.648200
1,troisSix,669.992188,2.109100,1.360700,4.273700
1,troisSix,679.971680,3.802100,0.455200,3.551000
1,troisSix,690.000977,3.898500,-0.052000,2.753900
1,troisSix,699.996094,2.651900,0.218100,1.209200
1,troisSix,709.974609,1.337800,0.810300,-0.111800
1,troisSix,719.984375,1.240800,0.878400,-0.483100
1,troisSix,729.997070,1.537400,0.821600,-0.140800
1,troisSix,739.976563,1.419200,0.673900,0.113100
1,troisSix,749.987305,1.022900,0.755100,-0.218300
1,troisSix,759.998047,0.571200,0.794600,0.140900
1,troisSix,769.977539,0.511200,1.020200,0.632300
1,troisSix,779.988281,1.234200,1.309900,1.343000
1,troisSix,790.000000,1.833200,1.005800,1.097700
1,troisSix,799.980469,2.166000,0.481100,0.136800
1,troisSix,810.007813,0.891700,-1.199400,-0.853300
1,troisSix,819.971680,-1.083600,-2.570700,-1.655000
1,troisSix,829.982422,-2.957000,-3.365000,-2.071700
1,troisSix,839.994141,-2.485400,-2.750800,-0.196000
1,troisSix,849.973633,-2.395800,-0.719700,2.259700
1,troisSix,859.984375,-4.918200,0.325300,-0.263300
1,troisSix,869.995117,-11.238800,-0.052100,-7.446900
1,troisSix,879.974609,-17.467199,-0.890700,-18.020199
1,troisSix,889.985352,-18.995899,2.722200,-23.190899
1,troisSix,899.997070,-14.855800,23.790499,4.722600
1,troisSix,909.976563,-15.042900,38.805099,28.128899
1,troisSix,919.989258,-5.579000,45.518997,29.154999
1,troisSix,930.015625,9.126200,40.858097,18.341999
1,troisSix,939.979492,10.484200,30.521599,4.288400
1,troisSix,949.991211,2.611100,19.460100,-2.412900
1,troisSix,959.969727,-3.026600,11.308700,-1.126800
1,troisSix,969.981445,-7.662100,7.133200,-0.373500
1,troisSix,979.992188,-10.565400,6.827000,-0.482800
1,troisSix,989.971680,-9.328300,9.392400,0.138500
1,troisSix,999.982422,-5.802600,12.904900,1.671500
1,troisSix,1009.993164,-2.865000,15.408000,2.467600
1,troisSix,1019.975586,0.077800,15.022900,2.990900
1,troisSix,1029.986328,2.217100,13.147400,3.364800
1,troisSix,1039.996094,3.571400,11.145800,3.252300
1,troisSix,1049.992188,3.884200,9.483900,2.983300
1,troisSix,1059.987305,3.558100,8.419499,2.472500
1,troisSix,1069.999023,3.052800,7.793400,2.038500
1,troisSix,1079.978516,2.336300,7.376000,1.729200
1,troisSix,1089.989258,1.576900,6.800400,1.743400
1,troisSix,1100.000000,0.542900,6.142700,1.549900
1,troisSix,1109.979492,-0.307600,5.285300,1.481500
1,troisSix,1119.992188,-0.936200,4.196600,1.219900
1,troisSix,1129.972656,-1.238700,2.810200,0.744500
1,troisSix,1139.983398,-1.133200,1.535700,0.115500
1,troisSix,1150.091797,-0.973900,0.513700,-0.283000
1,troisSix,1159.973633,-0.949400,-0.535900,-0.225500
1,troisSix,1170.000977,-0.859300,-1.215100,0.549100
1,troisSix,1179.996094,-0.338400,-1.865900,1.119300
1,troisSix,1189.974609,0.337400,-2.053500,1.341600
1,troisSix,1199.986328,0.534200,-2.696100,1.072500
1,troisSix,1209.997070,0.551200,-3.382700,0.668100
1,troisSix,1219.976563,0.606800,-3.871700,0.209300
1,troisSix,1229.989258,0.370500,-4.690700,-0.050200
1,troisSix,1240.000000,0.386900,-5.298800,-0.398900
1,troisSix,1249.980469,0.532700,-5.724500,-0.574400
1,troisSix,1259.990234,0.723400,-6.367200,-0.900900
1,troisSix,1269.970703,0.961900,-6.836700,-1.261800
1,troisSix,1279.981445,1.304600,-7.018600,-1.653200
1,troisSix,1290.008789,1.541200,-6.992300,-1.895700
1,troisSix,1299.971680,1.602300,-6.447500,-2.035000
1,troisSix,1309.982422,1.696600,-5.585000,-2.158300
1,troisSix,1319.995117,1.662600,-4.444600,-2.187300
1,troisSix,1329.974609,1.493200,-3.186400,-1.748200
1,troisSix,1339.985352,1.073400,-2.124000,-1.190300
1,troisSix,1349.997070,0.846900,-1.503900,-0.461000
1,troisSix,1359.975586,0.620100,-1.127900,-0.049000
1,troisSix,1369.987305,0.590800,-1.112600,0.168500
1,troisSix,1379.998047,0.763600,-1.180200,0.122300
1,troisSix,1389.978516,0.928200,-1.247300,0.153400
1,troisSix,1399.989258,1.043600,-1.005500,0.199000
1,troisSix,1410.016602,1.069200,-0.890500,0.402400
1,troisSix,1419.979492,0.967600,-0.619300,0.604400
1,troisSix,1429.992188,0.824500,-0.035000,0.758900
1,troisSix,1439.971680,0.621800,0.397400,0.872400
1,troisSix,1449.982422,0.385200,0.552800,0.927600
1,troisSix,1459.994141,0.415200,0.547700,0.736000
1,troisSix,1469.972656,0.639400,0.341900,0.720600
1,troisSix,1479.984375,0.887200,-0.063500,0.658600
1,troisSix,1489.995117,1.023200,-0.431800,0.659400
1,troisSix,1499.976563,0.981500,-0.683200,0.800800
1,troisSix,1509.986328,0.730000,-0.860800,1.025700
1,troisSix,1519.996094,0.573800,-0.690500,1.101300
1,troisSix,1529.994141,0.323700,-0.327200,1.108100
1,troisSix,1539.989258,0.201900,-0.120700,0.985000
1,troisSix,1550.000000,-0.179100,0.205800,0.895500
1,troisSix,1559.979492,-0.279300,0.378900,0.691900
1,troisSix,1569.990234,-0.301400,0.437300,0.534700
1,troisSix,1579.969727,-0.365300,0.383700,0.403900
1,troisSix,1589.980469,-0.329000,0.254100,0.414300
1,troisSix,1599.992188,-0.415000,0.127800,0.564400
1,troisSix,1609.972656,-0.655600,0.004500,0.533200
1,troisSix,1619.983398,-0.510700,0.039500,0.241900
1,troisSix,1629.996094,-0.287700,0.035000,0.066300
1,troisSix,1639.974609,-0.027400,0.069300,-0.032700
1,troisSix,1650.001953,0.456500,0.141100,-0.055000
1,troisSix,1659.997070,0.737100,0.174200,-0.147200
1,troisSix,1669.976563,0.780200,0.286000,-0.079900
1,troisSix,1679.987305,0.745500,0.400000,-0.273600
1,troisSix,1689.998047,0.481800,0.400100,-0.644000
1,troisSix,1699.977539,-0.078800,0.247300,-0.922200
1,troisSix,1709.989258,-0.422500,-0.179900,-0.705100
1,troisSix,1720.000000,-0.362300,-0.451200,-0.346200
1,troisSix,1729.981445,-0.064600,-0.568000,-0.043700
1,troisSix,1739.991211,0.118300,-0.842100,0.057300
1,troisSix,1749.971680,0.145800,-1.076000,0.084600
1,troisSix,1759.983398,0.052700,-1.307700,-0.028900
1,troisSix,1770.011719,0.111400,-1.343900,0.171200
1,troisSix,1779.973633,0.348800,-1.225300,0.332500
1,troisSix,1789.984375,0.648100,-1.109300,0.451100
1,troisSix,1799.995117,0.957300,-0.957600,0.530500
1,troisSix,1809.974609,0.871400,-0.962400,0.416600
1,troisSix,1819.987305,0.785300,-0.966800,0.344100
1,troisSix,1829.998047,0.734400,-0.933000,0.423200
1,troisSix,1839.978516,0.796900,-0.978200,0.577100
1,troisSix,1849.988281,0.624600,-0.984100,0.769400
1,troisSix,1860.000000,0.258300,-0.950600,0.802100
1,troisSix,1869.979492,-0.013200,-0.916500,0.671000
1,troisSix,1879.991211,-0.153300,-0.685000,0.461300
1,troisSix,1889.987305,-0.164200,-0.649500,0.481800
1,troisSix,1899.981445,-0.041200,-0.378600,0.649400
1,troisSix,1909.994141,0.201900,-0.069400,0.690900
1,troisSix,1919.972656,0.437200,0.357500,0.580200
1,troisSix,1929.982422,0.661400,0.782600,0.500600
1,troisSix,1939.995117,0.677200,1.008800,0.404900
1,troisSix,1949.975586,0.629600,1.115400,0.108800
1,troisSix,1959.985352,0.453400,1.105200,0.017000
1,troisSix,1969.996094,0.396100,1.135600,0.128600
1,troisSix,1979.976563,0.276300,0.815000,0.323100
1,troisSix,1989.988281,0.317700,0.298300,0.551900
1,troisSix,1999.999023,0.432100,-0.336000,0.622400
1,troisSix,2009.995117,0.573500,-0.853100,0.534100
1,troisSix,2019.990234,0.596300,-1.289800,0.381900
1,troisSix,2030.001953,0.588300,-1.411200,0.279400
1,troisSix,2039.981445,0.629200,-1.178700,0.259700
1,troisSix,2049.992188,0.606000,-0.788300,0.204900
1,troisSix,2059.972656,0.392900,-0.359100,0.220600
1,troisSix,2069.982422,0.110800,-0.047600,0.193000
1,troisSix,2079.993164,-0.122400,0.108000,-0.019500
1,troisSix,2089.973633,-0.378900,0.147400,-0.180200
1,troisSix,2099.984375,-0.704500,0.070200,-0.251100
1,troisSix,2109.996094,-0.840600,0.149700,-0.166900
1,troisSix,2119.974609,-0.791700,0.110600,-0.052700
1,troisSix,2130.003906,-0.786400,0.031000,0.087600
1,troisSix,2139.999023,-0.630100,-0.244400,0.035900
1,troisSix,2149.977539,-0.361800,-0.440900,0.032700
1,troisSix,2159.989258,-0.358200,-0.519000,-0.041500
1,troisSix,2170.000000,-0.231800,-0.401100,0.035600
1,troisSix,2179.979492,-0.288500,-0.243600,0.033500
1,troisSix,2189.990234,-0.264400,-0.360400,-0.044300
1,troisSix,2199.971680,-0.240100,-0.203000,-0.128700
1,troisSix,2209.981445,-0.370800,-0.202700,-0.061100
1,troisSix,2219.991211,-0.419700,-0.123400,-0.028200
1,troisSix,2229.973633,-0.468800,-0.161000,-0.025600
1,troisSix,2239.984375,-0.512200,-0.236600,-0.088100
1,troisSix,2250.011719,-0.547100,-0.310500,-0.332200
1,troisSix,2259.974609,-0.383900,-0.344600,-0.417800
1,troisSix,2269.986328,-0.148000,-0.458200,-0.241300
1,troisSix,2279.997070,-0.145300,-0.337100,-0.037600
1,troisSix,2289.976563,0.087900,-0.255100,-0.104900
1,troisSix,2299.987305,0.125900,-0.212000,-0.131900
1,troisSix,2309.998047,0.119400,-0.169000,-0.079200
1,troisSix,2319.978516,0.179800,-0.205400,-0.026700
1,troisSix,2329.991211,0.154700,-0.282000,-0.058200
1,troisSix,2340.000977,0.044800,-0.241900,-0.094400
1,troisSix,2349.981445,0.037800,-0.163600,-0.207900
1,troisSix,2359.992188,0.137200,-0.047900,0.100400
1,troisSix,2369.989258,0.007500,-0.088800,0.250300
1,troisSix,2379.982422,-0.004500,-0.128500,0.098900
1,troisSix,2389.994141,-0.085700,-0.363500,0.027400
1,troisSix,2399.972656,-0.002700,-0.362100,-0.079100
1,troisSix,2409.984375,0.076900,-0.362100,0.116500
1,troisSix,2419.997070,0.082700,-0.166000,0.307100
1,troisSix,2429.975586,0.010600,-0.204800,0.227000
1,troisSix,2439.988281,0.054300,-0.205200,0.297000
1,troisSix,2449.998047,0.097400,-0.362300,0.173600
1,troisSix,2459.978516,0.019700,-0.401100,0.020700
1,troisSix,2469.989258,-0.057900,-0.321900,-0.011200
1,troisSix,2480.000000,-0.023000,-0.282200,-0.079500
1,troisSix,2489.997070,-0.068500,-0.242900,-0.072900
1,troisSix,2499.990234,-0.040900,-0.165700,-0.115600
1,troisSix,2509.969727,-0.010300,-0.089000,-0.049200
1,troisSix,2519.981445,0.026200,-0.129200,0.020100
1,troisSix,2529.992188,0.135200,-0.090700,0.019400
1,troisSix,2539.973633,0.135100,-0.208600,-0.021500
1,troisSix,2549.983398,0.210300,-0.170100,0.050400
1,troisSix,2559.995117,0.205500,-0.171100,0.083200
1,troisSix,2569.975586,0.164600,-0.171500,0.040700
1,troisSix,2579.986328,0.085600,-0.132200,-0.115100
1,troisSix,2589.997070,0.005400,-0.210600,-0.152800
1,troisSix,2599.976563,0.004200,-0.289400,-0.155600
1,troisSix,2610.004883,0.045500,-0.209800,-0.183100
1,troisSix,2619.999023,-0.032700,-0.169500,-0.052400
1,troisSix,2629.977539,-0.032400,-0.247400,-0.008000
1,troisSix,2639.990234,-0.073800,-0.169200,0.030500
1,troisSix,2650.001953,0.002600,-0.248400,0.062900
1,troisSix,2659.979492,0.041500,-0.248300,0.064100
1,troisSix,2669.992188,0.192300,-0.286900,-0.001100
1,troisSix,2679.971680,0.145000,-0.208000,-0.029100
1,troisSix,2689.983398,0.063100,-0.167900,0.022600
1,troisSix,2699.994141,0.098300,-0.089400,0.104900
1,troisSix,2709.973633,0.128900,-0.168600,0.064800
1,troisSix,2719.984375,0.079900,-0.247600,-0.012100
1,troisSix,2730.012695,-0.003000,-0.365800,-0.013400
1,troisSix,2739.976563,-0.008800,-0.444800,0.023300
1,troisSix,2749.987305,-0.012800,-0.445300,-0.018000
