1,troisSix,0.000000,1.065100,0.479100,-0.386000
1,troisSix,9.979980,1.421300,0.821000,-1.286500
1,troisSix,19.991211,1.717200,1.350400,-1.372800
1,troisSix,29.970215,0.843200,1.343100,-1.427700
1,troisSix,39.981445,-0.367000,0.256100,-1.719900
1,troisSix,49.993652,-1.375500,-0.963400,-2.124800
1,troisSix,59.972168,-3.454600,-1.769200,-2.677700
1,troisSix,70.000000,-5.627000,-1.313000,-3.456400
1,troisSix,79.993652,-8.012100,0.216700,-4.069300
1,troisSix,89.975098,-11.310500,4.373400,-4.123500
1,troisSix,99.985840,-14.621799,11.736600,-6.699100
1,troisSix,109.997070,-17.966000,22.298800,-7.586800
1,troisSix,119.977051,-20.329399,38.531097,-1.362100
1,troisSix,129.987793,-18.413000,49.452099,5.071500
1,troisSix,139.998535,-4.102400,40.306999,5.658300
1,troisSix,149.978027,0.129000,31.125999,5.128200
1,troisSix,159.989258,-0.591600,22.086899,3.049500
1,troisSix,169.970703,0.444100,13.785999,1.940800
1,troisSix,179.981445,2.155100,7.782900,1.027600
1,troisSix,190.007813,3.624100,4.346300,-0.414600
1,troisSix,199.971680,3.768200,2.475300,-1.895000
1,troisSix,209.982910,2.046300,2.713100,-2.652700
1,troisSix,219.994141,-0.503700,4.955700,-1.941000
1,troisSix,229.973633,-2.618700,8.948200,2.505400
1,troisSix,239.984863,-2.903600,8.556499,4.179000
1,troisSix,249.995117,-2.090000,7.048600,4.131100
1,troisSix,259.975098,-1.391200,5.298200,2.814400
1,troisSix,269.987793,-1.037100,3.701900,1.457900
1,troisSix,279.998535,-0.124700,2.704400,0.636800
1,troisSix,289.977051,1.088800,2.595000,0.517500
1,troisSix,299.989746,2.291800,2.705600,0.544000
1,troisSix,310.016113,3.470200,2.290200,0.642400
1,troisSix,319.979980,4.243900,1.749800,0.697500
1,troisSix,329.990723,4.118200,1.171400,0.907000
1,troisSix,339.970703,3.173900,1.111100,1.284800
1,troisSix,349.981934,2.700100,1.756600,1.285500
1,troisSix,359.992188,2.868800,3.000800,0.564100
1,troisSix,369.972168,2.632400,4.449800,-0.006900
1,troisSix,379.984375,2.271200,5.370600,-0.438600
1,troisSix,389.995605,2.333000,5.121800,-0.770300
1,troisSix,399.975586,2.124600,3.900900,-0.725600
1,troisSix,409.985840,1.342000,2.306500,-0.370000
1,troisSix,419.997070,0.780600,0.461400,-0.006700
1,troisSix,429.992676,0.200600,-1.511300,0.260200
1,troisSix,439.987793,-0.049900,-3.257100,0.238400
1,troisSix,449.999023,0.249000,-4.463700,0.166300
1,troisSix,459.978027,0.718800,-5.326200,0.341800
1,troisSix,469.989258,1.168500,-5.717300,0.469000
1,troisSix,479.970215,1.597600,-5.922700,0.807500
1,troisSix,489.979492,2.005200,-5.680700,0.979600
1,troisSix,499.992188,2.351600,-5.313700,1.228500
1,troisSix,509.971680,2.185900,-4.832200,1.381700
1,troisSix,519.983398,1.709700,-4.238900,1.430700
1,troisSix,529.994141,1.004700,-3.804000,1.137100
1,troisSix,539.973633,0.289900,-3.444700,0.665000
1,troisSix,550.001953,-0.276800,-3.396900,0.149500
1,troisSix,559.995117,-0.691500,-3.585500,-0.139700
1,troisSix,569.975586,-0.856200,-3.735800,-0.288000
1,troisSix,579.986328,-0.817600,-3.843500,-0.144500
1,troisSix,589.999023,-0.474800,-3.662800,-0.161400
1,troisSix,599.978516,0.323000,-3.309900,-0.301000
1,troisSix,609.989258,1.096100,-2.522600,-0.176200
1,troisSix,619.968750,1.265500,-1.537600,-0.063100
1,troisSix,629.979492,0.859100,-0.478500,-0.085700
1,troisSix,639.991211,0.223800,0.447800,-0.064800
1,troisSix,649.970703,-0.411200,1.163800,-0.074100
1,troisSix,659.981445,-1.034600,1.598100,-0.023300
1,troisSix,670.009766,-1.599500,1.556800,-0.057700
1,troisSix,679.973633,-2.075800,1.436400,-0.325000
1,troisSix,689.984375,-2.346500,1.118300,-0.633000
1,troisSix,699.996094,-2.286700,0.799700,-0.896700
1,troisSix,709.974609,-2.089900,0.639300,-0.953200
1,troisSix,719.986328,-1.726000,0.554900,-0.624100
1,troisSix,729.997070,-1.462600,0.313200,-0.332500
1,troisSix,739.976563,-1.257100,0.383100,-0.085500
1,troisSix,749.988281,-1.033900,0.534600,-0.065300
1,troisSix,759.998047,-0.892100,0.689700,0.037300
1,troisSix,769.978516,-0.691600,0.733200,0.031800
1,troisSix,779.991211,-0.520700,0.660700,0.022900
1,troisSix,789.986328,-0.455700,0.391300,-0.032700
1,troisSix,799.981445,-0.450500,-0.153400,-0.211700
1,troisSix,809.992188,-0.724600,-0.582800,-0.241700
1,troisSix,819.971680,-0.769200,-0.897400,-0.124800
1,troisSix,829.983398,-0.698600,-0.980800,0.292500
1,troisSix,839.994141,-0.653800,-0.990900,0.654400
1,troisSix,849.973633,-0.651300,-0.927000,0.844300
1,troisSix,859.984375,-0.613000,-0.859400,0.806400
1,troisSix,869.995117,-0.297500,-0.785500,0.626600
1,troisSix,879.975586,-0.265200,-0.783800,0.345600
1,troisSix,889.988281,-0.326500,-0.777400,0.196200
1,troisSix,899.999023,-0.517300,-0.652700,0.322200
1,troisSix,909.994141,-0.645000,-0.451100,0.561600
1,troisSix,919.989258,-0.900400,-0.370000,0.714100
1,troisSix,929.968750,-0.936800,-0.413000,0.887800
1,troisSix,939.979492,-0.944300,-0.620100,1.078500
1,troisSix,949.990234,-0.573300,-0.835100,1.323500
1,troisSix,959.970703,-0.249500,-0.896200,1.362300
1,troisSix,969.980469,0.034700,-1.030200,1.143800
1,troisSix,979.993164,0.350500,-0.965800,1.013300
1,troisSix,989.973633,0.656100,-0.937000,0.819800
1,troisSix,999.984375,0.913500,-0.710100,0.518400
1,troisSix,1009.996094,1.234000,-0.560700,0.381800
1,troisSix,1019.975586,1.354000,-0.371900,0.246500
1,troisSix,1030.003906,1.243500,0.051300,0.184000
1,troisSix,1039.997070,1.060000,0.275900,0.227300
1,troisSix,1049.976563,0.728900,0.655500,0.023800
1,troisSix,1059.987305,0.396300,0.914000,0.119600
1,troisSix,1069.999023,0.035300,1.016000,0.172500
1,troisSix,1079.977539,-0.046200,0.888600,0.013400
1,troisSix,1089.990234,-0.124100,0.609900,-0.122200
1,troisSix,1099.970703,-0.201200,0.295100,-0.127000
1,troisSix,1109.981445,-0.126600,-0.137300,-0.051900
1,troisSix,1119.993164,0.028700,-0.258900,0.166200
1,troisSix,1129.971680,0.250600,-0.581400,0.405000
1,troisSix,1139.983398,0.456500,-0.594800,0.664500
1,troisSix,1150.011719,0.453600,-0.647400,0.729300
1,troisSix,1159.973633,0.403600,-0.619900,0.762300
1,troisSix,1169.984375,0.453200,-0.591300,0.723400
1,troisSix,1179.997070,0.343900,-0.443600,0.728300
1,troisSix,1189.977539,0.234100,-0.254500,0.662600
1,troisSix,1199.987305,0.140500,-0.061600,0.495000
1,troisSix,1209.998047,0.061700,0.093700,0.412200
1,troisSix,1219.978516,0.033700,0.170400,0.287100
1,troisSix,1229.989258,0.131600,0.286700,0.163400
1,troisSix,1239.968750,0.237600,0.322700,0.264300
1,troisSix,1249.979492,0.237200,0.318000,0.238700
1,troisSix,1259.991211,0.251100,0.274300,0.134800
1,troisSix,1269.987305,0.308900,0.151300,0.182500
1,troisSix,1279.981445,0.249200,-0.049400,0.154500
1,troisSix,1289.994141,0.450400,-0.288200,0.095100
1,troisSix,1299.972656,0.443200,-0.606900,0.224200
1,troisSix,1309.984375,0.611600,-0.728400,0.242500
1,troisSix,1319.995117,0.682000,-0.770600,0.227000
1,troisSix,1329.975586,0.781300,-0.656700,0.205000
1,troisSix,1339.986328,0.569400,-0.387900,0.325000
1,troisSix,1349.998047,0.435700,-0.237000,0.322400
1,troisSix,1359.976563,0.346200,-0.164000,0.242700
1,troisSix,1369.988281,0.265000,-0.128800,0.210800
1,troisSix,1379.999023,0.233100,-0.130900,0.113000
1,troisSix,1389.995117,0.098400,-0.052100,-0.044600
1,troisSix,1399.991211,0.083100,-0.090100,-0.078400
1,troisSix,1409.969727,0.143100,-0.049800,0.043100
1,troisSix,1419.979492,0.167000,-0.166300,0.047900
1,troisSix,1429.992188,0.225000,-0.282400,0.093500
1,troisSix,1439.972656,0.127700,-0.163700,0.174000
1,troisSix,1449.983398,-0.081300,-0.243000,0.322200
1,troisSix,1459.993164,0.092100,-0.126000,0.272800
1,troisSix,1469.975586,-0.005600,0.029400,0.257500
1,troisSix,1479.984375,0.129900,-0.011600,0.238300
1,troisSix,1489.996094,-0.037100,-0.052800,0.299700
1,troisSix,1499.975586,0.140400,-0.210500,0.170300
1,troisSix,1510.003906,0.046400,-0.290600,0.231000
1,troisSix,1519.999023,-0.004800,-0.252500,0.140200
1,troisSix,1529.977539,0.017800,-0.292300,0.051600
1,troisSix,1539.989258,0.009700,-0.294200,0.151600
1,troisSix,1549.969727,-0.035100,-0.256200,0.100700
1,troisSix,1559.980469,-0.032300,-0.179200,0.052100
1,troisSix,1569.990234,-0.099700,-0.102000,-0.070700
1,troisSix,1579.970703,-0.157500,0.053900,-0.226600
1,troisSix,1589.981445,-0.106300,0.014700,-0.104900
1,troisSix,1599.994141,-0.135600,-0.102200,-0.135400
1,troisSix,1609.973633,-0.089800,-0.062600,-0.090500
1,troisSix,1619.984375,-0.122700,-0.179700,-0.084000
1,troisSix,1630.011719,-0.154100,-0.258200,-0.042600
1,troisSix,1639.974609,-0.076200,-0.337200,-0.008200
1,troisSix,1649.986328,-0.114200,-0.260000,0.022400
1,troisSix,1659.997070,-0.109800,-0.260900,0.056400
1,troisSix,1669.977539,-0.066000,-0.339200,-0.137200
1,troisSix,1679.987305,-0.095700,-0.339100,-0.133800
1,troisSix,1689.998047,-0.051800,-0.298800,-0.202200
1,troisSix,1699.980469,-0.017300,-0.218500,-0.111400
1,troisSix,1709.991211,-0.089300,-0.138800,-0.100400
1,troisSix,1719.970703,-0.086100,-0.059200,-0.051300
1,troisSix,1729.981445,0.073800,-0.096100,-0.229700
1,troisSix,1739.992188,-0.117400,-0.093600,-0.171400
1,troisSix,1749.989258,-0.217400,-0.172400,0.106100
1,troisSix,1759.982422,-0.165100,-0.133300,0.186900
1,troisSix,1769.994141,-0.116300,-0.212800,0.299700
1,troisSix,1779.972656,-0.142600,-0.135300,0.178100
1,troisSix,1789.984375,-0.129700,-0.214300,0.216900
1,troisSix,1799.997070,-0.005600,-0.254200,0.253100
1,troisSix,1809.976563,0.000600,-0.216600,0.399200
1,troisSix,1819.988281,0.041000,-0.335700,0.271900
1,troisSix,1829.999023,-0.074200,-0.609600,-0.193500
1,troisSix,1839.978516,-0.597200,-0.959200,-0.633400
1,troisSix,1849.989258,-1.211900,-1.268600,-0.828600
1,troisSix,1859.968750,-1.721900,-1.461100,-0.596800
1,troisSix,1869.997070,-2.020100,-1.224800,-0.073900
1,troisSix,1879.991211,-2.415500,-0.756700,0.614400
1,troisSix,1889.972656,-2.297600,-0.288200,0.707600
1,troisSix,1899.981445,-1.880800,-0.013800,0.532900
1,troisSix,1909.993164,-1.365000,0.185000,0.101700
1,troisSix,1919.973633,-1.016500,0.228600,-0.320600
1,troisSix,1929.985352,-0.719300,0.312900,-0.575400
1,troisSix,1939.996094,-0.543300,0.318300,-0.521200
1,troisSix,1949.975586,-0.219300,0.009100,-0.274800
