1,troisSix,0.000000,-2.267000,-10.542100,1.535700
1,troisSix,9.982422,-2.630800,-10.907599,1.267000
1,troisSix,19.992188,-2.918500,-10.986199,0.962900
1,troisSix,30.001953,-2.978500,-10.733800,0.509500
1,troisSix,39.982422,-2.892500,-10.109799,0.287800
1,troisSix,49.994141,-2.846400,-9.079400,0.703600
1,troisSix,60.005859,-2.312000,-7.381400,1.714600
1,troisSix,69.984375,-1.206500,-5.538800,2.982600
1,troisSix,79.996094,0.080600,-3.689200,4.792800
1,troisSix,89.992188,1.206100,-2.267800,6.244900
1,troisSix,99.986328,2.178200,-1.679600,6.542600
1,troisSix,110.000000,2.811600,-1.899200,5.784800
1,troisSix,119.976563,2.733700,-2.557300,4.632000
1,troisSix,129.988281,2.403500,-3.559800,3.143800
1,troisSix,139.998047,1.980600,-3.701800,1.632900
1,troisSix,149.980469,2.074700,-2.170800,0.085200
1,troisSix,159.992188,2.301300,0.552100,-1.103500
1,troisSix,170.001953,1.955400,5.408700,-1.639200
1,troisSix,179.982422,1.893300,11.054399,-1.267700
1,troisSix,189.992188,2.604900,16.142500,-0.374400
1,troisSix,200.003906,3.203500,19.819899,-1.126200
1,troisSix,210.000000,2.228700,22.765699,-2.323500
1,troisSix,219.996094,0.799600,24.358299,-3.866400
1,troisSix,230.005859,0.598200,24.063799,-5.161700
1,troisSix,239.986328,0.977900,23.898300,-5.393700
1,troisSix,249.996094,1.884500,23.343599,-5.381800
1,troisSix,259.976563,3.230400,22.395899,-4.991300
1,troisSix,269.988281,3.903900,22.116999,-5.074600
1,troisSix,280.000000,3.505200,22.542400,-4.936100
1,troisSix,289.978516,3.859100,23.250799,-6.724900
1,troisSix,299.988281,4.520600,21.224100,-8.000600
1,troisSix,310.001953,3.944800,15.517300,-7.633700
1,troisSix,319.980469,3.854100,10.446700,-7.385800
1,troisSix,330.007813,4.668300,7.470200,-8.101200
1,troisSix,340.003906,4.713500,5.917400,-8.542399
1,troisSix,349.982422,4.618500,5.035800,-8.545700
1,troisSix,359.994141,4.193100,6.739100,-9.038199
1,troisSix,370.005859,3.542200,6.588500,-8.236199
1,troisSix,379.986328,3.584300,3.673000,-4.953600
1,troisSix,389.998047,5.499400,-0.544200,-2.539900
1,troisSix,399.976563,7.525700,-4.870500,-2.635400
1,troisSix,409.986328,8.651899,-11.200000,-6.494100
1,troisSix,419.998047,7.513800,-19.864500,-10.265400
1,troisSix,429.978516,4.225500,-25.793600,-12.409100
1,troisSix,439.990234,0.704500,-27.092800,-13.594399
1,troisSix,450.017578,-2.250500,-24.359798,-13.763000
1,troisSix,459.980469,-4.238800,-18.331400,-10.966400
1,troisSix,469.990234,-3.982900,-12.483200,-7.063500
1,troisSix,480.001953,-3.456600,-6.800900,-4.765800
1,troisSix,489.982422,-4.383700,-3.236300,-2.894500
1,troisSix,499.994141,-5.759500,-1.663800,-0.956700
1,troisSix,510.001953,-7.315600,-1.195300,-0.136600
1,troisSix,519.984375,-8.705999,-1.510400,-0.299700
1,troisSix,529.996094,-9.113600,-2.125200,-0.394500
1,troisSix,540.005859,-7.945400,-2.231500,0.626600
1,troisSix,549.986328,-5.693300,-2.097800,2.944700
1,troisSix,559.996094,-3.266700,-1.918500,5.502000
1,troisSix,569.994141,-1.578600,-1.633000,6.758700
1,troisSix,579.986328,1.688500,-1.007000,5.913700
1,troisSix,590.000000,2.279700,-0.475100,5.618400
1,troisSix,599.980469,2.629000,-0.315300,5.445200
1,troisSix,609.990234,3.481300,0.345100,5.026400
1,troisSix,620.001953,5.295600,0.949900,4.696500
1,troisSix,629.980469,6.534500,1.111100,3.588300
1,troisSix,639.994141,7.041500,0.798200,1.370900
1,troisSix,650.003906,7.023900,0.190400,-1.148200
1,troisSix,659.984375,5.117500,-0.611900,-3.167400
1,troisSix,669.994141,2.024800,-1.797100,-3.854700
1,troisSix,680.005859,-0.726500,-2.989000,-3.571500
1,troisSix,690.001953,-3.037100,-3.705900,-2.914400
1,troisSix,699.996094,-4.676500,-4.191000,-1.985600
1,troisSix,709.978516,-5.631300,-4.263600,-1.095600
1,troisSix,719.986328,-5.495700,-4.143900,-0.737500
1,troisSix,729.998047,-4.427100,-3.858400,-0.287100
1,troisSix,739.978516,-3.181100,-3.616600,0.448000
1,troisSix,749.990234,-2.093700,-3.557100,0.450300
1,troisSix,760.000000,-1.844500,-3.162300,0.394300
1,troisSix,769.980469,-2.393000,-2.427400,1.230600
1,troisSix,779.990234,-4.188800,-1.230600,1.723700
1,troisSix,790.001953,-6.246100,0.704000,3.889700
1,troisSix,799.980469,-8.006500,3.233200,6.609400
1,troisSix,810.009766,-8.293000,5.510100,7.806100
1,troisSix,820.003906,-7.687000,7.209100,5.744900
1,troisSix,829.984375,-7.436600,7.919100,2.031200
1,troisSix,839.994141,-9.186700,8.031300,-3.748300
1,troisSix,849.974609,-11.568999,8.374100,-9.491600
1,troisSix,859.986328,-11.314799,9.623700,-12.174800
1,troisSix,869.998047,-10.402599,15.387799,-6.675000
1,troisSix,879.976563,-5.927200,23.403999,7.319900
1,troisSix,889.988281,-0.408900,29.540699,15.006300
1,troisSix,900.000000,3.002900,33.692799,10.250700
1,troisSix,909.978516,2.155500,30.925400,2.632900
1,troisSix,919.990234,-1.165100,25.461399,-3.137900
1,troisSix,930.017578,-3.310100,21.908899,-6.084600
1,troisSix,939.982422,-2.200000,18.147800,-6.037700
1,troisSix,949.992188,0.944600,14.470400,-4.812600
1,troisSix,960.003906,3.627500,12.073700,-4.812700
1,troisSix,969.984375,5.031200,10.793200,-5.480500
1,troisSix,979.994141,5.126800,10.118000,-5.781300
1,troisSix,990.003906,5.177200,9.758699,-5.256700
1,troisSix,999.984375,3.039900,9.268200,-3.014200
1,troisSix,1009.998047,1.737200,8.410000,-1.495400
1,troisSix,1019.976563,2.118700,6.607900,-1.617100
1,troisSix,1029.986328,1.742300,5.534600,-1.664300
1,troisSix,1039.998047,1.573300,5.543800,-1.228600
1,troisSix,1049.994141,2.228000,5.618800,-1.117300
1,troisSix,1059.988281,2.137000,6.532100,-0.477200
1,troisSix,1070.000000,1.986300,7.321600,-0.068500
1,troisSix,1079.980469,1.729400,7.073100,0.281300
1,troisSix,1089.990234,0.751000,6.286700,-0.269500
1,troisSix,1100.001953,-0.834600,4.855000,-1.396400
1,troisSix,1109.980469,-1.661100,2.687400,-2.073700
1,troisSix,1119.994141,-1.459100,-0.247500,-1.989400
1,troisSix,1130.005859,-0.839500,-3.078500,-0.945800
1,troisSix,1139.984375,-0.170700,-5.355300,0.219200
1,troisSix,1149.996094,0.905300,-6.986400,0.949500
1,troisSix,1159.974609,1.939000,-7.631900,1.148300
1,troisSix,1170.001953,2.393500,-7.818300,0.889700
1,troisSix,1179.998047,2.519900,-7.448500,0.840300
1,troisSix,1189.978516,2.289200,-6.850300,0.959600
1,troisSix,1199.988281,1.596500,-5.204600,1.785500
1,troisSix,1210.000000,1.723100,-4.364000,2.366900
1,troisSix,1219.980469,1.289500,-3.589000,2.811000
1,troisSix,1229.992188,0.848200,-2.791500,2.938100
1,troisSix,1240.001953,0.138700,-2.183200,2.367600
1,troisSix,1249.982422,-0.913200,-1.653300,1.416800
1,troisSix,1259.992188,-1.815800,-1.250500,0.655700
1,troisSix,1270.003906,-2.579400,-0.927000,0.161800
1,troisSix,1279.982422,-2.973500,-0.719800,-0.137100
1,troisSix,1290.011719,-2.590200,-0.539200,-0.251900
1,troisSix,1300.003906,-1.650200,-0.506100,-0.349900
1,troisSix,1309.984375,-0.288600,-0.330400,-0.583100
1,troisSix,1319.996094,0.978400,-0.057300,-0.535700
1,troisSix,1329.976563,2.101200,0.222700,-0.196500
1,troisSix,1339.988281,2.446300,0.371400,0.116400
1,troisSix,1349.998047,2.310100,0.752800,0.545000
1,troisSix,1359.978516,1.603600,0.902800,0.779200
1,troisSix,1369.988281,0.680100,1.065900,0.678100
1,troisSix,1380.001953,-0.009400,1.291600,0.697600
1,troisSix,1389.978516,-0.549200,1.198700,0.588700
1,troisSix,1399.992188,-0.782600,0.791400,0.399500
1,troisSix,1410.019531,-0.729900,0.230100,0.252700
1,troisSix,1419.982422,-0.691700,-0.252300,0.140100
1,troisSix,1429.992188,-0.641300,-0.529500,0.001300
1,troisSix,1440.005859,-0.631800,-0.640300,-0.004200
1,troisSix,1449.986328,-0.720400,-0.804600,0.124700
1,troisSix,1459.996094,-0.757600,-0.990900,0.211500
1,troisSix,1469.976563,-0.959000,-1.046600,0.365700
1,troisSix,1479.986328,-1.017200,-1.132900,0.538900
1,troisSix,1489.998047,-0.988000,-1.102900,0.437300
1,troisSix,1499.976563,-0.924400,-1.237600,0.207600
1,troisSix,1509.990234,-0.785700,-1.265200,0.119800
1,troisSix,1519.998047,-0.498300,-1.419600,0.216800
1,troisSix,1529.994141,-0.395700,-1.543000,0.495300
1,troisSix,1539.990234,-0.139800,-1.438000,0.835000
1,troisSix,1550.001953,0.059000,-1.220100,0.962900
1,troisSix,1559.982422,0.112300,-1.161100,0.882600
1,troisSix,1569.992188,-0.010100,-1.100500,0.837500
1,troisSix,1580.001953,-0.074900,-1.152900,0.950900
1,troisSix,1589.982422,0.076300,-1.242000,1.103000
1,troisSix,1599.994141,0.307300,-1.363100,1.229100
1,troisSix,1610.005859,0.552400,-1.362900,1.209400
1,troisSix,1619.986328,0.760600,-1.327700,1.304700
1,troisSix,1629.996094,1.012500,-1.216800,1.441000
1,troisSix,1639.976563,1.193400,-1.148300,1.381400
1,troisSix,1650.003906,1.163600,-1.045700,1.312800
1,troisSix,1660.000000,1.053300,-0.753000,1.268200
1,troisSix,1669.978516,0.753000,-0.543000,1.249800
1,troisSix,1679.990234,0.533800,-0.102400,1.216700
1,troisSix,1690.000000,0.316300,0.220400,1.103000
1,troisSix,1699.980469,0.284900,0.384500,1.180500
1,troisSix,1709.992188,0.244400,0.705300,1.021600
1,troisSix,1720.003906,0.113800,0.987600,0.903700
1,troisSix,1729.984375,0.017500,1.033600,1.016400
1,troisSix,1739.994141,-0.003300,1.235000,0.924700
1,troisSix,1750.005859,0.013600,1.394000,0.818900
1,troisSix,1759.984375,0.148000,1.165000,0.486100
1,troisSix,1770.011719,0.290100,1.097900,0.203600
1,troisSix,1779.976563,0.357800,1.073600,0.203600
1,troisSix,1789.986328,0.437000,0.818900,0.295100
1,troisSix,1799.996094,0.561700,0.528600,0.279800
1,troisSix,1809.976563,0.533700,0.238100,0.379000
1,troisSix,1819.990234,0.499900,-0.013000,0.438200
1,troisSix,1830.000000,0.347500,-0.423000,0.879800
1,troisSix,1839.980469,0.239300,-0.479300,1.007500
1,troisSix,1849.990234,0.101800,-0.690700,1.021700
1,troisSix,1860.001953,0.126100,-0.587300,0.881400
1,troisSix,1869.980469,0.080000,-0.598800,0.711600
1,troisSix,1879.992188,0.045100,-0.763400,0.479700
1,troisSix,1890.021484,0.095000,-0.809500,0.368100
1,troisSix,1899.982422,0.030400,-0.855800,0.372500
1,troisSix,1909.994141,0.154300,-1.019500,0.417000
1,troisSix,1920.005859,0.036600,-0.907900,0.347800
1,troisSix,1929.986328,0.028800,-0.560400,0.320300
1,troisSix,1939.998047,0.163700,-0.290500,0.140900
1,troisSix,1949.976563,0.292300,-0.137300,0.162600
1,troisSix,1959.988281,0.376900,0.211400,0.141900
1,troisSix,1970.000000,0.340700,0.284900,0.234400
1,troisSix,1979.978516,0.340300,0.244300,-0.008400
1,troisSix,1989.990234,0.302100,0.242400,0.098600
1,troisSix,2000.000000,0.229200,0.201200,0.165100
1,troisSix,2009.996094,0.090300,0.117800,0.293600
1,troisSix,2019.992188,0.114700,0.072500,0.219400
1,troisSix,2030.003906,-0.008200,0.067500,0.112100
1,troisSix,2039.984375,-0.008600,0.061900,0.275800
1,troisSix,2049.994141,0.035100,0.016100,0.393900
1,troisSix,2060.005859,0.039900,-0.029200,0.434900
1,troisSix,2069.984375,0.119900,-0.191800,0.439300
1,troisSix,2079.996094,0.191900,-0.313100,0.611500
1,troisSix,2089.974609,0.295100,-0.433500,0.671200
1,troisSix,2099.986328,0.351100,-0.396800,0.691900
1,troisSix,2109.998047,0.480700,-0.321600,0.745700
1,troisSix,2119.978516,0.527100,-0.246400,0.640600
1,troisSix,2130.005859,0.531600,-0.015300,0.566200
1,troisSix,2140.000000,0.423600,0.097600,0.527200
1,troisSix,2149.980469,0.391500,0.289600,0.451100
1,troisSix,2159.990234,0.251800,0.325200,0.379000
1,troisSix,2170.003906,0.262700,0.321900,0.345500
1,troisSix,2179.980469,0.158900,0.318900,0.314100
1,troisSix,2189.994141,0.176900,0.198200,0.165600
1,troisSix,2200.003906,0.236800,-0.039700,0.175900
1,troisSix,2209.984375,0.109000,-0.199400,0.187100
1,troisSix,2219.996094,0.098900,-0.123600,0.239000
1,troisSix,2230.005859,-0.060200,-0.128200,0.353500
1,troisSix,2239.986328,0.162800,-0.367100,0.354300
1,troisSix,2250.011719,0.186500,-0.526300,0.206200
1,troisSix,2259.978516,0.166300,-0.488700,0.219100
1,troisSix,2269.988281,0.148000,-0.333700,0.190300
1,troisSix,2279.998047,0.125200,-0.218100,0.233100
1,troisSix,2289.978516,-0.010300,-0.141200,0.205000
1,troisSix,2299.990234,-0.063900,-0.063900,0.182800
1,troisSix,2310.000000,-0.191100,-0.065000,0.163600
1,troisSix,2319.982422,-0.234900,-0.144500,0.108100
1,troisSix,2329.992188,-0.273700,-0.184700,0.174800
1,troisSix,2340.003906,-0.343600,-0.225300,0.203700
1,troisSix,2349.982422,-0.370000,-0.383300,0.082700
1,troisSix,2359.994141,-0.275900,-0.462600,0.083000
1,troisSix,2370.021484,-0.219500,-0.463700,0.080400
1,troisSix,2379.984375,-0.088700,-0.582600,0.152700
1,troisSix,2389.994141,-0.041400,-0.622700,0.146900
1,troisSix,2399.974609,-0.108800,-0.584800,0.177700
1,troisSix,2409.986328,-0.140400,-0.664500,0.205500
1,troisSix,2419.998047,-0.206000,-0.509100,0.193600
1,troisSix,2429.976563,-0.346600,-0.432400,0.181300
1,troisSix,2439.988281,-0.327900,-0.238100,0.050400
1,troisSix,2450.000000,-0.342700,-0.004200,-0.150700
1,troisSix,2459.978516,-0.322800,-0.005200,-0.192200
1,troisSix,2469.992188,-0.340800,-0.045700,-0.040400
1,troisSix,2480.001953,-0.250800,-0.085400,0.036100
1,troisSix,2489.998047,-0.229300,-0.086400,0.072900
1,troisSix,2499.992188,-0.243600,-0.048600,0.065000
1,troisSix,2510.003906,-0.181100,-0.050000,0.134100
1,troisSix,2519.986328,-0.120500,-0.012600,0.313200
1,troisSix,2529.996094,-0.024300,-0.132000,0.412900
1,troisSix,2540.007813,-0.011400,-0.211800,0.357800
1,troisSix,2549.986328,-0.075700,-0.369800,0.267200
1,troisSix,2559.998047,0.008900,-0.370900,0.330300
1,troisSix,2569.976563,-0.061500,-0.254800,0.425600
1,troisSix,2579.988281,-0.017400,-0.216800,0.406300
1,troisSix,2589.998047,-0.053400,-0.178500,0.313100
1,troisSix,2599.978516,-0.013900,-0.101100,0.293000
1,troisSix,2610.005859,0.064800,-0.102100,0.235300
1,troisSix,2620.001953,0.066600,-0.182000,0.405000
1,troisSix,2629.980469,0.186300,-0.183200,0.419300
1,troisSix,2639.992188,0.189700,-0.341400,0.432200
1,troisSix,2650.003906,0.189900,-0.342400,0.370100
1,troisSix,2659.982422,0.263800,-0.382200,0.235900
1,troisSix,2669.994141,0.293400,-0.539600,0.257500
1,troisSix,2680.003906,0.314900,-0.579000,0.240000
1,troisSix,2689.984375,0.259400,-0.461600,0.142600
1,troisSix,2699.996094,0.241400,-0.344200,0.002900
1,troisSix,2709.974609,0.148200,-0.266000,-0.058500
1,troisSix,2719.986328,0.019000,-0.226800,-0.149600
1,troisSix,2730.013672,-0.064200,-0.148500,-0.159200
1,troisSix,2739.978516,-0.181800,-0.031000,-0.167400
1,troisSix,2749.990234,-0.108100,-0.031300,0.012500
1,troisSix,2760.001953,-0.073600,0.007600,-0.000300
1,troisSix,2769.980469,-0.114400,0.046700,0.107500
1,troisSix,2779.992188,-0.112400,0.125000,0.027200
1,troisSix,2790.001953,-0.110300,0.164200,-0.051500
1,troisSix,2799.982422,-0.111300,0.085700,-0.092800
1,troisSix,2809.992188,-0.109200,0.007300,-0.129200
1,troisSix,2820.003906,-0.148400,-0.227900,-0.083600
