1,troisSix,0.000000,-0.289800,-7.605700,1.400900
1,troisSix,10.027344,-0.300700,-7.619200,2.007500
1,troisSix,19.992188,-0.365300,-7.539900,2.432800
1,troisSix,30.003906,-0.528200,-7.474000,2.693800
1,troisSix,40.013672,-0.819300,-6.996000,2.967600
1,troisSix,49.994141,-1.267200,-6.157800,3.423200
1,troisSix,60.003906,-1.270900,-5.241800,3.498600
1,troisSix,70.017578,-0.971400,-3.886500,3.624200
1,troisSix,79.996094,-0.437600,-1.635500,4.089500
1,troisSix,90.007813,0.303900,0.592000,4.567800
1,troisSix,100.019531,0.692100,2.613400,4.796100
1,troisSix,109.998047,1.316400,4.023000,4.875400
1,troisSix,120.009766,1.521300,4.633800,4.506600
1,troisSix,130.035156,1.488800,4.974000,3.983300
1,troisSix,140.000000,1.851600,6.311600,2.892100
1,troisSix,150.009766,1.865700,7.693300,1.300900
1,troisSix,159.990234,1.713000,9.889700,-0.138000
1,troisSix,170.000000,1.816400,12.978100,-1.448900
1,troisSix,180.013672,2.024400,16.940899,-4.924700
1,troisSix,189.992188,2.391700,19.581999,-5.855200
1,troisSix,200.003906,3.286300,21.521000,-5.880700
1,troisSix,210.017578,3.789800,22.248800,-5.659100
1,troisSix,219.994141,3.113800,22.468300,-5.620900
1,troisSix,230.007813,2.235500,22.301399,-6.138600
1,troisSix,240.017578,1.800800,20.964600,-6.584300
1,troisSix,250.013672,1.297900,18.652000,-6.692200
1,troisSix,260.007813,1.568000,16.306700,-6.933500
1,troisSix,270.019531,2.095200,13.967500,-7.274000
1,troisSix,279.998047,3.373600,11.865700,-6.795900
1,troisSix,290.009766,5.121500,11.259700,-6.943300
1,troisSix,299.992188,5.944500,10.700700,-7.507500
1,troisSix,310.001953,6.060000,10.485900,-5.366200
1,troisSix,320.011719,6.291000,9.283999,-3.021100
1,troisSix,329.992188,7.059500,7.070200,-2.541600
1,troisSix,340.003906,8.396800,4.670900,-2.042500
1,troisSix,350.013672,11.091599,0.916100,-1.136100
1,troisSix,359.994141,11.921400,-3.672900,-3.145900
1,troisSix,370.023438,11.487499,-8.497399,-7.219500
1,troisSix,380.015625,9.608500,-13.829100,-10.498199
1,troisSix,389.994141,6.456800,-19.475899,-11.515599
1,troisSix,400.005859,3.821200,-23.516300,-10.774700
1,troisSix,410.017578,1.466100,-24.953600,-10.887400
1,troisSix,419.998047,1.096900,-23.533499,-11.192699
1,troisSix,430.007813,0.638200,-18.935999,-10.467000
1,troisSix,440.019531,0.036100,-13.867399,-9.285500
1,troisSix,450.000000,-2.950600,-8.827100,-7.675000
1,troisSix,460.011719,-4.618900,-5.219500,-6.149100
1,troisSix,469.990234,-6.706500,-2.264600,-4.522900
1,troisSix,480.001953,-8.594800,0.109600,-3.119200
1,troisSix,490.029297,-9.326300,0.806100,-1.123200
1,troisSix,499.992188,-8.285100,0.268800,1.096600
1,troisSix,510.003906,-6.150500,-0.473700,2.559400
1,troisSix,520.015625,-3.858500,-1.599200,2.801400
1,troisSix,529.996094,-2.257900,-2.708200,2.704400
1,troisSix,540.005859,-1.889500,-2.968900,2.633700
1,troisSix,550.017578,-2.055500,-2.863100,2.726800
1,troisSix,559.998047,-2.636300,-2.504000,2.516700
1,troisSix,570.007813,-2.657400,-2.007900,2.106300
1,troisSix,580.019531,-2.151600,-1.107200,1.419900
1,troisSix,589.998047,-1.023400,0.127500,1.300400
1,troisSix,600.009766,0.588800,0.995700,1.744700
1,troisSix,610.005859,2.507500,1.201600,1.759900
1,troisSix,620.000000,3.389300,1.042300,0.766400
1,troisSix,630.011719,2.780200,0.421100,-0.864400
1,troisSix,639.992188,1.304900,-0.315000,-2.216600
1,troisSix,650.001953,-0.412300,-1.064200,-2.872500
1,troisSix,660.013672,-1.901300,-1.401600,-3.533200
1,troisSix,669.994141,-3.544700,-1.573900,-3.435500
1,troisSix,680.003906,-4.578200,-1.194200,-2.359000
1,troisSix,690.017578,-4.766500,-0.968100,-1.553500
1,troisSix,699.994141,-4.930700,-0.760800,-0.968500
1,troisSix,710.007813,-4.990600,-0.655400,-0.318700
1,troisSix,720.017578,-5.352800,-0.442600,0.359100
1,troisSix,730.013672,-6.114500,0.040200,1.063900
1,troisSix,740.009766,-7.253700,0.701800,1.211100
1,troisSix,749.988281,-8.122900,1.385600,-0.171400
1,troisSix,760.000000,-9.269700,2.098400,-4.024400
1,troisSix,770.011719,-9.676600,3.702800,-8.027699
1,troisSix,779.992188,-8.904099,7.300900,-9.272600
1,troisSix,790.001953,-7.943800,16.001101,-1.307100
1,troisSix,800.015625,-6.937100,40.728298,20.104000
1,troisSix,809.992188,-1.087500,38.948097,15.515699
1,troisSix,820.005859,0.584400,32.626400,8.372600
1,troisSix,830.015625,-1.150900,26.064999,4.812900
1,troisSix,839.996094,-2.968100,19.751400,3.614400
1,troisSix,850.023438,-2.972000,13.938600,3.629100
1,troisSix,860.017578,-1.313300,8.930200,3.710000
1,troisSix,869.996094,1.439100,5.701100,3.207500
1,troisSix,880.007813,3.523300,5.010700,2.047600
1,troisSix,890.017578,4.693000,6.170000,0.916200
1,troisSix,899.998047,4.732400,8.086400,0.659300
1,troisSix,910.011719,4.106600,9.644899,0.995700
1,troisSix,919.990234,3.175400,10.477500,1.364400
1,troisSix,930.001953,2.270200,10.765800,1.412100
1,troisSix,940.011719,1.376100,10.318500,0.951300
1,troisSix,949.992188,0.771100,8.894199,0.340400
1,troisSix,960.001953,0.570100,6.875700,-0.070000
1,troisSix,970.031250,0.644100,4.918400,-0.170900
1,troisSix,979.992188,1.017100,3.288800,-0.278100
1,troisSix,990.005859,1.250900,2.252700,-0.022800
1,troisSix,1000.015625,1.350400,1.688100,-0.138800
1,troisSix,1009.996094,1.117600,1.470300,-0.478100
1,troisSix,1020.009766,0.726600,1.373600,-0.962000
1,troisSix,1030.019531,0.474700,1.414200,-1.416400
1,troisSix,1040.000000,0.177900,1.530800,-1.573200
1,troisSix,1050.009766,-0.210400,1.206700,-1.481900
1,troisSix,1059.990234,-0.476100,0.746300,-1.201300
1,troisSix,1070.000000,-0.703600,0.627100,-0.981700
1,troisSix,1080.011719,-0.826700,0.489200,-0.919400
1,troisSix,1090.007813,-1.281900,-0.407000,-0.658500
1,troisSix,1100.003906,-1.675900,-0.522000,-0.643600
1,troisSix,1110.013672,-1.920700,-0.714000,-0.601100
1,troisSix,1119.994141,-1.635300,-0.591100,-0.582300
1,troisSix,1130.003906,-1.449400,-0.744100,-0.361100
1,troisSix,1140.015625,-1.108500,-1.051900,-0.388400
1,troisSix,1149.996094,-0.643500,-1.237400,-0.207600
1,troisSix,1160.005859,-0.456100,-1.687200,-0.375500
1,troisSix,1170.017578,0.172500,-1.975300,-0.233400
1,troisSix,1179.996094,0.466100,-2.378300,0.009000
1,troisSix,1190.007813,0.618400,-2.628700,0.440100
1,troisSix,1200.017578,0.672900,-2.885300,0.581800
1,troisSix,1210.015625,0.867500,-3.187800,0.706000
1,troisSix,1220.009766,0.789300,-3.372300,0.554900
1,troisSix,1229.990234,0.499600,-3.085900,0.624000
1,troisSix,1240.000000,0.269500,-2.598100,0.581500
1,troisSix,1250.011719,0.174000,-2.382900,0.651600
1,troisSix,1259.992188,-0.027600,-2.165900,0.600900
1,troisSix,1270.003906,-0.034500,-2.143400,0.397500
1,troisSix,1280.015625,-0.074200,-2.117800,0.276200
1,troisSix,1289.994141,0.150800,-1.897900,0.388100
1,troisSix,1300.005859,0.430400,-1.768000,0.593700
1,troisSix,1310.017578,0.646100,-1.725300,0.708800
1,troisSix,1319.998047,0.802500,-1.805500,0.820500
1,troisSix,1330.023438,1.281600,-1.780100,1.148800
1,troisSix,1340.019531,1.520900,-1.765700,1.234600
1,troisSix,1349.998047,1.501400,-1.675400,1.010900
1,troisSix,1360.009766,1.538800,-1.667600,1.017800
1,troisSix,1369.990234,1.579900,-1.693700,0.761400
1,troisSix,1380.000000,1.723700,-1.364700,0.632900
1,troisSix,1390.011719,1.672700,-0.960500,0.798300
1,troisSix,1399.990234,1.371000,-0.708200,0.807100
1,troisSix,1410.001953,1.451400,-0.385600,1.018100
1,troisSix,1420.013672,1.287800,-0.370200,0.804100
1,troisSix,1429.994141,1.063000,-0.193000,0.598100
1,troisSix,1440.003906,0.925300,-0.010600,0.486300
1,troisSix,1450.031250,0.867500,0.096200,0.266200
1,troisSix,1459.994141,0.857700,-0.108900,0.245100
1,troisSix,1470.005859,0.843600,-0.161900,0.438800
1,troisSix,1480.015625,1.227400,-0.412900,0.593000
1,troisSix,1489.996094,1.243600,-0.508900,0.816200
1,troisSix,1500.009766,1.286800,-0.525400,0.844200
1,troisSix,1510.019531,1.237600,-0.620200,0.905900
1,troisSix,1520.000000,1.108200,-0.598500,0.952200
1,troisSix,1530.009766,0.937700,-0.381100,1.022600
1,troisSix,1539.990234,0.665800,-0.435400,1.017300
1,troisSix,1550.001953,0.412900,-0.565900,1.132400
1,troisSix,1560.013672,0.139400,-0.536900,0.982200
1,troisSix,1570.009766,-0.042100,-0.545300,0.878300
1,troisSix,1580.003906,0.067500,-0.276700,0.828100
1,troisSix,1590.013672,0.035100,-0.007900,0.819900
1,troisSix,1599.994141,0.156900,0.142600,0.764700
1,troisSix,1610.003906,0.242200,0.295500,0.410800
1,troisSix,1620.017578,0.367400,0.331200,0.098300
1,troisSix,1629.998047,0.685500,0.406000,0.095300
1,troisSix,1640.007813,0.879100,0.443700,0.063700
1,troisSix,1650.019531,0.829300,0.443500,-0.002200
1,troisSix,1659.998047,0.636500,0.365600,0.022100
1,troisSix,1670.009766,0.446700,0.247800,0.001900
1,troisSix,1679.988281,0.218300,0.050800,0.052600
1,troisSix,1690.015625,-0.044600,-0.342600,0.062100
1,troisSix,1700.009766,-0.111500,-0.697500,0.064100
1,troisSix,1709.990234,-0.100200,-0.896000,0.177200
1,troisSix,1720.000000,-0.013800,-0.975900,0.293300
1,troisSix,1730.013672,0.200800,-0.899000,0.259200
1,troisSix,1739.994141,0.335800,-0.899100,0.198300
1,troisSix,1750.003906,0.471100,-0.820400,0.179400
1,troisSix,1760.015625,0.566700,-0.623800,0.239600
1,troisSix,1769.994141,0.431700,-0.584300,0.263800
1,troisSix,1780.005859,0.412700,-0.387300,0.330600
1,troisSix,1790.017578,0.199300,-0.386600,0.397300
1,troisSix,1799.998047,-0.048600,-0.190000,0.505300
1,troisSix,1810.025391,-0.106500,-0.071300,0.454600
1,troisSix,1820.021484,-0.280100,0.008200,0.290800
1,troisSix,1829.998047,-0.140500,0.088500,0.134000
1,troisSix,1840.011719,-0.196400,0.130000,0.061200
1,troisSix,1849.990234,-0.131700,0.210900,-0.045600
1,troisSix,1860.000000,-0.179400,0.172300,-0.009200
1,troisSix,1870.013672,-0.332400,0.170800,-0.023000
1,troisSix,1879.992188,-0.389800,0.167900,-0.147700
1,troisSix,1890.003906,-0.096400,0.047400,-0.078900
1,troisSix,1900.013672,0.072600,-0.033400,-0.014800
1,troisSix,1909.994141,0.228600,-0.191700,0.122900
1,troisSix,1920.003906,0.409400,-0.309500,0.178900
1,troisSix,1930.033203,0.536600,-0.464700,0.196800
1,troisSix,1939.996094,0.460700,-0.619300,0.289200
1,troisSix,1950.007813,0.385600,-0.774200,0.415400
1,troisSix,1960.017578,0.164300,-0.772700,0.353000
1,troisSix,1969.998047,-0.043700,-0.772700,0.486700
1,troisSix,1980.009766,-0.234100,-0.657500,0.576400
1,troisSix,1989.988281,-0.372000,-0.544000,0.659500
1,troisSix,2000.000000,-0.383500,-0.313900,0.662300
1,troisSix,2010.009766,-0.426100,-0.084000,0.478700
1,troisSix,2019.992188,-0.620500,0.028300,0.227900
1,troisSix,2030.001953,-0.692800,0.180000,0.178100
1,troisSix,2040.013672,-0.844000,0.097000,-0.017000
1,troisSix,2050.009766,-0.846600,0.211600,-0.086600
1,troisSix,2060.003906,-0.661500,0.209200,-0.041400
1,troisSix,2070.015625,-0.489300,0.246900,-0.004300
1,troisSix,2079.996094,-0.280300,0.127800,-0.050000
1,troisSix,2090.007813,-0.231600,0.087100,0.015700
1,troisSix,2100.019531,-0.182200,-0.071200,-0.076600
1,troisSix,2109.998047,-0.136300,-0.229200,-0.088700
1,troisSix,2120.007813,-0.211600,-0.347700,-0.100700
1,troisSix,2130.019531,-0.287400,-0.466300,-0.117300
1,troisSix,2140.000000,-0.424000,-0.586300,-0.055500
1,troisSix,2150.011719,-0.622000,-0.393900,0.005700
1,troisSix,2159.990234,-0.690300,-0.397800,-0.155600
1,troisSix,2170.017578,-0.632900,-0.558400,-0.457600
1,troisSix,2180.011719,-0.493200,-0.561900,-0.482100
1,troisSix,2189.992188,-0.395300,-0.447100,-0.387700
1,troisSix,2200.003906,-0.337700,-0.371000,-0.252900
1,troisSix,2210.011719,-0.250500,-0.216000,-0.087400
1,troisSix,2219.996094,-0.097800,-0.138500,-0.034900
1,troisSix,2230.007813,-0.071000,-0.060600,0.095900
1,troisSix,2240.015625,-0.088500,-0.021400,0.151700
1,troisSix,2249.996094,0.006400,-0.021200,0.207800
1,troisSix,2260.007813,-0.055900,-0.021100,0.181100
1,troisSix,2270.019531,-0.087000,0.017900,0.184200
1,troisSix,2279.996094,-0.121600,0.018100,0.073100
1,troisSix,2290.027344,-0.124900,-0.020800,-0.003500
1,troisSix,2299.988281,-0.092400,-0.060100,0.070600
1,troisSix,2310.000000,-0.055100,-0.020900,0.067800
1,troisSix,2320.011719,0.024400,-0.177600,-0.045800
1,troisSix,2329.992188,-0.041600,-0.217200,-0.043500
1,troisSix,2340.003906,0.047600,-0.256500,-0.000400
1,troisSix,2350.015625,0.135400,-0.296200,0.075200
1,troisSix,2359.996094,0.184400,-0.217900,-0.040800
1,troisSix,2370.003906,0.153300,-0.218200,-0.001900
1,troisSix,2380.015625,0.196100,-0.218600,0.110300
1,troisSix,2389.996094,0.080500,-0.179800,0.220700
1,troisSix,2400.007813,-0.002400,-0.179800,0.217000
1,troisSix,2410.035156,-0.049500,-0.258800,0.319900
1,troisSix,2419.996094,-0.094800,-0.338200,0.217100
1,troisSix,2430.007813,0.052700,-0.299600,0.040500
1,troisSix,2440.019531,0.158000,-0.143200,0.099300
1,troisSix,2450.000000,0.032700,-0.104200,0.046900
1,troisSix,2460.011719,0.064000,-0.182600,-0.034700
1,troisSix,2469.992188,0.060800,-0.143400,0.001200
1,troisSix,2480.000000,0.020000,-0.103900,-0.034700
1,troisSix,2490.011719,-0.020900,-0.143000,0.007800
1,troisSix,2499.992188,-0.057100,-0.142900,0.012800
1,troisSix,2510.003906,0.017700,-0.260500,0.166900
1,troisSix,2520.015625,-0.062500,-0.221200,0.088800
1,troisSix,2530.011719,-0.028400,-0.182100,0.122000
1,troisSix,2540.003906,0.004100,-0.182200,0.112700
1,troisSix,2550.015625,0.149600,-0.221200,0.031200
1,troisSix,2559.996094,-0.010600,-0.142500,-0.084600
1,troisSix,2570.007813,0.064500,-0.220800,-0.162900
1,troisSix,2580.019531,-0.017000,-0.181600,-0.125400
1,troisSix,2589.996094,-0.092100,-0.181900,-0.012600
1,troisSix,2600.011719,-0.198300,-0.103700,-0.165000
1,troisSix,2609.988281,-0.185300,-0.064700,-0.278200
1,troisSix,2620.000000,-0.211600,-0.104300,-0.159100
1,troisSix,2630.011719,-0.084200,-0.104900,0.148100
1,troisSix,2639.992188,-0.117100,-0.222900,0.184200
1,troisSix,2650.019531,-0.114000,-0.262200,0.105900
