1,troisSix,0.000000,-0.208900,0.163600,-0.151400
1,troisSix,10.010254,-0.161800,0.085300,-0.030900
1,troisSix,19.990234,-0.001800,0.046200,0.050100
1,troisSix,30.018555,0.075000,-0.189000,0.130000
1,troisSix,40.013672,0.230300,-0.345900,0.091000
1,troisSix,49.993652,0.263200,-0.345800,-0.023100
1,troisSix,60.004883,0.260000,-0.345600,-0.134300
1,troisSix,70.015137,0.180000,-0.384500,-0.243700
1,troisSix,79.995117,0.098300,-0.188100,-0.275000
1,troisSix,90.005859,0.055900,-0.109100,-0.262400
1,troisSix,100.017090,0.054200,0.009000,-0.289300
1,troisSix,109.996094,-0.063400,0.009800,-0.349000
1,troisSix,120.008789,0.021300,0.049800,-0.253400
1,troisSix,130.018555,-0.013100,0.011000,-0.048200
1,troisSix,139.999512,-0.122900,0.051100,-0.072100
1,troisSix,150.025879,-0.154400,0.090600,0.129500
1,troisSix,159.990723,-0.181000,0.130200,0.056600
1,troisSix,170.000977,-0.097900,0.012700,0.098400
1,troisSix,180.012207,-0.170200,0.091400,0.022500
1,troisSix,189.991699,-0.128000,0.248200,0.059200
1,troisSix,200.002930,-0.275800,0.326700,0.136400
1,troisSix,210.014160,-0.192900,0.287600,0.020700
1,troisSix,219.993164,-0.188400,0.405400,-0.055600
1,troisSix,230.005859,-0.300100,0.563100,-0.317200
1,troisSix,240.016602,-0.446500,0.878200,-0.648500
1,troisSix,249.996582,-0.547700,1.037300,-0.887700
1,troisSix,260.007813,-1.170700,1.433600,-1.188500
1,troisSix,270.034180,-1.272800,2.262000,-1.136000
1,troisSix,279.998047,-0.990700,2.736700,-0.706300
1,troisSix,290.008789,-0.448900,2.974200,-0.181700
1,troisSix,299.988770,0.150500,2.543500,-0.019500
1,troisSix,310.000000,1.787000,0.937600,-1.222700
1,troisSix,320.012207,2.339400,-0.038800,-1.814600
1,troisSix,329.992188,3.130800,-1.639700,-2.263800
1,troisSix,340.000977,3.130600,-3.667500,-2.456500
1,troisSix,350.012207,2.857800,-5.768800,-2.436800
1,troisSix,359.993652,2.429200,-7.279100,-1.911600
1,troisSix,370.004395,1.482000,-8.320000,-0.782600
1,troisSix,380.015625,0.487100,-9.286600,0.551300
1,troisSix,390.010742,-0.589500,-10.100699,1.391500
1,troisSix,400.005859,-1.658800,-11.029500,1.394900
1,troisSix,410.017090,-2.523700,-11.641000,1.264300
1,troisSix,419.996582,-2.915700,-11.734200,0.975000
1,troisSix,430.009277,-2.860100,-11.656400,0.538300
1,troisSix,440.020508,-2.410100,-11.089800,0.308700
1,troisSix,449.999512,-2.008500,-10.582700,0.470700
1,troisSix,460.010742,-1.568400,-9.361300,0.977900
1,troisSix,469.990234,-1.138500,-7.603900,2.122900
1,troisSix,480.001465,-0.805000,-5.803400,3.387500
1,troisSix,490.012695,-0.785000,-4.237600,4.300300
1,troisSix,499.991699,-0.401800,-3.334200,4.916000
1,troisSix,510.018555,0.079600,-2.777100,5.207900
1,troisSix,520.013672,0.390300,-2.416500,4.902900
1,troisSix,529.993652,1.131300,-1.838400,4.005900
1,troisSix,540.006348,2.265400,-1.270300,3.100600
1,troisSix,550.016602,2.686100,-0.910900,2.344400
1,troisSix,559.996582,3.335000,-0.326400,1.163600
1,troisSix,570.007324,3.232400,1.367600,-0.530400
1,troisSix,580.018555,2.487700,5.193700,-1.888800
1,troisSix,589.998535,1.387900,10.487800,-3.122900
1,troisSix,600.008789,-0.276200,17.137499,-3.445200
1,troisSix,609.988770,-1.606000,24.620800,-3.249200
1,troisSix,619.999512,-2.889300,28.641199,-3.573900
1,troisSix,630.027832,-2.978400,29.311298,-5.079500
1,troisSix,639.992188,-3.545500,28.774300,-6.201200
1,troisSix,650.002930,-3.305500,27.839800,-6.237900
1,troisSix,660.013672,-2.408600,25.178099,-6.774800
1,troisSix,669.993164,-1.840800,21.612999,-6.729100
1,troisSix,680.004395,-2.310400,18.357800,-5.733300
1,troisSix,690.015625,-1.721700,18.274000,-4.537700
1,troisSix,699.995117,-0.020900,18.659000,-4.211500
1,troisSix,710.005859,1.390800,18.418200,-4.149500
1,troisSix,720.016602,3.098400,17.282099,-4.871100
1,troisSix,729.996582,4.980800,13.803100,-6.086300
1,troisSix,740.009277,5.332300,9.666300,-6.558600
1,troisSix,750.035645,5.493500,6.123600,-6.075000
1,troisSix,760.000000,5.314400,3.289700,-5.003500
1,troisSix,770.010254,6.146900,0.300900,-4.055500
1,troisSix,779.990234,6.667700,-4.680100,-4.850700
1,troisSix,790.001465,7.696000,-11.763700,-6.385900
1,troisSix,800.012207,9.556200,-17.963200,-7.679900
1,troisSix,809.992188,9.188499,-21.436100,-8.937500
1,troisSix,820.002441,8.428200,-22.582899,-8.584800
1,troisSix,830.015137,8.113100,-20.692099,-8.186999
1,troisSix,839.995117,4.990200,-17.089100,-8.933100
1,troisSix,850.005859,1.833000,-12.697400,-9.425900
1,troisSix,860.017090,-0.853100,-8.243899,-9.142200
1,troisSix,870.012207,-2.497100,-5.413700,-8.190800
1,troisSix,880.007324,-3.518700,-5.044800,-6.569800
1,troisSix,890.018555,-4.751600,-6.640400,-4.967300
1,troisSix,899.998047,-6.204100,-8.481299,-3.126300
1,troisSix,910.009277,-6.918100,-9.560100,-1.515800
1,troisSix,919.988281,-6.520500,-10.103800,-0.551700
1,troisSix,929.999512,-6.510800,-10.299399,0.568400
1,troisSix,940.012207,-6.646400,-8.746200,1.607800
1,troisSix,949.991699,-7.858800,-6.805500,2.741100
1,troisSix,960.002930,-8.323999,-4.495900,4.077600
1,troisSix,970.014160,-8.051700,-1.901000,4.694700
1,troisSix,979.993164,-7.217100,0.383400,4.647100
1,troisSix,990.020020,-6.098900,1.634000,4.828100
1,troisSix,1000.015137,-4.912100,2.460600,5.390200
1,troisSix,1009.995117,-3.040700,3.079100,5.768200
1,troisSix,1020.006348,-1.305300,3.562200,5.914900
1,troisSix,1030.016602,-0.277600,3.790400,6.023200
1,troisSix,1039.998047,0.372100,3.483400,6.554000
1,troisSix,1050.008789,1.099900,2.959800,6.865000
1,troisSix,1060.020020,2.096300,2.225700,7.772300
1,troisSix,1069.998535,3.137700,1.397900,7.995500
1,troisSix,1080.010742,4.181600,1.048500,7.105700
1,troisSix,1089.990234,5.193900,1.062800,6.189800
1,troisSix,1100.000977,4.474000,1.309000,5.243200
1,troisSix,1110.029785,3.808800,1.368800,3.962400
1,troisSix,1119.992188,3.232400,1.777700,3.057800
1,troisSix,1130.002930,2.720500,2.089200,3.787500
1,troisSix,1140.015625,2.178500,2.409000,5.200300
1,troisSix,1149.994629,1.534400,2.525500,5.651200
1,troisSix,1160.006348,1.001500,2.089100,5.554300
1,troisSix,1170.017090,0.243600,1.859100,4.905400
1,troisSix,1179.996582,0.533200,2.616300,0.053200
1,troisSix,1190.007324,0.179400,4.064200,-5.721600
1,troisSix,1200.018066,0.931400,6.646600,-12.582000
1,troisSix,1209.998535,0.992500,9.319300,-15.700299
1,troisSix,1220.009277,-1.075800,12.903399,-8.209900
1,troisSix,1230.006348,-6.443500,19.358000,2.339600
1,troisSix,1239.999512,-7.961200,26.969200,9.728100
1,troisSix,1250.010254,-6.551800,31.192400,9.623300
1,troisSix,1259.991699,-4.938000,29.269100,5.048900
1,troisSix,1270.003418,-3.487000,23.067699,0.209200
1,troisSix,1280.013184,-2.799700,17.714300,-3.551900
1,troisSix,1289.993652,-1.726600,14.418799,-4.294500
1,troisSix,1300.004395,-0.083300,12.007700,-2.890200
1,troisSix,1310.015137,1.238900,10.241000,-1.387600
1,troisSix,1319.995605,2.318000,9.928500,-0.670000
1,troisSix,1330.005371,2.324000,9.811299,-0.013900
1,troisSix,1340.017090,1.667400,9.465300,0.662700
1,troisSix,1350.014160,0.438400,8.534800,1.407000
1,troisSix,1360.009277,-0.584200,7.530800,1.398900
1,troisSix,1370.020020,-1.286500,6.147500,1.010600
1,troisSix,1379.999512,-1.718100,5.025900,0.006700
1,troisSix,1390.010254,-1.811200,4.669400,-0.594500
1,troisSix,1399.990723,-1.494300,4.396800,-0.898800
1,troisSix,1410.001465,-0.963200,3.808500,-0.962300
1,troisSix,1420.012207,-0.454600,2.901700,-0.910300
1,troisSix,1429.991699,0.065300,2.086700,-0.622500
1,troisSix,1440.002441,0.282100,1.323300,-0.426600
1,troisSix,1450.015137,0.502400,0.382900,-0.268000
1,troisSix,1459.994629,0.747400,-0.240300,-0.093700
1,troisSix,1470.020996,0.500700,-0.307900,0.103500
1,troisSix,1480.017090,0.319400,-0.373900,0.225600
1,troisSix,1489.996582,0.082500,-0.353900,0.363700
1,troisSix,1500.007324,-0.229900,-0.382200,0.494500
1,troisSix,1510.018066,-0.200400,-0.414900,0.452200
1,troisSix,1519.998535,-0.003300,-0.593100,0.180200
1,troisSix,1530.009277,0.378500,-0.728000,-0.009700
1,troisSix,1539.988770,0.728200,-1.038200,0.907200
1,troisSix,1550.001465,0.954600,-1.772200,1.320600
1,troisSix,1560.012207,0.790600,-1.710600,1.553900
1,troisSix,1569.991699,0.673000,-1.912100,1.606300
1,troisSix,1580.002441,0.532300,-2.063500,1.373400
1,troisSix,1590.030762,0.420700,-2.204100,0.794100
1,troisSix,1599.992676,0.347800,-2.260600,0.339900
1,troisSix,1610.004395,0.351700,-2.281400,0.211500
1,troisSix,1620.015137,0.395000,-2.116500,0.263800
1,troisSix,1629.995605,0.560500,-2.083600,0.087800
1,troisSix,1640.008301,0.744800,-2.057300,-0.102600
1,troisSix,1650.019043,0.849000,-1.760000,-0.112500
1,troisSix,1659.998535,1.112300,-1.818100,0.021000
1,troisSix,1670.009277,1.265300,-1.958600,0.368100
1,troisSix,1680.020020,1.279400,-2.412800,0.860200
1,troisSix,1689.999512,1.371700,-2.593800,1.226100
1,troisSix,1700.010254,1.312100,-2.734200,1.434800
1,troisSix,1710.007324,1.184500,-2.829200,1.426200
1,troisSix,1720.000488,1.084100,-2.724500,1.435400
1,troisSix,1730.012207,1.053000,-2.498900,1.184800
1,troisSix,1739.992676,1.010400,-2.037900,0.975600
1,troisSix,1750.003418,1.025200,-1.732900,0.616300
1,troisSix,1760.016113,1.072800,-1.506400,0.371000
1,troisSix,1769.994629,0.899200,-1.244100,0.338000
1,troisSix,1780.006348,0.750400,-0.907600,0.589800
1,troisSix,1790.017090,0.587400,-0.639700,0.683800
1,troisSix,1799.996582,0.329400,-0.368600,0.749400
1,troisSix,1810.007324,0.073700,-0.251500,0.788800
1,troisSix,1820.018066,-0.180200,-0.054200,0.678600
1,troisSix,1830.015137,-0.061300,0.217600,0.709700
1,troisSix,1840.010254,0.153100,0.246300,0.821900
1,troisSix,1849.988770,0.238300,-0.004400,0.868400
1,troisSix,1860.000488,0.354900,-0.332200,0.642200
1,troisSix,1870.013184,0.579500,-0.381600,0.351100
1,troisSix,1879.991699,0.390600,-0.509600,0.251200
1,troisSix,1890.003418,0.333300,-0.521200,0.257700
1,troisSix,1900.014160,0.061200,-0.454700,0.338400
1,troisSix,1909.993652,-0.145800,-0.465400,0.269900
1,troisSix,1920.004395,-0.182800,-0.276600,0.105300
1,troisSix,1930.015137,-0.288600,-0.084700,0.079300
1,troisSix,1939.994629,-0.157200,0.070700,0.033100
1,troisSix,1950.022949,0.043900,0.148600,0.187100
1,troisSix,1960.018066,0.345600,0.030800,0.223600
1,troisSix,1969.998535,0.631900,-0.399000,0.150800
1,troisSix,1980.008301,1.244500,-0.751300,0.262800
1,troisSix,1989.988770,1.304500,-0.830600,0.478100
1,troisSix,1999.999512,0.988600,-0.873700,0.596400
1,troisSix,2010.011230,0.953800,-0.762600,0.812300
1,troisSix,2019.990723,0.840600,-0.574100,1.055300
1,troisSix,2030.001465,0.614400,-0.423200,1.074000
1,troisSix,2040.012207,0.390900,-0.506100,0.945700
1,troisSix,2049.991699,0.127500,-0.547800,0.674800
1,troisSix,2060.004395,-0.098400,-0.549300,0.566200
1,troisSix,2070.030762,-0.401600,-0.433600,0.531500
1,troisSix,2079.995605,-0.461500,-0.239700,0.536300
1,troisSix,2090.005371,-0.281800,0.150600,0.506800
1,troisSix,2100.016113,-0.253100,0.227300,0.443300
1,troisSix,2109.996582,-0.969200,0.183100,0.411800
1,troisSix,2120.008301,-0.250000,0.218300,0.182300
1,troisSix,2130.019043,0.397900,0.256100,0.033900
1,troisSix,2139.998535,0.266300,0.215300,0.044400
1,troisSix,2150.010254,-0.283600,0.369700,0.210100
1,troisSix,2159.989746,-0.706400,0.404100,0.744300
1,troisSix,2170.001465,-1.753700,0.280200,0.235200
1,troisSix,2180.012207,-2.122600,-0.000500,0.160700
1,troisSix,2190.007324,-2.356900,-0.242600,0.162400
1,troisSix,2200.002441,-2.156900,-0.522200,-0.055900
1,troisSix,2210.013184,-2.098300,-0.408800,-0.265400
1,troisSix,2219.993652,-2.099600,-0.216800,-0.208300
1,troisSix,2230.004395,-1.880600,0.015600,-0.075900
