1,Jogging,0.000000,3.338000,0.931200,-2.652200
1,Jogging,10.010986,1.780500,4.173900,-0.440000
1,Jogging,20.021729,0.022400,7.264100,2.598100
1,Jogging,30.001709,-1.503000,11.101600,5.637700
1,Jogging,40.012695,-2.064700,15.475499,8.201200
1,Jogging,50.023438,-2.153300,17.994099,10.576200
1,Jogging,60.003174,-2.172600,17.955099,12.029400
1,Jogging,70.014160,-1.599800,16.216499,12.062099
1,Jogging,80.026611,-0.866600,13.502500,10.638000
1,Jogging,90.004883,-0.306000,10.338600,8.597400
1,Jogging,100.017334,-0.153600,7.511700,7.053600
1,Jogging,110.043701,0.133600,5.109900,6.086500
1,Jogging,120.008057,1.316100,2.982200,5.909900
1,Jogging,130.018799,2.743400,1.098300,6.083900
1,Jogging,140.029785,3.611500,-0.748400,5.295200
1,Jogging,150.009521,3.037400,-3.252500,2.613100
1,Jogging,160.020264,1.742900,-5.473500,-1.002200
1,Jogging,170.001709,0.399700,-7.211400,-4.465600
1,Jogging,180.010986,-0.574800,-8.533400,-6.815700
1,Jogging,190.023438,-0.691700,-9.622100,-8.072200
1,Jogging,200.003174,-0.186000,-10.390900,-8.200600
1,Jogging,210.014160,1.042000,-11.028299,-7.683900
1,Jogging,220.025146,2.120700,-11.300000,-7.224700
1,Jogging,230.020508,2.671300,-11.282700,-6.830300
1,Jogging,240.015625,2.475600,-10.894100,-6.669600
1,Jogging,250.026611,1.529200,-10.175099,-6.343100
1,Jogging,260.008057,0.094100,-9.526000,-5.947400
1,Jogging,270.018799,-0.840000,-8.092400,-5.025400
1,Jogging,280.028320,-1.789700,-6.219500,-3.667100
1,Jogging,290.009521,-2.808700,-4.479000,-2.219400
1,Jogging,300.020264,-3.727900,-3.121100,-1.125400
1,Jogging,310.000244,-4.218000,-2.879700,-1.308700
1,Jogging,320.010986,-4.459800,-3.380500,-2.233500
1,Jogging,330.021973,-4.126700,-4.209200,-4.050000
1,Jogging,340.001709,-4.217700,-5.041900,-5.910100
1,Jogging,350.028076,-3.841000,-5.763600,-6.306500
1,Jogging,360.023682,-2.747400,-4.945100,-6.055200
1,Jogging,370.003174,-4.063300,-0.930700,-0.588100
1,Jogging,380.014160,-4.457500,4.210200,4.048400
1,Jogging,390.026367,-2.120600,7.945800,4.616000
1,Jogging,400.006348,-0.723500,9.345900,4.430500
1,Jogging,410.017578,-0.269800,10.433300,2.858700
1,Jogging,420.028320,-0.657600,9.942400,2.490500
1,Jogging,430.007813,0.569700,8.344100,2.500200
1,Jogging,440.018555,2.621000,7.331200,4.114200
1,Jogging,449.998535,4.495600,7.536900,6.650700
1,Jogging,460.009766,4.767300,8.192100,8.450700
1,Jogging,470.037598,4.677000,8.558100,7.919100
1,Jogging,480.001465,3.745700,8.347400,6.533700
1,Jogging,490.010742,2.114400,8.271900,5.307100
1,Jogging,500.023438,0.303500,8.028200,4.712800
1,Jogging,510.003418,-1.204500,7.350900,4.684800
1,Jogging,520.014160,-2.211500,6.115800,3.983800
1,Jogging,530.024902,-2.655300,2.958700,-0.558800
1,Jogging,540.004883,-3.231900,0.571700,-2.151100
1,Jogging,550.015625,-4.197800,-2.171500,-2.709500
1,Jogging,560.026855,-4.344100,-4.628900,-2.357600
1,Jogging,570.006348,-3.342300,-6.838500,-2.355700
1,Jogging,580.018555,-2.655100,-8.009500,-2.140800
1,Jogging,590.045410,-2.436600,-8.531300,-1.799500
1,Jogging,600.009277,-2.503400,-8.536200,-2.026400
1,Jogging,610.020508,-2.705400,-7.986200,-2.658300
1,Jogging,620.000488,-2.668400,-7.780300,-3.195900
1,Jogging,630.010742,-2.510100,-7.987000,-3.477600
1,Jogging,640.021973,-1.697100,-8.491300,-3.569400
1,Jogging,650.001465,-0.347300,-8.749100,-3.810500
1,Jogging,660.012695,1.112100,-8.517799,-4.497500
1,Jogging,670.023926,2.521000,-8.017300,-5.133300
1,Jogging,680.002930,3.151700,-7.412100,-5.298800
1,Jogging,690.014160,3.318000,-7.036600,-4.939800
1,Jogging,700.026367,3.661200,-6.905800,-4.439200
1,Jogging,710.021484,3.995500,-5.558800,-3.441800
1,Jogging,720.017578,5.033000,-3.665900,-2.463400
1,Jogging,730.028320,5.834700,-1.250400,-1.291800
1,Jogging,740.007813,5.634600,2.045300,0.006500
1,Jogging,750.018555,3.894000,5.405200,1.754700
1,Jogging,759.998535,1.743600,8.631900,3.852500
1,Jogging,770.009766,0.289900,12.197100,5.917200
1,Jogging,780.021973,0.021300,14.948299,7.123900
1,Jogging,790.001953,0.686900,16.437099,8.311999
1,Jogging,800.012207,1.045900,16.110100,9.753500
1,Jogging,810.023438,1.872300,14.740200,11.224100
1,Jogging,820.003418,2.814900,11.773499,12.123500
1,Jogging,830.029785,3.200000,8.808200,12.236400
1,Jogging,840.025391,3.471700,6.033200,11.500400
1,Jogging,850.004395,3.539900,3.407100,9.600200
1,Jogging,860.015625,3.362500,1.323200,7.154000
1,Jogging,870.026855,2.464500,0.052500,5.323700
1,Jogging,880.006348,1.824100,-0.723300,3.721200
1,Jogging,890.019043,0.916000,-1.483000,2.343500
1,Jogging,900.030273,-0.054000,-2.502100,0.750700
1,Jogging,910.007813,-0.473800,-3.572900,-0.799300
1,Jogging,920.020508,-0.892800,-4.688200,-1.927700
1,Jogging,930.000000,-0.950800,-5.959000,-2.864900
1,Jogging,940.011230,-0.786200,-7.463800,-3.835600
1,Jogging,950.039063,-0.058500,-9.236300,-4.609200
1,Jogging,960.001465,0.558400,-11.071799,-5.276000
1,Jogging,970.012695,1.008700,-12.499200,-5.924100
1,Jogging,980.023438,0.722100,-13.013499,-6.551900
1,Jogging,990.004883,-0.420000,-12.922199,-7.127700
1,Jogging,1000.013672,-2.092800,-12.260699,-7.485500
1,Jogging,1010.026367,-3.525300,-9.967500,-6.717800
1,Jogging,1020.006348,-4.178800,-7.351100,-5.046200
1,Jogging,1030.017090,-4.833600,-4.952500,-3.469300
1,Jogging,1040.028320,-5.435200,-2.554200,-2.015100
1,Jogging,1050.008301,-5.977600,-0.792700,-1.489000
1,Jogging,1060.018555,-5.953400,-0.014500,-2.882000
1,Jogging,1070.015625,-5.216200,-0.213300,-4.957600
1,Jogging,1080.009277,-4.439600,-0.920300,-9.153299
1,Jogging,1090.020508,-3.730400,-1.844300,-11.322100
1,Jogging,1100.001953,-2.211600,-3.237000,-11.821600
1,Jogging,1110.012695,-0.156700,-3.401400,-9.840199
1,Jogging,1120.023438,0.550000,-1.150500,-1.168600
1,Jogging,1130.002930,-0.469100,4.136200,5.410200
1,Jogging,1140.014160,1.215800,7.459400,5.832500
1,Jogging,1150.025391,2.431900,8.614500,1.758100
1,Jogging,1160.004883,1.041300,7.663100,1.864000
1,Jogging,1170.017578,1.624400,6.633000,2.393700
1,Jogging,1180.026367,2.275700,7.099900,4.808000
1,Jogging,1190.023926,1.777400,8.733700,7.046500
1,Jogging,1200.019043,1.427500,9.384200,7.281900
1,Jogging,1210.029785,1.340300,9.474500,6.916600
1,Jogging,1220.009766,0.510800,9.084599,6.442500
1,Jogging,1230.020020,-0.622100,8.259600,5.839900
1,Jogging,1240.000000,-1.400200,7.119500,5.136800
1,Jogging,1250.011230,-1.729400,6.212600,4.525300
1,Jogging,1260.021973,-1.450500,5.337000,3.938600
1,Jogging,1270.001953,-1.195200,4.245500,2.741700
1,Jogging,1280.012207,-1.570600,2.657200,0.521000
1,Jogging,1290.024902,-2.216200,0.855600,-1.058900
1,Jogging,1300.004883,-2.553900,-1.417600,-1.690100
1,Jogging,1310.031250,-2.997700,-3.709400,-1.362900
1,Jogging,1320.026855,-2.649100,-5.302600,-0.037500
1,Jogging,1330.006348,-1.720200,-6.030000,0.063300
1,Jogging,1340.017090,-1.145600,-7.012900,-1.447200
1,Jogging,1350.028320,-1.006000,-8.145100,-3.158700
1,Jogging,1360.007813,-1.537000,-9.320700,-4.647700
1,Jogging,1370.019043,-1.687200,-10.252000,-5.450700
1,Jogging,1379.998535,-1.446200,-10.245000,-5.014100
1,Jogging,1390.009277,-0.846000,-9.246300,-4.595300
1,Jogging,1400.021973,-0.014700,-7.992500,-4.586000
1,Jogging,1410.001465,0.938300,-6.906100,-4.832300
1,Jogging,1420.012695,2.039400,-6.544900,-5.306400
1,Jogging,1430.039063,3.406200,-6.582200,-5.710000
1,Jogging,1440.002930,4.633700,-6.473700,-5.953700
1,Jogging,1450.014160,5.588500,-5.608200,-5.648400
1,Jogging,1460.024902,5.856400,-3.808700,-4.469900
1,Jogging,1470.004883,5.593100,-1.221500,-2.789300
1,Jogging,1480.016113,5.053000,1.895000,-0.948400
1,Jogging,1490.028320,3.630900,4.736200,0.996500
1,Jogging,1500.007813,1.855700,7.652800,3.109300
1,Jogging,1510.018555,0.448700,11.606199,4.883700
1,Jogging,1520.029785,-0.573100,14.514800,6.471500
1,Jogging,1530.009766,-0.541200,15.567800,7.684700
1,Jogging,1540.020508,-0.194500,15.348599,8.191999
1,Jogging,1550.015625,0.512200,14.473399,8.313900
1,Jogging,1560.010742,1.186000,12.538799,8.178100
1,Jogging,1570.021973,1.704700,9.457900,8.260799
1,Jogging,1580.001953,1.712400,6.605900,7.776500
1,Jogging,1590.012695,1.323700,3.757800,6.840000
1,Jogging,1600.025391,0.761400,1.306300,5.692600
1,Jogging,1610.004395,1.070800,-0.583000,4.925700
1,Jogging,1620.015625,1.327500,-1.761300,4.204300
1,Jogging,1630.026855,1.465200,-2.554900,3.359900
1,Jogging,1640.006348,1.528100,-3.354800,2.343100
1,Jogging,1650.017578,1.253200,-4.239500,1.105400
1,Jogging,1660.027832,0.842500,-5.485100,-0.551100
1,Jogging,1670.023926,0.536900,-6.735000,-1.777200
1,Jogging,1680.020508,0.457700,-7.988700,-2.812000
1,Jogging,1689.998535,0.633700,-9.245500,-4.083000
1,Jogging,1700.009766,1.046800,-10.775100,-5.316800
1,Jogging,1710.021484,1.590700,-12.026700,-6.463800
1,Jogging,1720.001465,1.714300,-12.291599,-6.940700
1,Jogging,1730.012695,1.269700,-11.998400,-7.031200
1,Jogging,1740.023438,0.058200,-11.300099,-6.583400
1,Jogging,1750.003418,-1.532200,-10.186600,-5.375800
1,Jogging,1760.013672,-3.366200,-7.434800,-3.935100
1,Jogging,1770.024902,-4.431500,-4.065100,-2.288500
1,Jogging,1780.004883,-6.337100,0.549200,-1.502200
1,Jogging,1790.033203,-6.452700,1.028100,-1.794300
1,Jogging,1800.028320,-6.460100,0.197100,-3.936800
1,Jogging,1810.008301,-6.477600,0.127300,-6.799000
1,Jogging,1820.018555,-4.568600,0.122500,-9.791900
1,Jogging,1830.029785,-1.693200,-0.651300,-10.955999
1,Jogging,1840.009277,-1.658400,-0.375800,-4.232700
1,Jogging,1850.020508,-2.167000,2.003700,4.246800
1,Jogging,1860.000488,-1.816000,5.900800,6.012400
1,Jogging,1870.010742,-0.140900,7.673000,3.186500
1,Jogging,1880.021973,2.153200,8.191700,2.236300
1,Jogging,1890.001465,1.637200,7.628400,4.261300
1,Jogging,1900.012695,0.657300,6.677300,6.258900
1,Jogging,1910.040527,1.261600,7.130000,6.641200
1,Jogging,1920.004883,2.295600,7.241200,6.126900
1,Jogging,1930.015625,2.678000,6.890800,6.109300
1,Jogging,1940.026367,2.227800,6.314400,6.296500
1,Jogging,1950.006348,1.059700,6.014600,6.357600
1,Jogging,1960.017578,0.850300,5.546000,4.862600
1,Jogging,1970.028320,-0.194700,5.146400,3.876100
1,Jogging,1980.007813,-0.780900,5.133200,3.234600
1,Jogging,1990.020020,-1.779800,5.109600,2.514700
1,Jogging,2000.000000,-2.691100,4.283900,1.339200
1,Jogging,2010.009766,-3.175000,2.541500,-0.302700
1,Jogging,2020.021973,-3.482600,0.552300,-1.675300
1,Jogging,2030.017090,-3.337700,-2.057400,-2.439200
1,Jogging,2040.012207,-3.238700,-4.932400,-2.601900
1,Jogging,2050.023438,-3.297300,-6.844300,-2.631800
1,Jogging,2060.003418,-3.206600,-7.313100,-2.670800
1,Jogging,2070.014160,-3.026300,-7.194300,-2.924900
1,Jogging,2080.026855,-2.607100,-7.014000,-3.727500
1,Jogging,2090.004395,-2.116400,-7.482100,-4.411200
1,Jogging,2100.017090,-1.499200,-8.266500,-4.549700
1,Jogging,2110.028320,-0.283400,-8.700700,-4.522800
1,Jogging,2120.007813,1.249200,-8.775599,-4.567000
1,Jogging,2130.019043,2.363600,-8.672400,-4.814000
1,Jogging,2140.029297,2.970900,-8.714600,-4.760100
1,Jogging,2150.025391,3.470700,-8.489600,-4.755400
1,Jogging,2160.020508,3.669700,-8.397200,-4.664500
1,Jogging,2170.001465,3.799600,-7.802500,-4.651300
1,Jogging,2180.011230,3.803500,-6.336500,-4.868500
1,Jogging,2190.023926,3.452700,-4.117400,-4.755300
1,Jogging,2200.002930,2.741900,-1.036300,-3.754900
1,Jogging,2210.012695,1.814800,2.763900,-2.020800
1,Jogging,2220.023438,0.952700,6.526700,0.129300
1,Jogging,2230.004883,0.628000,9.371200,2.339100
1,Jogging,2240.016113,0.460600,11.005899,4.030700
1,Jogging,2250.026367,0.347400,11.545300,4.915400
1,Jogging,2260.006348,0.618200,11.425500,5.429200
1,Jogging,2270.034668,1.089600,11.555400,5.849100
1,Jogging,2280.028320,1.197800,11.506300,6.460100
1,Jogging,2290.008301,1.038500,11.311900,7.115500
1,Jogging,2300.020508,0.574100,10.848300,7.560800
1,Jogging,2310.000000,0.640400,10.231100,7.834500
1,Jogging,2320.010742,1.023700,9.301499,7.549700
1,Jogging,2330.021973,1.069700,7.588000,6.695100
1,Jogging,2340.001953,0.826900,5.559800,5.853000
1,Jogging,2350.012695,1.407100,3.373700,4.992500
1,Jogging,2360.023438,1.965400,1.495100,3.884600
1,Jogging,2370.002930,2.240900,-0.429500,2.910700
1,Jogging,2380.014160,2.339700,-2.280600,1.792400
1,Jogging,2390.041992,2.254300,-3.667600,0.732800
1,Jogging,2400.006348,1.830100,-6.274200,-0.555200
1,Jogging,2410.017578,0.767200,-7.673100,-1.789100
1,Jogging,2420.027832,0.339600,-8.761700,-2.974700
1,Jogging,2430.007813,-0.162900,-10.040600,-3.864000
1,Jogging,2440.019043,-0.672300,-11.073800,-4.582000
1,Jogging,2450.029785,-1.236800,-11.664400,-4.969200
1,Jogging,2460.009766,-1.673600,-11.693200,-4.944200
1,Jogging,2470.020020,-1.643400,-11.037499,-4.159300
1,Jogging,2480.000000,-1.258600,-9.427999,-3.226100
1,Jogging,2490.011230,-0.865000,-7.335200,-2.103600
1,Jogging,2500.023438,-1.285800,-4.959000,-1.030000
1,Jogging,2510.018555,-2.425400,-2.748500,-0.460300
1,Jogging,2520.013672,-3.975400,-1.368200,-1.867600
1,Jogging,2530.024902,-4.387100,-1.828000,-3.254700
1,Jogging,2540.004883,-4.774700,-3.017600,-7.466600
1,Jogging,2550.015625,-4.685000,-3.464200,-9.259700
1,Jogging,2560.026855,-2.083600,-3.163400,-8.880800
1,Jogging,2570.006348,0.569100,-2.354300,-7.632200
1,Jogging,2580.017090,1.554300,-0.878000,-3.554200
1,Jogging,2590.028320,0.297300,-0.457600,1.434500
1,Jogging,2600.007813,0.007600,3.652600,3.828200
1,Jogging,2610.019043,1.621300,6.474700,3.831100
1,Jogging,2620.000488,2.907400,6.929000,4.412400
1,Jogging,2630.026855,1.636900,8.738500,6.956000
1,Jogging,2640.021973,1.140500,9.427000,7.590600
1,Jogging,2650.001465,1.157800,10.203800,7.415100
1,Jogging,2660.012695,0.616600,10.791500,7.060200
1,Jogging,2670.023926,-0.647400,10.288300,6.970000
1,Jogging,2680.002930,-1.488800,8.536700,6.725200
1,Jogging,2690.014160,-1.470600,6.514200,6.218900
1,Jogging,2700.024902,-0.768300,5.145100,4.673300
1,Jogging,2710.006348,-0.261000,3.959100,3.448300
1,Jogging,2720.017578,-0.224300,3.110500,2.583700
1,Jogging,2730.028320,-0.821800,2.326800,1.677200
1,Jogging,2740.007813,-1.464900,1.570500,0.842200
1,Jogging,2750.036133,-1.910500,0.338700,0.297300
1,Jogging,2760.029785,-1.957000,-1.124700,0.136200
1,Jogging,2770.009766,-1.935400,-2.876800,0.490300
1,Jogging,2780.020508,-1.702000,-4.766600,0.556000
1,Jogging,2790.001953,-1.263700,-6.031900,-0.568800
1,Jogging,2800.010742,-1.451000,-7.120500,-1.770300
1,Jogging,2810.023438,-1.634300,-7.853400,-2.810800
1,Jogging,2820.003418,-1.499700,-8.429000,-3.606800
1,Jogging,2830.012695,-1.061500,-8.679600,-4.134900
1,Jogging,2840.025391,-0.474800,-8.591700,-4.350100
1,Jogging,2850.004395,0.240500,-8.391800,-4.552800
1,Jogging,2860.015625,0.615000,-8.444400,-4.719500
1,Jogging,2870.043945,1.493200,-8.149500,-5.065500
1,Jogging,2880.006348,2.605900,-7.429500,-5.676200
1,Jogging,2890.019043,3.499600,-6.128500,-6.625100
1,Jogging,2900.027832,3.517000,-4.271700,-6.984500
1,Jogging,2910.007813,2.819100,-1.796900,-5.813200
1,Jogging,2920.020508,2.544700,1.450600,-3.845600
1,Jogging,2930.000000,2.273500,4.385800,-1.683600
1,Jogging,2940.011230,1.806800,6.360600,0.199700
1,Jogging,2950.021484,1.400600,8.103600,1.934700
1,Jogging,2960.001465,1.014800,9.719900,3.406900
1,Jogging,2970.012695,0.733300,10.967899,4.818900
1,Jogging,2980.023438,0.404300,12.199500,6.175000
1,Jogging,2990.020020,0.140900,13.262500,8.014400
1,Jogging,3000.013672,0.439500,13.754900,9.258699
1,Jogging,3010.026367,1.073200,13.501500,9.312900
1,Jogging,3020.004883,1.508100,12.455400,9.292500
1,Jogging,3030.017090,1.745300,6.743600,8.492100
1,Jogging,3040.028320,1.653300,3.822500,7.678700
1,Jogging,3050.008301,1.677300,1.967500,7.013800
1,Jogging,3060.018555,1.697900,0.784700,6.425400
1,Jogging,3070.029785,1.911800,-0.470900,5.991800
1,Jogging,3080.009277,1.862300,-1.613100,4.907900
1,Jogging,3090.020508,1.404800,-2.735000,2.728000
1,Jogging,3100.000488,0.894900,-3.838600,0.353200
1,Jogging,3110.028320,0.437800,-4.882700,-1.748900
1,Jogging,3120.023438,0.196100,-6.055000,-3.442900
1,Jogging,3130.002930,0.095200,-7.230600,-4.981900
1,Jogging,3140.014160,0.279900,-8.240100,-6.230900
1,Jogging,3150.025391,0.601000,-9.504800,-6.964100
1,Jogging,3160.004883,0.953500,-10.516500,-7.087800
1,Jogging,3170.015625,1.113500,-11.275900,-6.955000
1,Jogging,3180.026367,0.969900,-11.669800,-6.987300
1,Jogging,3190.006348,0.374800,-11.541599,-6.753300
1,Jogging,3200.017578,-0.316900,-11.002600,-6.065800
1,Jogging,3210.029785,-0.532500,-9.451500,-4.700400
1,Jogging,3220.007813,-0.924100,-7.234200,-2.666400
1,Jogging,3230.036133,-1.861800,-4.937200,-0.712400
1,Jogging,3240.000000,-3.240400,-2.360900,0.579300
1,Jogging,3250.011230,-4.138400,-0.445300,1.626400
1,Jogging,3260.021973,-5.742800,0.824400,0.117700
1,Jogging,3270.001953,-8.220200,1.660700,-4.055500
1,Jogging,3280.012207,-8.436999,1.870000,-7.733800
1,Jogging,3290.024902,-5.553500,0.177600,-15.102900
1,Jogging,3300.003418,-3.403100,-0.842000,-13.910000
1,Jogging,3310.014160,-3.527700,0.696800,-3.620800
1,Jogging,3320.026855,-3.175800,3.899900,3.489000
1,Jogging,3330.006348,-1.120500,7.133800,6.031600
1,Jogging,3340.017090,2.416900,6.792500,4.043300
1,Jogging,3350.043945,3.614700,6.123500,3.713600
1,Jogging,3360.007813,4.163900,6.220900,4.137700
1,Jogging,3370.019043,4.248300,7.006500,5.043200
1,Jogging,3379.998535,3.948900,8.948000,5.871600
1,Jogging,3390.009277,3.292600,10.855499,6.043900
1,Jogging,3400.020508,2.392500,11.344500,5.800500
1,Jogging,3410.000000,1.616000,10.996799,5.314600
1,Jogging,3420.012695,0.597500,9.111000,4.950400
1,Jogging,3430.023926,-0.025700,7.261100,4.495500
1,Jogging,3440.002930,-0.850000,4.975100,3.755200
1,Jogging,3450.014160,-1.184000,2.758000,2.703000
1,Jogging,3460.024902,-1.707900,0.762600,1.581500
1,Jogging,3470.020020,-2.646200,-0.892200,1.092000
1,Jogging,3480.016113,-3.237000,-1.771800,1.069000
1,Jogging,3490.026367,-3.423900,-2.615700,1.062200
1,Jogging,3500.006348,-3.661300,-3.701900,0.612500
1,Jogging,3510.018555,-3.705200,-4.308800,0.093600
1,Jogging,3520.028320,-3.252400,-4.656800,-0.910800
1,Jogging,3530.009766,-2.719300,-5.288600,-1.588900
1,Jogging,3540.020508,-2.014100,-6.199000,-2.331100
1,Jogging,3550.000000,-1.196900,-6.893400,-2.772100
1,Jogging,3560.010742,-0.497500,-7.385500,-2.959000
1,Jogging,3570.021973,0.509000,-7.972600,-3.550800
1,Jogging,3580.001953,1.635900,-8.691299,-4.105500
1,Jogging,3590.028320,2.493300,-9.230400,-4.444400
1,Jogging,3600.023438,3.517800,-9.264700,-5.084500
1,Jogging,3610.004395,4.040900,-9.000800,-5.568100
1,Jogging,3620.014160,4.216500,-8.058000,-5.902900
1,Jogging,3630.026855,4.228600,-6.395900,-5.928100
1,Jogging,3640.006348,3.801200,-4.586700,-5.285600
1,Jogging,3650.017578,3.382900,-1.877900,-3.871400
1,Jogging,3660.027832,2.606000,4.557600,0.762700
1,Jogging,3670.007813,1.991300,7.435900,2.813000
1,Jogging,3680.019043,1.555500,10.205800,4.365500
1,Jogging,3689.998535,1.247000,12.371400,6.312300
1,Jogging,3700.009766,0.800400,14.057699,8.428200
1,Jogging,3710.037598,0.772700,14.908899,10.073100
1,Jogging,3720.001465,1.052700,14.754299,10.959300
1,Jogging,3730.011230,1.458200,13.351800,11.150300
1,Jogging,3740.023438,1.736800,11.045099,10.351999
1,Jogging,3750.003418,1.775400,8.266300,8.912300
1,Jogging,3760.013672,1.283200,5.606500,7.636300
1,Jogging,3770.024902,1.696500,3.158000,6.771600
1,Jogging,3780.004883,2.761300,0.916700,5.906400
1,Jogging,3790.015625,3.856100,-0.926500,5.091000
1,Jogging,3800.026855,4.331700,-2.619800,3.830600
1,Jogging,3810.006348,3.357500,-4.375800,1.704000
1,Jogging,3820.018555,1.781000,-5.816100,-1.284400
1,Jogging,3830.045410,0.004700,-6.944200,-4.002300
1,Jogging,3840.009277,-1.324000,-7.637700,-6.213400
1,Jogging,3850.020508,-2.021100,-8.427000,-7.826100
1,Jogging,3860.000488,-2.079100,-9.677400,-8.205400
1,Jogging,3870.010742,-1.526600,-10.859099,-7.844600
1,Jogging,3880.021973,-0.615400,-11.300600,-7.293900
1,Jogging,3890.001465,0.249000,-10.896000,-6.995500
1,Jogging,3900.012695,0.641600,-9.929399,-6.894700
1,Jogging,3910.023926,0.294700,-9.225400,-6.424500
1,Jogging,3920.002930,0.131300,-8.567400,-5.231800
1,Jogging,3930.014160,-0.222500,-6.534500,-3.448800
1,Jogging,3940.026367,-1.366200,-4.523700,-2.261500
1,Jogging,3950.021484,-2.562000,-2.474700,-1.519400
1,Jogging,3960.017578,-4.081400,-1.121800,-0.007700
1,Jogging,3970.028320,-6.413300,-0.189700,-0.996900
1,Jogging,3980.007813,-7.897100,-0.058500,-4.931200
1,Jogging,3990.018555,-8.087700,-1.788700,-8.845600
1,Jogging,3999.998535,-6.365300,-3.987200,-12.989699
1,Jogging,4010.009766,-5.324800,-4.240300,-14.281699
1,Jogging,4020.021973,-3.542800,-2.320100,-4.560700
1,Jogging,4030.001953,-3.793800,1.434000,3.252100
1,Jogging,4040.010742,-2.150600,4.729600,9.016600
1,Jogging,4050.023438,-0.510900,7.254100,10.437300
1,Jogging,4060.003418,0.214200,8.901000,8.598800
1,Jogging,4070.029785,2.251700,8.301499,5.346500
1,Jogging,4080.025391,2.960200,6.800000,4.888400
1,Jogging,4090.004395,2.478600,6.842100,7.199900
1,Jogging,4100.015625,2.631900,8.105500,8.219800
1,Jogging,4110.026855,3.467000,8.902900,7.993900
1,Jogging,4120.006348,3.748200,9.050500,7.665600
1,Jogging,4130.019043,3.232800,8.229100,7.193300
1,Jogging,4140.029297,2.044900,7.276200,7.144800
1,Jogging,4150.009277,0.975600,6.832000,7.416700
1,Jogging,4160.020508,0.488100,6.456200,6.943700
1,Jogging,4170.000000,0.266600,5.273000,5.671100
1,Jogging,4180.011230,-0.272100,4.147300,4.451200
1,Jogging,4190.039063,-1.328500,2.967700,3.032600
1,Jogging,4200.001465,-1.933400,1.268400,1.248100
1,Jogging,4210.012695,-2.716900,-0.922200,-0.681000
1,Jogging,4220.024902,-3.505800,-3.297500,-2.002200
1,Jogging,4230.004883,-4.352600,-5.082200,-2.908600
1,Jogging,4240.016113,-4.911400,-6.281200,-3.703300
1,Jogging,4250.026367,-4.557700,-7.155300,-3.978700
1,Jogging,4260.006348,-4.136400,-7.473200,-4.017600
1,Jogging,4270.017090,-3.984300,-7.473700,-4.172600
1,Jogging,4280.028320,-3.478300,-7.259200,-4.720300
1,Jogging,4290.008301,-0.868200,-7.986800,-4.642600
1,Jogging,4300.018555,1.227600,-8.748300,-4.297900
1,Jogging,4310.015625,3.058600,-9.311100,-4.300700
1,Jogging,4320.009277,4.117600,-9.481700,-5.157100
1,Jogging,4330.021973,3.943300,-9.182799,-7.274100
1,Jogging,4340.001953,2.805500,-8.000200,-8.866000
1,Jogging,4350.012695,1.390700,-4.646600,-10.179600
1,Jogging,4360.023438,0.156000,-0.435700,-8.896399
1,Jogging,4370.002930,-1.056900,4.337100,-5.602900
1,Jogging,4380.014160,-1.825200,9.674900,-1.438600
1,Jogging,4390.025391,-2.252600,13.891100,2.184700
1,Jogging,4400.004883,-2.292100,15.870999,4.823800
1,Jogging,4410.017578,-2.222900,15.569400,6.454100
1,Jogging,4420.026367,-2.107600,14.160800,7.946400
1,Jogging,4430.023926,-1.281600,12.602099,8.226300
1,Jogging,4440.019043,-0.430400,11.430600,7.681500
1,Jogging,4450.029785,-0.135700,10.689700,6.717800
1,Jogging,4460.009766,-0.568000,9.872700,5.577300
1,Jogging,4470.020020,-0.978200,8.939099,4.860100
1,Jogging,4480.000488,-0.642300,7.764300,3.844600
1,Jogging,4490.011230,0.091300,5.875700,2.269900
1,Jogging,4500.021973,0.937500,3.667100,0.850200
1,Jogging,4510.001465,1.133200,1.066900,0.189900
1,Jogging,4520.012207,1.331700,-2.080000,-0.586200
1,Jogging,4530.024902,1.540500,-4.868600,-1.412900
1,Jogging,4540.005371,2.200700,-6.674900,-1.764500
1,Jogging,4550.031738,3.208200,-7.933400,-1.909700
1,Jogging,4560.026855,3.405200,-8.955900,-1.937900
1,Jogging,4570.006348,2.945800,-9.853300,-1.838300
1,Jogging,4580.017090,2.117700,-10.460199,-1.997400
1,Jogging,4590.028809,1.132300,-10.931600,-2.062900
1,Jogging,4600.007324,-0.127400,-11.220699,-2.207700
1,Jogging,4610.019043,-1.305700,-11.341900,-2.719500
1,Jogging,4620.000488,-2.820800,-11.425400,-3.242400
1,Jogging,4630.009277,-4.259700,-10.733999,-3.714800
1,Jogging,4640.021973,-4.353500,-9.075900,-3.898700
1,Jogging,4650.001465,-3.287100,-7.826000,-3.800600
1,Jogging,4660.012207,-2.099000,-5.749400,-4.005000
1,Jogging,4670.040527,-1.448400,-3.341400,-4.284300
1,Jogging,4680.003418,-2.347600,-1.817100,-3.897700
1,Jogging,4690.014160,-2.682800,-0.299500,-1.762500
1,Jogging,4700.024902,-4.159300,4.548400,-0.126800
1,Jogging,4710.004395,-2.462800,9.324400,-3.533800
1,Jogging,4720.016113,1.089900,11.630400,-4.626600
1,Jogging,4730.026855,6.673800,9.719100,1.436100
1,Jogging,4740.008301,1.446600,8.863100,11.882500
1,Jogging,4750.019043,-0.557200,14.356600,7.096800
1,Jogging,4760.029785,-0.550100,13.106000,2.640100
1,Jogging,4770.009277,0.880400,10.629700,1.984400
1,Jogging,4780.019043,1.900500,10.656000,6.314900
1,Jogging,4790.017090,3.243600,9.926800,9.616700
1,Jogging,4800.011230,4.353400,10.136900,9.257100
1,Jogging,4810.021973,5.097700,10.291500,8.044200
1,Jogging,4820.001465,4.599300,9.805900,6.976100
1,Jogging,4830.012207,3.909600,9.349000,5.876300
1,Jogging,4840.024902,3.371700,8.651100,5.387400
1,Jogging,4850.004395,3.089000,7.679700,5.562900
1,Jogging,4860.016113,2.945100,6.086300,5.606800
1,Jogging,4870.026855,2.163800,4.611200,4.872000
1,Jogging,4880.006348,0.761600,2.824500,3.865200
1,Jogging,4890.017090,-0.643400,0.852200,3.739000
1,Jogging,4900.027832,-1.760600,-0.996700,3.445800
1,Jogging,4910.024902,-2.596200,-3.350300,2.200500
1,Jogging,4920.020996,-4.318500,-8.175400,-1.276200
1,Jogging,4929.998535,-5.027100,-9.431600,-2.785900
1,Jogging,4940.011230,-5.729800,-9.919499,-4.056200
1,Jogging,4950.021973,-5.844400,-8.878400,-4.578900
1,Jogging,4960.001465,-4.923000,-7.355700,-5.061600
1,Jogging,4970.012207,-3.123500,-6.425000,-5.415300
1,Jogging,4980.023926,-1.193900,-5.865300,-5.584500
1,Jogging,4990.002441,0.213500,-6.145300,-5.674500
1,Jogging,5000.014160,1.254600,-7.018700,-5.931800
1,Jogging,5010.024902,2.053800,-7.848100,-6.838300
1,Jogging,5020.005371,2.590500,-8.261900,-8.254800
1,Jogging,5030.032715,2.567800,-7.697100,-8.629600
1,Jogging,5040.027832,2.634100,-5.488800,-7.777500
1,Jogging,5050.008301,2.530100,-3.125900,-5.972200
1,Jogging,5060.019043,1.782300,-0.457300,-3.529000
1,Jogging,5070.029785,1.001800,2.287700,-0.912600
1,Jogging,5080.009277,0.324000,4.531100,1.814200
1,Jogging,5090.020020,0.110100,6.692800,4.386800
1,Jogging,5099.999512,0.631900,8.633300,6.428300
1,Jogging,5110.011230,1.405400,9.556499,7.693200
1,Jogging,5120.021973,1.386200,9.314099,8.462800
1,Jogging,5130.003418,1.179900,8.488800,8.711400
1,Jogging,5140.012207,1.394600,7.721900,8.329200
1,Jogging,5150.040527,1.802800,7.145100,8.611000
1,Jogging,5160.005371,1.888500,6.705800,9.538700
1,Jogging,5170.016113,1.442000,6.580100,10.448999
1,Jogging,5180.026855,1.048600,6.673700,10.874599
1,Jogging,5190.006348,0.635100,6.665900,10.911900
1,Jogging,5200.017090,0.221800,6.395400,10.801700
1,Jogging,5210.028809,0.515500,5.893400,10.043200
1,Jogging,5220.007324,1.397700,5.385400,9.040200
1,Jogging,5230.020020,2.120200,4.394500,7.482500
1,Jogging,5240.000488,2.978800,3.393800,6.185300
1,Jogging,5250.010254,3.580300,2.767000,4.767100
1,Jogging,5260.021973,3.618400,1.815300,3.249800
1,Jogging,5270.018066,3.020200,0.506600,1.305500
1,Jogging,5280.013184,1.896400,-0.963600,-0.711200
1,Jogging,5290.023926,0.715200,-2.396000,-2.687400
1,Jogging,5300.003418,-0.106600,-3.834300,-4.536000
1,Jogging,5310.014160,-0.250900,-5.473400,-6.293500
1,Jogging,5320.024902,0.262400,-7.112200,-7.651300
1,Jogging,5330.004395,1.222800,-8.625700,-7.949700
1,Jogging,5340.017090,2.086300,-9.841900,-7.128200
1,Jogging,5350.027832,2.331400,-11.020800,-5.951000
1,Jogging,5360.007324,2.362600,-11.573700,-5.002600
1,Jogging,5370.018066,1.821700,-11.778999,-4.270500
1,Jogging,5380.029785,1.025700,-11.873099,-3.982500
1,Jogging,5390.024902,-0.179800,-10.732599,-4.013400
1,Jogging,5400.020996,-1.264100,-8.245100,-4.012600
1,Jogging,5410.000488,-2.236900,-5.927100,-3.998900
1,Jogging,5420.011230,-3.471500,-4.091300,-5.388400
1,Jogging,5430.023926,-4.108500,-3.093900,-7.498200
1,Jogging,5440.003418,-3.796700,-2.958000,-9.516000
1,Jogging,5450.014160,-3.727900,-2.993600,-9.935800
1,Jogging,5460.024902,-5.302200,-2.393500,-7.572300
1,Jogging,5470.004395,-8.179700,2.651400,-3.171300
1,Jogging,5480.015137,-8.503300,7.001100,-0.646200
1,Jogging,5490.026855,-5.329500,8.285000,-1.026200
1,Jogging,5500.006348,-1.600400,8.289200,-1.483300
1,Jogging,5510.033691,-0.673300,7.939200,-0.420700
1,Jogging,5520.027832,-0.486600,7.950600,2.242900
1,Jogging,5530.008301,-0.012300,7.473500,3.584000
1,Jogging,5540.020996,2.831400,6.605100,2.119400
1,Jogging,5549.999512,3.443200,7.425700,2.830900
1,Jogging,5560.009277,2.466600,8.192900,4.111900
1,Jogging,5570.021973,1.155500,8.845699,4.985800
1,Jogging,5580.001465,-0.674000,9.509100,4.826800
1,Jogging,5590.012207,-1.731600,9.595200,4.530500
1,Jogging,5600.022949,-1.903100,8.592600,3.100600
1,Jogging,5610.003418,-1.942100,6.949100,1.933800
1,Jogging,5620.013184,-2.356400,4.172800,1.675700
1,Jogging,5630.042480,-2.943500,1.413100,2.438700
1,Jogging,5640.005371,-3.286100,-1.481800,3.568700
1,Jogging,5650.017090,-3.493600,-3.780700,3.109600
1,Jogging,5660.028809,-4.132800,-5.179200,1.722900
1,Jogging,5670.008301,-4.320500,-6.535100,-0.261200
1,Jogging,5680.019043,-3.673300,-7.015500,-1.387300
1,Jogging,5690.029785,-2.949200,-7.393100,-1.329900
1,Jogging,5700.009277,-1.810800,-7.949100,-0.770700
1,Jogging,5710.020020,0.217000,-8.527599,-1.226200
1,Jogging,5720.000488,1.959600,-8.948999,-2.432800
1,Jogging,5730.010254,3.464100,-9.037000,-3.951600
1,Jogging,5740.021973,4.786000,-9.194900,-5.672700
1,Jogging,5750.019043,5.163300,-8.868600,-6.663400
1,Jogging,5760.014160,5.143400,-7.567500,-6.574900
1,Jogging,5770.025879,4.789300,-5.674700,-6.231400
1,Jogging,5780.004395,5.069700,-2.521300,-5.746000
1,Jogging,5790.016113,5.638100,1.857400,-4.488900
1,Jogging,5800.026855,4.940700,5.927900,-1.987300
1,Jogging,5810.006348,2.963900,8.715700,1.147200
1,Jogging,5820.017090,1.654700,11.633100,3.893700
1,Jogging,5830.027832,0.163900,13.203300,6.125900
1,Jogging,5840.007324,-0.906500,13.818100,8.001400
1,Jogging,5850.020020,-1.459200,14.202800,10.253300
1,Jogging,5860.000488,-1.207700,14.822800,12.337500
1,Jogging,5870.025879,-0.684200,15.170600,13.074800
1,Jogging,5880.021973,-0.164800,13.995500,12.070600
1,Jogging,5890.001465,-0.392800,12.371099,9.637600
1,Jogging,5900.012207,-1.454800,9.500299,6.684300
1,Jogging,5910.023926,-1.710000,6.315600,4.324700
1,Jogging,5920.003418,-1.243600,3.149000,2.872100
1,Jogging,5930.015137,1.087700,-0.149500,2.243000
1,Jogging,5940.026855,3.822400,-2.810600,1.386000
1,Jogging,5950.005371,5.052000,-5.669500,0.279500
1,Jogging,5960.017090,4.651800,-8.341100,-1.520300
1,Jogging,5970.027832,3.233400,-10.514999,-3.634000
1,Jogging,5980.008301,1.890800,-12.109400,-5.525100
1,Jogging,5990.035645,1.157000,-13.160000,-7.196800
1,Jogging,6000.030762,0.991700,-13.114799,-8.244300
1,Jogging,6010.009277,0.793700,-12.676300,-8.433100
1,Jogging,6020.020996,0.859100,-12.064700,-7.709900
1,Jogging,6030.001465,0.967400,-11.076200,-6.801100
1,Jogging,6040.011230,0.623600,-9.948100,-6.057300
1,Jogging,6050.021973,-0.542700,-9.277200,-5.489300
1,Jogging,6060.001465,-1.825700,-8.904200,-4.378700
1,Jogging,6070.014160,-2.519400,-7.755800,-2.826800
1,Jogging,6080.024902,-3.328800,-5.727800,-1.551100
1,Jogging,6090.005371,-4.119100,-3.427100,-0.488100
1,Jogging,6100.016113,-5.729300,-1.212600,0.207900
1,Jogging,6110.042480,-6.920500,-0.687100,0.592000
1,Jogging,6120.006348,-6.944100,-1.580400,0.075700
1,Jogging,6130.019043,-6.600000,-2.575100,-5.290300
1,Jogging,6140.029785,-5.956500,-3.703400,-9.977900
1,Jogging,6150.009277,-3.838600,-4.830500,-11.975300
1,Jogging,6160.020020,-1.325200,-4.651300,-11.442800
1,Jogging,6169.999512,-3.391500,5.014100,4.528900
1,Jogging,6180.010254,-0.867500,9.088500,5.393300
1,Jogging,6190.021973,1.752200,9.969600,3.235300
1,Jogging,6200.002441,2.873600,10.161400,2.378500
1,Jogging,6210.013184,2.324100,10.260400,3.364100
1,Jogging,6220.022949,2.307600,9.315599,4.174700
1,Jogging,6230.020996,3.182200,8.678599,4.399800
1,Jogging,6240.014160,3.584900,8.933100,5.603700
1,Jogging,6250.026855,2.987200,9.007800,6.298100
1,Jogging,6260.006348,1.948100,8.609300,5.931100
1,Jogging,6270.017090,0.562000,7.217100,5.335600
1,Jogging,6280.027832,-1.013200,5.582300,5.179600
1,Jogging,6290.007324,-1.654100,4.099000,4.748700
1,Jogging,6300.019043,-1.982200,2.254200,3.847200
1,Jogging,6309.998535,-2.154800,0.195700,2.611200
1,Jogging,6320.010254,-2.114100,-1.724900,1.432500
1,Jogging,6330.020020,-1.486000,-3.506700,-0.164900
1,Jogging,6340.000488,-0.895500,-5.492800,-1.071600
1,Jogging,6350.028809,-0.714000,-7.359000,-1.161000
1,Jogging,6360.023926,-1.570800,-8.671000,-0.673500
1,Jogging,6370.003418,-1.955700,-9.039599,-0.736100
1,Jogging,6380.014160,-2.173300,-8.694600,-0.948700
1,Jogging,6390.024902,-2.175500,-7.793400,-1.375900
1,Jogging,6400.004395,-2.626400,-6.786200,-1.986200
1,Jogging,6410.015137,-2.452400,-6.389100,-3.090400
1,Jogging,6420.026855,-1.334400,-6.993100,-4.151900
1,Jogging,6430.005371,0.308500,-7.746200,-4.683200
1,Jogging,6440.018066,2.086600,-8.301200,-4.883200
1,Jogging,6450.027832,3.898400,-8.212299,-5.666700
1,Jogging,6460.009277,5.017000,-7.761900,-7.041100
1,Jogging,6470.035645,5.592900,-5.950700,-7.779300
1,Jogging,6480.000488,5.367500,-2.892400,-7.649300
1,Jogging,6490.011230,4.493500,1.037600,-5.347200
1,Jogging,6500.021973,3.861800,6.188300,-1.768800
1,Jogging,6510.001465,2.856700,12.194099,1.977200
1,Jogging,6520.012207,1.371200,16.771599,4.559400
1,Jogging,6530.024902,-0.111100,18.220699,5.667600
1,Jogging,6540.005371,-0.510500,16.866600,6.588800
1,Jogging,6550.014160,0.367200,15.188200,7.731100
1,Jogging,6560.025879,0.946200,13.305300,9.157100
1,Jogging,6570.006348,1.702300,11.171499,9.888300
1,Jogging,6580.018066,1.902000,9.368000,10.019700
1,Jogging,6590.045410,1.299200,8.192100,9.988700
1,Jogging,6600.008301,0.011700,6.845800,9.596300
1,Jogging,6610.019043,-0.997100,5.051000,8.476000
1,Jogging,6619.998535,-1.610000,3.522600,7.342400
1,Jogging,6630.009277,-1.493300,1.956400,6.529200
1,Jogging,6640.020020,-0.281200,0.398100,5.676400
1,Jogging,6649.999512,1.333100,-1.383700,4.434300
1,Jogging,6660.010254,2.552900,-3.395200,2.418900
1,Jogging,6670.022949,3.034000,-5.727400,-0.320600
1,Jogging,6680.003418,2.845200,-7.919200,-2.798300
1,Jogging,6690.014160,2.426400,-9.700600,-4.856400
1,Jogging,6700.025879,2.324500,-10.743800,-6.016900
1,Jogging,6710.021973,2.521600,-11.149799,-6.503200
1,Jogging,6720.017090,2.496900,-11.299700,-6.370800
1,Jogging,6730.026855,1.997300,-11.502800,-6.401200
1,Jogging,6740.006348,1.503900,-11.376699,-6.400900
1,Jogging,6750.017090,0.213000,-10.612599,-5.975100
1,Jogging,6760.029785,-2.023300,-9.597300,-5.645400
1,Jogging,6770.009277,-4.193000,-8.350600,-5.083600
1,Jogging,6780.020020,-5.629600,-6.895500,-4.069600
1,Jogging,6790.000488,-6.368800,-5.181200,-2.882300
1,Jogging,6800.011230,-6.572500,-1.878500,-1.056600
1,Jogging,6810.020996,-6.855200,-1.402600,-2.513200
1,Jogging,6820.001465,-6.698700,-2.236200,-4.619300
1,Jogging,6830.029785,-5.708900,-3.635000,-9.180400
1,Jogging,6840.023926,-3.900100,-5.272800,-12.848499
1,Jogging,6850.004395,-1.094800,-7.094600,-13.477799
1,Jogging,6860.014160,1.564000,-6.924000,-10.291300
1,Jogging,6870.026855,-1.018500,-2.617200,0.744300
1,Jogging,6880.006348,-3.724000,6.128500,9.504200
1,Jogging,6890.017090,-1.515300,12.173599,8.000400
1,Jogging,6900.027832,0.715800,13.959499,2.024000
1,Jogging,6910.008301,0.957100,13.733700,0.034800
1,Jogging,6920.018066,-0.892000,13.061700,1.915300
1,Jogging,6929.998535,-1.196800,11.337299,3.943500
1,Jogging,6940.009277,-0.082500,10.067699,5.876700
1,Jogging,6950.038574,0.987600,9.929600,7.055800
1,Jogging,6960.000488,1.271400,10.035800,7.188700
1,Jogging,6970.012207,0.198800,9.749100,7.268700
1,Jogging,6980.023926,-1.105800,9.222099,6.860200
1,Jogging,6990.002441,-2.292000,8.651400,6.418700
1,Jogging,7000.014160,-3.195600,7.689400,6.851800
1,Jogging,7010.024902,-3.159400,6.721000,6.828200
1,Jogging,7020.005371,-2.269600,5.695500,5.861800
1,Jogging,7030.015137,-1.890200,3.982100,4.204400
1,Jogging,7040.025879,-1.797300,2.215400,3.017900
1,Jogging,7050.008301,-1.741300,0.359700,2.098700
1,Jogging,7060.019043,-1.390200,-1.560700,1.766100
1,Jogging,7070.045410,-1.280100,-3.699300,1.307200
1,Jogging,7080.009277,-1.576300,-5.407900,0.517200
1,Jogging,7090.020020,-1.976200,-6.386200,-1.417600
1,Jogging,7099.999512,-1.829600,-6.345400,-3.250800
1,Jogging,7110.011230,-1.209000,-7.150600,-5.207800
1,Jogging,7120.021973,-0.594300,-7.608800,-5.874500
1,Jogging,7130.002441,-0.195800,-8.505300,-5.221800
1,Jogging,7140.012207,0.451200,-9.078800,-4.630000
1,Jogging,7150.022949,1.645700,-9.290999,-4.514900
1,Jogging,7160.005371,3.421300,-9.035900,-5.073900
1,Jogging,7170.016113,4.834600,-8.605900,-5.332000
1,Jogging,7180.026855,5.393200,-7.746400,-5.550800
1,Jogging,7190.021973,5.520400,-7.047800,-5.518200
1,Jogging,7200.017090,5.580500,-6.458300,-5.298600
1,Jogging,7210.028809,5.654700,-6.009400,-5.342700
1,Jogging,7220.007324,5.207800,-5.311500,-4.937900
1,Jogging,7230.019043,4.737000,-3.615700,-4.421000
1,Jogging,7239.997559,4.255500,-0.518600,-3.638100
1,Jogging,7250.010254,3.431100,3.654300,-1.668600
1,Jogging,7260.021973,2.283100,7.959500,0.972700
1,Jogging,7270.001465,0.084000,11.666300,3.801500
1,Jogging,7280.013184,-2.018200,14.748300,6.142000
1,Jogging,7290.023926,-3.650100,16.530500,7.569900
1,Jogging,7300.003418,-4.329100,16.637600,8.712700
1,Jogging,7310.031738,-4.075000,14.963500,10.291599
1,Jogging,7320.024902,-3.275800,12.892400,12.377100
1,Jogging,7330.004395,-2.080400,10.464100,13.784100
1,Jogging,7340.016113,-0.953900,7.794700,13.665899
1,Jogging,7350.026855,0.280300,5.496500,12.107900
1,Jogging,7360.006348,1.111500,3.480900,10.217999
1,Jogging,7370.018066,1.591300,1.973200,8.755300
1,Jogging,7380.029785,2.525000,0.992600,7.170800
1,Jogging,7390.010254,4.057400,-0.003000,5.914900
1,Jogging,7400.020996,4.774400,-1.170500,4.575800
1,Jogging,7410.000488,4.135400,-2.631300,2.548700
1,Jogging,7420.011230,1.542400,-5.117700,-1.704800
1,Jogging,7430.039551,1.010400,-5.889800,-3.473900
1,Jogging,7440.001465,0.756400,-6.826600,-5.072500
1,Jogging,7450.012207,0.542500,-8.119300,-6.312800
1,Jogging,7460.024902,0.523200,-9.643000,-7.402000
1,Jogging,7470.004395,0.301600,-10.807099,-7.950600
1,Jogging,7480.015137,-0.074900,-11.288300,-7.937000
1,Jogging,7490.026855,-1.091600,-10.991300,-6.923600
1,Jogging,7500.006348,-1.857800,-9.874000,-5.572300
1,Jogging,7510.018066,-2.842400,-7.823500,-4.103800
1,Jogging,7520.027832,-3.470900,-5.820700,-2.931900
1,Jogging,7530.008301,-3.957000,-4.096800,-2.211600
1,Jogging,7540.020996,-5.470400,-2.568100,-1.560000
1,Jogging,7550.016113,-6.504000,-1.629600,-2.573600
1,Jogging,7560.011230,-6.511100,-1.422800,-4.404900
1,Jogging,7570.021973,-5.744000,-2.463600,-6.860400
1,Jogging,7580.001465,-4.886600,-3.643500,-9.838500
1,Jogging,7590.012207,-4.068200,-5.105600,-11.998400
1,Jogging,7600.022949,-2.050100,-6.831300,-13.005199
1,Jogging,7610.003418,1.165400,-7.303600,-11.233999
1,Jogging,7620.013184,2.833600,-6.086600,-5.413500
1,Jogging,7630.024902,1.504800,-0.384700,3.747900
1,Jogging,7640.005371,1.222700,5.155400,7.037700
1,Jogging,7650.016113,2.584200,7.291800,5.258100
1,Jogging,7660.026855,3.119600,8.166300,2.555400
1,Jogging,7670.023926,2.517900,9.312200,1.647400
1,Jogging,7680.019043,1.537000,10.321600,1.051700
1,Jogging,7690.029785,2.266100,10.279300,0.560900
1,Jogging,7700.009277,3.414200,10.022600,2.505200
1,Jogging,7710.020020,2.876600,10.114400,5.528500
1,Jogging,7720.000488,2.060900,10.264100,7.080200
1,Jogging,7730.010254,1.566700,9.901100,7.056100
1,Jogging,7740.021973,0.601500,8.856100,6.691400
1,Jogging,7750.003418,-0.885200,7.563800,6.622100
1,Jogging,7760.014160,-2.205300,6.187900,7.010200
1,Jogging,7770.025879,-1.909000,5.077600,6.763200
1,Jogging,7780.004395,-2.204700,3.488000,5.879100
1,Jogging,7790.032715,-1.849800,1.882700,4.257500
1,Jogging,7800.026855,-2.411200,0.626600,2.375400
1,Jogging,7810.006348,-2.881400,-0.383800,1.483800
1,Jogging,7820.017090,-2.935900,-1.335700,1.280200
1,Jogging,7830.027832,-3.003400,-2.919700,1.725300
1,Jogging,7840.007324,-3.047900,-4.206300,1.218400
1,Jogging,7850.020020,-3.456900,-4.706800,-0.415500
1,Jogging,7860.000488,-3.574300,-4.876600,-2.492500
1,Jogging,7870.010254,-3.174800,-5.907200,-3.293800
1,Jogging,7880.021973,-2.504200,-7.302300,-3.150100
1,Jogging,7890.001465,-1.243600,-8.268499,-3.115600
1,Jogging,7900.012207,0.404600,-9.124800,-3.661400
1,Jogging,7910.041504,2.025600,-9.823800,-4.340400
1,Jogging,7920.003418,3.282900,-9.798200,-4.987600
1,Jogging,7930.014160,4.048100,-9.400000,-5.368100
1,Jogging,7940.024902,4.429400,-8.823100,-5.702100
1,Jogging,7950.004395,4.771600,-7.962600,-6.352700
1,Jogging,7960.017090,4.298900,-6.505200,-6.592700
1,Jogging,7970.027832,3.704300,-4.559900,-6.402600
1,Jogging,7980.008301,3.962500,-2.265000,-5.740200
1,Jogging,7990.019043,4.231100,0.231000,-4.424100
1,Jogging,8000.028809,4.007500,2.738400,-2.838300
1,Jogging,8010.009277,2.995800,5.247900,-0.534700
1,Jogging,8020.020996,1.490100,7.911000,1.708400
1,Jogging,8030.017090,0.026900,10.698400,3.973900
1,Jogging,8040.011230,-1.194900,13.528999,5.823100
1,Jogging,8050.023926,-2.213400,16.640499,8.052400
1,Jogging,8060.002441,-2.230900,15.616199,8.873199
1,Jogging,8070.012207,-1.797500,13.619300,9.205500
1,Jogging,8080.024902,-1.081400,11.185500,9.252800
1,Jogging,8090.005371,-0.693200,8.520300,8.943200
1,Jogging,8100.016113,0.003800,5.751100,7.747000
1,Jogging,8110.025879,0.592500,3.279200,6.625200
1,Jogging,8120.006348,1.322100,1.121500,5.132300
1,Jogging,8130.017090,1.895100,-0.812900,3.724600
1,Jogging,8140.028809,2.448900,-2.369700,2.199800
1,Jogging,8150.024902,2.842500,-3.746100,0.353100
1,Jogging,8160.020020,2.737000,-4.826100,-1.350900
1,Jogging,8169.999512,2.132200,-6.115300,-2.925900
1,Jogging,8180.010254,1.062700,-7.813500,-4.872000
1,Jogging,8190.021973,0.292400,-9.448800,-6.947100
1,Jogging,8200.001953,0.156000,-10.809000,-8.200800
1,Jogging,8210.013672,0.497100,-11.524199,-8.149600
1,Jogging,8220.023438,0.764000,-11.511100,-7.393600
1,Jogging,8230.003906,0.456000,-10.697700,-6.287200
1,Jogging,8240.013672,-0.250500,-9.638700,-5.096100
1,Jogging,8250.025391,-0.859300,-8.958600,-4.093900
1,Jogging,8260.005859,-1.020300,-8.421599,-3.147500
1,Jogging,8270.033203,-0.665300,-7.509600,-2.257000
1,Jogging,8280.027344,-1.034700,-5.983300,-1.037700
1,Jogging,8290.007813,-2.028000,-3.726200,-0.113100
1,Jogging,8300.019531,-3.038000,-2.092600,-0.533800
1,Jogging,8310.029297,-3.974500,-1.848600,-2.453700
1,Jogging,8320.009766,-4.532500,-2.998600,-5.373300
1,Jogging,8330.019531,-5.583500,-3.638000,-8.666600
1,Jogging,8340.000000,-5.534100,-4.760100,-9.096399
1,Jogging,8350.011719,-3.640900,-5.824500,-8.595799
1,Jogging,8360.021484,-2.647300,-4.543200,-3.916000
1,Jogging,8370.001953,-3.002200,0.143900,3.846100
1,Jogging,8380.011719,-2.294600,3.179700,5.006000
1,Jogging,8390.041016,-0.945500,5.434300,5.318000
1,Jogging,8400.003906,-0.047100,6.356800,4.285200
1,Jogging,8410.015625,0.149500,6.884700,4.767500
1,Jogging,8420.027344,0.555600,7.685800,5.560100
1,Jogging,8430.005859,1.469800,8.835500,6.025700
1,Jogging,8440.017578,2.079500,10.063100,7.006500
1,Jogging,8450.027344,1.573700,10.997700,7.523500
1,Jogging,8460.009766,0.730900,11.178400,7.417900
1,Jogging,8470.021484,0.337200,10.590300,6.729500
1,Jogging,8480.000000,0.049100,9.160000,6.157700
1,Jogging,8490.011719,-0.260900,7.207900,5.786200
1,Jogging,8500.021484,-0.053700,5.362500,5.331100
1,Jogging,8510.019531,0.217600,3.576400,3.987400
1,Jogging,8520.011719,0.152500,1.769500,2.072800
1,Jogging,8530.023438,-0.373400,0.059800,0.252700
1,Jogging,8540.001953,-1.363200,-1.770600,-0.458000
1,Jogging,8550.013672,-2.649100,-3.904300,-0.920900
1,Jogging,8560.025391,-3.306600,-5.861900,-1.515000
1,Jogging,8570.005859,-3.953300,-7.128000,-2.175600
1,Jogging,8580.017578,-4.607100,-7.148100,-3.031500
1,Jogging,8590.029297,-5.122100,-6.186000,-3.958800
1,Jogging,8600.007813,-4.987100,-5.574000,-4.600500
1,Jogging,8610.017578,-4.164000,-6.013800,-5.506300
1,Jogging,8620.029297,-2.633500,-6.980500,-5.693200
1,Jogging,8630.025391,-0.818400,-8.129700,-5.053100
1,Jogging,8640.019531,1.289800,-9.614600,-4.655000
1,Jogging,8650.000000,3.768200,-10.374900,-4.515700
1,Jogging,8660.009766,5.167400,-10.600599,-5.063700
1,Jogging,8670.021484,5.673400,-8.142900,-7.194000
1,Jogging,8680.003906,5.792600,-4.625400,-7.215900
1,Jogging,8690.013672,5.274400,-0.742700,-5.799100
1,Jogging,8700.025391,4.729100,3.646900,-3.121900
1,Jogging,8710.003906,4.022900,7.506000,-0.192200
1,Jogging,8720.015625,3.078500,10.923600,2.318200
1,Jogging,8730.027344,2.183800,14.044300,3.814800
1,Jogging,8740.007813,1.383600,16.076799,4.554700
1,Jogging,8750.035156,0.594100,16.556700,5.551800
1,Jogging,8760.027344,0.115100,16.391399,6.860400
1,Jogging,8770.007813,-0.047700,15.854099,8.077100
1,Jogging,8780.019531,-0.263300,13.883800,8.952900
1,Jogging,8790.000000,-0.469100,11.292800,8.946199
1,Jogging,8800.011719,-0.597800,8.861100,8.594200
1,Jogging,8810.021484,-1.081100,6.464800,7.219800
1,Jogging,8820.001953,-1.224900,3.790800,5.754800
1,Jogging,8830.013672,-0.812400,1.433400,4.568000
1,Jogging,8840.023438,-0.466800,-0.638600,3.831900
1,Jogging,8850.003906,1.085600,-2.229600,3.089000
1,Jogging,8860.013672,2.307900,-3.339700,2.264500
1,Jogging,8870.042969,3.001300,-4.842600,1.108100
1,Jogging,8880.005859,2.881600,-6.520500,-0.505300
1,Jogging,8890.017578,2.360400,-8.261700,-2.225800
1,Jogging,8900.027344,1.573000,-9.793799,-4.061700
1,Jogging,8910.007813,1.338600,-11.103800,-5.798600
1,Jogging,8920.017578,1.499500,-12.080500,-7.081800
1,Jogging,8930.029297,2.068900,-12.610900,-7.612600
1,Jogging,8940.009766,2.327800,-12.426499,-7.682300
1,Jogging,8950.021484,1.747500,-11.732300,-7.312900
1,Jogging,8960.000000,0.502500,-10.922000,-6.389700
1,Jogging,8970.011719,-0.971400,-10.021500,-4.594900
1,Jogging,8980.023438,-1.935600,-7.868900,-1.982800
1,Jogging,8990.019531,-2.886500,-5.314800,0.251200
1,Jogging,9000.013672,-3.668100,-3.082700,1.302500
1,Jogging,9010.025391,-4.795800,-1.409300,0.895200
1,Jogging,9020.005859,-5.301100,-1.215000,-0.353200
1,Jogging,9030.015625,-5.616600,-1.974300,-2.894500
1,Jogging,9040.025391,-6.165300,-2.318300,-7.426800
1,Jogging,9050.005859,-5.179200,-3.063500,-9.371099
1,Jogging,9060.017578,-1.295400,-4.413300,-10.222700
1,Jogging,9070.029297,-0.647800,-4.902900,-4.948000
1,Jogging,9080.009766,-1.569900,0.255000,2.286000
1,Jogging,9090.019531,-1.214400,2.679400,3.210700
1,Jogging,9100.000000,-1.065900,4.659400,3.344300
1,Jogging,9110.027344,0.631600,6.387500,3.222800
1,Jogging,9120.021484,0.454700,7.156600,4.611100
1,Jogging,9130.001953,1.149900,8.112599,6.074100
1,Jogging,9140.011719,2.600100,8.149500,6.570800
1,Jogging,9150.023438,3.126100,8.762400,7.376800
1,Jogging,9160.003906,2.647300,9.009000,7.848900
1,Jogging,9170.013672,1.786400,8.832500,7.400800
1,Jogging,9180.027344,1.166300,8.057300,6.228500
1,Jogging,9190.005859,0.833400,6.878500,5.206300
1,Jogging,9200.017578,0.482300,6.006100,4.852800
1,Jogging,9210.029297,-0.169200,5.284800,5.153800
1,Jogging,9220.007813,0.330600,4.414700,4.007900
1,Jogging,9230.035156,-0.576300,3.165700,3.167300
1,Jogging,9239.998047,-1.631100,2.171600,2.418400
1,Jogging,9250.009766,-2.483300,1.285100,1.580500
1,Jogging,9260.019531,-3.302800,-0.112400,0.275500
1,Jogging,9270.001953,-4.075100,-2.052100,-0.733000
1,Jogging,9280.013672,-5.331700,-3.735500,-1.403900
1,Jogging,9290.023438,-5.696300,-5.144800,-2.653400
1,Jogging,9300.003906,-5.035800,-6.492700,-3.798100
1,Jogging,9310.013672,-3.705800,-6.327500,-4.190900
1,Jogging,9320.025391,-2.188800,-6.756200,-4.702800
1,Jogging,9330.003906,-0.679100,-7.744500,-4.947300
1,Jogging,9340.015625,1.112100,-8.880899,-4.826800
1,Jogging,9350.044922,2.774500,-10.077499,-4.563800
1,Jogging,9360.005859,4.240900,-10.665000,-4.700200
1,Jogging,9370.017578,5.177000,-10.257800,-5.494800
1,Jogging,9380.029297,5.325400,-9.224199,-6.550200
1,Jogging,9390.009766,5.056000,-7.136100,-7.257900
1,Jogging,9400.021484,4.663600,-4.148300,-6.747900
1,Jogging,9410.000000,4.107100,-0.749200,-4.898100
1,Jogging,9420.011719,3.700500,2.586400,-2.153800
1,Jogging,9430.021484,3.515400,5.011000,0.169400
1,Jogging,9440.001953,3.224200,6.437000,1.501900
1,Jogging,9450.011719,3.245800,7.598000,2.314600
1,Jogging,9460.023438,2.701100,8.411300,2.988800
1,Jogging,9470.019531,1.916200,9.172600,4.223600
1,Jogging,9480.013672,0.572600,10.346900,5.820000
1,Jogging,9490.025391,-1.046500,12.052799,7.957500
1,Jogging,9500.005859,-2.062200,13.263800,9.120700
1,Jogging,9510.017578,-2.575500,13.353900,9.754600
1,Jogging,9520.027344,-2.678800,12.672299,10.130799
1,Jogging,9530.007813,-2.178500,10.863500,10.079000
1,Jogging,9540.019531,-1.435800,8.161500,9.093900
1,Jogging,9549.998047,-0.271500,5.152000,7.886400
1,Jogging,9560.009766,1.048400,2.576100,6.660400
1,Jogging,9570.021484,2.068700,0.508300,5.260700
1,Jogging,9580.001953,2.913000,-1.255000,3.737300
1,Jogging,9590.027344,3.288900,-2.723600,2.293500
1,Jogging,9600.023438,3.242900,-4.020300,0.891900
1,Jogging,9610.003906,2.700500,-5.336000,-0.524800
1,Jogging,9620.013672,1.774000,-6.344400,-1.866200
1,Jogging,9630.025391,0.908800,-7.312600,-3.569200
1,Jogging,9640.005859,0.240500,-8.351500,-5.286900
1,Jogging,9650.015625,0.102400,-9.029099,-6.464600
1,Jogging,9660.027344,0.320600,-9.776899,-6.940500
1,Jogging,9670.005859,0.543100,-10.641800,-7.326800
1,Jogging,9680.019531,0.587100,-11.234400,-7.622300
1,Jogging,9690.029297,0.345900,-11.005600,-7.830200
1,Jogging,9700.009766,-0.347100,-10.810300,-7.622100
1,Jogging,9710.035156,-1.601100,-10.717199,-6.979200
1,Jogging,9720.000000,-2.562500,-9.316199,-5.499900
1,Jogging,9730.009766,-2.886200,-6.903100,-2.885600
1,Jogging,9740.021484,-2.969300,-4.146600,-0.409500
1,Jogging,9750.001953,-3.662500,-0.984900,1.122900
1,Jogging,9760.013672,-5.023700,0.919700,0.677100
1,Jogging,9770.025391,-5.812300,0.207800,-0.279300
1,Jogging,9780.003906,-5.615300,-1.145500,-2.710100
1,Jogging,9790.013672,-6.213700,-2.167700,-8.398300
1,Jogging,9800.027344,-4.632800,-2.711000,-9.572300
1,Jogging,9810.005859,-1.790800,-2.884100,-10.947900
1,Jogging,9820.017578,-0.977800,-1.293900,-3.954200
1,Jogging,9830.044922,-0.924000,-0.682700,2.243700
1,Jogging,9840.007813,0.302800,4.017900,6.456600
1,Jogging,9850.017578,3.222700,5.824700,4.632100
1,Jogging,9859.998047,4.346000,4.687800,3.632200
1,Jogging,9870.009766,3.098600,4.859400,4.598700
1,Jogging,9880.021484,3.397300,4.738000,5.551200
1,Jogging,9890.000000,3.893600,5.714600,6.991700
1,Jogging,9900.011719,3.378000,7.712000,8.512199
1,Jogging,9910.023438,2.809300,8.974700,9.055500
1,Jogging,9920.003906,1.539000,8.560599,9.917300
1,Jogging,9930.013672,0.733900,7.822600,9.450300
1,Jogging,9940.025391,0.358500,6.482700,8.267799
1,Jogging,9950.019531,0.231200,5.198100,6.689500
1,Jogging,9960.015625,-0.163200,4.079300,4.953000
1,Jogging,9970.027344,-0.918000,3.050100,3.437600
1,Jogging,9980.005859,-1.507000,2.036100,2.758000
1,Jogging,9990.019531,-2.040900,1.161000,2.234600
1,Jogging,10000.031250,-2.309700,-0.037500,1.143900
1,Jogging,10010.009766,-2.113700,-1.852800,0.147800
1,Jogging,10020.021484,-1.871800,-3.933000,-0.475800
1,Jogging,10030.000000,-1.405500,-6.102300,-0.963700
1,Jogging,10040.011719,-0.862400,-7.913600,-1.186500
1,Jogging,10050.021484,-0.144900,-9.255099,-1.897400
1,Jogging,10060.001953,0.516800,-9.877999,-2.837100
1,Jogging,10070.029297,1.277100,-10.007000,-3.932000
1,Jogging,10080.023438,1.262600,-9.314000,-4.887100
1,Jogging,10090.005859,0.754900,-8.376800,-5.441300
1,Jogging,10100.013672,0.391000,-7.363500,-5.631500
1,Jogging,10110.025391,0.018400,-6.425300,-5.555900
1,Jogging,10120.005859,-0.186800,-5.813800,-5.533200
1,Jogging,10130.017578,-0.018200,-5.267200,-5.473600
1,Jogging,10140.029297,0.148100,-4.874800,-5.834500
1,Jogging,10150.007813,0.198700,-4.063700,-6.748000
1,Jogging,10160.019531,-0.156900,-3.303000,-7.466700
1,Jogging,10169.998047,-0.745400,-1.849300,-8.480900
1,Jogging,10180.009766,-1.526900,-0.447500,-8.654600
1,Jogging,10190.037109,-1.738100,3.068700,-7.351900
1,Jogging,10200.001953,-0.522700,6.943700,-5.472500
1,Jogging,10210.013672,1.132700,11.032400,-3.421700
1,Jogging,10220.023438,1.178400,14.408899,-0.228300
1,Jogging,10230.003906,-0.764100,15.669700,4.298400
1,Jogging,10240.013672,0.636800,14.765800,7.525100
1,Jogging,10250.025391,2.937300,13.726500,8.898399
1,Jogging,10260.003906,3.936000,12.188900,8.309800
1,Jogging,10270.015625,4.220500,10.024600,6.984300
1,Jogging,10280.027344,4.087100,7.769700,4.762600
1,Jogging,10290.007813,3.059000,6.356000,2.402200
1,Jogging,10300.019531,2.223400,5.716400,1.206100
1,Jogging,10310.046875,1.143100,5.504400,0.821300
1,Jogging,10320.009766,0.122300,5.096000,0.641400
1,Jogging,10330.019531,-0.834400,4.692700,0.850600
1,Jogging,10340.000000,-1.023400,4.100300,1.108300
1,Jogging,10350.011719,-0.844800,3.083500,1.845300
1,Jogging,10360.021484,-0.117400,1.688300,4.087100
1,Jogging,10370.001953,0.999600,0.227800,5.847900
1,Jogging,10380.013672,2.048300,-1.189300,5.573500
1,Jogging,10390.025391,2.724600,-2.330100,4.526400
1,Jogging,10400.003906,3.110700,-3.269000,3.433800
1,Jogging,10410.015625,3.086700,-4.513200,2.602400
1,Jogging,10420.027344,2.389100,-4.876000,2.586100
1,Jogging,10430.021484,1.335000,-4.595600,2.463100
1,Jogging,10440.017578,0.435300,-4.416300,2.513500
1,Jogging,10450.027344,-0.661000,-4.032300,2.082100
1,Jogging,10460.007813,-1.589900,-4.030000,1.591400
1,Jogging,10470.019531,-1.900200,-5.530200,2.246100
1,Jogging,10480.000000,-2.538900,-4.549900,0.617300
1,Jogging,10490.009766,-2.438000,-3.386100,-0.396500
1,Jogging,10500.021484,-2.034300,-2.668500,-1.835700
1,Jogging,10510.001953,-2.002100,-2.016800,-2.497500
1,Jogging,10520.011719,-1.583100,-1.992900,-2.305700
1,Jogging,10530.023438,-0.318300,-2.644800,-2.087200
1,Jogging,10540.001953,0.277700,-3.097400,-2.249300
1,Jogging,10550.029297,-1.049700,-3.060900,-2.607100
1,Jogging,10560.025391,-1.114400,-2.266400,-2.814600
1,Jogging,10570.005859,-0.655000,-1.505700,-3.127000
1,Jogging,10580.017578,-0.344100,-1.408500,-3.422700
1,Jogging,10590.029297,0.152200,-1.510300,-3.773500
1,Jogging,10600.005859,0.169800,-1.783200,-3.622800
1,Jogging,10610.019531,0.059700,-1.661600,-3.362000
1,Jogging,10620.029297,-0.030000,-1.736100,-3.075900
1,Jogging,10630.009766,-0.010400,-2.070700,-2.728500
1,Jogging,10640.019531,-0.000200,-1.512900,-2.301400
1,Jogging,10650.000000,0.470700,-0.683000,-1.987200
1,Jogging,10660.009766,0.464300,0.323100,-1.986900
