1,Jogging,0.000000,5.968900,1.065000,6.369400
1,Jogging,9.979980,6.436200,-0.462100,5.303300
1,Jogging,19.992676,5.635800,-1.776600,3.976100
1,Jogging,30.003418,3.829000,-2.744100,2.281300
1,Jogging,39.983398,1.580200,-3.409500,0.354300
1,Jogging,50.009766,-0.567000,-4.003900,-1.535700
1,Jogging,60.004883,-2.130000,-4.561400,-4.045600
1,Jogging,69.984863,-2.942000,-5.444900,-6.182500
1,Jogging,79.995605,-3.299700,-7.012000,-7.009200
1,Jogging,89.975586,-3.343000,-8.585700,-7.591000
1,Jogging,99.985840,-3.317600,-9.654699,-7.926200
1,Jogging,109.997070,-2.858300,-10.105200,-7.778500
1,Jogging,119.977051,-2.316700,-9.623000,-7.225200
1,Jogging,129.987793,-2.490300,-8.645100,-6.502900
1,Jogging,140.000488,-3.142900,-7.669600,-5.546200
1,Jogging,149.979492,-3.316300,-5.830700,-3.897100
1,Jogging,159.990723,-3.446600,-3.736100,-2.638000
1,Jogging,170.017578,-4.111400,-1.799300,-2.150900
1,Jogging,179.981445,-5.187500,-0.135400,-2.108900
1,Jogging,189.992676,-5.935600,0.389000,-2.941000
1,Jogging,200.003906,-5.845300,-0.428400,-4.538100
1,Jogging,209.982910,-5.664600,-1.661400,-6.064900
1,Jogging,219.994141,-5.691600,-1.456600,-8.968699
1,Jogging,229.975098,-3.099900,-1.634700,-9.674000
1,Jogging,239.986328,-0.219100,-2.135800,-8.731000
1,Jogging,249.997559,1.981000,-2.399100,-2.489300
1,Jogging,259.976563,0.478100,-0.032200,2.892500
1,Jogging,269.987793,0.893100,3.465100,4.795700
1,Jogging,279.998535,4.465900,4.497200,2.733000
1,Jogging,289.993652,4.590400,3.450800,1.563800
1,Jogging,299.989746,4.537500,3.231200,4.093700
1,Jogging,310.000000,4.210100,3.884700,6.938100
1,Jogging,319.979980,3.055000,6.808600,7.453400
1,Jogging,329.992188,3.253000,9.044900,7.794700
1,Jogging,340.003418,2.591400,10.612500,8.475200
1,Jogging,349.983398,1.269800,11.176499,8.231700
1,Jogging,359.994141,0.617000,10.571899,7.036300
1,Jogging,370.004883,-0.351600,8.845600,5.907200
1,Jogging,379.984375,-1.465000,7.343400,5.323400
1,Jogging,389.995605,-0.645100,6.089000,2.720400
1,Jogging,399.975586,-0.437900,5.200300,0.746900
1,Jogging,410.001953,-2.382700,3.745900,-0.447600
1,Jogging,419.999023,-4.718000,1.937300,-1.019500
1,Jogging,429.978027,-5.958300,-0.182100,-2.102000
1,Jogging,439.987793,-5.436400,-2.447500,-3.084200
1,Jogging,450.000488,-4.736800,-4.534000,-2.873200
1,Jogging,459.979980,-4.318800,-5.855800,-2.603400
1,Jogging,469.991211,-2.853100,-6.588400,-2.675600
1,Jogging,480.001465,-1.549400,-6.638600,-3.026500
1,Jogging,489.981445,-1.077500,-6.688100,-3.421100
1,Jogging,499.992676,-0.979600,-7.025500,-3.484700
1,Jogging,510.003418,-0.650700,-7.947000,-3.796400
1,Jogging,519.983398,0.222500,-8.479100,-4.133000
1,Jogging,530.011230,2.241500,-9.304500,-5.273600
1,Jogging,539.975098,2.916200,-9.490800,-5.618300
1,Jogging,549.986328,3.160700,-9.479000,-5.787100
1,Jogging,559.997070,2.422100,-8.656099,-5.773700
1,Jogging,569.977051,2.249100,-7.453700,-5.582800
1,Jogging,579.988281,2.302900,-5.601600,-5.301400
1,Jogging,590.000000,2.011200,-3.289800,-4.276700
1,Jogging,599.979980,2.383600,-0.847600,-2.825500
1,Jogging,609.989258,3.169900,1.626500,-1.294800
1,Jogging,620.000488,3.019300,4.174500,-0.023500
1,Jogging,629.979492,1.616400,6.400600,2.009200
1,Jogging,639.992188,1.162200,8.755899,4.322300
1,Jogging,650.019043,1.714400,11.349299,6.408300
1,Jogging,659.982910,1.988600,13.685699,8.275700
1,Jogging,669.994141,1.855300,15.308300,9.900200
1,Jogging,680.005371,1.750000,15.516800,11.302500
1,Jogging,689.984375,1.716900,14.105400,12.368099
1,Jogging,699.995605,1.666500,11.798800,12.634600
1,Jogging,709.975098,2.777600,8.947000,11.809000
1,Jogging,719.985840,3.525500,6.044000,10.117900
1,Jogging,729.997559,4.015400,3.050800,7.896600
1,Jogging,739.978027,4.150400,0.795300,5.916100
1,Jogging,749.989746,4.275300,-0.758300,4.559300
1,Jogging,760.000488,4.443700,-1.927300,3.231800
1,Jogging,769.995605,4.400400,-2.836900,1.619800
1,Jogging,779.990723,3.417300,-3.849500,-0.026900
1,Jogging,790.001465,1.933100,-4.767200,-1.615600
1,Jogging,799.981934,0.290400,-5.780900,-3.072700
1,Jogging,809.992676,-0.927500,-6.989700,-4.330500
1,Jogging,820.003418,-1.451800,-8.311299,-5.511400
1,Jogging,829.982910,-1.795900,-9.698500,-6.434200
1,Jogging,839.993652,-1.902500,-11.065599,-6.942500
1,Jogging,849.975098,-2.251200,-11.440800,-7.035700
1,Jogging,859.985840,-2.586600,-10.909500,-6.985900
1,Jogging,869.997559,-3.464500,-10.173400,-7.110100
1,Jogging,879.977051,-4.601100,-9.233900,-6.954100
1,Jogging,890.003418,-5.921900,-7.786300,-6.052300
1,Jogging,899.998535,-6.729800,-5.674800,-4.577300
1,Jogging,909.978027,-7.069400,-3.401400,-2.734200
1,Jogging,919.989746,-7.517400,-1.097600,-1.327100
1,Jogging,930.002441,-7.555900,0.698100,-0.471200
1,Jogging,939.979980,-6.601700,1.375000,-1.502900
1,Jogging,949.992676,-4.586400,-0.110300,-2.872300
1,Jogging,960.003418,-3.733000,-1.243100,-4.926000
1,Jogging,969.982910,-0.499000,-2.079500,-6.476200
1,Jogging,979.994629,1.515600,-1.575100,-7.417400
1,Jogging,990.004395,3.055800,-1.505000,-3.743700
1,Jogging,999.984863,3.069300,-1.140000,1.402200
1,Jogging,1010.013184,0.342500,2.525500,3.769000
1,Jogging,1019.975098,2.127800,5.421000,0.516800
1,Jogging,1029.986816,4.154200,4.832000,-0.545100
1,Jogging,1039.998535,5.025400,3.186800,1.659100
1,Jogging,1049.978027,5.932900,2.443000,6.110500
1,Jogging,1059.987793,4.309200,4.050100,9.491099
1,Jogging,1070.000488,4.676300,7.521100,10.877200
1,Jogging,1079.979980,4.908900,9.813499,11.453000
1,Jogging,1089.990723,2.134200,10.414800,11.675500
1,Jogging,1100.001465,-0.390800,10.477699,10.441500
1,Jogging,1109.981934,-0.777300,9.655399,8.693800
1,Jogging,1119.992676,-0.629300,7.613700,7.576700
1,Jogging,1130.020020,0.230500,6.085800,7.185500
1,Jogging,1139.982910,0.490500,5.059500,6.366500
1,Jogging,1149.995605,-0.047200,3.935600,4.858000
1,Jogging,1159.975098,-2.388500,1.739600,0.401700
1,Jogging,1169.985840,-4.007200,0.391000,-0.962400
1,Jogging,1179.996582,-5.409900,-1.358800,-2.153100
1,Jogging,1189.977051,-5.922900,-3.725500,-3.140900
1,Jogging,1199.986816,-5.567900,-6.043600,-3.732700
1,Jogging,1209.998535,-4.667000,-7.280500,-4.453500
1,Jogging,1219.979004,-3.162600,-7.948400,-4.879400
1,Jogging,1229.989746,-2.135100,-8.192699,-5.178600
1,Jogging,1240.002441,-2.039600,-8.226399,-5.304700
1,Jogging,1249.997559,-1.602200,-8.381100,-5.057000
1,Jogging,1259.992676,-0.940700,-8.606900,-5.001900
1,Jogging,1270.003418,0.994200,-8.762000,-5.595600
1,Jogging,1279.982910,3.268900,-9.275400,-5.929900
1,Jogging,1289.993652,4.472300,-9.624800,-6.272900
1,Jogging,1300.005371,4.840000,-9.670400,-6.537700
1,Jogging,1309.983887,4.972900,-9.078199,-6.553100
1,Jogging,1319.995605,4.768900,-7.842200,-5.852800
1,Jogging,1329.977051,4.099100,-6.641600,-5.466000
1,Jogging,1339.986816,3.478300,-5.650700,-5.535700
1,Jogging,1349.999512,2.485500,-4.171600,-5.649000
1,Jogging,1359.978027,0.960900,-0.893500,-5.403300
1,Jogging,1370.005371,-0.446900,3.218100,-3.371500
1,Jogging,1380.000488,-1.593600,6.851700,-0.498400
1,Jogging,1389.979980,-2.407500,10.426499,2.417100
1,Jogging,1399.990723,-2.117300,13.128799,4.274400
1,Jogging,1410.001465,-2.076400,14.880199,5.353000
1,Jogging,1419.980957,-1.507100,15.733500,6.798000
1,Jogging,1429.993652,-0.397400,15.587700,8.907300
1,Jogging,1440.003418,0.781000,14.613000,10.664499
1,Jogging,1449.984863,2.081400,13.824200,11.163400
1,Jogging,1459.995605,3.324900,12.307799,10.972199
1,Jogging,1469.975098,3.835500,9.654400,10.104500
1,Jogging,1479.985840,3.755500,7.071700,8.604300
1,Jogging,1490.013184,3.252400,4.715800,6.780600
1,Jogging,1499.977051,2.915800,2.309600,5.131200
1,Jogging,1509.987793,3.400400,0.523800,3.642100
1,Jogging,1519.998535,4.264100,-0.914200,2.824800
1,Jogging,1529.978027,4.667000,-2.093300,1.983800
1,Jogging,1539.988770,4.127500,-3.793900,1.072200
1,Jogging,1550.000488,2.528200,-5.546500,-0.259900
1,Jogging,1559.981934,0.615700,-7.152700,-1.470000
1,Jogging,1569.992676,-0.807500,-8.256000,-2.354600
1,Jogging,1580.004395,-1.837000,-8.809899,-3.079000
1,Jogging,1589.982910,-2.245100,-9.394899,-3.700000
1,Jogging,1599.994629,-2.322200,-10.156799,-4.003300
1,Jogging,1610.022949,-2.064500,-11.078899,-4.206600
1,Jogging,1619.984863,-2.027800,-11.585000,-4.858300
1,Jogging,1629.997559,-2.252200,-11.491300,-5.767100
1,Jogging,1639.976074,-2.397300,-10.762899,-6.795700
1,Jogging,1649.987793,-2.554700,-9.975900,-7.035800
1,Jogging,1659.998535,-2.799600,-8.249599,-5.965300
1,Jogging,1669.979004,-2.714300,-5.618600,-3.437900
1,Jogging,1679.989746,-3.203600,-2.479800,-0.633700
1,Jogging,1689.999512,-3.930300,0.810300,2.031900
1,Jogging,1699.979980,-4.449000,2.722800,3.394800
1,Jogging,1709.990723,-5.882500,2.805500,2.135700
1,Jogging,1720.002441,-7.207700,2.917100,-2.920900
1,Jogging,1729.998535,-6.955000,2.050600,-6.034300
1,Jogging,1739.992676,-0.816700,1.498100,-12.035900
1,Jogging,1750.005371,0.094300,-0.193400,-5.423000
1,Jogging,1759.983887,-0.203000,-0.163200,1.011700
1,Jogging,1769.995605,-0.260100,1.219200,4.197900
1,Jogging,1779.976074,-1.441100,3.765600,3.293800
1,Jogging,1789.986816,5.854300,1.590400,2.293400
1,Jogging,1799.996582,5.300200,0.868400,4.899400
1,Jogging,1809.977051,4.050000,3.510200,8.062600
1,Jogging,1819.987793,3.434300,5.560000,9.938399
1,Jogging,1830.000488,2.337000,7.633800,10.136100
1,Jogging,1839.978027,0.616700,9.229300,9.235800
1,Jogging,1850.006348,-1.297100,9.715700,7.889200
1,Jogging,1860.001465,-1.672000,8.365600,6.180300
1,Jogging,1869.980957,-1.064000,5.877600,4.793400
1,Jogging,1879.992676,-0.565100,4.115000,4.550700
1,Jogging,1890.003418,0.446200,3.687700,3.330400
1,Jogging,1899.983887,1.352800,3.958800,2.522000
1,Jogging,1909.993652,1.204100,3.861300,1.782100
1,Jogging,1919.974121,-0.459800,3.424900,1.160800
1,Jogging,1929.984863,-2.016500,2.539500,0.725600
1,Jogging,1939.997559,-3.134500,1.361700,-0.263600
1,Jogging,1949.977051,-3.209400,-0.412700,-1.311300
1,Jogging,1959.985840,-2.527700,-2.444800,-2.148700
1,Jogging,1970.015137,-1.802300,-4.408600,-2.995000
1,Jogging,1979.978027,-1.834000,-5.893100,-3.613400
1,Jogging,1989.988770,-2.104600,-6.439100,-5.089700
1,Jogging,2000.000488,-2.532900,-7.224500,-6.057800
1,Jogging,2009.979004,-3.039400,-7.933400,-6.611800
1,Jogging,2019.990723,-2.931300,-7.930700,-6.595700
1,Jogging,2030.001465,-2.350000,-7.460400,-6.361000
1,Jogging,2039.981934,-1.408700,-6.953500,-5.966600
1,Jogging,2049.994629,-0.260800,-7.077200,-5.565100
1,Jogging,2060.004395,0.912500,-7.628200,-5.523600
1,Jogging,2069.984863,2.209100,-8.404500,-5.534400
1,Jogging,2079.995605,3.704300,-9.043500,-5.969200
1,Jogging,2089.990723,4.126000,-8.720099,-6.317400
1,Jogging,2099.984863,4.093100,-7.174700,-6.572400
1,Jogging,2109.997559,3.668000,-4.979100,-6.124800
1,Jogging,2119.976074,3.268700,-1.750500,-4.635600
1,Jogging,2129.987793,2.559700,2.063700,-2.640000
1,Jogging,2139.998535,1.712100,5.945600,-0.462200
1,Jogging,2149.979004,0.448300,8.966700,1.249600
1,Jogging,2159.991699,-0.265300,10.993500,2.908400
1,Jogging,2170.002441,-0.094200,12.244599,4.120600
1,Jogging,2179.981934,-0.509500,11.890100,4.968800
1,Jogging,2189.992676,-0.296200,11.069799,6.043600
1,Jogging,2200.003418,0.282400,10.848599,7.423900
1,Jogging,2210.000488,0.846700,10.758500,8.422200
1,Jogging,2219.993652,1.140800,10.798400,9.118600
1,Jogging,2229.973145,1.215200,10.927000,9.663300
1,Jogging,2239.983887,1.021000,10.832300,9.733100
1,Jogging,2249.995605,0.635300,10.273600,9.509800
1,Jogging,2259.977051,1.121100,8.738299,8.772600
1,Jogging,2269.986816,1.672000,6.534200,7.608200
1,Jogging,2279.999512,2.527100,3.857700,6.437100
1,Jogging,2289.978027,3.794200,1.534100,5.410700
1,Jogging,2299.989746,4.553200,-0.557400,4.370400
1,Jogging,2310.000488,4.856800,-2.539000,2.769400
1,Jogging,2319.979980,4.069500,-4.224000,0.732100
1,Jogging,2330.008301,2.835400,-5.692600,-1.515500
1,Jogging,2340.001465,1.215000,-6.741300,-3.359500
1,Jogging,2349.980957,-0.333900,-7.751800,-4.704400
1,Jogging,2359.993652,-1.399700,-8.521399,-5.360300
1,Jogging,2370.003418,-1.574300,-9.125400,-5.560300
1,Jogging,2379.984863,-1.464400,-9.560500,-5.580200
1,Jogging,2389.996582,-1.202500,-9.825100,-5.534800
1,Jogging,2399.975098,-1.270800,-9.723100,-5.693300
1,Jogging,2409.986816,-0.967200,-9.372900,-5.616700
1,Jogging,2419.997559,-0.429000,-8.567600,-4.583600
1,Jogging,2429.977051,0.850300,-7.298300,-3.172900
1,Jogging,2439.987793,-0.000200,-5.190800,-0.955000
1,Jogging,2450.016113,-1.769900,-1.848800,1.153000
1,Jogging,2459.979980,-3.620600,0.439000,2.255500
1,Jogging,2469.988770,-4.730200,1.329900,2.585000
1,Jogging,2480.001465,-5.931200,1.642000,0.491500
1,Jogging,2489.981934,-7.634900,1.570200,-4.565500
1,Jogging,2499.991699,-7.042900,-0.110000,-7.334700
1,Jogging,2510.003418,-2.371700,-1.914100,-10.763100
1,Jogging,2519.982910,-1.943200,1.080800,-6.947500
1,Jogging,2529.994629,1.492600,2.375000,-1.157300
1,Jogging,2539.975098,2.610500,2.446300,2.408900
1,Jogging,2549.984863,0.352700,4.141500,5.408300
1,Jogging,2559.997559,1.917700,5.135800,3.843200
1,Jogging,2569.992676,5.301300,3.684600,1.341200
1,Jogging,2579.985840,6.548200,-0.125600,2.325200
1,Jogging,2589.998535,6.551800,1.638200,5.898000
1,Jogging,2599.979004,5.976300,4.876700,9.138800
1,Jogging,2609.988770,4.240800,7.600200,10.084000
1,Jogging,2619.999512,2.185200,8.773499,8.550400
1,Jogging,2629.979980,-0.087800,8.794700,6.924000
1,Jogging,2639.991699,-1.721300,7.335100,5.431700
1,Jogging,2650.003418,-2.302900,4.699800,4.339400
1,Jogging,2659.981934,-2.223800,3.430800,3.347800
1,Jogging,2669.993652,-1.531500,3.118700,2.100000
1,Jogging,2680.005371,-1.016000,3.019400,1.328500
1,Jogging,2690.000488,-1.268900,3.026000,1.492200
1,Jogging,2699.995605,-2.753600,2.916500,2.090200
1,Jogging,2709.976074,-3.798200,2.066500,2.097500
1,Jogging,2719.985840,-3.821900,0.785700,1.444400
1,Jogging,2729.996582,-3.581000,-0.592200,0.206500
1,Jogging,2739.977051,-3.061500,-2.072200,-1.410400
1,Jogging,2749.987793,-2.929200,-3.459600,-3.562900
1,Jogging,2760.000488,-2.701800,-4.908300,-5.577900
1,Jogging,2769.979980,-2.600900,-6.641500,-6.466100
1,Jogging,2779.989746,-1.991600,-8.385000,-6.761100
1,Jogging,2790.002441,-1.133900,-9.141399,-6.562800
1,Jogging,2799.980957,-0.462800,-9.282400,-5.931000
1,Jogging,2810.008301,0.419500,-9.116700,-5.754500
1,Jogging,2820.003418,1.220900,-8.731600,-5.832300
1,Jogging,2829.982910,1.245900,-8.480300,-5.966600
1,Jogging,2839.993652,1.310000,-8.356400,-5.605100
1,Jogging,2849.974121,2.227700,-8.003700,-5.365500
1,Jogging,2859.986816,3.228800,-7.830300,-5.284900
1,Jogging,2869.997559,3.660100,-6.751000,-4.910800
1,Jogging,2879.977051,3.560300,-4.693300,-4.154700
1,Jogging,2889.987793,2.804000,-1.895000,-3.260200
1,Jogging,2899.998535,1.535700,1.033400,-1.849200
1,Jogging,2909.978027,0.226600,4.036300,-0.283800
1,Jogging,2919.989746,-0.660400,7.077400,1.049800
1,Jogging,2930.018066,-0.619800,10.023300,1.983300
1,Jogging,2939.979980,-0.495300,12.236500,3.133500
1,Jogging,2949.991699,-0.691500,12.771999,4.465100
1,Jogging,2960.003418,-0.523400,12.381900,6.386000
1,Jogging,2969.983887,0.278300,11.813300,7.992700
1,Jogging,2979.994629,2.005200,11.188200,8.993899
1,Jogging,2990.004395,2.991800,9.646200,9.678699
1,Jogging,2999.984863,3.402400,7.661800,9.786200
1,Jogging,3009.995605,3.711900,6.055800,9.550700
1,Jogging,3019.975098,4.108500,4.575600,8.769000
1,Jogging,3029.985840,4.415100,3.441300,7.853300
1,Jogging,3039.997559,4.290300,2.140300,7.293600
1,Jogging,3049.993652,4.344900,1.104300,6.927300
1,Jogging,3059.987793,4.001100,-0.178000,6.037800
1,Jogging,3070.000488,3.334100,-1.551900,4.585800
1,Jogging,3079.979980,2.287000,-2.979200,2.538300
1,Jogging,3089.991699,1.022800,-4.111200,0.721800
1,Jogging,3100.001465,0.028100,-4.910300,-1.184900
1,Jogging,3109.981934,-1.042500,-5.766500,-2.994500
1,Jogging,3119.992676,-2.203300,-6.753300,-4.866800
1,Jogging,3130.003418,-2.889300,-7.623100,-6.109600
1,Jogging,3139.982910,-3.011900,-8.244300,-6.739400
1,Jogging,3149.993652,-3.135300,-8.807199,-6.723600
1,Jogging,3159.975098,-2.617400,-8.796000,-6.299500
1,Jogging,3170.001465,-1.818500,-8.547200,-5.138400
1,Jogging,3179.996582,-0.880400,-8.077499,-3.313200
1,Jogging,3189.977051,-0.184700,-6.525300,-1.471700
1,Jogging,3199.988770,-0.928800,-3.803800,0.388800
1,Jogging,3209.998535,-2.243700,-0.768300,0.819600
1,Jogging,3219.979004,-3.711200,0.895500,-0.353500
1,Jogging,3229.989746,-5.013700,1.636600,-2.310800
1,Jogging,3240.000488,-5.340500,1.352500,-5.119400
1,Jogging,3249.979980,-6.162900,0.314700,-9.026100
1,Jogging,3259.992676,-6.482500,-1.143000,-11.805500
1,Jogging,3270.003418,-3.570700,-2.066300,-12.047800
1,Jogging,3279.980957,0.049900,-3.786400,-9.730100
1,Jogging,3290.009277,1.516600,-1.776000,-2.117500
1,Jogging,3300.005371,5.806800,0.308400,2.349200
1,Jogging,3309.983887,4.993300,2.043300,4.681100
1,Jogging,3319.995605,2.940800,2.567600,4.610500
1,Jogging,3329.975098,5.083600,1.868000,3.189300
1,Jogging,3339.986816,6.547100,-0.552000,2.320700
1,Jogging,3349.997559,7.004900,-2.183600,4.208000
1,Jogging,3359.977051,5.968800,1.465800,7.271700
1,Jogging,3369.987793,3.544800,5.461900,10.074200
1,Jogging,3379.998535,0.674300,8.557400,10.132199
1,Jogging,3389.978027,-1.273700,10.985100,7.793500
1,Jogging,3399.990723,-2.983700,11.118999,5.510800
1,Jogging,3410.018066,-4.571600,9.314000,4.711200
1,Jogging,3419.980957,-4.635400,6.835800,4.215800
1,Jogging,3429.991699,-3.891400,5.554800,3.739800
1,Jogging,3440.003418,-2.593200,5.428700,2.860600
1,Jogging,3449.983887,-1.826300,5.132700,1.877600
1,Jogging,3459.995605,-2.994900,4.098800,1.200400
1,Jogging,3469.975098,-4.213800,3.084500,0.717900
1,Jogging,3479.985840,-4.450400,1.778000,-0.240200
1,Jogging,3489.997559,-3.896000,0.256600,-1.910000
1,Jogging,3499.977051,-2.895500,-1.774700,-3.427100
1,Jogging,3509.987793,-2.441800,-4.047900,-4.811500
1,Jogging,3519.998535,-2.233800,-5.645900,-5.591200
1,Jogging,3529.995605,-1.586900,-6.162700,-5.087800
1,Jogging,3539.988770,-1.010500,-6.948900,-5.802900
1,Jogging,3550.000488,-0.280700,-7.458300,-5.438000
1,Jogging,3559.979980,-0.269700,-7.856100,-4.932200
1,Jogging,3569.992676,0.291100,-8.012800,-5.170100
1,Jogging,3580.004395,0.661800,-8.431100,-5.397800
1,Jogging,3589.982910,1.675400,-9.088400,-5.844100
1,Jogging,3599.994629,2.598600,-9.434100,-6.175600
1,Jogging,3610.005371,3.909100,-8.565800,-6.418100
1,Jogging,3619.984863,4.354600,-6.951700,-5.886000
1,Jogging,3629.995605,4.031800,-5.140600,-4.740900
1,Jogging,3639.975098,2.950400,-3.289200,-3.151500
1,Jogging,3650.003418,2.065100,-1.328400,-1.602000
1,Jogging,3659.996582,1.488800,2.690400,0.794900
1,Jogging,3669.979004,0.378800,4.224200,2.911500
1,Jogging,3679.988770,-0.426700,6.098100,5.649500
1,Jogging,3689.999512,-1.232200,8.113299,8.150900
1,Jogging,3699.979980,-1.213700,10.273399,10.356900
1,Jogging,3709.990723,-0.262300,11.992300,12.031899
1,Jogging,3720.002441,0.397400,12.595300,12.411400
1,Jogging,3729.981934,1.068600,12.355300,12.177999
1,Jogging,3739.992676,1.831600,11.158999,11.703799
1,Jogging,3750.003418,2.816900,9.389400,11.050400
1,Jogging,3759.982910,4.326600,5.710600,9.642799
1,Jogging,3770.011230,5.801500,2.553700,8.504300
1,Jogging,3779.974121,6.877900,0.884800,7.927000
1,Jogging,3789.986816,7.381200,-0.461200,7.284400
1,Jogging,3799.996582,7.014200,-2.175900,5.862200
1,Jogging,3809.977051,5.507900,-3.411100,3.867000
1,Jogging,3819.987793,3.367900,-3.977000,1.555700
1,Jogging,3829.999512,0.638900,-4.429400,-0.758800
1,Jogging,3839.978027,-1.236800,-5.038900,-3.082900
1,Jogging,3849.989746,-2.402100,-5.523500,-5.455300
1,Jogging,3860.001465,-2.408600,-5.821000,-7.272100
1,Jogging,3869.979980,-2.378000,-6.337500,-7.619800
1,Jogging,3879.992676,-2.135800,-6.554100,-7.052500
1,Jogging,3890.019043,-2.051700,-6.705700,-6.192800
1,Jogging,3899.983887,-2.001900,-6.870100,-5.435200
1,Jogging,3909.993652,-2.064800,-7.111800,-4.679100
1,Jogging,3920.004395,-2.206800,-7.251900,-3.973000
1,Jogging,3929.984863,-2.538900,-6.558700,-3.180800
1,Jogging,3939.995605,-3.437900,-4.388100,-2.554300
1,Jogging,3949.975098,-4.062700,-1.729500,-1.816500
1,Jogging,3959.985840,-4.610200,0.164100,-0.987600
1,Jogging,3969.998535,-5.048400,0.214600,-1.070500
1,Jogging,3979.978027,-6.313400,-0.020400,-3.047300
1,Jogging,3989.987793,-6.240700,0.838300,-7.058200
1,Jogging,4000.000488,-3.869200,1.373400,-11.146399
1,Jogging,4009.995605,-1.672700,0.110300,-12.114599
1,Jogging,4019.990723,-0.443000,-1.940500,-9.038700
1,Jogging,4030.001465,2.701600,-2.143400,-3.642300
1,Jogging,4039.981934,4.223200,-0.592400,1.290400
1,Jogging,4049.992676,5.766400,0.381300,3.626500
1,Jogging,4060.004395,7.911900,-0.004900,3.750200
1,Jogging,4069.982910,7.606300,-1.063600,3.349400
1,Jogging,4079.995605,6.932000,-1.095700,3.646600
1,Jogging,4089.975098,4.861600,1.423000,4.830700
1,Jogging,4099.984863,1.568700,4.679100,5.996900
1,Jogging,4109.997559,-1.456600,7.972000,6.395800
1,Jogging,4119.976074,-3.330800,9.963799,5.912100
1,Jogging,4130.003418,-4.515000,10.239600,5.362700
1,Jogging,4139.998535,-4.639500,9.561000,4.767800
1,Jogging,4149.979004,-4.717400,8.218699,4.823200
1,Jogging,4159.989746,-4.138300,7.307400,4.867400
1,Jogging,4169.999512,-3.525100,6.538100,3.943000
1,Jogging,4179.981934,-2.651900,5.679700,2.862300
1,Jogging,4189.992676,-2.869900,4.782700,1.946500
1,Jogging,4200.003418,-3.451200,3.491500,0.725400
1,Jogging,4209.982910,-3.048600,2.082100,-0.092700
1,Jogging,4219.993652,-3.244600,0.246300,-0.448600
1,Jogging,4230.005371,-3.780400,-1.376500,-1.544900
1,Jogging,4239.983887,-2.783000,-2.845100,-3.547000
1,Jogging,4250.013184,-1.863900,-4.735500,-4.730800
1,Jogging,4259.976074,-1.399700,-5.584900,-4.826600
1,Jogging,4269.986816,-0.763600,-6.187800,-4.893400
1,Jogging,4279.999512,0.435900,-7.001600,-4.970300
1,Jogging,4289.978027,0.687600,-8.672500,-4.783700
1,Jogging,4299.989746,0.723300,-9.078199,-5.555100
1,Jogging,4310.000488,1.240800,-9.338699,-6.369600
1,Jogging,4319.979980,2.075200,-9.912200,-6.767500
1,Jogging,4329.990723,3.239800,-9.234099,-6.424100
1,Jogging,4340.001465,3.605100,-7.625200,-5.876100
1,Jogging,4349.980957,2.874300,-5.839500,-5.612900
1,Jogging,4359.992676,2.280400,-3.944200,-4.842100
1,Jogging,4370.020996,1.681700,-0.560700,-3.882300
1,Jogging,4379.983887,0.600300,3.501200,-2.019400
1,Jogging,4389.996582,0.011200,5.867500,0.623000
1,Jogging,4399.975098,-0.693900,6.845800,3.257300
1,Jogging,4409.986816,-1.575200,7.259600,5.745700
1,Jogging,4419.997559,-0.162200,8.278900,7.368200
1,Jogging,4429.977051,1.882800,10.447599,8.056399
1,Jogging,4439.987793,2.772500,11.341700,9.055400
1,Jogging,4450.000488,2.929400,11.593800,9.672900
1,Jogging,4459.978027,1.537600,10.759700,9.606500
1,Jogging,4469.988770,0.735100,10.007000,9.401500
1,Jogging,4480.001465,1.050600,9.657400,9.117700
1,Jogging,4489.996582,1.145000,8.775700,9.029300
1,Jogging,4499.991699,2.490200,6.808800,8.936299
1,Jogging,4510.003418,4.943800,3.948200,8.208099
1,Jogging,4519.982910,7.834600,1.218300,7.349600
1,Jogging,4529.994629,8.924000,-1.392400,6.087700
1,Jogging,4540.005371,8.348800,-3.901100,4.287500
1,Jogging,4549.984863,6.102100,-5.950500,2.071100
1,Jogging,4559.995605,3.920700,-6.418000,-0.390000
1,Jogging,4569.976074,1.426600,-6.961100,-2.739200
1,Jogging,4579.987793,-0.720800,-7.222700,-4.631200
1,Jogging,4589.998535,-2.477600,-7.652800,-5.890800
1,Jogging,4599.979004,-3.305600,-8.227600,-6.615900
1,Jogging,4610.004395,-3.336800,-8.589100,-6.730400
1,Jogging,4619.999512,-3.133700,-8.802500,-6.800500
1,Jogging,4629.979980,-3.146000,-9.063700,-7.051400
1,Jogging,4639.991699,-3.280000,-9.168300,-7.709600
1,Jogging,4650.002441,-3.384300,-9.086699,-7.972200
1,Jogging,4659.981934,-2.899100,-8.184700,-7.127800
1,Jogging,4669.992676,-1.163600,-6.712200,-5.222500
1,Jogging,4680.005371,-0.985900,-4.709000,-1.771600
1,Jogging,4689.982910,-2.274200,-1.718900,1.077800
1,Jogging,4699.995605,-3.738700,0.770000,2.119400
1,Jogging,4709.976074,-5.316800,2.570500,1.418600
1,Jogging,4719.985840,-6.642800,2.359100,-1.646500
1,Jogging,4730.013184,-8.033700,1.313300,-6.990700
1,Jogging,4739.977051,-8.464100,-0.097600,-11.588500
1,Jogging,4749.987793,-5.652400,-1.906600,-13.311800
1,Jogging,4759.999512,-1.155800,-3.900700,-11.412000
1,Jogging,4769.979980,-1.925300,0.714400,2.184900
1,Jogging,4779.989746,1.498300,4.261600,5.174800
1,Jogging,4790.002441,4.164400,3.602800,4.078300
1,Jogging,4799.980957,2.452100,1.723900,4.077200
1,Jogging,4809.992676,3.753500,1.407300,3.271900
1,Jogging,4820.003418,4.879200,0.110300,1.586300
1,Jogging,4829.982910,5.342700,-1.786900,2.399000
1,Jogging,4839.993652,6.156300,1.789200,5.453100
1,Jogging,4849.991699,5.792800,5.312100,8.513500
1,Jogging,4859.984863,4.329800,7.895600,9.159200
1,Jogging,4869.996582,1.526700,9.097799,7.914900
1,Jogging,4879.975098,-1.152000,9.153999,6.042100
1,Jogging,4889.987793,-2.348400,7.978800,4.604400
1,Jogging,4899.998535,-2.194300,6.098000,3.808100
1,Jogging,4909.978027,-0.932600,5.484900,5.113800
1,Jogging,4919.989746,-1.177200,5.545400,4.370500
1,Jogging,4930.000488,-2.862900,5.247700,3.413900
1,Jogging,4939.979980,-4.205200,4.179800,2.212700
1,Jogging,4949.990723,-5.329700,1.886800,0.339800
1,Jogging,4960.001465,-5.556200,-0.828100,-1.308800
1,Jogging,4969.998535,-5.890600,-3.859000,-1.795400
1,Jogging,4979.994629,-6.219000,-6.048800,-2.546500
1,Jogging,4990.004395,-6.020300,-7.291300,-4.226100
1,Jogging,4999.984863,-4.866100,-7.727000,-5.550500
1,Jogging,5009.995605,-3.262000,-7.820500,-6.205900
1,Jogging,5019.975098,-2.397600,-7.958300,-5.810000
1,Jogging,5029.985840,-1.236200,-8.294700,-5.286400
1,Jogging,5039.997559,-0.134600,-8.569200,-5.114500
1,Jogging,5049.976074,1.016400,-8.819600,-5.385500
1,Jogging,5059.987793,2.027500,-9.025100,-5.781600
1,Jogging,5069.998535,3.472800,-9.338699,-6.391200
1,Jogging,5079.979004,4.638100,-9.804200,-6.686600
1,Jogging,5090.006348,5.282000,-9.557899,-6.565900
1,Jogging,5100.001465,5.836100,-8.141900,-5.939300
1,Jogging,5109.981934,5.746700,-5.532600,-5.151100
1,Jogging,5119.992676,5.183700,-2.333100,-3.742000
1,Jogging,5130.003418,4.225800,1.389800,-1.982300
1,Jogging,5139.982910,3.251900,4.630400,0.155800
1,Jogging,5149.993652,2.359400,7.708500,2.418200
1,Jogging,5159.973145,1.762200,9.909500,5.102700
1,Jogging,5169.984863,2.204100,10.634600,6.625600
1,Jogging,5179.995605,2.250600,9.880099,7.808500
1,Jogging,5189.977051,2.169000,9.779699,9.187699
1,Jogging,5199.985840,2.664100,10.589499,10.529500
1,Jogging,5210.014160,2.829700,12.040500,11.830199
1,Jogging,5219.979004,2.213900,12.610499,12.626400
1,Jogging,5229.989746,1.363900,11.538700,12.727300
1,Jogging,5240.000488,0.807500,8.393100,11.481500
1,Jogging,5249.979980,0.313900,4.690500,9.294700
1,Jogging,5259.990723,1.512500,2.042100,7.464000
1,Jogging,5270.002441,4.671100,0.107600,6.309000
1,Jogging,5279.980957,7.238500,-1.193900,5.701900
1,Jogging,5289.992676,7.437300,-2.696700,4.803800
1,Jogging,5300.005371,5.825200,-4.258300,3.252800
1,Jogging,5309.983887,3.237700,-5.582000,0.747800
1,Jogging,5319.995605,0.628200,-6.398100,-1.658500
1,Jogging,5329.991699,-0.858400,-6.201100,-4.177800
1,Jogging,5339.986816,-1.765400,-6.067400,-5.807900
1,Jogging,5349.997559,-2.348400,-6.641700,-6.848800
1,Jogging,5359.977051,-2.866300,-7.589000,-7.559300
1,Jogging,5369.987793,-3.026000,-8.316800,-8.015500
1,Jogging,5380.000488,-3.300200,-8.158299,-8.060400
1,Jogging,5389.979980,-3.421000,-8.065400,-8.458400
1,Jogging,5399.989746,-3.474500,-7.885900,-9.041400
1,Jogging,5410.001465,-3.151000,-6.686000,-8.500299
1,Jogging,5419.980957,-2.188700,-5.237900,-6.745900
1,Jogging,5429.991699,-1.954900,-2.728600,-3.585500
1,Jogging,5440.003418,-2.833600,-0.111200,-0.360800
1,Jogging,5449.998535,-3.601500,1.644000,0.648600
1,Jogging,5459.994629,-3.970300,0.907400,-0.120200
1,Jogging,5469.975098,-4.456800,-0.997300,-2.160800
1,Jogging,5479.985840,-6.177600,-2.412500,-5.852800
1,Jogging,5489.997559,-4.877500,-5.632700,-10.665199
1,Jogging,5499.977051,-3.626600,-8.087100,-12.877900
1,Jogging,5509.987793,1.172500,-9.002000,-10.181300
1,Jogging,5519.998535,-0.884700,-4.956500,-5.409300
1,Jogging,5529.978027,2.415800,0.769900,4.676600
1,Jogging,5539.988770,-1.009500,8.129400,7.743700
1,Jogging,5550.000488,-0.535400,8.927199,5.955500
1,Jogging,5559.979980,0.339700,7.827100,4.923500
1,Jogging,5570.007324,0.825000,6.712800,7.337200
1,Jogging,5580.001465,1.671600,8.260099,10.188300
1,Jogging,5589.982910,2.934300,10.332100,11.376300
1,Jogging,5599.994629,3.408200,9.461599,11.071700
1,Jogging,5610.005371,1.830900,7.702700,10.198000
1,Jogging,5619.984863,0.017900,6.058400,9.064000
1,Jogging,5629.995605,-0.834100,5.026100,7.404000
1,Jogging,5639.975098,-0.679700,4.599700,5.171000
1,Jogging,5649.985840,0.226500,4.515800,3.732500
1,Jogging,5659.996582,0.167000,4.032200,3.300300
1,Jogging,5669.977051,-0.240700,3.224100,3.637600
1,Jogging,5679.986816,-0.902400,2.112300,2.943700
1,Jogging,5690.016113,-1.275700,0.611800,1.198100
1,Jogging,5699.979980,-2.239600,-1.139800,-0.628400
1,Jogging,5709.989746,-3.150400,-3.676600,-2.062000
1,Jogging,5720.002441,-3.856100,-6.355000,-3.022300
1,Jogging,5729.981934,-3.906300,-7.546600,-4.098200
1,Jogging,5739.992676,-4.243400,-7.598500,-4.764900
1,Jogging,5750.003418,-4.894700,-7.427500,-5.055900
1,Jogging,5759.982910,-4.824400,-7.194400,-4.989500
1,Jogging,5769.993652,-3.488100,-6.886000,-4.815500
1,Jogging,5779.976074,-1.516700,-7.436600,-5.032900
1,Jogging,5789.983887,0.201600,-8.915400,-5.676200
1,Jogging,5799.996582,1.969500,-10.627900,-6.403000
1,Jogging,5809.992676,3.228600,-11.306800,-7.155400
1,Jogging,5819.987793,3.873000,-10.664400,-6.951800
1,Jogging,5829.999512,4.064200,-8.788300,-6.323200
1,Jogging,5839.978027,3.713900,-6.523800,-5.683000
1,Jogging,5849.989746,3.283000,-4.441700,-5.442300
1,Jogging,5860.000488,2.401200,-2.659200,-5.212600
1,Jogging,5869.979980,1.165200,-0.384400,-3.977400
1,Jogging,5879.992676,0.195700,2.295100,-1.848500
1,Jogging,5890.001465,-0.311300,5.520200,0.028100
1,Jogging,5899.983887,-0.841200,8.463300,2.555200
1,Jogging,5909.993652,-1.366100,11.172299,5.328700
1,Jogging,5920.004395,-1.515100,13.072200,7.830900
1,Jogging,5929.999512,-0.843500,14.392300,9.840799
1,Jogging,5939.995605,0.122600,15.175699,10.833700
1,Jogging,5949.975098,0.656000,15.266100,11.180500
1,Jogging,5959.985840,1.063100,14.224500,10.681399
1,Jogging,5969.997559,1.448500,12.669000,9.614100
1,Jogging,5979.978027,2.075300,11.003300,8.955999
1,Jogging,5989.987793,2.429800,8.526400,8.610300
1,Jogging,6000.000488,3.717200,5.905000,8.344900
1,Jogging,6009.979004,5.509400,4.197600,8.172500
1,Jogging,6019.990723,6.500500,2.577100,7.820500
1,Jogging,6030.001465,6.304600,0.595200,6.090900
1,Jogging,6039.981934,4.753400,-1.529100,3.503500
1,Jogging,6050.009277,3.102700,-2.709200,0.773700
1,Jogging,6060.004395,1.641700,-3.291400,-1.758000
1,Jogging,6069.982910,0.227300,-4.172900,-4.134100
1,Jogging,6079.994629,-0.507400,-5.460200,-6.405100
1,Jogging,6089.973145,-1.166800,-7.021800,-7.849600
1,Jogging,6099.984863,-1.293000,-8.370500,-8.108000
1,Jogging,6109.997559,-1.061200,-9.186900,-7.817400
1,Jogging,6119.976074,-0.454500,-9.475300,-7.395900
1,Jogging,6129.987793,0.250500,-9.276800,-6.444500
1,Jogging,6139.998535,0.748100,-8.904200,-5.943900
1,Jogging,6149.979004,1.407700,-8.909599,-5.482900
1,Jogging,6159.989746,1.264400,-7.099100,-3.992300
1,Jogging,6170.017090,-0.402100,-4.315700,-2.511600
1,Jogging,6179.979980,-2.510700,-1.207700,-1.150200
1,Jogging,6189.992676,-4.524200,0.765500,-0.582200
1,Jogging,6200.002441,-5.963300,0.575100,-1.723600
1,Jogging,6209.981934,-7.178000,-1.236400,-3.736300
1,Jogging,6219.993652,-7.030900,-3.444400,-5.665800
1,Jogging,6230.005371,-7.508100,-4.019400,-7.263800
1,Jogging,6239.983887,-6.235100,-4.222200,-7.001200
1,Jogging,6249.995605,-2.163700,-4.281400,-6.738400
1,Jogging,6259.976074,1.032000,-3.154500,-3.253700
1,Jogging,6269.986816,3.475300,-2.102400,2.071500
1,Jogging,6279.996582,5.231100,-1.061500,5.901900
1,Jogging,6289.994629,4.740400,0.190500,5.557000
1,Jogging,6299.989746,5.461600,0.598600,3.688600
1,Jogging,6310.000488,5.319700,0.116300,2.921300
1,Jogging,6319.979980,4.767600,0.862600,4.993600
1,Jogging,6329.990723,3.579900,4.346200,7.550500
1,Jogging,6340.001465,3.403500,8.437699,9.105100
1,Jogging,6349.980957,2.005500,11.671000,9.861400
1,Jogging,6359.992676,0.250500,12.838599,9.924300
1,Jogging,6370.003418,-0.978200,12.447800,9.261499
1,Jogging,6379.983887,-2.168100,11.630799,8.093800
1,Jogging,6389.993652,-2.572900,11.182899,6.661000
1,Jogging,6399.974121,-2.058000,9.541900,4.980200
1,Jogging,6410.002441,-2.270700,6.717100,3.804300
1,Jogging,6419.997559,-3.604700,4.293500,3.795400
1,Jogging,6429.977051,-4.053500,2.429500,3.735500
1,Jogging,6439.987793,-4.397900,0.260400,3.075400
1,Jogging,6449.998535,-4.774700,-1.744400,1.501000
1,Jogging,6459.978027,-5.291500,-3.709200,-0.934000
1,Jogging,6469.988770,-5.448800,-6.066500,-3.406200
1,Jogging,6480.000488,-5.242500,-8.059000,-5.428700
1,Jogging,6489.981934,-4.709500,-8.214900,-6.728500
1,Jogging,6499.991699,-3.504100,-7.894600,-6.907600
1,Jogging,6510.003418,-2.735900,-7.513500,-6.464000
1,Jogging,6519.982910,-1.684900,-7.488400,-6.009600
1,Jogging,6530.009277,0.123500,-8.080400,-5.684200
1,Jogging,6540.005371,2.594700,-9.360400,-5.940200
1,Jogging,6549.984863,4.116400,-10.604000,-6.034500
1,Jogging,6559.995605,5.259500,-10.854899,-5.957300
1,Jogging,6569.975098,5.984900,-9.929100,-5.957100
1,Jogging,6579.985840,6.091400,-8.266000,-6.015900
1,Jogging,6589.997559,5.679300,-5.930600,-5.789900
1,Jogging,6599.979004,4.338500,-3.150300,-5.008000
1,Jogging,6609.987793,3.459000,-0.423400,-3.336500
1,Jogging,6619.999512,3.014800,2.225100,-1.469100
1,Jogging,6629.979980,2.295100,4.975800,0.679900
1,Jogging,6639.991699,1.694000,7.456000,2.980800
1,Jogging,6650.017090,0.467200,9.072100,4.447600
1,Jogging,6659.981934,-0.166900,10.237400,5.552900
1,Jogging,6669.992676,-1.224700,10.860499,6.705200
1,Jogging,6680.003418,-1.805700,12.045600,8.271999
1,Jogging,6689.982910,-1.364200,12.975100,9.876800
1,Jogging,6699.993652,-0.645900,13.576799,11.004900
1,Jogging,6709.976074,0.906800,12.920899,11.728600
1,Jogging,6719.985840,2.388200,10.614799,11.850699
1,Jogging,6729.996582,3.664800,6.760700,10.492800
1,Jogging,6739.977051,4.819700,3.273300,8.536200
1,Jogging,6749.987793,5.911300,1.355100,7.097100
1,Jogging,6759.999512,6.845100,0.024700,6.173000
1,Jogging,6769.995605,7.671100,-1.147100,5.707400
1,Jogging,6779.989746,5.496400,-3.888600,2.898800
1,Jogging,6790.000488,2.640100,-5.082100,0.250900
1,Jogging,6799.979980,-0.107300,-5.978400,-2.155900
1,Jogging,6809.992676,-2.265000,-6.408200,-4.326400
1,Jogging,6820.003418,-3.288500,-6.894800,-6.201100
1,Jogging,6829.982910,-3.488700,-7.491500,-7.296300
1,Jogging,6839.993652,-2.674200,-8.297999,-7.785800
1,Jogging,6850.004395,-2.046700,-9.001699,-8.329900
1,Jogging,6859.984863,-1.702800,-9.066700,-8.483200
1,Jogging,6869.996582,-1.544800,-8.693800,-8.362800
1,Jogging,6879.975098,-1.727400,-7.920900,-7.697100
1,Jogging,6890.003418,-2.464700,-7.103600,-6.606600
1,Jogging,6899.997559,-2.428400,-5.338500,-5.625300
1,Jogging,6909.978027,-2.157600,-3.438000,-3.872000
1,Jogging,6919.989746,-1.939800,-1.387100,-1.166400
1,Jogging,6930.000488,-2.519800,0.869700,0.753400
1,Jogging,6939.979980,-3.138000,0.271200,1.179700
1,Jogging,6949.990723,-3.271300,-1.067400,0.444600
1,Jogging,6960.001465,-5.315400,-0.734600,-3.615800
1,Jogging,6969.981934,-5.154200,-1.475500,-9.030200
1,Jogging,6979.991699,-3.209700,-4.156500,-12.925500
1,Jogging,6990.003418,1.679200,-8.714200,-11.602099
1,Jogging,6999.982910,-0.900600,-4.333700,-5.983000
1,Jogging,7010.012207,3.841900,-0.138800,4.271300
1,Jogging,7019.975098,2.549400,3.589900,9.291400
1,Jogging,7029.985840,1.139000,6.766800,11.339600
1,Jogging,7039.997559,0.334200,7.669200,9.208700
1,Jogging,7049.976074,-0.476000,8.180600,6.791500
1,Jogging,7059.987793,-0.458100,6.726500,6.377400
1,Jogging,7069.998535,0.190700,6.684100,7.082900
1,Jogging,7079.979004,0.282800,8.086200,8.305400
1,Jogging,7089.988770,0.565000,8.166699,8.712399
1,Jogging,7099.999512,-0.113800,7.267500,8.468300
1,Jogging,7109.979980,-0.646700,6.550200,7.327300
1,Jogging,7119.992676,-1.012200,6.390600,5.194300
1,Jogging,7130.019043,-1.076300,6.442700,3.918800
1,Jogging,7139.982910,-1.016300,5.778900,3.697200
1,Jogging,7149.993652,-0.808400,4.879500,3.676800
1,Jogging,7160.005371,-0.297300,3.458600,3.058600
1,Jogging,7169.984863,-0.103400,1.107400,1.406100
1,Jogging,7179.995605,-1.003100,-1.853400,-0.748500
1,Jogging,7189.976074,-1.970500,-5.110600,-3.167700
1,Jogging,7199.985840,-2.184900,-7.754000,-5.356100
1,Jogging,7209.996582,-2.338500,-8.398100,-6.644700
1,Jogging,7219.977051,-2.895200,-7.874200,-6.065300
1,Jogging,7229.987793,-3.019600,-6.943400,-5.454000
1,Jogging,7240.000488,-3.234000,-6.308500,-5.264200
1,Jogging,7249.995605,-2.582200,-6.392100,-5.259600
1,Jogging,7259.990723,-1.342500,-7.536300,-4.968600
1,Jogging,7270.002441,0.734100,-8.944799,-4.848700
1,Jogging,7279.980957,2.880000,-10.208099,-4.827700
1,Jogging,7289.992676,4.293000,-10.738200,-4.830800
1,Jogging,7300.003418,4.939700,-10.451799,-4.981800
1,Jogging,7309.982910,4.649200,-9.557000,-5.202200
1,Jogging,7319.995605,3.429700,-7.966100,-5.545000
1,Jogging,7329.975098,1.767700,-5.657400,-5.650000
1,Jogging,7339.986816,-0.079200,-2.718900,-5.689600
1,Jogging,7349.997559,-0.441100,-0.153200,-4.605900
1,Jogging,7359.977051,-0.184800,2.775300,-2.623800
1,Jogging,7370.005371,0.683600,6.102400,-0.006000
1,Jogging,7379.998535,0.535600,8.029699,2.436400
1,Jogging,7389.978027,0.004600,9.077700,4.941000
1,Jogging,7399.989746,-0.834000,10.023000,8.061100
1,Jogging,7410.000488,-0.292100,11.135200,9.202300
1,Jogging,7419.979980,0.611300,13.171300,10.369400
1,Jogging,7429.991699,1.544000,14.298599,11.389999
1,Jogging,7440.003418,1.289300,14.080500,11.623899
1,Jogging,7449.983887,1.245200,12.745199,11.387600
1,Jogging,7459.994629,1.811600,10.484099,10.863200
1,Jogging,7470.004395,2.489700,7.234300,9.332600
1,Jogging,7479.984863,3.856000,3.901200,7.596300
1,Jogging,7490.013184,6.039800,1.760500,6.867700
1,Jogging,7499.977051,7.535100,0.102100,6.317400
1,Jogging,7509.985840,7.458700,-2.235000,4.829700
1,Jogging,7519.998535,5.799800,-4.024100,2.568700
1,Jogging,7529.978027,3.858900,-5.081800,-0.069700
1,Jogging,7539.988770,1.391400,-5.793300,-2.278700
1,Jogging,7550.000488,-0.808800,-6.383000,-4.611500
1,Jogging,7559.979980,-2.390100,-7.102900,-6.341700
1,Jogging,7569.991699,-2.897300,-7.964400,-7.223500
1,Jogging,7580.001465,-2.872600,-9.030700,-7.590300
1,Jogging,7589.981934,-2.838200,-9.626699,-7.769600
1,Jogging,7599.992676,-2.372800,-9.377399,-7.737300
1,Jogging,7610.020020,-2.200800,-8.844500,-7.828800
1,Jogging,7619.984863,-2.186900,-8.657599,-7.576100
1,Jogging,7629.995605,-2.161300,-8.381300,-6.738200
1,Jogging,7639.975098,-1.825400,-6.532700,-5.096000
1,Jogging,7649.985840,-1.470700,-3.824600,-2.548500
1,Jogging,7659.996582,-1.723200,-0.838400,-0.283100
1,Jogging,7669.977051,-2.298100,1.386400,0.351600
1,Jogging,7679.988770,-3.686000,1.139400,-0.620400
1,Jogging,7689.998535,-4.101900,-0.798600,-1.711000
1,Jogging,7699.979004,-5.662200,-1.765700,-3.924600
1,Jogging,7709.989746,-6.737800,-3.414100,-7.647600
1,Jogging,7720.002441,-5.713600,-5.751000,-10.734500
1,Jogging,7729.997559,-2.124800,-7.651100,-10.291699
1,Jogging,7739.992676,-1.748900,-6.945500,-5.801600
1,Jogging,7750.003418,-1.445600,-0.128100,0.687700
1,Jogging,7759.982910,3.324300,2.754600,6.618000
1,Jogging,7769.993652,1.954000,3.828600,8.142600
1,Jogging,7779.974121,2.339700,5.564100,9.219900
1,Jogging,7789.983887,1.086600,5.384100,7.524200
1,Jogging,7799.996582,1.116200,4.770800,6.271100
1,Jogging,7809.975098,1.580300,4.316900,6.399300
1,Jogging,7819.987793,1.304600,6.059700,7.372500
1,Jogging,7829.999512,0.550100,7.593300,8.654200
1,Jogging,7839.978027,-0.226900,8.659100,9.010400
1,Jogging,7850.005371,-0.534500,9.635500,8.915100
1,Jogging,7860.000488,-0.828200,10.044300,8.007800
1,Jogging,7869.979980,-0.512300,9.992300,6.378100
1,Jogging,7879.990723,-0.058200,9.446100,5.406400
1,Jogging,7890.001465,-0.296400,7.908100,5.129800
1,Jogging,7899.983887,-0.140500,6.235000,4.464900
1,Jogging,7909.993652,0.341800,3.880200,3.093500
1,Jogging,7920.004395,0.028900,0.941100,1.949100
1,Jogging,7929.984863,-0.392300,-2.068700,0.397700
1,Jogging,7939.995605,-1.421100,-4.807700,-1.382300
1,Jogging,7949.975098,-2.654700,-7.101600,-3.231900
1,Jogging,7959.985840,-3.880600,-8.109200,-4.641900
1,Jogging,7970.015137,-4.347000,-8.029200,-5.448100
1,Jogging,7979.977051,-3.998300,-7.365400,-5.813300
1,Jogging,7989.987793,-3.844400,-6.687800,-5.528200
1,Jogging,7999.998535,-2.911000,-6.801100,-4.830400
1,Jogging,8009.978027,-0.954900,-7.616800,-4.372900
1,Jogging,8019.988770,0.896800,-10.124700,-5.158900
1,Jogging,8030.001465,3.531900,-10.725400,-5.762800
1,Jogging,8039.981934,4.085700,-10.657700,-6.530000
1,Jogging,8049.992676,3.284600,-9.773900,-6.849200
1,Jogging,8060.004395,2.683400,-8.531300,-6.865100
1,Jogging,8069.982910,2.287800,-6.736100,-6.528800
1,Jogging,8079.994629,1.948900,-4.082800,-5.455900
1,Jogging,8089.990723,1.651900,-1.879900,-4.032600
1,Jogging,8099.984863,1.669100,1.455700,-2.269600
1,Jogging,8109.997559,1.646700,5.208400,-0.195000
1,Jogging,8119.976074,0.788000,7.942900,1.482000
1,Jogging,8129.985840,-0.206400,9.729400,3.290800
1,Jogging,8139.998535,-0.707500,10.632500,4.838300
1,Jogging,8149.979004,-1.129500,10.731600,6.021600
1,Jogging,8159.989746,-0.574700,11.605499,7.648000
1,Jogging,8169.999512,0.596100,12.782400,9.697300
1,Jogging,8179.979980,2.100900,12.613899,11.066500
1,Jogging,8189.990723,2.831700,11.569699,11.718699
1,Jogging,8200.001953,3.055400,9.963099,11.992599
1,Jogging,8209.998047,3.060900,7.596500,11.945300
1,Jogging,8219.992188,2.763800,4.998800,10.526700
1,Jogging,8230.005859,2.834800,3.293400,8.501200
1,Jogging,8239.984375,3.479300,2.167000,7.000800
1,Jogging,8249.996094,4.857000,0.718600,6.094400
1,Jogging,8259.976563,5.984100,-0.783800,5.030700
1,Jogging,8269.986328,5.879700,-2.626400,3.178400
1,Jogging,8279.996094,4.545100,-4.305500,0.796500
1,Jogging,8289.976563,2.640900,-5.420100,-1.723700
1,Jogging,8299.988281,0.446800,-6.278900,-4.298600
1,Jogging,8310.000000,-1.567100,-6.995700,-6.503100
1,Jogging,8319.980469,-2.788800,-7.793100,-7.960800
1,Jogging,8330.005859,-3.239200,-8.660800,-8.798900
1,Jogging,8340.001953,-2.971000,-9.246099,-9.169600
1,Jogging,8349.980469,-2.340900,-9.147300,-8.892099
1,Jogging,8359.992188,-1.818000,-7.939000,-8.505500
1,Jogging,8370.003906,-1.692700,-6.719200,-8.120800
1,Jogging,8379.984375,-2.195600,-6.192100,-7.309600
1,Jogging,8389.994141,-2.270200,-5.992700,-5.890700
1,Jogging,8399.974609,-1.851900,-5.057100,-4.055500
1,Jogging,8409.984375,-1.651200,-3.699000,-1.812100
1,Jogging,8419.998047,-2.492400,-1.140700,0.049000
1,Jogging,8429.976563,-2.835400,0.232500,0.579500
1,Jogging,8439.988281,-3.042900,-0.749300,-0.211100
1,Jogging,8450.015625,-4.329400,-1.130300,-3.098700
1,Jogging,8459.978516,-4.317500,-1.148800,-7.099600
1,Jogging,8469.988281,-2.802800,-3.171500,-9.207200
1,Jogging,8480.000000,0.265700,-6.112000,-8.538600
1,Jogging,8489.978516,-2.338800,-3.030700,-4.848600
1,Jogging,8499.990234,-0.771000,0.641200,1.899000
1,Jogging,8510.001953,-0.927300,3.904300,4.602500
1,Jogging,8519.982422,0.049300,5.086900,5.592100
1,Jogging,8529.994141,0.151600,5.555500,7.203800
1,Jogging,8540.005859,0.107500,6.517300,8.573999
1,Jogging,8549.982422,-0.043300,7.336400,8.396399
1,Jogging,8559.996094,0.892600,8.743500,7.494700
1,Jogging,8569.992188,1.496600,9.277900,7.591300
1,Jogging,8579.986328,0.537200,9.598300,8.640900
1,Jogging,8589.998047,-0.549400,9.326500,8.473100
1,Jogging,8599.976563,-0.857700,8.418400,8.257200
1,Jogging,8609.988281,-0.654600,6.883900,8.111600
1,Jogging,8620.000000,-0.158000,5.608600,6.461900
1,Jogging,8629.980469,0.952200,5.676000,4.666300
1,Jogging,8639.990234,0.090000,5.202400,3.606200
1,Jogging,8650.001953,-2.908000,2.262300,1.314100
1,Jogging,8659.982422,-3.110600,-0.234000,-0.486400
1,Jogging,8669.992188,-3.673400,-2.978100,-2.098700
1,Jogging,8680.003906,-4.490700,-5.843700,-3.659600
1,Jogging,8690.000000,-3.984500,-7.219400,-4.623700
1,Jogging,8699.994141,-2.802400,-7.078300,-5.096300
1,Jogging,8709.972656,-1.767500,-6.572800,-5.138600
1,Jogging,8719.984375,-1.092900,-7.128300,-4.869500
1,Jogging,8729.996094,-0.367800,-8.346800,-4.950000
1,Jogging,8739.976563,0.752700,-9.562900,-4.835500
1,Jogging,8749.988281,2.377300,-10.471200,-5.175200
1,Jogging,8760.000000,3.807400,-10.722400,-5.734100
1,Jogging,8769.978516,4.392100,-10.390400,-6.086000
1,Jogging,8779.990234,4.655200,-9.965300,-6.075000
1,Jogging,8790.000000,4.709300,-9.487700,-5.968500
1,Jogging,8799.980469,4.064300,-8.857699,-5.723500
1,Jogging,8810.007813,3.149200,-7.830100,-5.600600
1,Jogging,8820.001953,1.657800,-6.089400,-5.101500
1,Jogging,8829.980469,0.703800,-3.089200,-4.459700
1,Jogging,8839.994141,0.133300,-0.048900,-3.387700
1,Jogging,8850.003906,-0.161800,3.393300,-0.755800
1,Jogging,8859.984375,-0.760400,6.226800,1.595500
1,Jogging,8869.996094,-1.677000,8.137300,4.134400
1,Jogging,8879.974609,-2.602200,9.386800,6.284800
1,Jogging,8889.986328,-2.930300,10.443399,7.980500
1,Jogging,8899.998047,-2.088900,11.506900,8.701300
1,Jogging,8909.978516,-0.973000,12.481999,9.337399
1,Jogging,8919.988281,0.219700,12.979899,10.309899
1,Jogging,8930.015625,0.940600,12.955400,11.112800
1,Jogging,8939.980469,1.310600,11.757899,10.854400
1,Jogging,8949.992188,2.365800,9.301499,9.584100
1,Jogging,8960.001953,3.345700,6.447100,8.083700
1,Jogging,8969.982422,3.857900,3.422800,6.595500
1,Jogging,8979.992188,4.716100,0.898400,5.265700
1,Jogging,8990.003906,6.158100,-0.578500,4.445600
1,Jogging,8999.982422,7.157800,-1.472200,4.143100
1,Jogging,9009.994141,7.488900,-2.522400,3.830100
1,Jogging,9019.976563,6.909300,-3.574600,3.120400
1,Jogging,9029.984375,4.895100,-4.565700,1.831200
1,Jogging,9039.998047,2.123800,-5.619400,0.122800
1,Jogging,9049.994141,-0.181100,-6.575800,-1.916900
1,Jogging,9059.988281,-1.882200,-6.723300,-3.739800
1,Jogging,9070.000000,-3.012400,-6.714900,-4.963400
1,Jogging,9079.978516,-3.463200,-7.309000,-5.509200
1,Jogging,9089.990234,-3.356700,-7.914800,-5.928000
1,Jogging,9100.000000,-2.595900,-8.544499,-6.662900
1,Jogging,9109.980469,-1.938100,-8.995700,-7.207300
1,Jogging,9119.992188,-1.669700,-9.119300,-7.502300
1,Jogging,9130.003906,-1.722900,-8.954599,-7.615200
1,Jogging,9139.984375,-2.310700,-8.044499,-7.958700
1,Jogging,9149.994141,-2.714700,-6.142600,-7.113500
1,Jogging,9160.005859,-1.975500,-3.782800,-5.436400
1,Jogging,9170.000000,-1.743400,-1.820700,-2.716600
1,Jogging,9179.996094,-3.069200,0.794100,-0.013500
1,Jogging,9189.976563,-4.168500,2.375700,2.292100
1,Jogging,9199.986328,-5.236100,2.276500,1.953900
1,Jogging,9209.998047,-7.643500,3.143200,-4.921900
1,Jogging,9219.976563,-5.899600,3.961800,-9.098900
1,Jogging,9229.988281,-1.359000,2.932700,-11.679500
1,Jogging,9240.000000,-1.667800,-1.313500,-8.367599
1,Jogging,9249.980469,-3.136100,-2.337600,-2.429800
1,Jogging,9259.990234,-1.681400,0.691000,0.982000
1,Jogging,9270.001953,3.605500,6.577700,4.463600
1,Jogging,9279.982422,1.543300,8.062400,5.584700
1,Jogging,9290.009766,1.357100,8.312699,5.653700
1,Jogging,9300.003906,1.304700,7.743600,6.125000
1,Jogging,9309.984375,1.000600,7.241600,6.306100
1,Jogging,9319.996094,1.475100,6.879200,6.521300
1,Jogging,9329.974609,2.368000,6.294100,6.739400
1,Jogging,9339.986328,3.022600,5.919900,7.611600
1,Jogging,9349.998047,3.025800,5.781500,7.672900
1,Jogging,9359.976563,2.843300,5.710800,7.182100
1,Jogging,9369.988281,2.799400,5.191700,5.958200
1,Jogging,9379.998047,2.191100,4.106600,4.540300
1,Jogging,9389.978516,1.585000,2.704500,3.251600
1,Jogging,9399.990234,1.172200,1.412700,2.220000
1,Jogging,9410.017578,0.979100,0.499300,1.567300
1,Jogging,9419.982422,0.831700,-0.361200,0.852800
1,Jogging,9429.992188,0.072100,-1.116600,0.762300
1,Jogging,9440.003906,-0.589400,-1.843500,1.017100
1,Jogging,9449.984375,-1.304600,-2.913900,1.177900
1,Jogging,9459.994141,-1.693900,-4.324000,0.488400
1,Jogging,9470.005859,-1.807000,-5.477300,-0.451300
1,Jogging,9479.984375,-1.976500,-6.445000,-1.863200
1,Jogging,9489.996094,-2.036500,-7.460700,-3.276100
1,Jogging,9499.976563,-1.905800,-8.463300,-4.541800
1,Jogging,9509.986328,-1.790800,-9.366000,-5.888800
1,Jogging,9519.998047,-1.946100,-9.816500,-7.122500
1,Jogging,9529.994141,-2.370900,-9.439799,-7.594700
1,Jogging,9539.988281,-2.790700,-8.399799,-7.552000
1,Jogging,9550.001953,-3.072400,-6.881600,-7.345800
1,Jogging,9559.980469,-2.999400,-5.885400,-6.453400
1,Jogging,9569.992188,-1.769900,-5.452800,-5.963000
1,Jogging,9580.001953,-0.247800,-5.890100,-5.375600
1,Jogging,9589.982422,1.004700,-6.361500,-5.149000
1,Jogging,9599.994141,1.913200,-6.274300,-5.152100
1,Jogging,9610.003906,2.367400,-4.589200,-5.247300
1,Jogging,9619.984375,2.326700,-1.203400,-5.299500
1,Jogging,9629.996094,1.438800,2.519000,-4.324200
1,Jogging,9639.976563,1.473300,6.899900,-3.319900
