1,Marcher,0.000000,0.167300,3.305400,0.481400
1,Marcher,9.962402,0.456700,4.279500,0.784900
1,Marcher,19.975098,0.744500,5.356500,1.142800
1,Marcher,29.984863,1.102300,6.034300,1.473300
1,Marcher,39.965820,1.223300,5.697200,1.645600
1,Marcher,49.977051,1.443500,4.431600,1.069300
1,Marcher,59.987305,1.259100,3.349000,-0.702900
1,Marcher,69.967285,1.025900,2.748100,-2.909400
1,Marcher,79.978516,1.020100,2.016200,-4.346600
1,Marcher,89.958008,1.238900,1.247800,-4.911300
1,Marcher,99.969238,1.031500,1.156900,-4.344200
1,Marcher,109.979492,0.268900,1.463200,-3.397600
1,Marcher,119.977051,-0.847500,1.957200,-2.842500
1,Marcher,129.970703,-1.619700,2.009600,-2.946200
1,Marcher,139.982910,-1.983100,1.666000,-3.277900
1,Marcher,149.962891,-2.142200,1.165700,-3.484600
1,Marcher,159.974121,-2.368300,0.632800,-3.342200
1,Marcher,169.984375,-2.653600,0.382700,-2.896400
1,Marcher,179.964355,-2.547900,0.215800,-2.720400
1,Marcher,189.975098,-2.330400,0.130200,-2.573500
1,Marcher,199.986328,-2.307300,0.280100,-2.413500
1,Marcher,209.965332,-2.282400,0.747600,-2.207200
1,Marcher,219.978027,-2.103700,1.653600,-1.762700
1,Marcher,229.989258,-1.931000,1.355500,-1.561600
1,Marcher,239.984863,-1.685900,1.181700,-1.358100
1,Marcher,249.979980,-1.139900,0.905700,-1.017700
1,Marcher,259.959961,-0.947200,0.477000,-1.027800
1,Marcher,269.970215,-0.678900,0.013200,-0.994600
1,Marcher,279.981445,-0.485000,-0.955900,-0.805200
1,Marcher,289.960938,-0.137700,-1.609100,-0.643100
1,Marcher,299.972168,-0.122300,-2.102100,-0.600000
1,Marcher,309.983398,-0.176200,-2.423800,-0.797900
1,Marcher,319.962402,0.452800,-2.211200,-0.650800
1,Marcher,329.975098,0.240300,-1.948200,-0.677000
1,Marcher,339.985840,0.056800,-1.995900,-0.840000
1,Marcher,349.965820,-0.156400,-2.046000,-0.867800
1,Marcher,359.992188,-0.423700,-1.983900,-1.013900
1,Marcher,369.987793,-0.498100,-2.158300,-1.178000
1,Marcher,379.967285,-0.600800,-2.252000,-1.344000
1,Marcher,389.978027,-0.826500,-2.184700,-1.330300
1,Marcher,399.958008,-0.974100,-1.958500,-1.363800
1,Marcher,409.969238,-0.976400,-1.891600,-1.615900
1,Marcher,419.981445,-1.256300,-1.783200,-1.014700
1,Marcher,429.961426,-1.409100,-0.971300,-1.180500
1,Marcher,439.970215,-1.248000,-0.549100,-0.847600
1,Marcher,449.982910,-1.320600,-0.085800,-0.602500
1,Marcher,459.962891,-0.979800,0.181100,-0.668200
1,Marcher,469.973633,-0.537100,0.092100,-1.024600
1,Marcher,480.001465,-0.335100,-0.311100,-1.137100
1,Marcher,489.963867,-0.059900,-0.596600,-1.128400
1,Marcher,499.975098,0.074900,-0.725100,-1.032300
1,Marcher,509.986328,0.284300,-0.615300,-0.642700
1,Marcher,519.965820,0.306400,-0.188900,-0.196100
1,Marcher,529.978516,0.445700,-0.585600,-0.027500
1,Marcher,539.989746,0.517000,-0.864100,-0.014800
1,Marcher,549.968750,0.470000,-0.946000,-0.044100
1,Marcher,559.979980,0.231100,-0.713100,-0.197100
1,Marcher,569.959473,0.103700,-0.244200,-0.300100
1,Marcher,579.970703,-0.181000,0.460500,-0.360200
1,Marcher,589.981934,-0.317500,1.244100,-0.458600
1,Marcher,599.978516,-0.577000,1.949700,-0.401900
1,Marcher,609.972168,-0.655000,2.420600,-0.167000
1,Marcher,619.984375,-0.662200,2.696800,0.350000
1,Marcher,629.962891,-0.713600,2.739000,0.911900
1,Marcher,639.975586,-0.548100,2.860000,1.487700
1,Marcher,649.985840,-0.321000,2.942700,2.075500
1,Marcher,659.965820,-0.141400,2.829500,1.760700
1,Marcher,669.976563,-0.244200,2.831000,1.289100
1,Marcher,679.987793,-0.424400,2.948900,0.484100
1,Marcher,689.967773,-0.555500,3.142800,-0.320300
1,Marcher,699.978027,-0.496000,3.059200,-1.128000
1,Marcher,709.958008,-0.312900,2.661200,-1.798500
1,Marcher,719.986328,-0.460400,1.833800,-2.082100
1,Marcher,729.981445,-0.329600,0.850500,-2.059300
1,Marcher,739.959961,0.035100,-0.210300,-1.812600
1,Marcher,749.972168,0.544000,-0.878600,-1.308800
1,Marcher,759.982910,1.004500,-1.076100,-0.584000
1,Marcher,769.962402,0.956300,-0.605900,0.319000
1,Marcher,779.973633,1.024600,0.336100,1.271800
1,Marcher,789.984863,1.050200,2.024600,2.078800
1,Marcher,799.964355,1.447600,3.792200,2.668600
1,Marcher,809.975098,2.312900,5.480700,2.780100
1,Marcher,819.985840,2.309200,6.190300,2.922200
1,Marcher,829.965820,2.219900,5.725100,2.940100
1,Marcher,839.993652,1.862600,4.399600,2.832600
1,Marcher,849.989258,1.468300,3.036600,2.568800
1,Marcher,859.969238,1.460500,1.557600,2.385900
1,Marcher,869.979492,1.713900,0.275900,2.367100
1,Marcher,879.959473,1.647400,-0.770200,2.244800
1,Marcher,889.970703,1.619200,-1.660800,1.909900
1,Marcher,899.981445,1.326000,-2.670900,1.712700
1,Marcher,909.961426,1.079200,-3.405200,1.394500
1,Marcher,919.971680,0.679000,-3.861400,1.293900
1,Marcher,929.984375,0.279300,-4.309800,1.350500
1,Marcher,939.964355,0.032700,-4.630500,1.363700
1,Marcher,949.975098,-0.210400,-5.057900,1.140400
1,Marcher,960.001465,-0.330600,-5.278800,0.693300
1,Marcher,969.965332,-0.418600,-5.295900,0.162700
1,Marcher,979.976563,-0.162500,-5.267100,-0.130200
1,Marcher,989.987793,0.244600,-5.391400,-0.372200
1,Marcher,999.967285,0.424700,-5.594400,-0.520300
1,Marcher,1009.978516,0.608100,-5.955500,-0.650600
1,Marcher,1019.957520,0.807000,-6.078400,-0.647300
1,Marcher,1029.968750,0.946100,-5.846100,-0.627800
1,Marcher,1039.979980,0.975300,-6.033100,-0.728300
1,Marcher,1049.959473,0.877900,-5.688300,-0.311400
1,Marcher,1059.972168,0.830400,-5.429700,-0.069200
1,Marcher,1069.983398,0.613500,-4.827000,-0.014300
1,Marcher,1079.978516,0.246500,-4.236500,0.250300
1,Marcher,1089.973633,-0.074100,-3.591300,0.398600
1,Marcher,1099.984375,-0.312600,-3.168000,0.396800
1,Marcher,1109.964355,-0.700900,-2.636400,0.489700
1,Marcher,1119.975586,-1.209900,-2.056400,0.604200
1,Marcher,1129.985840,-1.623900,-1.537300,0.811500
1,Marcher,1139.967285,-1.789800,-0.873500,1.256200
1,Marcher,1149.978027,-2.217400,-0.011600,1.535300
1,Marcher,1159.989258,-3.118300,1.070500,1.459900
1,Marcher,1169.969238,-4.033400,2.494800,1.777600
1,Marcher,1179.979980,-4.414800,4.026400,2.113500
1,Marcher,1189.959473,-4.104200,5.494600,2.845200
1,Marcher,1199.987793,-2.696600,6.268600,3.790900
1,Marcher,1209.981445,-0.244100,5.827100,4.218900
1,Marcher,1219.961426,2.204800,4.837100,4.123000
1,Marcher,1229.972168,3.960200,3.785400,3.516700
1,Marcher,1239.984863,5.095300,2.500200,2.332000
1,Marcher,1249.963867,5.738400,1.515700,0.858000
1,Marcher,1259.975586,5.536700,1.213600,-0.121000
1,Marcher,1269.986328,4.939400,1.660700,-0.953400
1,Marcher,1279.965820,3.540100,2.385400,-1.687800
1,Marcher,1289.976563,1.895200,3.145800,-2.437200
1,Marcher,1299.987305,0.384300,3.919000,-2.428000
1,Marcher,1309.967773,-0.996000,4.212700,-1.990100
1,Marcher,1319.995117,-1.656200,4.185100,-2.599000
1,Marcher,1329.958984,-2.201200,3.359400,-4.081400
1,Marcher,1339.968750,-2.404700,1.907600,-5.236300
1,Marcher,1349.981445,-2.458800,0.236500,-5.419000
1,Marcher,1359.960938,-2.710200,-0.864300,-4.681300
1,Marcher,1369.972656,-2.773200,-0.887100,-3.413400
1,Marcher,1379.982422,-2.613500,-0.083900,-2.648100
1,Marcher,1389.962891,-2.120700,0.909400,-2.251400
1,Marcher,1399.973633,-1.698500,1.704800,-2.185900
1,Marcher,1409.984375,-1.478500,2.316400,-1.923500
1,Marcher,1419.964844,-1.462100,2.511300,-1.547300
1,Marcher,1429.976563,-1.553900,2.524600,-1.180500
1,Marcher,1440.002930,-1.619400,1.995600,-1.009000
1,Marcher,1449.967773,-1.733700,1.414200,-1.240300
1,Marcher,1459.978516,-1.503900,0.577500,-1.480800
1,Marcher,1469.989258,-1.229000,-0.433600,-1.698400
1,Marcher,1479.968750,-0.731800,-1.291300,-1.638100
1,Marcher,1489.979492,-0.296900,-1.905500,-1.401200
1,Marcher,1499.959961,0.137500,-2.346700,-1.239000
1,Marcher,1509.970703,0.421500,-2.615000,-1.217000
1,Marcher,1519.983398,0.578200,-2.748000,-1.145800
1,Marcher,1529.962891,0.538700,-2.785000,-0.991300
1,Marcher,1539.973633,0.332700,-2.807100,-0.875300
1,Marcher,1549.984375,0.304700,-2.745400,-0.844200
1,Marcher,1559.980469,0.107700,-2.605700,-0.721800
1,Marcher,1569.975586,-0.261800,-2.421400,-0.778800
1,Marcher,1579.986328,-0.642300,-2.264200,-0.781500
1,Marcher,1589.965820,-1.017700,-2.019000,-0.755900
1,Marcher,1599.976563,-1.156600,-1.695000,-0.809100
1,Marcher,1609.987305,-1.229300,-1.614100,-0.939300
1,Marcher,1619.967773,-1.343200,-1.698400,-0.753100
1,Marcher,1629.978516,-1.336200,-1.746900,-0.666600
1,Marcher,1639.959961,-1.421900,-1.914300,-0.769000
1,Marcher,1649.970703,-1.520600,-2.119700,-0.914900
1,Marcher,1659.981445,-1.523800,-2.169900,-1.164800
1,Marcher,1669.960938,-1.404700,-1.947200,-1.201400
1,Marcher,1679.987305,-1.322200,-1.488700,-0.917900
1,Marcher,1689.983398,-0.938400,-1.029800,-0.708700
1,Marcher,1699.961914,-0.572400,-0.801700,-0.370200
1,Marcher,1709.973633,-0.100600,-0.335800,-0.283300
1,Marcher,1719.984375,0.207700,-0.181300,-0.214900
1,Marcher,1729.964844,0.331100,0.013600,-0.189500
1,Marcher,1739.977539,0.235600,0.286700,-0.308900
1,Marcher,1749.988281,0.190500,0.717300,-0.344200
1,Marcher,1759.967773,0.036600,1.031200,-0.493900
1,Marcher,1769.978516,-0.040200,1.502600,-0.524700
1,Marcher,1779.958008,-0.238300,1.974600,-0.437500
1,Marcher,1789.968750,-0.370700,2.487700,0.137300
1,Marcher,1799.997070,-0.092700,3.158900,0.763300
1,Marcher,1809.958984,-0.101300,3.635000,1.291000
1,Marcher,1819.969727,-0.201700,3.954800,1.605100
1,Marcher,1829.982422,-0.387900,3.802500,1.416100
1,Marcher,1839.962891,-0.616900,3.410700,0.593700
1,Marcher,1849.973633,-0.841000,3.289400,-0.539300
1,Marcher,1859.985352,-0.869700,3.164200,-1.711100
1,Marcher,1869.963867,-0.977300,3.231600,-2.795900
1,Marcher,1879.975586,-1.042800,3.064000,-3.424500
1,Marcher,1889.986328,-0.881000,2.310400,-3.204700
1,Marcher,1899.965820,-0.576500,1.402000,-2.318400
1,Marcher,1909.976563,-0.131300,0.651600,-1.397900
1,Marcher,1920.004883,0.567200,0.174500,-1.043400
1,Marcher,1929.966797,1.279300,0.519200,-0.655900
1,Marcher,1939.978516,1.747700,1.374600,0.253900
1,Marcher,1949.959961,2.131300,2.466300,1.219300
1,Marcher,1959.970703,2.020700,3.639300,2.078700
1,Marcher,1969.982422,2.186100,4.578700,2.874200
1,Marcher,1979.960938,2.120100,5.127600,3.189100
1,Marcher,1989.972656,2.279600,5.167600,3.299000
1,Marcher,1999.983398,2.279600,4.699100,3.249100
1,Marcher,2009.962891,2.234800,4.075700,3.268200
1,Marcher,2019.973633,1.996600,2.905400,3.165000
1,Marcher,2029.984375,2.060800,1.422700,2.906000
1,Marcher,2039.981445,1.886100,0.136100,2.586500
1,Marcher,2049.976563,1.795600,-1.033300,2.286100
1,Marcher,2059.987305,1.169200,-2.125400,1.964800
1,Marcher,2069.967773,0.666900,-3.218400,1.656400
1,Marcher,2079.977539,0.282400,-3.722700,1.310800
1,Marcher,2089.958008,-0.027000,-4.104500,1.287600
1,Marcher,2099.968750,-0.189200,-4.557000,1.141800
1,Marcher,2109.980469,-0.203900,-5.195800,0.831000
1,Marcher,2119.959961,-0.005600,-5.703300,0.394000
1,Marcher,2129.970703,0.170000,-6.196700,-0.152900
1,Marcher,2139.983398,0.558200,-6.523300,-0.619700
1,Marcher,2149.961914,0.816600,-6.729000,-0.902400
1,Marcher,2159.989258,1.031200,-6.894800,-1.077600
1,Marcher,2169.984375,1.027200,-7.019800,-1.321500
1,Marcher,2179.964844,0.887200,-7.143400,-1.639200
1,Marcher,2189.974609,0.679200,-7.189200,-1.748500
1,Marcher,2199.985352,0.327000,-7.038300,-1.656900
1,Marcher,2209.965820,0.002400,-6.602000,-1.261800
1,Marcher,2219.977539,-0.283400,-6.230300,-0.730900
1,Marcher,2229.988281,-0.389100,-5.709500,-0.013900
1,Marcher,2239.967773,-0.635600,-4.812200,0.430100
1,Marcher,2249.979492,-0.644400,-4.232100,0.945200
1,Marcher,2259.958984,-0.500300,-3.689300,1.460900
1,Marcher,2269.970703,-0.755800,-2.660400,1.855200
1,Marcher,2279.997070,-1.277700,-1.721600,2.178700
1,Marcher,2289.961914,-1.818700,0.672500,2.152900
1,Marcher,2299.971680,-3.265500,2.467800,2.113800
1,Marcher,2309.982422,-3.463700,4.640000,2.735900
1,Marcher,2319.962891,-3.308500,6.370000,4.248800
1,Marcher,2329.973633,-1.842700,6.631300,6.042300
1,Marcher,2339.986328,-0.137800,5.855400,7.566100
1,Marcher,2349.965820,1.694900,4.777100,7.228300
1,Marcher,2359.976563,3.251500,3.365300,5.448400
1,Marcher,2369.988281,4.218100,1.585200,3.270800
1,Marcher,2379.966797,4.396200,0.213700,1.124200
1,Marcher,2389.978516,3.908400,0.093700,-0.555200
1,Marcher,2399.974609,2.325200,1.038400,-2.225700
1,Marcher,2409.968750,0.816400,2.447600,-4.145900
1,Marcher,2419.979492,-0.432500,4.267100,-4.996800
1,Marcher,2429.959961,-1.129800,5.646800,-4.271900
1,Marcher,2439.970703,-0.861500,4.675900,-3.345800
1,Marcher,2449.983398,-1.035000,3.650400,-3.144200
1,Marcher,2459.962891,-1.256200,3.212200,-3.637300
1,Marcher,2469.973633,-1.372700,2.109500,-4.161600
1,Marcher,2479.984375,-1.531100,0.897800,-4.023400
1,Marcher,2489.963867,-1.503800,0.325700,-3.657600
1,Marcher,2499.975586,-1.589400,-0.045800,-3.058600
1,Marcher,2509.986328,-1.584600,0.479700,-2.331100
1,Marcher,2519.982422,-1.433600,0.581400,-1.645200
1,Marcher,2529.976563,-1.907200,1.928700,-1.289500
1,Marcher,2539.987305,-1.667500,2.895400,-1.290700
1,Marcher,2549.967773,-1.952800,2.200800,-1.043900
1,Marcher,2559.980469,-1.877500,1.631700,-1.308500
1,Marcher,2569.959961,-1.633800,1.289300,-1.423600
1,Marcher,2579.970703,-1.328600,0.835900,-1.740700
1,Marcher,2589.981445,-1.133200,0.073200,-1.856500
1,Marcher,2599.960938,-1.098000,-0.892200,-1.596500
1,Marcher,2609.971680,-0.793700,-1.337000,-1.430900
1,Marcher,2619.983398,-0.320800,-1.801100,-1.301300
1,Marcher,2629.961914,0.015800,-2.666300,-0.848200
1,Marcher,2639.991211,0.301100,-3.308500,-0.615700
1,Marcher,2649.984375,0.598800,-3.847500,-0.800100
1,Marcher,2659.964844,0.603400,-4.127700,-1.104100
1,Marcher,2669.977539,0.330400,-4.352600,-1.192900
1,Marcher,2679.987305,-0.001700,-4.069500,-1.348300
1,Marcher,2689.967773,-0.045800,-3.446900,-1.527800
1,Marcher,2699.978516,-0.394800,-2.751300,-1.527500
1,Marcher,2709.958008,-0.737300,-2.128100,-1.316700
1,Marcher,2719.968750,-0.993200,-1.735700,-1.241900
1,Marcher,2729.979492,-0.945100,-1.544800,-1.456500
1,Marcher,2739.960938,-0.823700,-1.321500,-1.679500
1,Marcher,2749.971680,-0.788100,-1.221900,-1.677200
1,Marcher,2759.999023,-0.756000,-1.244000,-1.612600
1,Marcher,2769.962891,-0.570300,-1.385400,-1.297900
1,Marcher,2779.974609,-0.492400,-1.604100,-1.257500
1,Marcher,2789.984375,-0.333500,-1.741100,-1.226900
1,Marcher,2799.964844,-0.197000,-1.447200,-0.950800
1,Marcher,2809.975586,-0.026100,-1.306400,-0.767800
1,Marcher,2819.986328,0.224500,-1.004100,-0.335400
1,Marcher,2829.965820,0.441600,-0.617700,0.020100
1,Marcher,2839.976563,0.396300,-0.150100,0.122000
1,Marcher,2849.989258,0.388200,0.120700,0.111400
1,Marcher,2859.968750,0.276500,0.155700,-0.052300
1,Marcher,2869.979492,0.221700,0.387000,-0.136600
1,Marcher,2879.974609,-0.122600,0.771800,-0.347000
1,Marcher,2889.969727,-0.446800,1.507300,-0.722600
1,Marcher,2899.981445,-0.975100,3.031600,-0.335900
1,Marcher,2909.960938,-1.562100,3.894200,0.097900
1,Marcher,2919.972656,-1.466900,4.407900,0.964000
1,Marcher,2929.983398,-1.129800,4.413000,1.374800
1,Marcher,2939.962891,-0.960100,4.221900,1.156200
1,Marcher,2949.975586,-0.849400,4.262900,0.452000
1,Marcher,2959.986328,-0.832200,4.377500,-0.446800
1,Marcher,2969.965820,-0.637300,4.330900,-1.463000
1,Marcher,2979.976563,-0.523600,3.929600,-2.491400
1,Marcher,2989.987305,-0.560400,3.215700,-3.041400
1,Marcher,2999.982422,-0.669100,2.189500,-3.311500
1,Marcher,3009.977539,-0.241200,0.929200,-3.006100
1,Marcher,3019.958008,0.291800,0.336600,-2.324200
1,Marcher,3029.969727,1.149700,0.097000,-1.514900
1,Marcher,3039.980469,1.830800,0.171300,-0.658800
1,Marcher,3049.960938,1.924200,0.560500,0.401600
1,Marcher,3059.970703,1.981100,1.264800,1.543000
1,Marcher,3069.983398,1.967700,2.244900,2.354900
1,Marcher,3079.962891,2.113000,3.422100,2.999000
1,Marcher,3089.973633,2.441700,4.050900,3.359100
1,Marcher,3099.984375,2.759700,4.249500,3.630100
1,Marcher,3109.963867,2.797700,4.410300,3.544400
1,Marcher,3119.992188,2.679700,3.906100,3.570100
1,Marcher,3129.986328,2.362200,2.854900,3.430500
1,Marcher,3139.965820,1.925900,1.571600,3.273800
1,Marcher,3149.978516,1.516700,0.133200,2.967000
1,Marcher,3159.990234,0.938700,-1.342800,2.592800
1,Marcher,3169.968750,0.521100,-2.703300,2.016600
1,Marcher,3179.980469,0.305600,-3.752000,1.387900
1,Marcher,3189.958984,0.053900,-4.289600,1.109900
1,Marcher,3199.970703,-0.346700,-4.431100,0.925900
1,Marcher,3209.981445,-0.403000,-4.997700,0.553800
1,Marcher,3219.960938,-0.460700,-5.397900,0.331800
1,Marcher,3229.971680,-0.258200,-5.980800,-0.016700
1,Marcher,3240.000000,-0.038300,-6.508000,-0.170800
1,Marcher,3249.964844,0.082200,-6.898800,-0.240000
1,Marcher,3259.975586,0.207100,-7.043400,-0.351400
1,Marcher,3269.984375,0.377300,-6.948900,-0.677400
1,Marcher,3279.965820,0.455800,-6.699200,-0.826300
1,Marcher,3289.976563,0.437100,-6.768000,-1.147100
1,Marcher,3299.988281,0.335500,-6.645800,-1.434100
1,Marcher,3309.967773,0.296100,-6.570300,-1.836400
1,Marcher,3319.978516,0.309000,-6.329400,-1.723400
1,Marcher,3329.958008,0.186700,-6.031900,-1.393000
1,Marcher,3339.968750,-0.009700,-5.668700,-0.678000
1,Marcher,3349.981445,-0.151200,-4.926600,0.070600
1,Marcher,3359.976563,-0.025300,-4.245900,1.015400
1,Marcher,3369.969727,-0.413200,-3.182300,1.687100
1,Marcher,3379.982422,-1.170600,-2.128900,1.590100
1,Marcher,3389.962891,-2.271600,-0.905400,0.859300
1,Marcher,3399.973633,-3.735600,1.001100,0.598100
1,Marcher,3409.985352,-4.815000,4.226400,1.818000
1,Marcher,3419.963867,-4.472100,7.637300,4.585000
1,Marcher,3429.975586,-2.730600,8.892700,7.616200
1,Marcher,3439.986328,-0.772900,8.452000,9.359799
1,Marcher,3449.965820,1.048100,7.312800,8.471400
1,Marcher,3459.978516,2.840400,5.280700,5.532000
1,Marcher,3469.989258,4.084700,2.795100,2.368300
1,Marcher,3479.984375,5.051600,0.845400,0.101100
1,Marcher,3489.979492,5.206900,0.751400,-0.681100
1,Marcher,3499.959961,4.026200,2.063800,-0.533200
1,Marcher,3509.970703,2.199600,3.988000,-0.436100
1,Marcher,3519.981445,-0.987100,4.841100,-1.385000
1,Marcher,3529.960938,-1.162900,3.943200,-3.939300
1,Marcher,3539.971680,-1.344800,2.833900,-6.029800
1,Marcher,3549.983398,-1.678600,1.585900,-6.291200
1,Marcher,3559.963867,-2.036300,0.487700,-5.496000
1,Marcher,3569.974609,-2.564500,0.075100,-4.416000
1,Marcher,3579.986328,-2.617300,0.060500,-3.848900
1,Marcher,3589.964844,-2.441700,0.199800,-3.424200
1,Marcher,3599.992188,-1.968200,0.649800,-3.021300
1,Marcher,3609.987305,-1.424600,1.094200,-2.401800
1,Marcher,3619.967773,-1.211400,1.462100,-1.811300
1,Marcher,3629.978516,-1.140900,1.650500,-1.079500
1,Marcher,3639.958008,-1.110400,1.432100,-0.771900
1,Marcher,3649.968750,-1.064400,0.959100,-0.994900
1,Marcher,3659.981445,-1.082600,0.453600,-1.447100
1,Marcher,3669.960938,-1.168100,-0.224000,-1.852500
1,Marcher,3679.971680,-1.226900,-0.706600,-1.930900
1,Marcher,3689.983398,-0.967400,-0.991900,-1.910800
1,Marcher,3699.961914,-0.759200,-1.126600,-1.666800
1,Marcher,3709.973633,-0.766100,-1.245800,-1.391300
1,Marcher,3720.001953,-0.799600,-1.578900,-1.188200
1,Marcher,3729.964844,-0.681700,-1.930800,-0.930800
1,Marcher,3739.977539,-0.422900,-2.108300,-0.702800
1,Marcher,3749.985352,-0.090800,-2.388300,-0.483300
1,Marcher,3759.967773,0.053800,-2.695500,-0.431100
1,Marcher,3769.978516,-0.012000,-2.871000,-0.460400
1,Marcher,3779.989258,-0.269100,-3.182700,-0.669300
1,Marcher,3789.968750,-0.409700,-3.124000,-0.999700
1,Marcher,3799.979492,-0.597200,-3.062700,-1.218300
1,Marcher,3809.958984,-1.019600,-2.578900,-1.313900
1,Marcher,3819.969727,-1.301500,-2.145700,-1.319300
1,Marcher,3829.981445,-1.278800,-1.952600,-1.264800
1,Marcher,3839.977539,-1.179200,-1.727100,-1.572400
1,Marcher,3849.972656,-0.991000,-1.658900,-1.443700
1,Marcher,3859.985352,-0.863300,-1.592900,-1.300700
1,Marcher,3869.963867,-0.395700,-1.842700,-1.146500
1,Marcher,3879.975586,-0.022400,-1.899600,-0.856800
1,Marcher,3889.986328,0.296000,-1.878400,-0.562500
1,Marcher,3899.965820,0.601300,-1.619900,-0.433700
1,Marcher,3909.976563,0.855700,-1.278700,-0.288300
1,Marcher,3919.987305,1.021700,-0.933300,-0.128500
1,Marcher,3929.966797,0.918100,-0.468800,-0.132500
1,Marcher,3939.978516,0.498400,-0.042500,-0.332300
1,Marcher,3949.958008,0.146300,0.579700,-0.485000
1,Marcher,3959.985352,-0.418000,1.280000,-0.626000
1,Marcher,3969.982422,-0.929900,1.939600,-0.941900
1,Marcher,3979.960938,-1.052800,2.675700,-1.195300
1,Marcher,3989.972656,-1.210600,3.060600,-1.056200
1,Marcher,3999.983398,-1.247500,3.292400,-0.542900
1,Marcher,4009.962891,-1.287200,3.568400,0.284300
1,Marcher,4019.973633,-1.107300,3.728900,0.847200
1,Marcher,4029.984375,-0.912300,3.847800,0.515000
1,Marcher,4039.963867,-1.036200,4.277800,-0.339800
1,Marcher,4049.974609,-1.280200,4.940800,-1.165400
1,Marcher,4059.986328,-1.307500,5.718100,-2.038700
1,Marcher,4069.967773,-1.345100,6.024500,-2.316200
1,Marcher,4079.994141,-1.341800,5.704100,-2.737600
1,Marcher,4089.989258,-1.331700,4.562500,-2.971300
1,Marcher,4099.968750,-0.742200,2.793900,-3.083400
1,Marcher,4109.980469,0.215300,1.024600,-2.544900
1,Marcher,4119.959961,0.892600,-0.233800,-1.906300
1,Marcher,4129.970703,1.370200,-0.707300,-1.166600
1,Marcher,4139.981445,1.610400,0.623500,0.353100
1,Marcher,4149.960938,1.887100,2.150200,1.483400
1,Marcher,4159.971680,2.122300,3.794400,2.579700
1,Marcher,4169.984375,2.203200,4.654700,3.303500
1,Marcher,4179.964844,2.356400,4.652100,3.585700
1,Marcher,4189.974609,2.303500,4.139900,3.737700
1,Marcher,4200.001953,2.319200,3.039800,3.611100
1,Marcher,4209.965820,2.393700,1.704800,3.440800
1,Marcher,4219.977539,2.295900,0.567300,3.182800
1,Marcher,4229.988281,2.116800,-0.567700,2.876700
1,Marcher,4239.967773,1.665500,-1.504300,2.649000
1,Marcher,4249.978516,0.953200,-2.322300,2.243000
1,Marcher,4259.958008,0.520000,-3.140900,1.979700
1,Marcher,4269.968750,0.440000,-3.921200,1.621200
1,Marcher,4279.981445,0.171200,-4.778300,1.331900
1,Marcher,4289.961914,0.125600,-5.591300,1.163100
1,Marcher,4299.971680,0.288200,-6.004100,1.105300
1,Marcher,4309.982422,0.390400,-6.366200,0.915800
1,Marcher,4319.980469,0.505800,-6.676100,0.652700
1,Marcher,4329.973633,0.595000,-6.850900,0.273500
1,Marcher,4339.985352,0.584300,-6.850500,-0.167300
1,Marcher,4349.963867,0.993600,-7.070800,-0.919000
1,Marcher,4359.976563,1.037400,-7.292000,-1.671000
1,Marcher,4369.988281,1.098700,-7.283000,-2.262400
1,Marcher,4379.966797,1.052400,-7.356100,-2.587400
1,Marcher,4389.978516,0.802300,-7.234700,-2.491500
1,Marcher,4399.989258,0.620700,-6.671900,-2.007100
1,Marcher,4409.968750,0.236300,-6.129300,-1.235300
1,Marcher,4419.979492,-0.189400,-5.439600,-0.236800
1,Marcher,4429.959961,-0.482100,-4.558100,0.779800
1,Marcher,4439.987305,-0.754900,-3.677700,1.741000
1,Marcher,4449.983398,-1.161500,-2.506600,2.398800
1,Marcher,4459.962891,-2.001400,-1.169300,2.563600
1,Marcher,4469.973633,-2.957800,0.339200,2.161000
1,Marcher,4479.984375,-3.511100,2.077400,1.541900
1,Marcher,4489.963867,-3.857000,3.832400,1.552100
1,Marcher,4499.975586,-3.920500,5.432400,2.867500
1,Marcher,4509.986328,-3.715400,6.685400,5.435000
1,Marcher,4519.965820,-2.557500,7.081000,7.232600
1,Marcher,4529.976563,-0.777500,6.430600,7.327400
1,Marcher,4539.987305,1.425200,5.090800,5.677800
1,Marcher,4549.967773,3.226800,3.297800,3.448900
1,Marcher,4559.995117,3.977000,2.066600,1.419500
1,Marcher,4569.959961,3.468300,2.279700,-0.090500
1,Marcher,4579.970703,2.240100,3.139600,-1.780300
1,Marcher,4589.981445,1.106700,3.996300,-3.076300
1,Marcher,4599.960938,0.309300,4.486800,-3.464800
1,Marcher,4609.971680,-0.148300,3.896000,-3.444900
1,Marcher,4619.983398,-0.738000,3.081000,-3.872200
1,Marcher,4629.961914,-1.308900,2.381600,-4.686200
1,Marcher,4639.973633,-1.756600,1.257300,-5.071700
1,Marcher,4649.984375,-2.042200,0.537100,-4.683800
1,Marcher,4659.964844,-2.061000,0.295000,-3.945100
1,Marcher,4669.977539,-1.784500,0.366500,-3.312500
1,Marcher,4680.002930,-1.444400,0.947100,-2.393700
1,Marcher,4689.967773,-1.193800,1.760600,-1.421500
1,Marcher,4699.978516,-1.188700,2.458700,-0.600600
1,Marcher,4709.958008,-1.287200,3.043900,-0.287500
1,Marcher,4719.968750,-1.418400,3.129300,-0.493900
1,Marcher,4729.979492,-1.534500,2.798100,-0.802100
1,Marcher,4739.958984,-1.557300,1.965500,-1.200500
1,Marcher,4749.970703,-1.255900,1.010200,-1.343000
1,Marcher,4759.982422,-0.411200,-1.140500,-1.659000
1,Marcher,4769.962891,0.005900,-2.131700,-1.403800
1,Marcher,4779.971680,0.004800,-2.972900,-1.232600
1,Marcher,4789.984375,-0.063100,-3.609800,-0.964200
1,Marcher,4799.980469,-0.192900,-4.076700,-0.816100
1,Marcher,4809.975586,-0.075800,-4.528800,-1.058100
1,Marcher,4819.986328,0.001000,-4.803900,-0.959700
1,Marcher,4829.965820,0.005900,-4.664800,-0.892800
1,Marcher,4839.976563,0.015000,-4.312900,-0.849300
1,Marcher,4849.988281,-0.039000,-3.679900,-0.867800
1,Marcher,4859.966797,-0.218700,-2.893700,-1.180200
1,Marcher,4869.978516,-0.453300,-2.302700,-1.377400
1,Marcher,4879.957031,-0.556300,-1.747000,-1.671500
1,Marcher,4889.968750,-0.419800,-1.348200,-1.775000
1,Marcher,4899.981445,-0.385300,-1.152900,-1.929300
1,Marcher,4909.960938,-0.173400,-1.044200,-1.933300
1,Marcher,4919.987305,0.034900,-1.017700,-1.763600
1,Marcher,4929.983398,0.244000,-0.838300,-1.455500
1,Marcher,4939.962891,0.375700,-0.742000,-1.238800
1,Marcher,4949.973633,0.421800,-0.649300,-1.037400
1,Marcher,4959.986328,0.418600,-0.516500,-0.832900
1,Marcher,4969.965820,0.329400,-0.377900,-0.495900
1,Marcher,4979.976563,0.271400,-0.232700,-0.036300
1,Marcher,4989.987305,0.174300,-0.122400,0.125600
1,Marcher,4999.966797,-0.052000,-0.087900,0.312900
1,Marcher,5009.977539,-0.220100,-0.092600,0.109700
1,Marcher,5019.958008,-0.465100,-0.022600,-0.336200
1,Marcher,5029.969727,-0.732500,0.397400,-0.868700
1,Marcher,5039.997070,-1.030300,0.777400,-1.219500
1,Marcher,5049.959961,-1.066600,1.197400,-1.403300
1,Marcher,5059.970703,-1.145000,1.779300,-1.145600
1,Marcher,5069.983398,-1.190500,2.169400,-0.375000
1,Marcher,5079.962891,-1.130700,2.603300,0.775300
1,Marcher,5089.973633,-0.929300,2.923000,1.916900
1,Marcher,5099.984375,-0.779700,3.047900,2.371500
1,Marcher,5109.963867,-0.532600,3.249800,1.927800
1,Marcher,5119.974609,-0.305000,3.172300,0.736600
1,Marcher,5129.986328,-0.090200,3.246100,-0.799700
1,Marcher,5139.965820,-0.482100,3.159500,-2.359700
1,Marcher,5149.977539,-1.197500,2.994800,-3.340100
1,Marcher,5160.004883,-1.802800,2.951700,-3.378600
1,Marcher,5169.967773,-2.225800,2.599700,-2.768100
1,Marcher,5179.980469,-2.054600,1.858800,-1.944200
1,Marcher,5189.958984,-1.652300,1.041700,-0.993600
1,Marcher,5199.970703,-1.333800,0.775400,-0.034700
1,Marcher,5209.981445,-0.757000,0.705000,0.742400
1,Marcher,5219.960938,-0.237900,0.986700,1.576800
1,Marcher,5229.971680,0.413800,1.737200,2.472200
1,Marcher,5239.982422,0.925700,2.682200,3.114500
1,Marcher,5249.962891,1.183300,3.546900,3.362300
1,Marcher,5259.972656,1.462000,4.057600,3.480900
1,Marcher,5269.985352,1.606200,4.451300,3.731700
1,Marcher,5279.981445,1.849900,4.415500,3.915200
1,Marcher,5289.976563,1.999300,4.107700,3.923400
1,Marcher,5299.988281,2.409900,2.979100,3.686500
1,Marcher,5309.967773,2.806200,1.421200,3.373900
1,Marcher,5319.978516,3.035200,-0.254700,2.887900
1,Marcher,5329.958008,3.026600,-1.697600,2.474800
1,Marcher,5339.968750,2.790600,-3.145000,1.868800
1,Marcher,5349.979492,2.482900,-4.203100,1.212400
1,Marcher,5359.959961,1.805900,-4.825800,0.937000
1,Marcher,5369.969727,1.266100,-4.891100,0.741100
1,Marcher,5379.982422,0.899100,-4.981700,0.678100
1,Marcher,5389.962891,0.714800,-5.174500,0.242200
1,Marcher,5399.990234,0.766500,-5.588100,-0.427200
1,Marcher,5409.985352,0.816800,-5.952300,-1.102800
1,Marcher,5419.963867,0.678200,-6.195800,-1.793200
1,Marcher,5429.975586,0.719000,-6.126900,-2.213200
1,Marcher,5439.986328,0.602700,-6.217500,-2.287600
1,Marcher,5449.965820,0.669500,-6.194100,-2.406500
1,Marcher,5459.978516,0.697200,-6.130300,-2.196900
1,Marcher,5469.989258,0.608600,-6.063700,-1.861200
1,Marcher,5479.969727,0.451600,-5.796400,-1.368600
1,Marcher,5489.979492,0.335800,-5.360300,-0.812900
1,Marcher,5499.959961,0.213500,-4.704800,-0.174600
1,Marcher,5509.970703,0.091200,-4.096900,0.611500
1,Marcher,5519.997070,-0.070100,-3.190800,1.138100
1,Marcher,5529.960938,-0.104800,-2.155100,1.427300
1,Marcher,5539.971680,-0.308500,-0.961800,1.645400
1,Marcher,5549.983398,-0.788300,-0.108400,1.684800
1,Marcher,5559.963867,-1.839400,0.958200,1.716900
1,Marcher,5569.973633,-2.905100,2.265300,1.714400
1,Marcher,5579.984375,-3.891600,3.549500,1.761100
1,Marcher,5589.964844,-4.380000,4.919800,2.085200
1,Marcher,5599.976563,-4.275600,5.996700,3.150200
1,Marcher,5609.987305,-3.396600,5.914200,4.608900
1,Marcher,5619.967773,-2.004600,5.438400,5.147300
1,Marcher,5629.978516,-0.109500,4.726600,4.343100
1,Marcher,5639.975586,1.310800,3.308300,3.006900
1,Marcher,5649.968750,2.032400,2.141900,0.925600
1,Marcher,5659.980469,1.637400,1.488700,-1.304000
1,Marcher,5669.960938,1.480100,1.183400,-4.017000
1,Marcher,5679.970703,1.448400,1.433500,-5.853800
1,Marcher,5689.983398,1.763200,1.838500,-5.755900
1,Marcher,5699.961914,2.008500,2.046100,-3.637100
1,Marcher,5709.973633,1.393300,2.975800,-1.710100
1,Marcher,5719.984375,0.274300,3.300000,-1.959700
1,Marcher,5729.964844,-0.473200,2.309600,-3.389400
1,Marcher,5739.975586,-1.011900,0.767800,-4.025800
1,Marcher,5749.985352,-1.346400,-0.650900,-3.999100
1,Marcher,5759.983398,-1.403000,-1.361000,-3.499100
1,Marcher,5769.978516,-1.113500,-1.239100,-2.574800
1,Marcher,5779.988281,-0.749800,-0.715400,-1.584500
1,Marcher,5789.968750,-0.585800,0.172500,-0.416500
1,Marcher,5799.979492,-0.778100,1.186000,0.503500
1,Marcher,5809.958984,-1.264100,2.165200,0.987000
1,Marcher,5819.969727,-1.586700,2.637000,0.844500
1,Marcher,5829.981445,-1.792300,2.599800,0.393800
1,Marcher,5839.961914,-2.062500,2.050400,-0.239700
1,Marcher,5849.972656,-1.923200,1.177500,-0.719400
1,Marcher,5859.985352,-1.585800,0.284200,-1.205400
1,Marcher,5869.963867,-1.222000,-0.734700,-1.296500
1,Marcher,5879.991211,-0.841400,-1.744000,-0.820400
1,Marcher,5889.986328,-0.263200,-2.818400,-0.382600
1,Marcher,5899.965820,0.443900,-3.754100,-0.020100
1,Marcher,5909.976563,0.852300,-4.353900,0.137700
1,Marcher,5919.987305,1.056300,-4.458400,0.030800
1,Marcher,5929.966797,0.917600,-4.304600,0.104600
1,Marcher,5939.978516,0.578900,-3.912300,-0.216800
1,Marcher,5949.958008,0.386600,-3.462200,-0.528600
1,Marcher,5959.969727,0.259900,-2.955900,-0.987400
1,Marcher,5969.982422,-0.017100,-2.213200,-1.211000
1,Marcher,5979.960938,-0.463800,-1.656400,-1.550000
1,Marcher,5989.972656,-1.253500,-0.551700,-1.842100
1,Marcher,5999.998047,-1.389500,-0.121300,-2.106500
1,Marcher,6009.962891,-1.338200,-0.011900,-2.147900
1,Marcher,6019.973633,-1.278400,0.088900,-2.153900
1,Marcher,6029.984375,-0.943200,0.027900,-1.939600
1,Marcher,6039.963867,-0.576700,-0.233600,-1.584900
1,Marcher,6049.974609,-0.233400,-0.458300,-1.178500
1,Marcher,6059.986328,0.148300,-0.642200,-0.663200
1,Marcher,6069.964844,0.570300,-0.587000,-0.326400
1,Marcher,6079.976563,0.921100,-0.528100,-0.283900
1,Marcher,6089.989258,0.937300,-0.426300,-0.453500
1,Marcher,6099.968750,0.543200,-0.165000,-0.705400
1,Marcher,6109.980469,0.032200,0.295000,-1.001900
1,Marcher,6119.975586,-0.624700,0.832900,-1.324200
1,Marcher,6129.970703,-1.272200,1.406800,-1.457600
1,Marcher,6139.981445,-1.905000,2.176200,-1.523200
1,Marcher,6149.960938,-2.073000,2.950400,-1.078500
1,Marcher,6159.971680,-1.962000,3.574300,-0.380900
1,Marcher,6169.984375,-1.291500,3.967800,0.398200
1,Marcher,6179.961914,-0.848700,4.282800,0.815200
1,Marcher,6189.974609,-0.782000,4.637500,0.981600
1,Marcher,6199.985352,-0.769900,5.188000,0.905400
1,Marcher,6209.965820,-0.805600,5.542300,0.510600
1,Marcher,6219.977539,-0.697500,5.111100,0.192700
1,Marcher,6229.988281,-0.718800,4.090300,-0.319300
1,Marcher,6239.984375,-0.645600,2.791500,-1.170800
1,Marcher,6249.978516,-0.497800,1.138300,-2.045000
1,Marcher,6259.958008,-0.083500,-0.477200,-2.818100
1,Marcher,6269.968750,0.282500,-1.583000,-2.922100
1,Marcher,6279.979492,0.645600,-2.021200,-2.560200
1,Marcher,6289.961914,0.851600,-1.595100,-1.743200
1,Marcher,6299.971680,0.980400,-0.657700,-0.675900
1,Marcher,6309.982422,0.998200,0.830200,0.408800
1,Marcher,6319.962891,0.988100,2.437500,1.428400
1,Marcher,6329.973633,0.950600,3.811300,2.261900
1,Marcher,6339.985352,1.333400,4.596800,3.022800
1,Marcher,6349.963867,1.732000,4.793000,3.407300
1,Marcher,6359.993164,1.877500,4.322300,3.273100
1,Marcher,6369.986328,2.039200,3.223600,2.937300
1,Marcher,6379.966797,2.100500,1.850500,2.522600
1,Marcher,6389.978516,2.098600,0.909700,2.145700
1,Marcher,6399.989258,2.084600,-0.304800,1.742900
1,Marcher,6409.968750,2.102000,-1.283300,1.552300
1,Marcher,6419.979492,1.787000,-1.908200,1.383200
1,Marcher,6429.959961,1.372400,-2.649900,1.262100
1,Marcher,6439.970703,0.812100,-3.312700,0.990400
1,Marcher,6449.982422,0.488600,-3.856300,0.792100
1,Marcher,6459.960938,0.315400,-4.318100,0.615000
1,Marcher,6469.972656,0.292000,-4.619500,0.500500
1,Marcher,6480.000977,0.257200,-5.033400,0.325800
1,Marcher,6489.962891,0.328900,-5.556100,0.190700
1,Marcher,6499.975586,0.432600,-5.910200,0.129400
1,Marcher,6509.986328,0.618800,-6.017800,-0.120700
1,Marcher,6519.965820,0.882800,-6.118700,-0.489100
1,Marcher,6529.976563,1.144900,-6.060200,-0.877500
1,Marcher,6539.987305,1.506100,-5.922100,-1.120500
1,Marcher,6549.967773,1.504000,-5.666000,-1.103500
1,Marcher,6559.977539,1.255600,-5.329600,-1.029200
1,Marcher,6569.958008,1.025800,-5.141500,-0.718400
1,Marcher,6579.968750,0.808200,-4.784300,-0.447600
1,Marcher,6589.981445,0.587600,-4.300800,-0.059800
1,Marcher,6599.976563,0.446800,-3.882100,0.428700
1,Marcher,6609.970703,0.128500,-3.240800,1.445500
1,Marcher,6619.983398,-0.232100,-2.751100,1.507100
1,Marcher,6629.961914,-0.584300,-2.223700,1.598900
1,Marcher,6639.973633,-1.222700,-1.587700,1.680400
1,Marcher,6649.984375,-1.926700,-0.696100,2.027200
1,Marcher,6659.964844,-2.755800,0.673800,2.574800
1,Marcher,6669.974609,-3.613600,2.484000,3.105400
1,Marcher,6679.985352,-4.101800,4.659600,3.872300
1,Marcher,6689.967773,-3.822700,6.297900,5.120600
1,Marcher,6699.978516,-2.341200,6.602000,6.359400
1,Marcher,6709.989258,-0.606700,6.146000,6.780900
1,Marcher,6719.984375,1.040900,5.178700,5.903700
1,Marcher,6729.979492,2.158600,3.685800,4.128700
1,Marcher,6739.958984,2.849600,1.899500,2.157500
1,Marcher,6749.970703,2.873900,0.912900,0.652300
1,Marcher,6759.981445,2.077200,1.144400,-0.658700
1,Marcher,6769.961914,0.532400,1.917200,-1.970600
1,Marcher,6779.971680,-0.828700,2.878600,-3.512100
1,Marcher,6789.984375,-1.708400,3.383200,-4.478200
1,Marcher,6799.962891,-1.686500,2.718700,-4.739700
1,Marcher,6809.975586,-1.107100,1.672400,-5.235100
1,Marcher,6819.986328,-0.817900,0.751800,-5.221400
1,Marcher,6829.965820,-0.389900,-0.305300,-4.563800
1,Marcher,6839.993164,-0.128600,-0.948400,-3.348700
1,Marcher,6849.988281,-0.288000,-0.723600,-2.377500
1,Marcher,6859.966797,-0.558500,0.147800,-2.270400
1,Marcher,6869.978516,-0.483300,0.660500,-2.381200
1,Marcher,6879.959961,-0.189400,1.055100,-2.246300
1,Marcher,6889.968750,-0.226100,1.614100,-1.528400
1,Marcher,6899.981445,-0.588600,2.298500,-0.544100
1,Marcher,6909.960938,-0.822100,2.710800,-0.182400
1,Marcher,6919.970703,-1.015100,2.534700,-0.552500
1,Marcher,6929.983398,-1.202300,1.768100,-1.216300
1,Marcher,6939.962891,-1.359700,1.068900,-1.604200
1,Marcher,6949.973633,-1.477400,0.234300,-1.587200
1,Marcher,6960.001953,-1.269900,-0.570000,-1.262100
1,Marcher,6969.963867,-1.078000,-1.368000,-0.714000
1,Marcher,6979.976563,-0.796400,-2.073900,-0.475200
1,Marcher,6989.986328,-0.402100,-2.763400,-0.360200
1,Marcher,6999.966797,-0.230300,-3.399400,-0.438600
1,Marcher,7009.977539,-0.121700,-3.666100,-0.445300
1,Marcher,7019.989258,-0.111100,-3.718500,-0.279600
1,Marcher,7029.969727,-0.231800,-3.440700,-0.379300
1,Marcher,7039.980469,-0.426700,-2.997300,-0.749900
1,Marcher,7049.959961,-0.541600,-2.435400,-0.965700
1,Marcher,7059.970703,-0.815400,-2.028200,-1.115700
1,Marcher,7069.981445,-0.951900,-1.660700,-1.144100
1,Marcher,7079.978516,-0.912700,-1.536700,-1.214700
1,Marcher,7089.971680,-0.750600,-1.347400,-1.226700
1,Marcher,7099.984375,-0.565500,-1.125900,-1.048400
1,Marcher,7109.963867,-0.813600,-0.823000,-0.918800
1,Marcher,7119.974609,-1.009400,-0.907800,-0.883800
1,Marcher,7129.986328,-0.843900,-0.834000,-0.852100
1,Marcher,7139.965820,-0.645700,-0.960900,-0.913400
1,Marcher,7149.977539,-0.430100,-1.171400,-0.713400
1,Marcher,7159.987305,-0.117700,-1.382700,-0.548900
1,Marcher,7169.967773,0.249300,-1.433300,-0.445500
1,Marcher,7179.978516,0.591600,-1.362200,-0.486400
1,Marcher,7189.958984,0.872800,-1.208900,-0.357600
1,Marcher,7199.986328,0.945400,-0.937800,-0.348900
1,Marcher,7209.981445,0.572100,-0.433400,-0.439700
1,Marcher,7219.960938,-0.526200,0.375700,-1.208400
1,Marcher,7229.971680,-1.230400,1.341700,-1.327700
1,Marcher,7239.982422,-1.893600,2.272800,-1.170800
1,Marcher,7249.962891,-2.194700,2.935800,-0.761800
1,Marcher,7259.974609,-1.963800,3.289900,-0.186400
1,Marcher,7269.984375,-1.674500,3.411900,0.594500
1,Marcher,7279.965820,-1.404100,3.300400,0.999000
1,Marcher,7289.975586,-1.038300,3.149800,1.032600
1,Marcher,7299.988281,-0.689800,3.230900,0.415700
1,Marcher,7309.967773,-0.553600,3.268300,-0.295700
1,Marcher,7319.994141,-0.391200,3.497400,-0.979800
1,Marcher,7329.989258,-0.310800,3.449000,-1.792200
1,Marcher,7339.968750,-0.302200,2.772500,-2.541400
1,Marcher,7349.979492,-0.285500,2.018800,-2.845200
1,Marcher,7359.959961,0.179000,1.029000,-2.645000
1,Marcher,7369.969727,0.959700,0.430200,-1.844900
1,Marcher,7379.981445,1.791900,-0.012500,-1.223000
1,Marcher,7389.960938,2.293800,-0.140900,-0.436100
1,Marcher,7399.972656,2.590400,0.045700,0.555800
1,Marcher,7409.985352,2.312800,0.824500,1.744500
1,Marcher,7419.963867,2.052100,2.116800,2.781400
1,Marcher,7429.973633,1.884600,3.372600,3.213600
1,Marcher,7440.001953,2.186200,4.472500,3.485800
1,Marcher,7449.963867,2.215900,5.024200,3.484800
1,Marcher,7459.976563,2.197100,4.674500,3.478500
1,Marcher,7469.987305,1.803700,3.660900,3.402100
1,Marcher,7479.966797,1.513500,2.492900,3.198800
1,Marcher,7489.977539,1.321200,1.248100,2.802500
1,Marcher,7499.959961,1.345600,-0.074400,2.264300
1,Marcher,7509.970703,1.252400,-1.317700,1.899200
1,Marcher,7519.981445,1.045900,-2.640300,1.595900
1,Marcher,7529.960938,0.804500,-3.807100,1.078100
1,Marcher,7539.971680,0.609200,-4.462900,0.838000
1,Marcher,7549.983398,0.458300,-5.114200,0.538600
1,Marcher,7559.979492,0.343300,-5.562500,0.289800
1,Marcher,7569.973633,0.112900,-5.766100,0.237100
1,Marcher,7579.984375,0.070500,-6.075100,-0.052200
1,Marcher,7589.963867,0.131600,-6.368200,-0.265800
1,Marcher,7599.976563,0.368100,-6.331700,-0.464300
1,Marcher,7609.987305,0.380900,-6.012300,-0.547400
1,Marcher,7619.967773,0.345300,-5.696600,-0.722000
1,Marcher,7629.978516,0.307500,-5.386000,-0.838900
1,Marcher,7639.958008,0.217600,-5.047000,-1.119100
1,Marcher,7649.968750,0.106200,-4.758900,-1.209700
1,Marcher,7659.980469,0.204800,-4.517600,-1.301800
1,Marcher,7669.958984,0.348400,-4.077900,-1.026800
1,Marcher,7679.987305,0.237500,-3.586300,-0.650900
1,Marcher,7689.981445,0.352100,-3.272300,-0.228600
1,Marcher,7699.961914,0.077900,-2.780800,0.194400
1,Marcher,7709.971680,0.002200,-2.234100,0.634000
1,Marcher,7719.984375,-0.338200,-1.639100,1.104200
1,Marcher,7729.964844,-0.692300,-1.042400,1.493500
1,Marcher,7739.975586,-1.375100,-0.225900,1.694500
1,Marcher,7749.985352,-1.792400,0.679300,1.645400
1,Marcher,7759.965820,-2.072000,2.090700,1.647000
1,Marcher,7769.976563,-2.301400,3.736800,2.050300
1,Marcher,7779.988281,-2.351000,4.784700,2.663000
1,Marcher,7789.967773,-1.873200,5.112000,3.839600
1,Marcher,7799.996094,-1.156800,5.005100,5.251600
1,Marcher,7809.958984,0.044300,4.447600,5.637600
1,Marcher,7819.969727,1.437100,3.034500,4.902500
1,Marcher,7829.981445,2.350800,1.609700,3.297900
1,Marcher,7839.961914,3.111100,0.616000,0.702700
1,Marcher,7849.972656,2.390600,1.316700,0.020800
1,Marcher,7859.982422,1.404400,2.529100,-0.740200
1,Marcher,7869.962891,0.118800,3.590400,-1.586500
1,Marcher,7879.973633,-0.745200,3.581400,-2.225500
1,Marcher,7889.986328,-1.208900,2.756400,-2.717400
1,Marcher,7899.963867,-1.364900,1.810700,-3.786600
1,Marcher,7909.975586,-1.327400,0.558900,-4.313700
1,Marcher,7920.003906,-1.364500,-0.832100,-3.926100
1,Marcher,7929.966797,-1.554500,-1.967500,-3.061300
1,Marcher,7939.978516,-1.766500,-2.352000,-2.404200
1,Marcher,7949.958008,-1.973400,-2.110400,-1.978600
1,Marcher,7959.969727,-1.713300,-1.638000,-1.658900
1,Marcher,7969.979492,-1.730900,-0.934100,-1.132600
1,Marcher,7979.959961,-1.676200,0.198200,-0.400500
1,Marcher,7989.970703,-1.794000,1.330900,0.179300
1,Marcher,7999.983398,-1.845400,2.235700,0.788700
1,Marcher,8009.962891,-1.984400,2.599000,0.876500
1,Marcher,8019.973633,-2.057900,2.607600,0.381900
1,Marcher,8029.984375,-1.949200,2.136200,-0.326400
1,Marcher,8039.979492,-1.795900,1.523500,-0.984600
1,Marcher,8049.974609,-1.285800,0.651200,-1.232200
1,Marcher,8059.986328,-0.785800,0.003600,-1.171500
1,Marcher,8069.964844,-0.091500,-0.442400,-0.756700
1,Marcher,8079.976563,0.397300,-1.142500,-0.417400
1,Marcher,8089.989258,0.797300,-1.768500,-0.314700
1,Marcher,8099.968750,1.126900,-2.265800,-0.665300
1,Marcher,8109.980469,1.300600,-2.750600,-1.087700
1,Marcher,8119.959961,1.307600,-3.105300,-1.470200
1,Marcher,8129.970703,1.315500,-3.259500,-1.869500
1,Marcher,8139.981445,1.222700,-3.060300,-2.075900
1,Marcher,8149.960938,0.969900,-2.694700,-2.192400
1,Marcher,8159.987305,0.610600,-2.286100,-2.121200
1,Marcher,8169.983398,0.446800,-1.966600,-1.981100
1,Marcher,8179.961914,0.163900,-1.820700,-1.833500
1,Marcher,8189.973633,0.066100,-1.648900,-1.883800
1,Marcher,8199.985352,-0.079000,-1.522700,-1.953300
1,Marcher,8209.965820,-0.173900,-1.356700,-1.746200
1,Marcher,8219.977539,-0.269800,-1.230600,-1.494800
1,Marcher,8229.988281,-0.362800,-1.106500,-1.272200
1,Marcher,8239.967773,-0.310400,-1.140700,-1.158600
1,Marcher,8249.978516,-0.229300,-1.453400,-1.182800
1,Marcher,8259.958008,-0.052300,-1.491700,-1.159800
1,Marcher,8269.968750,0.067700,-1.093000,-1.070800
1,Marcher,8279.997070,0.142100,-0.685400,-0.852400
1,Marcher,8289.958984,0.138600,-0.311100,-0.887900
1,Marcher,8299.971680,0.117300,-0.091700,-0.889100
1,Marcher,8309.982422,-0.219500,0.007900,-1.036500
1,Marcher,8319.962891,-0.772200,0.298500,-1.120200
1,Marcher,8329.973633,-1.315500,1.055900,-1.138400
1,Marcher,8339.985352,-1.483000,1.816000,-0.842100
1,Marcher,8349.963867,-1.408700,2.781000,-0.267700
1,Marcher,8359.975586,-1.336100,3.480200,0.380100
1,Marcher,8369.986328,-1.533500,3.522000,1.210100
1,Marcher,8379.965820,-1.386800,3.217200,1.650000
1,Marcher,8389.978516,-1.287600,2.795900,1.421300
1,Marcher,8400.004883,-0.899200,2.134100,0.476600
1,Marcher,8409.968750,-0.536500,1.346300,-0.735400
1,Marcher,8419.979492,-0.455100,0.943600,-1.936300
1,Marcher,8429.959961,-0.574200,0.850000,-2.898100
1,Marcher,8439.970703,-1.257700,1.114300,-2.768200
1,Marcher,8449.982422,-1.542800,1.540700,-2.192700
1,Marcher,8459.960938,-0.913700,1.775400,-0.499800
1,Marcher,8469.972656,-0.497600,1.462700,0.493100
1,Marcher,8479.983398,0.165600,1.503600,1.491800
1,Marcher,8489.962891,0.882600,1.740200,2.001300
1,Marcher,8499.973633,1.651300,2.211200,2.224500
1,Marcher,8509.984375,2.437500,2.644100,2.740000
1,Marcher,8519.981445,2.786900,2.844600,3.159900
1,Marcher,8529.976563,2.902800,2.774300,3.681000
1,Marcher,8539.987305,2.904200,2.589300,3.646700
1,Marcher,8549.967773,2.830500,2.523800,3.456900
1,Marcher,8559.977539,2.407300,2.109900,3.565500
1,Marcher,8569.958008,2.016500,1.504000,3.505600
1,Marcher,8579.968750,1.693300,0.942300,3.393900
1,Marcher,8589.980469,1.711500,0.225700,2.972800
1,Marcher,8599.959961,1.762200,-0.373200,2.449100
1,Marcher,8609.970703,1.500700,-1.171100,1.753000
1,Marcher,8619.983398,1.306100,-1.935700,1.168900
1,Marcher,8629.961914,0.883500,-2.624200,0.914600
1,Marcher,8639.989258,0.505300,-3.192600,0.656900
1,Marcher,8649.984375,0.258100,-3.635100,0.411300
1,Marcher,8659.964844,-0.011300,-3.868700,0.281500
1,Marcher,8669.974609,-0.159500,-3.892200,-0.082400
1,Marcher,8679.985352,-0.010200,-3.979500,-0.671000
1,Marcher,8689.965820,-0.090200,-3.980200,-1.101800
1,Marcher,8699.977539,-0.078800,-4.134400,-1.595900
1,Marcher,8709.988281,0.316400,-4.342200,-1.995700
1,Marcher,8719.967773,0.545900,-4.674300,-2.129500
1,Marcher,8729.978516,0.813500,-4.813900,-1.929900
1,Marcher,8739.958984,0.857800,-4.871600,-1.616400
1,Marcher,8749.970703,0.994300,-4.607600,-1.279200
1,Marcher,8759.999023,0.809400,-4.266800,-0.984300
1,Marcher,8769.961914,0.718000,-3.767300,-0.537100
1,Marcher,8779.971680,0.485700,-3.230200,0.028700
1,Marcher,8789.982422,0.082900,-2.649400,0.538900
1,Marcher,8799.962891,-0.145800,-1.980800,0.989100
1,Marcher,8809.973633,-0.523800,-1.622800,1.396500
1,Marcher,8819.986328,-1.111800,-1.191100,1.649500
1,Marcher,8829.965820,-1.858100,-0.890100,1.599500
1,Marcher,8839.976563,-2.878500,-0.422900,1.139500
1,Marcher,8849.988281,-3.708700,-0.067700,0.280800
1,Marcher,8859.966797,-4.333900,0.326800,-0.992700
1,Marcher,8869.978516,-4.241200,0.542000,-1.868500
1,Marcher,8879.974609,-3.781300,0.528600,-1.638800
1,Marcher,8889.968750,-2.156600,0.903300,-0.302800
1,Marcher,8899.979492,-0.244200,1.093400,1.598600
1,Marcher,8909.960938,1.082900,1.621000,2.809800
1,Marcher,8919.970703,2.234000,2.378100,2.671000
1,Marcher,8929.983398,2.408400,1.883500,2.215300
1,Marcher,8939.962891,2.418900,1.006600,0.082800
1,Marcher,8949.973633,1.230100,0.633400,-2.148900
1,Marcher,8959.984375,0.600600,0.531600,-4.051200
1,Marcher,8969.963867,0.651400,0.701500,-5.728300
1,Marcher,8979.975586,1.327800,2.185100,-5.596700
1,Marcher,8989.986328,1.699200,3.742200,-2.654300
1,Marcher,8999.982422,1.023600,5.058600,0.373600
1,Marcher,9009.976563,-0.079500,6.328200,0.898500
1,Marcher,9019.989258,-0.661100,5.928100,-0.607800
1,Marcher,9029.969727,-1.465600,4.190400,-1.588300
1,Marcher,9039.980469,-2.261400,2.222300,-2.058600
1,Marcher,9049.959961,-2.961900,0.923700,-2.327500
1,Marcher,9059.970703,-3.231100,0.249600,-2.690100
1,Marcher,9069.981445,-2.409200,0.615000,-1.120100
1,Marcher,9079.960938,-1.754500,1.308200,0.034400
1,Marcher,9089.971680,-1.313000,1.937200,0.805600
1,Marcher,9099.984375,-1.036200,1.990800,0.957200
1,Marcher,9109.961914,-1.140700,1.819800,0.375900
1,Marcher,9119.991211,-1.135700,1.222600,-0.375300
1,Marcher,9129.986328,-0.936400,0.503500,-0.875800
1,Marcher,9139.965820,-0.545900,-0.267700,-1.025200
1,Marcher,9149.977539,0.043600,-1.135400,-0.923900
1,Marcher,9159.987305,0.696500,-1.894400,-0.786900
1,Marcher,9169.967773,1.182300,-2.413000,-0.542100
1,Marcher,9179.978516,1.400600,-2.652900,-0.379400
1,Marcher,9189.958008,1.168000,-2.521500,-0.087600
1,Marcher,9199.968750,0.793900,-2.134300,0.124600
1,Marcher,9209.979492,0.413500,-1.653800,-0.077300
1,Marcher,9219.958984,0.089000,-1.275300,-0.262900
1,Marcher,9229.971680,-0.270800,-0.932900,-0.649300
1,Marcher,9239.999023,-0.709900,-0.690900,-0.903000
1,Marcher,9249.962891,-1.148500,-0.513000,-1.052000
1,Marcher,9259.972656,-1.301900,-0.417300,-1.296100
1,Marcher,9269.984375,-1.430900,-0.230600,-1.428900
1,Marcher,9279.964844,-1.552100,-0.079600,-1.579700
1,Marcher,9289.975586,-1.483300,0.070600,-1.502500
1,Marcher,9299.986328,-1.268300,0.180500,-1.357000
1,Marcher,9309.965820,-1.196200,0.177200,-1.120300
1,Marcher,9319.978516,-0.984700,0.164400,-0.990500
1,Marcher,9329.989258,-0.718500,0.105500,-0.979300
1,Marcher,9339.968750,-0.593600,0.003100,-1.055000
1,Marcher,9349.979492,-0.422200,-0.138000,-1.042800
1,Marcher,9359.976563,-0.184600,-0.157900,-1.085800
1,Marcher,9369.969727,-0.031000,-0.134200,-1.149200
1,Marcher,9379.981445,-0.099900,0.087800,-1.334600
1,Marcher,9389.960938,-0.110900,0.037500,-1.363400
1,Marcher,9399.972656,-0.097300,0.028800,-1.234000
1,Marcher,9409.985352,0.016700,0.101600,-1.067000
1,Marcher,9419.963867,0.256200,0.294400,-0.823100
1,Marcher,9429.975586,0.342200,0.332300,-0.699400
1,Marcher,9439.986328,0.413300,0.370700,-0.346400
1,Marcher,9449.965820,0.278500,0.370000,-0.150500
1,Marcher,9459.977539,0.209800,0.448300,-0.044000
1,Marcher,9469.987305,-0.020700,0.645100,0.169000
1,Marcher,9479.985352,-0.183900,0.803200,0.325600
1,Marcher,9489.977539,-0.212200,0.998800,0.429800
1,Marcher,9499.958008,-0.262700,1.348800,0.219900
1,Marcher,9509.969727,-0.173700,2.010100,-0.257500
1,Marcher,9519.981445,-0.250700,2.708800,-0.797900
1,Marcher,9529.961914,-0.409500,3.171500,-1.286200
1,Marcher,9539.971680,-0.522400,3.007400,-1.527900
1,Marcher,9549.983398,-0.544300,2.295900,-1.567300
1,Marcher,9559.963867,-0.483000,1.506800,-1.558000
1,Marcher,9569.973633,-0.336700,0.562300,-1.431000
1,Marcher,9579.985352,0.043500,-0.302900,-1.120200
1,Marcher,9589.963867,0.302200,-0.932500,-0.561000
1,Marcher,9599.993164,0.630800,-0.699600,0.163900
1,Marcher,9609.987305,0.877000,-0.035300,1.159000
1,Marcher,9619.967773,1.152000,1.413100,2.224300
1,Marcher,9629.977539,1.106800,2.862800,3.126200
1,Marcher,9639.989258,1.056600,4.314400,3.500100
1,Marcher,9649.967773,0.853700,4.865600,3.219600
1,Marcher,9659.979492,0.773900,4.514600,2.307000
1,Marcher,9669.959961,0.553400,3.497000,1.617500
1,Marcher,9679.971680,0.456600,2.360700,0.835500
1,Marcher,9689.981445,0.709200,-0.070800,0.575100
1,Marcher,9699.961914,0.985700,-1.090300,0.930100
1,Marcher,9709.971680,1.362000,-1.834200,1.383800
1,Marcher,9720.000977,1.638500,-2.537600,1.935200
1,Marcher,9729.961914,1.478400,-3.002700,2.389100
1,Marcher,9739.975586,1.204500,-3.229500,2.557500
1,Marcher,9749.985352,0.972100,-3.335100,2.437800
1,Marcher,9759.965820,0.785400,-3.200400,2.141900
1,Marcher,9769.975586,0.750300,-2.981900,1.708900
1,Marcher,9779.987305,0.592900,-2.717600,1.295900
1,Marcher,9789.967773,0.583000,-2.564500,0.988400
1,Marcher,9799.977539,0.642300,-2.368100,0.606000
1,Marcher,9809.959961,0.884600,-2.284800,0.344000
1,Marcher,9819.969727,1.005000,-2.196700,0.319100
1,Marcher,9829.981445,1.207500,-2.105100,0.456000
1,Marcher,9839.977539,1.334100,-2.013900,0.532400
1,Marcher,9849.971680,1.540000,-1.846400,0.550500
1,Marcher,9859.983398,1.665600,-1.879500,0.554800
1,Marcher,9869.961914,1.710900,-1.917800,0.426700
1,Marcher,9879.973633,1.513100,-1.958800,0.355100
1,Marcher,9889.985352,1.342000,-2.113500,0.165700
1,Marcher,9899.963867,1.117200,-2.140100,0.000000
1,Marcher,9909.975586,0.925300,-2.266700,-0.160900
1,Marcher,9919.987305,0.687500,-2.419500,-0.339500
1,Marcher,9929.965820,0.378100,-2.480100,-0.461700
1,Marcher,9939.979492,-0.004600,-2.471700,-0.334500
1,Marcher,9949.989258,-0.201500,-2.356900,-0.148100
1,Marcher,9959.985352,-0.328500,-2.256000,0.058600
1,Marcher,9969.979492,-0.503000,-2.131600,0.404100
1,Marcher,9979.959961,-0.744000,-1.980900,0.614800
1,Marcher,9989.969727,-1.128000,-1.756200,0.946500
1,Marcher,9999.981445,-1.235300,-1.530300,1.119100
1,Marcher,10009.961914,-1.488200,-1.106200,1.244400
1,Marcher,10019.971680,-1.687000,-0.796300,1.240400
1,Marcher,10029.983398,-1.838900,-0.327400,1.192300
1,Marcher,10039.963867,-1.787600,0.256800,1.186800
1,Marcher,10049.975586,-1.651500,0.765000,1.255700
1,Marcher,10059.987305,-1.424800,1.275200,1.554600
1,Marcher,10069.965820,-1.006100,1.631600,1.931200
1,Marcher,10079.995117,-0.553200,1.716500,2.307400
1,Marcher,10089.987305,-0.184100,1.726100,2.565400
1,Marcher,10099.967773,0.405300,1.424500,2.395300
1,Marcher,10109.977539,0.862700,0.881400,1.730600
1,Marcher,10119.958008,0.963900,0.290300,0.806900
1,Marcher,10129.967773,0.751900,-0.195100,-0.137600
1,Marcher,10139.981445,0.433700,-0.147200,-0.865600
1,Marcher,10149.961914,-0.022400,0.394000,-1.260500
1,Marcher,10159.971680,-0.570200,1.149600,-1.590800
1,Marcher,10169.983398,-0.829400,2.307900,-2.115600
1,Marcher,10179.961914,-1.039500,3.757400,-2.212700
1,Marcher,10189.973633,-0.342900,4.722700,-2.315300
1,Marcher,10200.002930,0.470500,3.965500,-2.645100
1,Marcher,10209.963867,0.154100,3.751500,-2.920900
1,Marcher,10219.977539,-0.047600,2.673100,-3.382100
1,Marcher,10229.985352,-0.331500,0.862400,-3.427400
1,Marcher,10239.965820,-0.586400,-0.933200,-3.140300
1,Marcher,10249.977539,-0.763600,-1.939100,-3.093900
1,Marcher,10259.989258,-0.454600,-2.313200,-3.007400
1,Marcher,10269.969727,0.022200,-2.172700,-2.723700
1,Marcher,10279.979492,0.474000,-1.508700,-1.714100
1,Marcher,10289.959961,0.645900,-0.358300,-0.264500
1,Marcher,10299.969727,0.364900,1.190900,0.970900
1,Marcher,10309.981445,-0.877700,2.921000,1.247100
1,Marcher,10319.979492,-1.724000,2.748700,0.423800
1,Marcher,10329.973633,-2.299100,2.088300,-0.475200
1,Marcher,10339.983398,-2.311800,1.143100,-1.258600
1,Marcher,10349.963867,-2.072000,0.353200,-1.669600
1,Marcher,10359.973633,-1.704000,-0.308800,-1.581800
1,Marcher,10369.987305,-1.264200,-1.147100,-0.950700
1,Marcher,10379.965820,-0.806300,-1.809700,-0.330300
1,Marcher,10389.977539,-0.451000,-2.300400,0.166300
1,Marcher,10399.987305,-0.202100,-2.745300,0.095100
1,Marcher,10409.967773,0.051200,-2.990700,-0.220100
1,Marcher,10419.981445,-0.170900,-2.800200,-0.591100
1,Marcher,10429.958008,-0.133900,-2.604700,-0.627600
1,Marcher,10439.985352,-0.222500,-2.642700,-0.909100
1,Marcher,10449.981445,-0.344000,-2.405800,-1.114500
1,Marcher,10459.961914,-0.281600,-2.089300,-1.400700
1,Marcher,10469.971680,-0.227700,-1.497000,-1.572600
1,Marcher,10479.983398,-0.299900,-0.949600,-1.721200
1,Marcher,10489.963867,-0.455000,-0.645300,-1.721100
1,Marcher,10499.973633,-0.386800,-0.188300,-1.820700
1,Marcher,10509.983398,-0.644900,0.190500,-1.721300
1,Marcher,10519.963867,-0.717900,0.258000,-1.469100
1,Marcher,10529.977539,-0.500200,0.399500,-1.306500
1,Marcher,10539.985352,-0.351600,0.534000,-1.100200
1,Marcher,10549.967773,0.164000,0.388300,-0.975100
1,Marcher,10559.995117,0.650000,-0.185500,-0.443200
1,Marcher,10569.958008,1.037300,-0.443100,-0.642000
1,Marcher,10579.967773,1.223000,-0.932000,-0.832400
1,Marcher,10589.979492,1.424400,-1.299500,-1.161400
1,Marcher,10599.961914,1.201800,-1.272200,-1.494600
1,Marcher,10609.969727,0.806500,-0.969900,-1.621400
1,Marcher,10619.981445,0.252400,-0.513300,-1.634900
1,Marcher,10629.961914,-0.224900,0.138000,-1.464000
1,Marcher,10639.973633,-0.481700,0.829600,-1.085200
1,Marcher,10649.985352,-0.681700,1.605100,-0.271500
1,Marcher,10659.963867,-0.713600,2.386100,0.608100
1,Marcher,10669.975586,-0.529700,3.092400,1.398100
1,Marcher,10680.002930,-0.389700,3.290500,1.890800
1,Marcher,10689.965820,-0.335600,3.293800,2.051900
1,Marcher,10699.977539,-0.554800,3.139400,1.557300
1,Marcher,10709.987305,-0.765400,3.141200,0.957100
1,Marcher,10719.967773,-0.930100,3.495300,0.448100
1,Marcher,10729.979492,-1.017400,4.005200,-0.048000
1,Marcher,10739.959961,-1.033200,4.395700,-0.603300
1,Marcher,10749.971680,-1.008000,4.117900,-1.411700
1,Marcher,10759.981445,-1.068400,3.406400,-2.344500
1,Marcher,10769.961914,-1.319500,2.497900,-3.163400
1,Marcher,10779.971680,-1.365700,1.316400,-3.345100
1,Marcher,10789.983398,-1.216900,0.450900,-2.795400
1,Marcher,10799.979492,-0.185100,-0.295500,-1.580900
1,Marcher,10809.973633,0.334900,-0.609800,-0.505400
1,Marcher,10819.985352,0.814000,-0.687800,0.637400
1,Marcher,10829.963867,1.057300,-0.333600,1.656200
1,Marcher,10839.975586,1.036600,0.022300,2.398500
1,Marcher,10849.987305,1.163500,0.536400,2.684000
1,Marcher,10859.967773,1.540000,1.247000,2.913800
1,Marcher,10869.977539,2.227400,1.839300,2.864700
1,Marcher,10879.958008,3.103100,2.235400,2.815800
1,Marcher,10889.967773,3.294800,2.280600,2.923900
1,Marcher,10899.981445,2.825500,2.092800,3.197600
1,Marcher,10909.958008,2.214600,1.082000,3.138100
1,Marcher,10919.987305,1.701300,-1.733700,2.747100
1,Marcher,10929.983398,1.355300,-3.060500,2.261500
1,Marcher,10939.961914,0.941100,-4.035800,1.752900
1,Marcher,10949.971680,0.565300,-4.656700,1.277900
1,Marcher,10959.985352,0.490500,-5.156600,0.943200
1,Marcher,10969.965820,0.251600,-5.454800,0.931700
1,Marcher,10979.975586,0.083000,-5.548600,1.037700
1,Marcher,10989.985352,-0.204100,-5.591100,1.210100
1,Marcher,10999.965820,-0.189500,-5.850300,1.317200
1,Marcher,11009.977539,0.111500,-5.729800,1.355000
1,Marcher,11019.987305,0.264100,-5.617700,1.066200
1,Marcher,11029.967773,0.434500,-5.477900,0.836400
1,Marcher,11039.997070,0.556900,-5.047800,0.626900
1,Marcher,11049.959961,0.564200,-4.665900,0.356500
1,Marcher,11059.969727,0.549900,-4.297600,-0.092000
1,Marcher,11069.981445,0.361500,-4.066600,-0.485700
1,Marcher,11079.961914,0.330800,-3.804600,-0.496300
1,Marcher,11089.971680,0.323100,-3.736400,-0.414700
1,Marcher,11099.981445,0.380600,-3.653500,-0.303400
1,Marcher,11109.961914,0.251000,-3.549300,-0.023500
1,Marcher,11119.973633,0.231100,-3.067700,0.375000
1,Marcher,11129.985352,0.260000,-2.490400,0.626000
1,Marcher,11139.965820,0.233800,-1.863200,0.792700
1,Marcher,11149.975586,0.194400,-1.348200,0.819500
1,Marcher,11160.004883,-0.080500,-0.852800,0.572700
1,Marcher,11169.965820,-0.660700,-0.168100,0.220800
1,Marcher,11179.979492,-1.490800,1.075400,0.004500
1,Marcher,11189.958008,-2.224600,2.771000,0.227500
1,Marcher,11199.969727,-2.679000,4.942200,1.223700
1,Marcher,11209.979492,-2.604100,6.455000,2.954900
1,Marcher,11219.959961,-1.792600,6.143800,4.950600
1,Marcher,11229.971680,-0.320100,5.277200,5.482000
1,Marcher,11239.983398,1.331600,4.368000,4.513000
1,Marcher,11249.963867,2.460900,3.365000,3.262100
1,Marcher,11259.973633,2.498200,2.577800,1.954300
1,Marcher,11269.983398,1.900500,2.664300,0.866800
1,Marcher,11279.979492,1.256800,2.871800,-0.462300
1,Marcher,11289.975586,0.564700,3.201400,-1.953000
1,Marcher,11299.985352,0.238000,3.203100,-2.876800
1,Marcher,11309.965820,0.037000,2.780800,-3.218800
1,Marcher,11319.975586,-0.047400,2.596900,-3.559500
1,Marcher,11329.987305,-0.243400,2.368100,-4.045800
1,Marcher,11339.969727,-0.167800,1.667900,-4.406300
1,Marcher,11349.979492,-0.356800,0.739900,-4.225600
1,Marcher,11359.959961,-0.884100,-0.223600,-4.009700
1,Marcher,11369.969727,-1.128900,-0.758100,-3.981800
1,Marcher,11379.981445,-1.174000,-1.019000,-3.867300
1,Marcher,11389.959961,-1.215700,-0.927800,-3.626000
1,Marcher,11399.989258,-1.098500,-0.438500,-2.837600
1,Marcher,11409.983398,-1.099200,0.339000,-1.713900
1,Marcher,11419.961914,-1.114400,1.056200,-0.772400
1,Marcher,11429.973633,-1.122000,1.477600,-0.286200
1,Marcher,11439.985352,-1.239900,1.595800,-0.242800
1,Marcher,11449.965820,-1.348500,1.555200,-0.615600
1,Marcher,11459.977539,-1.508100,1.338200,-1.093400
1,Marcher,11469.989258,-1.645600,0.850400,-1.405200
1,Marcher,11479.967773,-1.763500,0.264900,-1.509700
1,Marcher,11489.979492,-1.691600,-0.358600,-1.612500
1,Marcher,11499.958008,-1.371800,-0.891400,-1.421900
1,Marcher,11509.969727,-1.043100,-1.207200,-0.995000
1,Marcher,11519.997070,-0.699800,-1.617300,-0.501000
1,Marcher,11529.961914,-0.235900,-1.966300,-0.185900
1,Marcher,11539.969727,0.148700,-2.334100,-0.058500
1,Marcher,11549.981445,0.507000,-2.649300,0.095700
1,Marcher,11559.963867,0.468200,-2.688600,-0.224400
1,Marcher,11569.973633,0.241500,-2.883500,-0.590200
1,Marcher,11579.985352,-0.018800,-2.762600,-1.003400
1,Marcher,11589.963867,-0.560200,-2.521600,-1.113700
1,Marcher,11599.975586,-1.081000,-2.126800,-1.169400
1,Marcher,11609.985352,-1.374300,-1.617600,-1.205700
1,Marcher,11619.965820,-1.514800,-1.188100,-1.311300
1,Marcher,11629.977539,-1.351700,-0.876700,-1.333700
1,Marcher,11640.004883,-1.235500,-0.841000,-1.427700
1,Marcher,11649.965820,-1.081300,-0.967100,-1.496800
1,Marcher,11659.979492,-0.782100,-1.101700,-1.565400
1,Marcher,11669.959961,-0.569100,-1.204000,-1.635300
1,Marcher,11679.969727,-0.175900,-1.152600,-1.642200
1,Marcher,11689.983398,0.158500,-1.020800,-1.377900
1,Marcher,11699.959961,0.510900,-0.609800,-1.096700
1,Marcher,11709.973633,0.951100,-0.194100,-0.808300
1,Marcher,11719.983398,1.323400,0.264500,-0.510800
1,Marcher,11729.963867,1.404600,0.490600,-0.350200
1,Marcher,11739.975586,1.214700,0.405600,-0.360200
1,Marcher,11749.987305,0.776400,0.124700,-0.558400
1,Marcher,11759.981445,0.326700,0.077400,-0.773400
1,Marcher,11769.977539,-0.206600,0.341800,-0.959000
1,Marcher,11779.987305,-0.625400,0.802800,-0.933700
1,Marcher,11789.967773,-0.787600,1.580000,-0.636900
1,Marcher,11799.977539,-0.705500,2.242600,-0.116400
1,Marcher,11809.958008,-0.631200,2.478100,0.594800
1,Marcher,11819.969727,-0.722900,2.481900,1.262500
1,Marcher,11829.981445,-0.748600,2.487500,1.510500
1,Marcher,11839.959961,-0.873000,2.452100,1.217300
1,Marcher,11849.969727,-0.675900,2.294300,0.366400
1,Marcher,11859.983398,-0.386900,2.406100,-0.681100
1,Marcher,11869.961914,-0.343700,2.672400,-1.580600
1,Marcher,11879.989258,-0.412000,2.663000,-2.599200
1,Marcher,11889.983398,-0.438400,2.458400,-3.168100
1,Marcher,11899.963867,-0.498900,2.177600,-3.265600
1,Marcher,11909.973633,-0.207900,1.624400,-2.909900
1,Marcher,11919.985352,0.305400,1.229100,-2.193800
1,Marcher,11929.965820,1.115300,1.226300,-1.204500
1,Marcher,11939.977539,1.263500,1.302600,-0.131400
1,Marcher,11949.989258,1.455900,1.693300,0.872100
1,Marcher,11959.967773,1.240500,2.124300,1.885500
1,Marcher,11969.979492,1.160200,2.791800,2.682100
1,Marcher,11979.958008,1.163500,3.303500,3.341300
1,Marcher,11989.971680,1.162100,3.620300,3.862700
1,Marcher,11999.999023,1.299300,3.585400,4.055000
1,Marcher,12009.961914,1.228000,3.629900,3.700000
1,Marcher,12019.971680,1.407100,3.400800,3.345600
1,Marcher,12029.983398,1.185700,2.663000,2.995600
1,Marcher,12039.963867,0.849600,1.298800,2.730700
1,Marcher,12049.975586,0.560500,-0.260700,2.591000
1,Marcher,12059.987305,0.392200,-1.586000,2.277200
1,Marcher,12069.965820,0.410700,-2.756700,1.872600
1,Marcher,12079.977539,0.155900,-3.849800,1.558600
1,Marcher,12089.987305,0.050900,-4.705600,1.352900
1,Marcher,12099.967773,0.102200,-5.086500,1.081100
1,Marcher,12109.977539,0.194500,-5.381500,0.922000
1,Marcher,12119.973633,0.392800,-5.744900,0.755600
1,Marcher,12129.967773,0.348000,-5.975800,0.648000
1,Marcher,12139.981445,0.598000,-6.229700,0.381800
1,Marcher,12149.959961,0.600600,-6.389000,0.129900
1,Marcher,12159.971680,0.795400,-6.067600,-0.195900
1,Marcher,12169.983398,1.034000,-5.742300,-0.500200
1,Marcher,12179.961914,1.027400,-5.458900,-0.698900
1,Marcher,12189.973633,1.283700,-5.139700,-0.863500
1,Marcher,12199.983398,1.340700,-4.783000,-0.810600
1,Marcher,12209.963867,1.298500,-4.387800,-0.695600
1,Marcher,12219.975586,1.200300,-4.064400,-0.420800
1,Marcher,12229.987305,0.941000,-3.612700,0.080700
1,Marcher,12239.983398,0.717100,-3.144500,0.759200
1,Marcher,12249.977539,0.574600,-2.816500,1.145300
1,Marcher,12259.989258,0.428400,-2.415900,1.489600
1,Marcher,12269.969727,0.446900,-1.912400,1.576200
1,Marcher,12279.981445,0.421200,-1.471400,1.508000
1,Marcher,12289.959961,-0.125900,-1.046500,1.239300
1,Marcher,12299.971680,-0.892500,-0.309200,1.215100
1,Marcher,12309.981445,-1.962600,0.843700,1.273200
1,Marcher,12319.961914,-2.972900,2.360100,1.225900
1,Marcher,12329.971680,-3.796000,3.868900,1.726700
1,Marcher,12339.983398,-3.924200,5.129000,2.791600
1,Marcher,12349.963867,-2.955300,5.140800,4.328100
1,Marcher,12359.991211,-1.396000,4.633000,4.913000
1,Marcher,12369.985352,0.587800,4.360400,4.620900
1,Marcher,12379.965820,1.882700,3.954500,3.658600
1,Marcher,12389.977539,2.308400,4.018200,2.041300
1,Marcher,12399.987305,1.661600,4.228500,0.086200
1,Marcher,12409.967773,0.702600,4.510800,-2.172600
1,Marcher,12419.977539,0.200200,4.987300,-4.338600
1,Marcher,12429.958008,0.503900,3.826900,-5.170100
1,Marcher,12439.967773,0.425300,2.611800,-4.931400
1,Marcher,12449.981445,0.238000,1.920400,-4.591500
1,Marcher,12459.959961,0.435000,1.014700,-3.962900
1,Marcher,12469.971680,0.774200,0.008600,-3.354600
1,Marcher,12479.999023,0.451900,-0.284500,-2.599400
1,Marcher,12489.961914,-0.281700,-0.429200,-2.382000
1,Marcher,12499.975586,-0.726000,-0.543100,-2.385400
1,Marcher,12509.985352,-0.887300,-0.114900,-2.098100
1,Marcher,12519.965820,-0.957000,0.703100,-1.567800
1,Marcher,12529.975586,-1.432800,1.360400,-1.341600
1,Marcher,12539.989258,-2.092100,1.977400,-1.341200
1,Marcher,12549.965820,-2.372400,2.047600,-1.527300
1,Marcher,12559.977539,-2.301500,1.695800,-1.597900
1,Marcher,12569.987305,-2.046100,1.162200,-1.566600
1,Marcher,12579.969727,-1.687300,0.634800,-1.572200
1,Marcher,12589.979492,-1.247500,0.104100,-1.590800
1,Marcher,12599.975586,-0.955200,-0.636200,-1.284200
1,Marcher,12609.969727,-0.814700,-1.306400,-1.022000
1,Marcher,12619.981445,-0.568500,-1.818400,-0.679400
1,Marcher,12629.961914,-0.424600,-2.165500,-0.471100
1,Marcher,12639.971680,-0.295000,-2.338500,-0.311800
1,Marcher,12649.983398,-0.296900,-2.294100,-0.183700
1,Marcher,12659.963867,-0.291400,-2.266600,-0.185300
1,Marcher,12669.975586,-0.340000,-2.337500,-0.548900
1,Marcher,12679.985352,-0.592000,-2.325500,-0.972800
1,Marcher,12689.965820,-0.716600,-2.356200,-1.295800
1,Marcher,12699.975586,-0.837700,-2.270500,-1.293100
1,Marcher,12709.987305,-0.976200,-2.149900,-1.223900
1,Marcher,12719.985352,-1.087300,-1.760100,-1.197700
1,Marcher,12729.977539,-0.939700,-1.531700,-1.062600
1,Marcher,12739.959961,-0.715700,-1.266300,-1.072600
1,Marcher,12749.969727,-0.520900,-1.080100,-1.119800
1,Marcher,12759.981445,-0.453500,-0.934000,-1.120700
1,Marcher,12769.959961,-0.352800,-0.827900,-0.957200
1,Marcher,12779.971680,-0.127400,-0.956600,-0.687500
1,Marcher,12789.983398,0.281100,-1.203000,-0.477700
1,Marcher,12799.963867,0.576900,-1.447400,-0.293200
1,Marcher,12809.973633,0.928200,-1.532900,-0.087300
1,Marcher,12819.985352,0.930400,-1.539100,-0.116400
1,Marcher,12829.963867,0.720500,-1.308400,-0.144900
1,Marcher,12839.991211,0.689900,-1.076600,-0.249800
1,Marcher,12849.987305,0.338300,-0.766700,-0.225300
1,Marcher,12859.967773,-0.102500,-0.419300,-0.455300
1,Marcher,12869.979492,-0.775400,0.005200,-0.737400
1,Marcher,12879.989258,-1.303100,0.586600,-1.037700
1,Marcher,12889.969727,-1.620100,1.208600,-1.207200
1,Marcher,12899.979492,-1.779100,1.754800,-1.102800
1,Marcher,12909.959961,-1.635600,2.108100,-0.702400
1,Marcher,12919.969727,-1.316300,2.072800,-0.144900
1,Marcher,12929.981445,-0.950100,1.960600,0.448400
1,Marcher,12939.959961,-0.420400,1.846000,0.441100
1,Marcher,12949.973633,0.079400,1.686900,0.058100
1,Marcher,12960.000977,0.586100,1.834800,-0.607600
1,Marcher,12969.963867,0.874400,2.016700,-1.473700
1,Marcher,12979.975586,1.001200,1.960900,-2.265100
1,Marcher,12989.985352,1.127100,2.102300,-2.537500
1,Marcher,12999.965820,0.836400,2.326800,-2.010000
1,Marcher,13009.975586,0.479400,2.751700,-0.975200
1,Marcher,13019.989258,0.741300,2.707400,-0.051400
1,Marcher,13029.967773,1.453800,2.505500,0.429800
1,Marcher,13039.979492,2.041300,2.579100,1.013500
1,Marcher,13049.958008,2.353700,2.929100,1.885500
1,Marcher,13059.969727,2.555400,3.516600,2.583600
1,Marcher,13069.981445,2.903800,3.987800,3.068200
1,Marcher,13079.975586,3.197800,4.108000,3.535200
1,Marcher,13089.973633,3.406900,3.759500,3.564700
1,Marcher,13099.983398,3.256400,3.059400,3.324900
1,Marcher,13109.963867,2.980800,2.243800,3.004100
1,Marcher,13119.973633,2.118300,1.313000,2.524900
1,Marcher,13129.985352,1.373300,0.345900,2.117000
1,Marcher,13139.963867,0.784300,-0.735500,1.741900
1,Marcher,13149.975586,0.539300,-1.774600,1.443900
1,Marcher,13159.987305,0.332300,-2.537400,1.193200
1,Marcher,13169.967773,0.129900,-3.378000,1.109600
1,Marcher,13179.977539,-0.215800,-3.787700,1.192900
1,Marcher,13189.989258,-0.541600,-4.393200,1.037500
1,Marcher,13199.985352,-0.657100,-4.957000,0.789600
1,Marcher,13209.979492,-0.643000,-5.318100,0.665500
1,Marcher,13219.959961,-0.509000,-5.471200,0.612100
1,Marcher,13229.969727,-0.338500,-5.373500,0.589500
1,Marcher,13239.981445,-0.057600,-5.027000,0.385900
1,Marcher,13249.959961,0.234300,-4.748900,0.187800
1,Marcher,13259.971680,0.491000,-4.426800,-0.060200
1,Marcher,13269.983398,0.475300,-4.107500,-0.240000
1,Marcher,13279.963867,0.257600,-3.872500,-0.444300
1,Marcher,13289.973633,0.066700,-3.801400,-0.672100
1,Marcher,13299.987305,0.039100,-3.736300,-0.761600
1,Marcher,13309.963867,0.085200,-3.710300,-0.802800
1,Marcher,13319.993164,0.059900,-3.720700,-0.730500
1,Marcher,13329.987305,-0.254700,-3.771300,-0.584900
1,Marcher,13339.967773,-0.720300,-3.617900,-0.003200
1,Marcher,13349.979492,-0.667200,-3.598400,0.575000
1,Marcher,13359.959961,-0.270800,-3.308000,1.417600
1,Marcher,13369.969727,0.086100,-2.779900,2.145500
1,Marcher,13379.981445,0.263000,-2.178500,2.852900
1,Marcher,13389.961914,0.135500,-1.179300,3.339600
1,Marcher,13399.971680,-1.319300,1.029700,4.175500
1,Marcher,13409.983398,-2.235500,2.207900,3.930500
1,Marcher,13419.961914,-2.576900,3.174000,3.443200
1,Marcher,13429.973633,-2.538800,3.795600,3.200500
1,Marcher,13440.002930,-2.213500,3.715300,3.592400
1,Marcher,13449.963867,-1.456800,3.221900,4.093700
1,Marcher,13459.977539,-0.170400,2.889200,4.096700
1,Marcher,13469.987305,0.952400,2.658600,3.344400
1,Marcher,13479.967773,1.394100,2.748400,2.044000
1,Marcher,13489.977539,1.072600,3.337400,0.088500
1,Marcher,13499.958008,0.960500,3.802000,-1.894900
1,Marcher,13509.967773,0.633700,3.805600,-3.610000
1,Marcher,13519.979492,0.430500,3.066300,-4.344000
1,Marcher,13529.958008,0.980400,1.990300,-4.733500
1,Marcher,13539.969727,1.352800,1.435500,-4.775500
1,Marcher,13549.981445,1.070100,1.276300,-4.586200
1,Marcher,13559.977539,0.835100,0.414500,-4.832300
1,Marcher,13569.973633,0.266200,-0.365400,-4.771200
1,Marcher,13579.985352,-0.480000,-0.517500,-4.320300
1,Marcher,13589.963867,-0.874500,-0.208300,-3.930100
1,Marcher,13599.975586,-1.022600,0.440600,-3.360500
1,Marcher,13609.987305,-1.073200,1.190600,-2.801300
1,Marcher,13619.965820,-1.180700,2.007100,-2.216900
1,Marcher,13629.977539,-1.311400,2.581700,-1.611100
1,Marcher,13639.987305,-1.439700,2.768300,-1.115000
1,Marcher,13649.967773,-1.583300,2.613400,-0.848800
1,Marcher,13659.979492,-1.685600,2.119700,-0.903300
1,Marcher,13669.959961,-1.691800,1.523000,-0.972400
1,Marcher,13679.985352,-1.516300,1.012000,-1.081600
1,Marcher,13689.981445,-1.418000,0.575200,-1.046900
1,Marcher,13699.961914,-1.262200,-0.064000,-0.939200
1,Marcher,13709.971680,-1.065200,-0.745300,-1.042900
1,Marcher,13719.983398,-0.865800,-1.183700,-1.034100
1,Marcher,13729.961914,-0.763100,-1.723900,-1.019700
1,Marcher,13739.973633,-0.896700,-2.279700,-0.883700
1,Marcher,13749.983398,-1.097800,-2.698700,-0.903500
1,Marcher,13759.963867,-1.070000,-2.866100,-0.915300
1,Marcher,13769.975586,-1.118600,-2.986600,-0.842600
1,Marcher,13779.987305,-1.056600,-2.907800,-0.860900
1,Marcher,13789.967773,-0.970300,-2.630700,-0.879600
1,Marcher,13799.995117,-1.077300,-2.233200,-0.740400
1,Marcher,13809.958008,-1.069500,-1.948700,-0.688400
1,Marcher,13819.967773,-1.006900,-1.859800,-0.709400
1,Marcher,13829.981445,-0.976500,-1.540800,-0.862200
1,Marcher,13839.959961,-0.886500,-1.226800,-1.148000
1,Marcher,13849.971680,-0.728500,-0.956400,-1.293700
1,Marcher,13859.983398,-0.613700,-0.805300,-1.232400
1,Marcher,13869.961914,-0.355000,-0.734200,-1.085600
1,Marcher,13879.973633,-0.186500,-0.702500,-0.704200
1,Marcher,13889.985352,0.043000,-0.594500,-0.512100
1,Marcher,13899.965820,0.142800,-0.565300,-0.321200
1,Marcher,13909.975586,0.344000,-0.536100,-0.255600
1,Marcher,13920.002930,0.383400,-0.427600,-0.234400
1,Marcher,13929.965820,0.540500,-0.513900,-0.260000
1,Marcher,13939.977539,0.656400,-0.520700,-0.213300
1,Marcher,13949.987305,0.696200,-0.448200,-0.169600
1,Marcher,13959.967773,0.775200,-0.333700,-0.027500
1,Marcher,13969.979492,0.554000,-0.137900,0.025000
1,Marcher,13979.959961,0.302300,0.137000,-0.155200
1,Marcher,13989.969727,-0.138500,0.332700,-0.361900
1,Marcher,13999.981445,-0.464100,0.605800,-0.560500
1,Marcher,14009.961914,-0.593900,1.035800,-0.560900
1,Marcher,14019.971680,-0.390400,1.582400,-0.179200
1,Marcher,14029.981445,-0.272900,1.424700,0.298000
1,Marcher,14039.981445,-0.087000,1.347200,0.829000
1,Marcher,14049.973633,0.195000,1.269400,1.342100
1,Marcher,14059.985352,0.460600,1.189900,1.346000
1,Marcher,14069.963867,0.635900,1.499100,0.822800
1,Marcher,14079.975586,0.498800,1.922700,-0.062600
1,Marcher,14089.989258,0.477400,2.931800,-0.922600
1,Marcher,14099.965820,0.118200,3.704300,-1.755000
1,Marcher,14109.979492,-0.301500,3.887500,-2.518100
1,Marcher,14119.956055,-0.622000,3.600600,-3.062100
1,Marcher,14129.969727,-0.925100,3.079800,-3.348900
1,Marcher,14139.979492,-0.904800,2.170500,-2.865500
1,Marcher,14149.959961,-0.652500,1.264100,-1.940700
1,Marcher,14159.987305,-0.097400,0.673100,-0.971800
1,Marcher,14169.983398,0.516200,0.435300,0.038100
1,Marcher,14179.963867,1.037200,0.472200,0.783400
1,Marcher,14189.973633,1.504300,0.862200,1.541000
1,Marcher,14199.985352,1.916300,1.409100,2.082800
1,Marcher,14209.963867,2.352300,1.995400,2.534000
1,Marcher,14219.975586,3.066000,2.660200,3.046800
1,Marcher,14229.985352,3.289100,3.366400,3.346100
1,Marcher,14239.965820,3.108400,3.605600,3.551100
1,Marcher,14249.975586,2.503700,2.868900,3.661800
1,Marcher,14259.987305,1.873700,1.782000,3.267400
1,Marcher,14269.967773,1.381200,0.656700,2.850300
1,Marcher,14279.995117,0.942500,-0.508800,2.416600
1,Marcher,14289.959961,0.672000,-1.636900,2.083100
1,Marcher,14299.969727,0.492000,-2.571200,1.848000
1,Marcher,14309.981445,0.551700,-3.348800,1.578600
1,Marcher,14319.959961,0.650300,-3.810300,1.257000
1,Marcher,14329.971680,0.661300,-4.225900,1.134100
1,Marcher,14339.983398,0.438600,-4.594600,0.892900
1,Marcher,14349.961914,0.053200,-4.873900,0.684600
1,Marcher,14359.973633,-0.038600,-5.060600,0.432200
1,Marcher,14369.987305,-0.072500,-5.191100,0.219500
1,Marcher,14379.965820,0.061300,-5.145700,0.017700
1,Marcher,14389.977539,0.293300,-5.050900,-0.250700
1,Marcher,14400.002930,0.402500,-5.032200,-0.410600
1,Marcher,14409.967773,0.594600,-4.939700,-0.688000
1,Marcher,14419.979492,0.605900,-4.850500,-0.549600
1,Marcher,14429.958008,0.515500,-4.689700,-0.738500
1,Marcher,14439.969727,0.437800,-4.454400,-0.715900
1,Marcher,14449.979492,0.409200,-4.099400,-0.536300
1,Marcher,14459.961914,0.317600,-3.779600,-0.325100
1,Marcher,14469.969727,0.295100,-3.341600,-0.083000
1,Marcher,14479.983398,0.168800,-3.009800,0.176100
1,Marcher,14489.963867,0.043800,-2.661100,0.569200
1,Marcher,14499.973633,-0.051800,-2.219000,1.187100
1,Marcher,14509.983398,-0.116700,-1.839900,1.521500
1,Marcher,14519.981445,-0.330100,-1.453400,1.775700
1,Marcher,14529.975586,-0.568500,-0.958800,1.698100
1,Marcher,14539.985352,-0.823200,-0.524300,1.532700
1,Marcher,14549.965820,-1.165600,-0.114800,1.395500
1,Marcher,14559.975586,-1.650800,0.612600,1.287000
1,Marcher,14569.989258,-2.049300,1.468000,1.239500
1,Marcher,14579.965820,-2.073600,2.528000,1.305800
1,Marcher,14589.979492,-1.607200,3.384300,1.705400
1,Marcher,14599.959961,-0.533900,3.713800,2.648000
1,Marcher,14609.969727,0.795600,3.527300,3.686100
1,Marcher,14619.981445,2.485400,3.199500,3.867100
1,Marcher,14629.959961,3.963800,2.714800,3.206500
1,Marcher,14639.989258,4.740600,1.349100,0.897700
1,Marcher,14649.985352,3.539900,1.834600,0.410500
1,Marcher,14659.963867,1.910400,2.826600,-0.213700
1,Marcher,14669.975586,0.158800,4.080000,-0.881700
1,Marcher,14679.987305,-1.000800,4.944600,-1.910700
1,Marcher,14689.965820,-1.449200,4.120500,-2.776200
1,Marcher,14699.977539,-1.438100,3.099600,-3.747400
1,Marcher,14709.987305,-1.213400,1.879700,-4.934600
1,Marcher,14719.967773,-1.192900,0.899800,-5.294300
1,Marcher,14729.977539,-1.444500,-0.064200,-4.652100
1,Marcher,14739.958008,-1.652100,-0.621300,-3.558900
1,Marcher,14749.969727,-2.193200,-0.781300,-2.475800
1,Marcher,14759.997070,-2.521800,-0.248600,-2.390100
1,Marcher,14769.961914,-2.462600,0.075100,-2.703800
1,Marcher,14779.971680,-2.029400,0.361200,-2.690400
1,Marcher,14789.983398,-1.764800,0.739500,-1.866100
1,Marcher,14799.961914,-1.553900,1.172500,-0.903200
1,Marcher,14809.973633,-1.331000,1.307900,-0.273200
1,Marcher,14819.983398,-1.173400,1.452200,-0.120300
1,Marcher,14829.963867,-1.072300,1.051800,-0.438300
1,Marcher,14839.973633,-0.971400,0.526100,-1.086600
1,Marcher,14849.987305,-0.995700,-0.018100,-1.419800
1,Marcher,14859.965820,-0.706600,-0.580500,-1.354800
1,Marcher,14869.977539,-0.392700,-0.799300,-1.150400
1,Marcher,14880.004883,-0.090900,-1.131800,-0.915300
1,Marcher,14889.967773,0.030900,-1.636500,-0.745700
1,Marcher,14899.981445,0.005200,-1.889700,-0.632800
1,Marcher,14909.958008,0.077400,-2.204300,-0.588100
1,Marcher,14919.971680,0.118000,-2.387400,-0.691400
1,Marcher,14929.981445,0.071100,-2.557300,-0.876800
1,Marcher,14939.961914,-0.143600,-2.484000,-0.857700
1,Marcher,14949.971680,-0.236300,-2.284500,-0.836300
1,Marcher,14959.983398,-0.538200,-1.840300,-0.934000
1,Marcher,14969.965820,-0.823900,-1.394000,-1.038900
1,Marcher,14979.975586,-1.032200,-1.113600,-1.183200
1,Marcher,14989.985352,-1.278300,-0.847400,-1.347700
1,Marcher,14999.981445,-1.501500,-0.711000,-1.459800
1,Marcher,15009.977539,-1.582200,-0.613100,-1.570700
1,Marcher,15019.987305,-1.547000,-0.588600,-1.622100
1,Marcher,15029.967773,-1.345800,-0.797200,-1.680600
1,Marcher,15039.977539,-1.141800,-1.088900,-1.673900
1,Marcher,15049.958008,-0.898900,-1.268900,-1.632000
1,Marcher,15059.967773,-0.542400,-1.410900,-1.338900
1,Marcher,15069.981445,-0.267000,-1.315000,-1.048100
1,Marcher,15079.961914,0.039800,-1.097300,-0.851800
1,Marcher,15089.971680,0.226100,-0.795500,-0.763100
1,Marcher,15099.981445,0.439100,-0.606200,-0.356600
1,Marcher,15109.961914,0.652100,-0.257700,-0.043400
1,Marcher,15119.989258,0.976400,0.013600,0.219800
1,Marcher,15129.985352,1.029000,0.011100,0.361200
1,Marcher,15139.963867,0.849000,-0.031200,0.274400
1,Marcher,15149.975586,0.554000,0.042600,0.004900
1,Marcher,15159.987305,-0.219100,0.430900,-0.213700
1,Marcher,15169.965820,-0.923300,1.016900,-0.464100
1,Marcher,15179.979492,-1.414300,1.644600,-0.559300
1,Marcher,15189.989258,-1.483000,2.273700,-0.309800
1,Marcher,15199.969727,-1.366600,2.630500,0.269900
1,Marcher,15209.979492,-1.193100,2.714900,1.124200
1,Marcher,15219.959961,-1.113900,2.565600,1.752500
1,Marcher,15229.971680,-0.744300,2.218200,1.594900
1,Marcher,15239.997070,-0.437000,2.103000,1.094100
1,Marcher,15249.961914,-0.301400,1.944100,0.112600
1,Marcher,15259.971680,-0.137500,2.016100,-0.914900
1,Marcher,15269.983398,-0.508500,2.084000,-2.549600
1,Marcher,15279.961914,-0.596100,1.956400,-2.917300
1,Marcher,15289.975586,-0.411200,1.869600,-2.743100
1,Marcher,15299.985352,-0.037800,1.863400,-1.971600
1,Marcher,15309.965820,0.673100,1.818800,-1.032100
1,Marcher,15319.975586,1.405600,1.578100,-0.347800
1,Marcher,15329.987305,2.008000,1.612800,0.390600
1,Marcher,15339.967773,2.480800,1.687500,0.875400
1,Marcher,15349.977539,2.715200,1.920300,1.469000
1,Marcher,15359.975586,2.796200,1.840900,2.012200
1,Marcher,15369.969727,2.959600,1.959200,2.430000
1,Marcher,15379.981445,2.965600,2.117400,2.496100
1,Marcher,15389.959961,3.039200,2.041600,2.630800
1,Marcher,15399.971680,2.719200,1.929200,2.711000
1,Marcher,15409.983398,2.115600,1.662400,2.700100
1,Marcher,15419.961914,1.541600,0.928700,2.710300
1,Marcher,15429.973633,1.152900,0.238400,2.668500
1,Marcher,15439.985352,1.031500,-0.606500,2.357700
1,Marcher,15449.965820,0.907700,-1.530000,1.949900
1,Marcher,15459.975586,0.744900,-2.377800,1.574700
1,Marcher,15469.985352,0.616500,-3.306500,1.189300
1,Marcher,15479.983398,0.381300,-3.921200,0.809300
1,Marcher,15489.979492,0.193300,-4.416700,0.345900
1,Marcher,15499.989258,-0.104500,-4.787800,0.161600
1,Marcher,15509.969727,-0.016200,-5.109800,-0.064200
1,Marcher,15519.979492,-0.029400,-5.137500,-0.282400
1,Marcher,15529.959961,0.132600,-5.148700,-0.260800
1,Marcher,15539.969727,0.320500,-5.227200,-0.518500
1,Marcher,15549.981445,0.314700,-5.028100,-0.679000
1,Marcher,15559.961914,0.439900,-4.752600,-0.698000
1,Marcher,15569.971680,0.545400,-4.481000,-0.736700
1,Marcher,15579.985352,0.402200,-4.139300,-0.792000
1,Marcher,15589.963867,0.431400,-3.876600,-0.571700
1,Marcher,15599.991211,0.426600,-3.614700,-0.422000
1,Marcher,15609.985352,0.462600,-3.197700,-0.182600
1,Marcher,15619.965820,0.426000,-2.974900,0.094000
1,Marcher,15629.975586,0.240000,-2.781100,0.426100
1,Marcher,15639.987305,-0.003800,-2.538600,0.966400
1,Marcher,15649.965820,-0.207800,-2.319300,1.442300
1,Marcher,15659.979492,-0.570300,-1.967900,1.784200
1,Marcher,15669.958008,-0.775900,-1.532300,2.089600
1,Marcher,15679.969727,-0.935400,-1.100700,2.136000
1,Marcher,15689.979492,-1.179600,-0.528600,2.005700
1,Marcher,15699.959961,-1.613100,0.094200,1.706700
1,Marcher,15709.973633,-1.966000,0.956700,1.329000
1,Marcher,15719.997070,-2.272500,2.025500,1.448100
1,Marcher,15729.963867,-2.434300,2.971800,2.076500
1,Marcher,15739.973633,-2.238200,3.660900,3.113900
1,Marcher,15749.985352,-1.528100,3.946800,4.364800
1,Marcher,15759.963867,-0.352800,3.932300,4.794500
1,Marcher,15769.977539,1.106900,3.259300,4.298900
1,Marcher,15779.985352,2.205500,2.220400,2.937300
1,Marcher,15789.967773,2.997900,0.937500,1.403700
1,Marcher,15799.977539,3.040100,0.274100,0.394100
1,Marcher,15809.989258,2.521300,0.569300,-0.281700
1,Marcher,15819.969727,1.315500,1.809400,-0.697200
1,Marcher,15829.979492,0.452500,3.042500,-2.121200
1,Marcher,15839.975586,-0.076900,3.957700,-3.530300
1,Marcher,15849.969727,0.090400,3.878800,-4.440900
1,Marcher,15859.981445,0.096900,3.100400,-4.646400
1,Marcher,15869.959961,-0.014000,2.253600,-4.390000
1,Marcher,15879.971680,-0.318100,1.456200,-3.870400
1,Marcher,15889.983398,-1.345800,-0.185100,-2.836200
1,Marcher,15899.963867,-1.776600,-0.461700,-2.806900
1,Marcher,15909.973633,-2.014900,-0.631000,-3.145000
1,Marcher,15919.985352,-1.984300,-0.647900,-3.112700
1,Marcher,15929.965820,-1.802600,-0.307900,-2.607100
1,Marcher,15939.977539,-1.629000,0.358100,-1.683800
1,Marcher,15949.989258,-1.736000,1.273800,-0.703500
1,Marcher,15959.985352,-1.889300,1.928200,-0.176000
1,Marcher,15969.979492,-1.941300,2.193100,-0.273100
1,Marcher,15979.958008,-1.819900,1.902900,-0.698500
1,Marcher,15989.971680,-1.822100,1.519700,-1.081300
1,Marcher,15999.981445,-1.544100,1.002400,-1.139300
1,Marcher,16009.961914,-1.011000,0.401000,-0.976700
1,Marcher,16019.971680,-0.552100,-0.313300,-0.511000
1,Marcher,16029.983398,-0.057700,-1.093900,-0.313700
1,Marcher,16039.963867,0.124500,-1.705000,-0.156700
1,Marcher,16049.973633,0.164000,-2.267400,-0.256600
1,Marcher,16059.985352,0.153500,-2.622400,-0.261400
1,Marcher,16069.963867,-0.050700,-2.888300,-0.363800
1,Marcher,16079.993164,-0.278100,-2.941800,-0.638900
1,Marcher,16089.987305,-0.552300,-2.822500,-0.819100
1,Marcher,16099.967773,-0.689300,-2.615500,-0.998300
1,Marcher,16109.977539,-0.774800,-2.327500,-1.104500
1,Marcher,16119.989258,-0.891700,-2.040200,-1.044600
1,Marcher,16129.967773,-0.898600,-1.679900,-1.074900
1,Marcher,16139.979492,-0.874000,-1.530600,-1.083800
1,Marcher,16149.959961,-0.945600,-1.341700,-1.014900
1,Marcher,16159.969727,-1.026600,-0.913200,-0.962100
1,Marcher,16169.983398,-0.992100,-0.602800,-1.063700
1,Marcher,16179.959961,-0.989800,-0.374100,-1.072600
1,Marcher,16189.973633,-0.829700,-0.388300,-1.167200
1,Marcher,16200.000977,-0.717600,-0.488400,-1.228600
1,Marcher,16209.963867,-0.466100,-0.787500,-1.235000
1,Marcher,16219.975586,-0.340700,-0.770000,-1.131900
1,Marcher,16229.987305,-0.178100,-0.825900,-1.048900
1,Marcher,16239.965820,0.013800,-0.838700,-1.023500
1,Marcher,16249.977539,0.170900,-0.652600,-0.852600
1,Marcher,16259.987305,0.231800,-0.544100,-0.759400
1,Marcher,16269.967773,0.420400,-0.400500,-0.912300
1,Marcher,16279.977539,0.506400,-0.257700,-0.972700
1,Marcher,16289.959961,0.440500,0.040400,-1.170200
1,Marcher,16299.971680,0.258600,0.654400,-1.134100
1,Marcher,16309.981445,-0.073800,1.310700,-0.909700
1,Marcher,16319.975586,-0.257600,1.891900,-0.548700
1,Marcher,16329.971680,-0.448900,2.358600,-0.251800
1,Marcher,16339.983398,-0.309300,2.474500,0.288600
1,Marcher,16349.961914,-0.297800,2.475800,0.951500
1,Marcher,16359.973633,-0.218200,2.321300,1.283100
1,Marcher,16369.983398,-0.300400,2.126700,1.227400
1,Marcher,16379.963867,-0.308400,2.439400,0.683400
1,Marcher,16389.972656,-0.393000,2.671600,0.158900
1,Marcher,16399.984375,-0.555100,3.175500,-0.494100
1,Marcher,16409.964844,-0.865700,3.285600,-1.160500
1,Marcher,16419.976563,-1.050300,3.198700,-1.958800
1,Marcher,16429.957031,-1.114100,2.680100,-2.617400
1,Marcher,16439.984375,-1.094200,2.124100,-2.803500
1,Marcher,16449.980469,-0.654300,1.452100,-2.495600
1,Marcher,16459.957031,-0.031100,0.742300,-1.633300
1,Marcher,16469.972656,0.537700,0.189900,-0.800200
1,Marcher,16479.980469,1.016200,0.030000,-0.033100
1,Marcher,16489.960938,1.672600,0.301400,0.782200
1,Marcher,16499.972656,2.385500,0.690300,1.611200
1,Marcher,16509.984375,2.958700,1.354400,2.412800
1,Marcher,16519.964844,3.930700,2.765300,3.028300
1,Marcher,16529.976563,3.656800,2.963300,3.048400
1,Marcher,16539.988281,2.970000,2.772400,2.941600
1,Marcher,16549.964844,2.297200,1.995600,2.830600
1,Marcher,16559.992188,1.669700,1.219900,2.454900
1,Marcher,16569.988281,1.393600,0.248200,2.054300
1,Marcher,16579.968750,1.266100,-0.644700,1.666200
1,Marcher,16589.980469,1.065500,-1.655600,1.565500
1,Marcher,16599.960938,0.903500,-2.393900,1.332600
1,Marcher,16609.968750,0.894700,-3.093200,1.266900
1,Marcher,16619.980469,0.762600,-3.712800,1.122600
1,Marcher,16629.960938,0.399700,-4.172600,0.882200
1,Marcher,16639.972656,0.189400,-4.471700,0.623800
1,Marcher,16649.984375,0.045600,-4.841900,0.488600
1,Marcher,16659.960938,-0.041000,-5.006400,0.280500
1,Marcher,16669.972656,0.005900,-5.039000,0.144500
1,Marcher,16680.003906,0.148600,-5.014600,0.081400
1,Marcher,16689.964844,0.348300,-4.894900,-0.081300
1,Marcher,16699.976563,0.585000,-4.646400,-0.165000
1,Marcher,16709.988281,0.678300,-4.479100,-0.483900
1,Marcher,16719.964844,0.634900,-4.239500,-0.611700
1,Marcher,16729.976563,0.566200,-4.240900,-0.750500
1,Marcher,16739.957031,0.405200,-4.132100,-0.675100
1,Marcher,16749.968750,0.385600,-3.951600,-0.430700
1,Marcher,16759.980469,0.345500,-3.771000,0.120900
1,Marcher,16769.960938,0.302600,-3.503600,0.905900
1,Marcher,16779.972656,0.405100,-3.015900,1.610200
1,Marcher,16789.980469,0.257400,-2.460700,2.313700
1,Marcher,16799.976563,0.029900,-1.845800,2.955400
1,Marcher,16809.972656,-0.381300,-1.218600,3.155900
1,Marcher,16819.984375,-0.907400,-0.524000,2.980000
1,Marcher,16829.964844,-1.717100,0.414800,2.675800
1,Marcher,16839.976563,-2.394800,1.191200,2.152800
1,Marcher,16849.984375,-2.648600,2.167300,1.756200
1,Marcher,16859.964844,-2.943200,2.921100,1.820700
1,Marcher,16869.976563,-2.836800,3.555800,2.440300
1,Marcher,16879.988281,-2.220000,3.469900,3.163100
1,Marcher,16889.968750,-1.034800,3.372300,3.872400
1,Marcher,16899.980469,0.468900,2.891000,3.695400
1,Marcher,16909.960938,1.865500,2.092800,2.605700
1,Marcher,16919.988281,3.128100,1.093600,1.308100
1,Marcher,16929.980469,3.478700,0.360000,0.381800
1,Marcher,16939.960938,3.113200,0.701000,-0.286500
1,Marcher,16949.972656,2.363800,1.824600,-1.075100
1,Marcher,16959.980469,1.351100,3.095800,-2.368000
1,Marcher,16969.960938,0.716900,3.785600,-3.507000
1,Marcher,16979.976563,0.334500,3.839800,-3.813000
1,Marcher,16989.984375,-0.454900,3.464700,-3.656000
1,Marcher,16999.964844,-0.804500,2.813900,-3.926200
1,Marcher,17009.976563,-1.110800,1.773200,-3.921000
1,Marcher,17019.988281,-1.264200,0.309100,-3.607200
1,Marcher,17029.968750,-1.413100,-0.869100,-2.877100
1,Marcher,17039.996094,-1.827800,-1.498000,-2.419800
1,Marcher,17049.957031,-2.193800,-1.237100,-2.290500
1,Marcher,17059.968750,-2.288600,-0.706600,-2.103300
1,Marcher,17069.980469,-2.088400,-0.014300,-1.753400
1,Marcher,17079.960938,-2.033400,0.733000,-0.987500
1,Marcher,17089.968750,-2.116500,1.574600,-0.320800
1,Marcher,17099.984375,-2.133700,2.192500,0.014700
1,Marcher,17109.964844,-2.094500,2.220200,-0.419300
1,Marcher,17119.972656,-1.877600,1.842400,-1.203600
1,Marcher,17129.984375,-1.580700,1.292000,-1.665300
1,Marcher,17139.964844,-1.333200,0.728800,-1.695700
1,Marcher,17149.976563,-0.171700,-0.573200,-1.414300
1,Marcher,17160.003906,0.176400,-1.355700,-1.084700
1,Marcher,17169.964844,0.649500,-2.050700,-1.020900
1,Marcher,17179.976563,0.681400,-2.502500,-0.977300
1,Marcher,17189.988281,0.671400,-2.864100,-0.880400
1,Marcher,17199.968750,0.602400,-2.977000,-0.933600
1,Marcher,17209.980469,0.425500,-2.994100,-1.043100
1,Marcher,17219.960938,0.235100,-2.802700,-1.238400
1,Marcher,17229.968750,-0.032600,-2.449600,-1.216000
1,Marcher,17239.980469,-0.206500,-2.135800,-1.225600
1,Marcher,17249.960938,-0.385900,-1.895800,-1.057000
1,Marcher,17259.972656,-0.719200,-1.577500,-0.964700
1,Marcher,17269.984375,-0.968200,-1.108900,-1.000300
1,Marcher,17279.980469,-1.213000,-0.769700,-1.179600
1,Marcher,17289.972656,-1.392500,-0.395800,-1.099500
1,Marcher,17299.988281,-1.621000,-0.257400,-1.210100
1,Marcher,17309.964844,-1.809000,-0.196600,-1.241400
1,Marcher,17319.976563,-1.906300,-0.293300,-1.342100
1,Marcher,17329.988281,-1.771000,-0.510400,-1.302500
1,Marcher,17339.968750,-1.530300,-0.806700,-1.092800
1,Marcher,17349.980469,-1.186300,-1.022700,-0.766700
1,Marcher,17359.957031,-0.704700,-1.075300,-0.359500
1,Marcher,17369.968750,-0.159900,-1.003200,-0.080100
1,Marcher,17379.980469,0.260300,-0.768600,0.237300
1,Marcher,17389.960938,0.633000,-0.532900,0.270100
1,Marcher,17399.988281,0.889900,-0.338300,0.050300
1,Marcher,17409.984375,0.998000,-0.303100,-0.148400
1,Marcher,17419.960938,0.780800,-0.151300,-0.487300
1,Marcher,17429.972656,0.418600,0.158000,-0.586200
1,Marcher,17439.984375,0.102200,0.781400,-0.676300
1,Marcher,17449.964844,-0.022600,1.484900,-0.539900
1,Marcher,17459.976563,0.107100,2.033400,-0.150800
1,Marcher,17469.984375,0.106600,2.271200,0.476900
1,Marcher,17479.964844,-0.171500,2.473600,1.343400
1,Marcher,17489.976563,-0.259200,2.521400,1.835300
1,Marcher,17499.988281,-0.314900,2.723800,1.599300
1,Marcher,17509.968750,-0.345300,2.921500,0.885900
1,Marcher,17519.996094,-0.423200,3.153900,-0.029700
1,Marcher,17529.957031,-0.585100,3.461600,-0.920300
1,Marcher,17539.968750,-1.088900,3.649600,-1.703100
1,Marcher,17549.980469,-1.281000,3.445100,-2.162800
1,Marcher,17559.960938,-1.587300,3.279700,-2.648000
1,Marcher,17569.972656,-1.849300,2.762900,-2.782300
1,Marcher,17579.984375,-1.718600,1.777500,-2.422900
1,Marcher,17589.964844,-0.939800,0.753300,-1.770400
1,Marcher,17599.976563,-0.289600,0.043600,-0.944000
1,Marcher,17609.988281,0.430000,-0.194900,-0.134600
1,Marcher,17619.964844,1.256300,-0.001600,0.731300
1,Marcher,17629.976563,1.688700,0.388500,1.502900
1,Marcher,17640.003906,2.004300,0.975900,1.984500
1,Marcher,17649.968750,2.807400,1.876700,2.139100
1,Marcher,17659.976563,3.204400,2.700000,2.395200
1,Marcher,17669.957031,3.122500,3.133000,2.629600
1,Marcher,17679.968750,2.763000,3.137100,2.887600
1,Marcher,17689.980469,2.250500,2.673300,2.938100
1,Marcher,17699.960938,1.861600,1.818800,2.716800
1,Marcher,17709.968750,1.676100,0.886100,2.392100
1,Marcher,17719.984375,1.606700,0.069500,2.090900
1,Marcher,17729.960938,1.677300,-0.828700,1.783900
1,Marcher,17739.972656,1.622500,-1.886300,1.347500
1,Marcher,17749.984375,1.446100,-2.942400,1.103300
1,Marcher,17759.980469,1.114600,-3.837500,0.913300
1,Marcher,17769.972656,0.858700,-4.257800,0.425900
1,Marcher,17779.988281,0.520800,-4.631000,0.404400
1,Marcher,17789.964844,0.241100,-4.836400,0.414700
1,Marcher,17799.976563,0.103700,-4.874500,0.277000
1,Marcher,17809.988281,0.134500,-4.896300,0.256100
1,Marcher,17819.968750,0.139000,-4.863900,0.023100
1,Marcher,17829.980469,0.212300,-4.589000,-0.309900
1,Marcher,17839.960938,0.380900,-4.472100,-0.535000
1,Marcher,17849.972656,0.525600,-4.163600,-0.570100
1,Marcher,17859.980469,0.686400,-3.979100,-0.614800
1,Marcher,17869.960938,0.715000,-3.803200,-0.556700
1,Marcher,17879.988281,0.674800,-3.670100,-0.367100
1,Marcher,17889.984375,0.563500,-3.493500,0.047700
1,Marcher,17899.964844,0.593800,-3.230900,0.432600
1,Marcher,17909.976563,0.631800,-2.879700,0.793400
1,Marcher,17919.984375,0.436400,-2.514500,1.285000
1,Marcher,17929.964844,0.383100,-2.211500,1.721900
1,Marcher,17939.976563,0.239100,-1.856100,1.995600
1,Marcher,17949.988281,-0.128600,-1.611000,2.144600
1,Marcher,17959.968750,-0.618900,-1.177100,2.025900
1,Marcher,17969.976563,-1.365500,-0.644500,1.839300
1,Marcher,17979.960938,-2.042400,0.093900,1.632600
1,Marcher,17989.968750,-2.615900,0.958600,1.449900
1,Marcher,17999.996094,-3.096800,1.989700,1.571600
1,Marcher,18009.960938,-3.055300,2.898800,2.292300
1,Marcher,18019.968750,-2.638000,3.430900,2.848400
1,Marcher,18029.980469,-1.951000,3.275600,3.479300
1,Marcher,18039.960938,-0.816800,3.206800,3.654600
1,Marcher,18049.972656,0.336900,2.709000,3.142600
1,Marcher,18059.984375,1.480900,2.086700,2.305300
1,Marcher,18069.964844,2.318000,1.652000,1.374200
1,Marcher,18079.976563,2.151400,1.794300,0.768300
1,Marcher,18089.988281,1.665000,2.454700,-0.158400
1,Marcher,18099.964844,0.866000,3.274600,-1.243900
1,Marcher,18109.980469,0.067800,3.869900,-2.104900
1,Marcher,18120.003906,-0.285500,3.669300,-2.793700
1,Marcher,18129.968750,-0.138800,2.878600,-3.393600
1,Marcher,18139.980469,0.069900,2.039300,-4.282700
1,Marcher,18149.960938,0.079000,0.966100,-4.539600
1,Marcher,18159.972656,0.047800,-0.177400,-4.372500
1,Marcher,18169.980469,-0.368800,-1.154700,-3.709100
1,Marcher,18179.960938,-0.921200,-1.506200,-3.240600
1,Marcher,18189.972656,-1.225800,-1.432100,-3.072800
1,Marcher,18199.984375,-1.220700,-1.010100,-2.886500
1,Marcher,18209.964844,-1.187100,-0.351500,-2.612400
1,Marcher,18219.976563,-1.251500,0.354400,-2.066900
1,Marcher,18229.984375,-1.261300,0.917400,-1.341900
1,Marcher,18239.980469,-1.446500,1.338200,-0.601100
1,Marcher,18249.976563,-1.462700,1.492200,-0.337300
1,Marcher,18259.988281,-1.527500,1.558800,-0.554000
1,Marcher,18269.968750,-1.510900,1.420200,-0.779700
1,Marcher,18279.976563,-1.515300,0.995800,-0.813400
1,Marcher,18289.960938,-1.367200,0.645800,-0.636600
1,Marcher,18299.968750,-1.252900,0.179100,-0.579600
1,Marcher,18309.980469,-0.940000,-0.476500,-0.425400
1,Marcher,18319.960938,-0.670800,-1.005400,-0.336000
1,Marcher,18329.972656,-0.371300,-1.641200,-0.304900
1,Marcher,18339.984375,-0.133200,-2.145300,-0.310500
1,Marcher,18349.960938,-0.006700,-2.243000,-0.322300
1,Marcher,18359.988281,-0.066200,-2.292400,-0.522600
1,Marcher,18369.984375,-0.099000,-2.414200,-0.668700
1,Marcher,18379.964844,-0.159300,-2.375600,-0.793500
1,Marcher,18389.976563,-0.353800,-2.212300,-0.873900
1,Marcher,18399.984375,-0.647000,-1.533200,-0.429200
1,Marcher,18409.968750,-0.662600,-1.129900,-0.403900
1,Marcher,18419.980469,-0.619800,-0.931700,-0.648000
1,Marcher,18429.988281,-0.641500,-0.819200,-0.976200
1,Marcher,18439.968750,-0.827800,-0.630500,-1.175300
1,Marcher,18449.980469,-1.007600,-0.598300,-1.217200
1,Marcher,18459.960938,-1.103500,-0.644400,-1.295700
1,Marcher,18469.968750,-1.121300,-0.810700,-1.398800
1,Marcher,18480.000000,-1.097700,-1.098800,-1.477600
1,Marcher,18489.960938,-0.891200,-1.273400,-1.413900
1,Marcher,18499.972656,-0.465600,-1.251500,-1.153000
1,Marcher,18509.980469,-0.246300,-1.146800,-0.874600
1,Marcher,18519.964844,-0.109400,-0.959300,-0.581100
1,Marcher,18529.976563,0.170300,-0.729800,-0.228700
1,Marcher,18539.984375,0.441500,-0.422000,-0.112400
1,Marcher,18549.964844,0.588000,-0.270400,-0.002800
1,Marcher,18559.976563,0.622300,-0.042300,-0.230000
1,Marcher,18569.988281,0.658900,0.027700,-0.407600
1,Marcher,18579.964844,0.550000,0.018100,-0.764300
1,Marcher,18589.980469,0.487500,0.125900,-0.954700
1,Marcher,18599.976563,0.092200,0.235800,-0.949600
1,Marcher,18609.968750,-0.290900,0.466200,-0.839200
1,Marcher,18619.980469,-0.473700,0.738400,-0.587200
1,Marcher,18629.960938,-0.428600,1.012700,-0.198800
1,Marcher,18639.972656,-0.171900,1.444900,0.398500
1,Marcher,18649.984375,0.097200,1.639100,0.689500
1,Marcher,18659.964844,-0.100200,1.833100,0.632600
1,Marcher,18669.972656,-0.329500,2.184500,0.381300
1,Marcher,18679.984375,-0.253300,2.967100,0.166100
1,Marcher,18689.964844,-0.304500,3.905800,-0.009500
1,Marcher,18699.976563,-0.289100,4.607900,-0.217100
1,Marcher,18709.984375,-0.318300,4.799300,-0.458600
1,Marcher,18719.980469,-0.272800,4.283700,-0.962700
1,Marcher,18729.976563,-0.304400,3.414000,-1.720500
1,Marcher,18739.988281,-0.289600,2.269900,-2.227800
1,Marcher,18749.968750,0.081700,0.812300,-2.410700
1,Marcher,18759.980469,0.865800,-0.684700,-2.315700
1,Marcher,18769.960938,1.702900,-1.750100,-1.797800
1,Marcher,18779.968750,2.177600,-2.186700,-1.019300
1,Marcher,18789.980469,2.300900,-1.601800,-0.073200
1,Marcher,18799.960938,2.232400,-0.623300,0.844200
1,Marcher,18809.972656,1.899600,0.788100,1.720400
1,Marcher,18819.984375,1.691100,2.397000,2.406400
1,Marcher,18829.964844,1.636100,3.654400,2.751100
1,Marcher,18839.992188,1.769200,4.207700,3.036600
1,Marcher,18849.988281,1.845000,4.174800,3.157600
1,Marcher,18859.964844,1.827200,3.634200,3.159900
1,Marcher,18869.976563,1.761800,2.310800,2.860000
1,Marcher,18879.988281,1.618700,1.026900,2.423200
1,Marcher,18889.968750,1.444000,-0.336600,1.936200
1,Marcher,18899.980469,1.088100,-1.387100,1.657600
1,Marcher,18909.957031,0.844800,-2.201300,1.380000
1,Marcher,18919.968750,0.632100,-2.777200,1.248100
1,Marcher,18929.980469,0.532400,-3.427700,1.254600
1,Marcher,18939.960938,0.309300,-3.760200,1.204600
1,Marcher,18949.968750,-0.106700,-4.166400,1.171800
1,Marcher,18960.000000,-0.518700,-4.293100,1.041000
1,Marcher,18969.960938,-0.769200,-4.530300,0.881300
1,Marcher,18979.972656,-0.676200,-4.677300,0.608200
1,Marcher,18989.984375,-0.549800,-4.576800,0.463900
1,Marcher,18999.964844,-0.299900,-4.703800,0.194400
1,Marcher,19009.976563,-0.021700,-4.593600,0.122900
1,Marcher,19019.988281,0.476500,-4.248800,0.336700
1,Marcher,19029.968750,0.677400,-4.068100,0.190000
1,Marcher,19039.976563,0.908100,-3.931400,-0.041900
1,Marcher,19049.988281,0.929500,-3.798600,-0.285600
1,Marcher,19059.968750,0.772100,-3.506700,-0.280800
1,Marcher,19069.980469,0.483900,-3.052200,-0.159200
1,Marcher,19079.976563,0.152700,-2.782900,0.022800
1,Marcher,19089.968750,0.019000,-2.619800,0.342100
1,Marcher,19099.980469,-0.254800,-2.326000,0.906800
1,Marcher,19109.960938,-0.395200,-1.944000,1.336100
1,Marcher,19119.972656,-0.470600,-1.479500,1.716600
1,Marcher,19129.984375,-0.484400,-0.973900,1.937400
1,Marcher,19139.964844,-0.592600,-0.823200,1.926600
1,Marcher,19149.976563,-0.619100,-0.639900,1.740600
1,Marcher,19159.988281,-0.825000,-0.462800,1.683600
1,Marcher,19169.964844,-1.125600,-0.099500,1.757200
1,Marcher,19179.976563,-1.618800,0.558800,2.122200
1,Marcher,19189.988281,-1.968900,1.322800,2.501300
1,Marcher,19199.984375,-2.155200,2.194600,3.055000
1,Marcher,19209.980469,-2.117000,2.905000,3.388300
1,Marcher,19219.960938,-1.708800,3.228500,3.921400
1,Marcher,19229.968750,-0.975000,2.891900,3.907600
1,Marcher,19239.980469,0.070000,2.550400,3.247000
