1,Sauter,0.000000,-0.363800,-4.866900,0.701500
1,Sauter,9.980469,0.048200,-5.490200,0.968600
1,Sauter,19.992188,0.395500,-5.912900,1.136100
1,Sauter,30.003906,0.707500,-6.524500,1.273800
1,Sauter,39.984375,0.959600,-6.618400,1.761800
1,Sauter,50.011719,1.410200,-5.835900,2.280700
1,Sauter,60.007813,1.495600,-4.648300,2.797300
1,Sauter,69.984375,1.157300,-3.843300,2.783200
1,Sauter,79.996094,0.762100,-2.599000,3.065000
1,Sauter,90.003906,0.223000,-1.311000,3.473800
1,Sauter,99.988281,-0.388100,-0.609300,3.523500
1,Sauter,109.996094,-0.956600,-0.180500,3.335900
1,Sauter,120.007813,-0.642300,-0.362400,3.338500
1,Sauter,129.988281,0.062600,-0.987600,3.519000
1,Sauter,140.000000,0.621300,-1.311300,3.840800
1,Sauter,149.980469,1.389000,-0.813600,4.682200
1,Sauter,159.992188,2.030300,0.067400,5.510800
1,Sauter,170.015625,2.438300,1.621300,5.940300
1,Sauter,179.980469,2.230900,2.023100,5.168600
1,Sauter,189.992188,2.609200,2.317700,5.547000
1,Sauter,200.003906,3.629900,3.106700,6.949600
1,Sauter,209.984375,5.167500,4.495900,8.536000
1,Sauter,219.996094,6.311400,6.062900,9.816800
1,Sauter,230.007813,7.271000,8.021900,10.762700
1,Sauter,239.988281,7.622400,9.039800,11.085800
1,Sauter,250.000000,7.115000,9.391100,11.277400
1,Sauter,260.007813,6.259200,9.660100,10.905200
1,Sauter,269.988281,5.283800,9.819400,10.585500
1,Sauter,279.996094,4.652100,10.534200,10.519300
1,Sauter,289.996094,4.272900,11.537600,10.705200
1,Sauter,299.992188,3.977100,11.440100,10.421100
1,Sauter,310.000000,3.211500,10.836500,9.741000
1,Sauter,319.980469,2.520700,10.124800,9.288800
1,Sauter,329.988281,1.975100,9.690200,8.212700
1,Sauter,340.003906,1.948000,9.554999,5.517900
1,Sauter,349.980469,0.927300,9.466599,1.724000
1,Sauter,359.992188,-0.254300,9.891200,-1.833400
1,Sauter,370.003906,-1.456300,9.776999,-3.914900
1,Sauter,379.984375,-2.553400,8.625400,-5.004600
1,Sauter,389.996094,-3.015000,6.489800,-6.010100
1,Sauter,400.007813,-2.858300,3.185900,-7.132700
1,Sauter,410.003906,-2.524700,-0.615200,-8.451799
1,Sauter,420.000000,-1.984600,-4.236400,-9.467199
1,Sauter,430.011719,-1.363200,-8.021900,-10.188300
1,Sauter,439.988281,-1.075300,-10.468800,-10.823999
1,Sauter,450.003906,-1.366700,-11.285600,-10.769700
1,Sauter,459.980469,-1.896200,-10.642500,-10.137199
1,Sauter,469.992188,-2.153800,-9.320499,-8.889100
1,Sauter,480.000000,-2.407300,-7.515000,-7.613100
1,Sauter,489.984375,-2.617400,-6.010900,-6.574900
1,Sauter,499.996094,-2.914700,-5.039100,-5.643600
1,Sauter,510.003906,-3.008100,-5.249100,-5.177000
1,Sauter,519.984375,-2.805200,-6.395000,-4.815000
1,Sauter,530.015625,-2.506300,-7.612300,-4.384300
1,Sauter,540.007813,-2.154600,-8.977000,-3.776200
1,Sauter,549.984375,-1.889500,-10.248199,-3.030600
1,Sauter,559.996094,-1.977600,-10.969500,-1.920900
1,Sauter,570.007813,-1.869600,-11.330100,-0.573200
1,Sauter,579.984375,-1.811900,-10.940599,1.008200
1,Sauter,590.000000,-1.815000,-10.033600,2.783000
1,Sauter,599.976563,-1.679400,-9.189000,4.441200
1,Sauter,609.988281,-1.662600,-8.227300,5.994600
1,Sauter,620.000000,-1.657200,-6.848900,7.493400
1,Sauter,629.980469,-1.801500,-5.134200,8.859200
1,Sauter,639.992188,-1.971100,-3.095100,9.769000
1,Sauter,650.019531,-2.140000,-1.078900,10.064199
1,Sauter,659.984375,-2.217200,0.747000,10.209800
1,Sauter,669.996094,-2.099300,1.943200,10.255099
1,Sauter,680.003906,-1.969400,2.116500,10.358800
1,Sauter,689.988281,-2.188600,0.987400,10.581900
1,Sauter,699.996094,-2.544200,-1.360800,10.235900
1,Sauter,710.007813,-2.923800,-4.396200,8.339800
1,Sauter,719.984375,-2.757600,-6.767400,5.429100
1,Sauter,730.000000,-2.691600,-7.713400,3.295600
1,Sauter,740.011719,-3.001700,-7.941000,2.164600
1,Sauter,749.988281,-3.792500,-7.550000,1.955600
1,Sauter,760.000000,-4.791700,-6.828100,1.521700
1,Sauter,769.996094,-5.151700,-6.070900,-0.099300
1,Sauter,779.992188,-4.389300,-5.221200,-2.018400
1,Sauter,790.003906,-2.317900,-3.762600,-3.138600
1,Sauter,799.980469,-0.818200,-2.563200,-1.824200
1,Sauter,809.992188,-0.294300,-0.160500,-0.644600
1,Sauter,820.003906,0.378600,3.201800,-0.934400
1,Sauter,829.984375,0.935000,6.510200,0.429200
1,Sauter,839.996094,1.159600,10.248000,13.424299
1,Sauter,850.003906,2.059300,18.021000,18.605799
1,Sauter,859.984375,1.644800,22.861500,14.742399
1,Sauter,870.000000,3.109500,17.125700,10.917500
1,Sauter,880.007813,3.154800,9.416300,8.693500
1,Sauter,890.007813,3.989900,6.036600,7.074700
1,Sauter,899.996094,5.936400,2.953300,5.246500
1,Sauter,909.980469,6.332700,1.519200,4.142800
1,Sauter,919.988281,7.024600,0.108900,4.199300
1,Sauter,930.000000,6.624800,0.970300,5.184100
1,Sauter,939.980469,5.351400,2.363400,6.550200
1,Sauter,949.992188,4.178800,4.397000,7.643800
1,Sauter,960.003906,3.398500,6.337300,8.656400
1,Sauter,969.984375,2.649300,7.286800,9.037499
1,Sauter,979.996094,1.914100,7.518200,8.408700
1,Sauter,990.007813,1.450500,7.307500,7.170000
1,Sauter,999.984375,1.402900,6.741900,6.218700
1,Sauter,1010.011719,1.501200,6.101000,5.858900
1,Sauter,1020.007813,1.707500,5.422500,5.738400
1,Sauter,1029.988281,1.917700,4.858400,5.502800
1,Sauter,1040.000000,2.012500,4.191200,4.911800
1,Sauter,1050.007813,2.193400,3.439600,4.404600
1,Sauter,1059.992188,2.001300,2.623600,3.735600
1,Sauter,1070.000000,1.716000,1.888200,3.026800
1,Sauter,1079.980469,1.140000,1.253900,2.108000
1,Sauter,1089.988281,0.527600,0.763500,1.450700
1,Sauter,1100.000000,-0.217900,0.448900,0.880000
1,Sauter,1109.984375,-0.763000,0.273800,0.258900
1,Sauter,1119.992188,-1.200000,0.344200,-0.401400
1,Sauter,1130.019531,-1.581700,0.105000,-0.972100
1,Sauter,1139.980469,-1.837600,-0.405100,-1.649000
1,Sauter,1149.996094,-2.090200,-0.839700,-2.325900
1,Sauter,1160.007813,-2.074100,-1.250400,-2.805600
1,Sauter,1169.984375,-1.944300,-1.728700,-3.111700
1,Sauter,1179.996094,-1.592700,-2.012100,-3.247600
1,Sauter,1190.011719,-1.476000,-2.520000,-3.137800
1,Sauter,1199.988281,-1.403400,-2.817500,-3.414200
1,Sauter,1210.000000,-1.177100,-3.061600,-3.568900
1,Sauter,1219.980469,-1.102100,-3.143100,-3.714700
1,Sauter,1229.992188,-1.395300,-3.023200,-3.859300
1,Sauter,1240.003906,-1.652600,-2.973100,-4.051200
1,Sauter,1249.996094,-1.895900,-2.737900,-4.392600
1,Sauter,1259.992188,-2.081100,-2.563800,-4.519000
1,Sauter,1270.003906,-2.163800,-2.341800,-4.538100
1,Sauter,1279.984375,-2.254600,-2.034900,-4.564500
1,Sauter,1289.992188,-2.125100,-1.829000,-4.446600
1,Sauter,1300.003906,-1.741200,-1.686200,-4.331700
1,Sauter,1309.988281,-1.465400,-1.562100,-4.255000
1,Sauter,1319.996094,-1.333500,-1.488200,-4.026700
1,Sauter,1330.007813,-0.909300,-1.331400,-3.846700
1,Sauter,1339.988281,-0.623800,-1.201000,-3.532700
1,Sauter,1350.000000,-0.218600,-0.737500,-3.089900
1,Sauter,1360.011719,0.230800,-0.446000,-2.612400
1,Sauter,1370.003906,0.605900,-0.242500,-2.158500
1,Sauter,1380.000000,0.689700,-0.053800,-1.655700
1,Sauter,1389.980469,0.689800,0.149500,-1.561300
1,Sauter,1399.992188,0.531700,0.368200,-1.415600
1,Sauter,1410.003906,0.202600,0.790700,-1.103100
1,Sauter,1419.980469,0.044900,0.864800,-1.001900
1,Sauter,1429.992188,-0.052400,0.902300,-0.799900
1,Sauter,1440.003906,-0.289200,0.784000,-0.489700
1,Sauter,1449.984375,-0.662000,0.512500,-0.286800
1,Sauter,1459.996094,-0.857400,0.243100,-0.067800
1,Sauter,1470.007813,-1.004000,-0.024100,-0.057800
1,Sauter,1479.988281,-1.048200,-0.363700,-0.097900
1,Sauter,1490.015625,-0.952900,-0.539900,-0.035900
1,Sauter,1500.007813,-0.837300,-0.669400,0.040800
1,Sauter,1509.988281,-0.624600,-0.714600,0.141700
1,Sauter,1520.000000,-0.539800,-0.561200,0.120000
1,Sauter,1529.976563,-0.467800,-0.483300,0.053200
1,Sauter,1539.988281,-0.473500,-0.287900,-0.013100
1,Sauter,1550.003906,-0.544300,-0.212300,-0.119100
1,Sauter,1559.980469,-0.531600,-0.058900,-0.265600
1,Sauter,1569.992188,-0.519900,0.095100,-0.220100
1,Sauter,1580.003906,-0.422300,0.132200,-0.070100
1,Sauter,1589.984375,-0.209500,0.130400,-0.116100
1,Sauter,1599.996094,-0.069700,0.167400,-0.008400
1,Sauter,1610.023438,0.230200,0.203200,-0.051900
1,Sauter,1619.984375,0.269100,0.236700,-0.013900
1,Sauter,1630.000000,0.196600,0.071900,-0.083700
1,Sauter,1640.003906,0.278400,-0.129900,-0.008400
1,Sauter,1649.988281,0.314300,-0.214000,-0.317700
1,Sauter,1659.996094,0.221800,-0.335800,-0.273800
1,Sauter,1670.007813,0.088900,-0.495700,-0.236000
1,Sauter,1679.992188,-0.042200,-0.421100,-0.311100
1,Sauter,1690.000000,-0.139400,-0.307700,-0.338000
1,Sauter,1699.980469,-0.208800,-0.035700,-0.131300
1,Sauter,1709.988281,-0.247100,0.001100,-0.114300
1,Sauter,1720.003906,-0.178400,0.157000,-0.135900
1,Sauter,1730.000000,-0.154100,0.039300,-0.159700
1,Sauter,1739.992188,-0.167300,-0.078800,-0.181700
1,Sauter,1750.007813,-0.139400,-0.158100,-0.162900
1,Sauter,1759.984375,-0.030700,-0.355700,-0.179400
1,Sauter,1769.996094,-0.037400,-0.357300,-0.159200
1,Sauter,1780.007813,0.184500,-0.358000,-0.255300
1,Sauter,1789.988281,0.358700,-0.317600,-0.199900
1,Sauter,1800.000000,0.296600,-0.158900,-0.188000
1,Sauter,1810.007813,0.386500,-0.038100,-0.220200
1,Sauter,1819.988281,0.320400,-0.034600,-0.099300
1,Sauter,1830.000000,0.145000,-0.111500,-0.128100
1,Sauter,1839.980469,-0.016300,-0.150600,-0.044300
1,Sauter,1850.007813,-0.054000,-0.113000,-0.109700
1,Sauter,1860.000000,-0.116900,-0.077300,-0.098300
1,Sauter,1869.984375,-0.177300,-0.159800,-0.085900
1,Sauter,1880.031250,-0.352300,-0.360400,-0.189800
1,Sauter,1890.003906,-0.366700,-0.444600,-0.285200
1,Sauter,1899.980469,-0.378100,-0.331200,-0.124200
1,Sauter,1909.992188,-0.240700,-0.216600,-0.042200
1,Sauter,1920.003906,-0.150700,-0.140300,-0.036000
1,Sauter,1929.984375,-0.107900,-0.062500,0.004700
1,Sauter,1939.996094,-0.071700,-0.022600,0.042100
1,Sauter,1950.007813,-0.004200,-0.060600,0.122200
1,Sauter,1959.988281,-0.092600,-0.098900,0.048300
1,Sauter,1970.015625,-0.250300,-0.020000,0.201500
1,Sauter,1980.011719,-0.136600,-0.137100,0.083200
1,Sauter,1989.988281,-0.215700,-0.215700,-0.031700
1,Sauter,2000.003906,-0.139100,-0.215900,-0.066300
1,Sauter,2009.980469,-0.135000,-0.177600,-0.062400
1,Sauter,2019.992188,-0.092700,-0.100200,-0.095800
1,Sauter,2030.000000,-0.081100,-0.258200,0.017300
1,Sauter,2039.984375,-0.061500,-0.221000,0.089700
1,Sauter,2049.996094,-0.081800,-0.183600,0.083100
1,Sauter,2060.003906,-0.058100,-0.067600,0.187800
1,Sauter,2069.988281,-0.185800,0.086100,0.142600
1,Sauter,2079.996094,-0.312600,0.200500,0.060500
1,Sauter,2090.023438,-0.326800,0.119100,0.059900
1,Sauter,2099.984375,-0.190300,0.156500,0.056200
1,Sauter,2109.996094,0.088100,0.038300,-0.060700
1,Sauter,2120.007813,0.239200,-0.079200,-0.173200
1,Sauter,2129.988281,0.526500,-0.351200,-0.285600
1,Sauter,2140.000000,0.686600,-0.464300,-0.247500
1,Sauter,2149.980469,0.497400,-0.538900,-0.167900
1,Sauter,2159.992188,0.356200,-0.536100,-0.126500
1,Sauter,2170.003906,0.410900,-0.493800,-0.086800
1,Sauter,2179.980469,0.388100,-0.491400,-0.198100
1,Sauter,2189.992188,0.329300,-0.450000,-0.114800
1,Sauter,2200.003906,0.425400,-0.526200,-0.069300
1,Sauter,2210.000000,0.438600,-0.523000,-0.103600
1,Sauter,2219.996094,0.293400,-0.402200,-0.016800
1,Sauter,2230.003906,0.309700,-0.281200,0.100500
1,Sauter,2239.984375,0.246300,-0.316300,0.095600
1,Sauter,2249.996094,0.262400,-0.391100,-0.024000
1,Sauter,2260.007813,0.352500,-0.308100,0.011700
