1,Sauter,0.000000,-0.078348,-5.302283,-0.092429,-2.203995,-0.703705,0.709717
1,Sauter,10.986328,-0.374456,-4.587655,1.003416,-2.506989,-0.317642,0.745132
1,Sauter,20.080078,-0.392569,-4.111941,1.344862,-2.728119,0.065948,0.746368
1,Sauter,30.183594,-0.502865,-3.747478,0.993170,-2.794083,0.353058,0.756134
1,Sauter,40.251953,-0.577948,-3.351624,0.374290,-2.811188,0.475235,0.778122
1,Sauter,50.322266,-0.427760,-2.790814,-0.030947,-2.897919,0.384827,0.792786
1,Sauter,60.363281,-0.217708,-1.849980,-0.200161,-2.955353,0.089172,0.767136
1,Sauter,70.433594,-0.113443,-1.389084,-0.211228,-2.818527,-0.177139,0.695038
1,Sauter,80.781250,-0.627088,-1.428841,0.078149,-2.580276,-0.232117,0.676712
1,Sauter,90.607422,-1.238230,-1.383538,0.733727,-2.447128,-0.160049,0.780563
1,Sauter,100.677734,-1.323364,-1.084071,1.675282,-2.443451,-0.089188,0.921051
1,Sauter,110.839844,-1.002315,-0.212746,2.816555,-2.382355,-0.014664,0.993149
1,Sauter,120.849609,0.334121,0.424595,3.669334,-2.279739,0.091614,0.993149
1,Sauter,130.888672,0.908646,0.455096,3.901429,-2.327377,0.083069,0.976028
1,Sauter,140.992188,1.349935,1.115514,4.078033,-2.334717,-0.124619,0.967499
1,Sauter,151.000000,1.727482,1.739779,5.140621,-2.026840,-0.343307,0.894180
1,Sauter,161.072266,2.015097,1.887365,6.297118,-1.666428,-0.465485,0.754898
1,Sauter,171.142578,2.239619,2.442934,7.519728,-1.473389,-0.465485,0.754898
1,Sauter,181.244141,2.366413,3.409408,8.800424,-1.473389,-0.673172,0.680389
1,Sauter,191.345703,2.840329,4.485253,9.736996,-1.143539,-0.781906,0.591202
1,Sauter,201.447266,3.561203,5.370077,10.375040,-0.629181,-0.757477,0.449463
1,Sauter,211.457031,4.030976,6.140715,11.197308,-0.226013,-0.739151,0.272324
1,Sauter,221.527344,4.275700,6.950285,12.123997,-0.028091,-0.668289,0.079300
1,Sauter,231.597656,4.358295,7.456347,12.655090,0.178345,-0.554657,-0.121048
1,Sauter,241.638672,4.107494,7.470596,12.979458,0.423920,-0.399506,-0.300644
1,Sauter,251.769531,3.898316,6.874832,12.961096,0.734238,-0.213791,-0.448486
1,Sauter,261.808594,3.771502,6.254968,12.524179,1.082428,-0.032990,-0.544998
1,Sauter,272.705078,3.570594,5.953602,12.167685,1.428192,0.101379,-0.569427
1,Sauter,281.982422,3.831419,5.797886,12.308263,1.772705,0.210129,-0.571869
1,Sauter,292.023438,4.222174,5.863736,12.533685,2.061035,0.257782,-0.620743
1,Sauter,302.062500,4.306967,6.318067,12.486538,2.384781,0.180801,-0.694031
1,Sauter,312.132813,4.199961,6.984051,12.289015,2.758636,0.140472,-0.723358
1,Sauter,322.236328,3.917839,7.625012,11.810798,3.088501,0.239456,-0.713593
1,Sauter,332.306641,3.542377,8.029961,11.188199,3.359726,0.343292,-0.637848
1,Sauter,342.498047,3.075668,8.438042,10.323510,3.562531,0.473999,-0.558426
1,Sauter,352.478516,2.571960,8.707763,9.147047,3.666397,0.649948,-0.516891
1,Sauter,362.517578,2.153144,8.409142,7.542646,3.679810,0.814880,-0.522995
1,Sauter,372.648438,1.783477,7.920576,5.544199,3.665161,0.954147,-0.540115
1,Sauter,382.660156,1.011416,7.368197,3.396513,3.617508,1.082428,-0.449692
1,Sauter,392.701172,0.165733,6.595387,1.727947,3.519775,1.238815,-0.332413
1,Sauter,402.802734,-0.309767,5.136393,0.435903,3.467239,1.374435,-0.320190
1,Sauter,412.841797,-0.571241,3.111249,-0.270043,3.531998,1.374435,-0.320190
1,Sauter,422.972656,-1.027954,0.806849,-0.534577,3.531998,1.390305,-0.435043
1,Sauter,433.044922,-0.973377,-1.795264,-0.535960,3.749466,1.349991,-0.599976
1,Sauter,443.083984,-0.166689,-5.089991,-0.814197,3.963257,1.434296,-0.907837
1,Sauter,453.156250,0.814512,-8.923602,-2.413018,3.893616,1.527145,-1.292694
1,Sauter,463.226563,1.160812,-11.801585,-3.819030,3.391495,1.566238,-1.562683
1,Sauter,473.267578,0.968961,-14.183560,-5.910866,2.608353,1.704285,-1.593231
1,Sauter,483.337891,1.183293,-15.866608,-9.192072,2.109909,1.521042,-1.315903
1,Sauter,493.437500,1.420516,-15.504026,-12.290751,1.900986,0.536331,-0.755127
1,Sauter,503.541016,1.698220,-12.932004,-12.885921,1.551575,-0.889420,-0.051407
1,Sauter,513.611328,1.380273,-10.311051,-8.840457,0.791656,-1.478287,0.389603
1,Sauter,523.681641,0.129431,-7.679733,-4.539022,0.041519,-0.961487,0.566757
1,Sauter,534.453125,-0.802006,-5.783411,-3.314014,-0.061096,-0.384842,0.618073
1,Sauter,543.853516,-0.962855,-5.117171,-3.182210,0.087952,-0.162491,0.519119
1,Sauter,553.833984,-1.021561,-5.841494,-2.328426,-0.052536,0.069626,0.323639
1,Sauter,563.933594,-0.769186,-6.819819,-1.068114,-0.384842,0.404373,0.148941
1,Sauter,573.974609,-0.083695,-7.755572,0.044192,-0.637741,0.755020,-0.023315
1,Sauter,584.107422,0.387878,-9.313004,0.552048,-0.583984,1.064102,-0.091736
1,Sauter,594.177734,0.093186,-10.651092,0.106034,-0.252899,1.247375,0.049973
1,Sauter,604.216797,-0.493701,-11.440118,-0.419771,0.086731,1.331665,0.262543
1,Sauter,614.320313,-1.035807,-11.369194,-0.834037,0.266327,1.373199,0.367615
1,Sauter,624.359375,-1.571865,-10.596264,-1.143819,0.301743,1.354874,0.323639
1,Sauter,634.431641,-1.972652,-9.572173,-1.520688,0.271210,1.232697,0.177032
1,Sauter,644.470703,-2.325019,-8.786551,-2.091235,0.211349,0.994476,-0.035522
1,Sauter,654.541016,-2.778936,-8.336976,-2.721147,0.127045,0.994476,-0.227356
1,Sauter,664.642578,-2.998270,-8.261548,-3.120090,0.001221,0.763565,-0.227356
1,Sauter,674.712891,-2.935551,-8.479243,-3.311526,0.001221,0.625504,-0.403275
1,Sauter,684.814453,-2.632195,-8.891955,-3.173694,-0.131943,0.518005,-0.499786
1,Sauter,694.855469,-2.337893,-9.479955,-3.256259,-0.194244,0.427582,-0.466812
1,Sauter,704.925781,-1.807777,-9.908542,-3.483901,-0.177155,0.307861,-0.382507
1,Sauter,714.996094,-1.364647,-10.080521,-3.653263,-0.175919,0.113602,-0.293320
1,Sauter,725.097656,-1.129140,-10.036036,-3.604604,-0.171036,-0.150269,-0.177261
1,Sauter,735.136719,-0.986306,-9.853753,-3.318863,-0.175919,-0.375061,-0.107620
1,Sauter,745.208984,-0.915363,-9.455890,-2.718825,-0.211365,-0.513123,-0.095398
1,Sauter,755.279297,-0.968858,-9.097459,-1.983771,-0.268784,-0.516785,-0.127167
1,Sauter,765.382813,-0.944225,-8.680558,-1.626248,-0.337189,-0.443481,-0.200470
1,Sauter,775.451172,-0.796766,-8.381461,-1.608499,-0.432495,-0.378738,-0.312866
1,Sauter,785.492188,-0.757230,-8.395445,-2.283901,-0.519241,-0.333527,-0.388611
1,Sauter,796.234375,-0.843090,-8.603717,-3.028460,-0.597427,-0.375061,-0.378830
1,Sauter,805.603516,-0.871082,-8.693432,-3.753085,-0.718369,-0.488693,-0.282333
1,Sauter,815.673828,-0.668837,-8.506101,-4.194879,-0.904083,-0.687820,-0.162582
1,Sauter,825.806641,-0.245799,-8.158719,-4.140743,-1.152084,-0.930954,-0.088058
1,Sauter,835.876953,0.005591,-7.728726,-3.635536,-1.419647,-1.103226,-0.064850
1,Sauter,845.917969,0.324935,-7.254378,-3.173216,-1.649338,-1.148407,-0.055084
1,Sauter,856.017578,0.579434,-6.617746,-2.773756,-1.894882,-1.122757,-0.002563
1,Sauter,866.119141,0.652326,-5.603293,-2.376880,-2.302948,-1.080002,0.167267
1,Sauter,876.099609,0.674725,-4.521707,-0.658025,-2.917480,-1.032349,0.461700
1,Sauter,886.167969,0.497928,-2.229402,2.046417,-3.591873,-0.871094,0.951614
1,Sauter,896.240234,0.520633,0.966633,3.611745,-3.911957,-0.871094,1.549026
1,Sauter,906.341797,2.489258,4.226726,6.168622,-4.007263,-0.957840,1.549026
1,Sauter,916.412109,3.543097,9.499918,12.328346,-4.007263,-1.622437,2.140335
1,Sauter,926.513672,2.477277,14.862366,17.013618,-3.948608,-1.441635,2.200195
1,Sauter,936.523438,2.373301,16.828545,13.372126,-3.478256,-0.072083,1.529480
1,Sauter,946.595703,3.875004,15.720329,7.602829,-2.296844,0.467911,0.680389
1,Sauter,956.695313,3.372076,13.771243,4.738733,-1.503952,-0.282211,0.038971
1,Sauter,966.734375,2.223855,11.669400,10.087543,-1.412323,-1.182617,-0.179703
1,Sauter,976.806641,1.069841,11.343955,18.176533,-2.265076,-0.649963,-0.136932
1,Sauter,986.908203,0.990301,12.155991,18.726202,-3.251007,0.581528,-0.063629
1,Sauter,997.007813,3.517715,11.634180,14.312646,-2.454453,0.557098,0.001114
1,Sauter,1007.050781,4.562941,9.503048,12.223005,-1.109329,-0.046432,-0.201675
1,Sauter,1017.089844,4.222921,7.160149,11.972012,-0.635300,-0.287094,-0.273773
1,Sauter,1027.162109,3.633152,5.568104,11.624611,-0.365295,-0.205261,-0.036758
1,Sauter,1037.261719,3.444142,4.584978,9.821346,0.019531,-0.019547,0.224686
1,Sauter,1047.332031,3.675525,4.410495,7.790515,0.313965,0.010971,0.296753
1,Sauter,1058.013672,3.429811,4.491952,6.552040,0.409271,-0.068420,0.233215
1,Sauter,1067.505859,2.735284,5.051311,6.444879,0.463013,-0.109955,0.175797
1,Sauter,1077.544922,1.865916,5.856675,6.679280,0.601074,0.032974,0.078064
1,Sauter,1087.646484,0.890351,6.593461,6.489371,0.801437,0.191803,-0.117386
1,Sauter,1097.716797,0.525023,7.236398,5.292499,1.105637,0.139267,-0.386169
1,Sauter,1107.728516,0.162260,7.407404,3.921701,1.446518,-0.073303,-0.656174
1,Sauter,1117.796875,-0.342781,6.848135,3.053846,1.667648,-0.206467,-0.792999
1,Sauter,1127.867188,-0.624970,5.624723,2.607317,1.819138,-0.174698,-0.766129
1,Sauter,1137.970703,-0.629812,4.433278,2.063241,1.941315,-0.048874,-0.658615
1,Sauter,1148.041016,-0.301910,3.378558,1.375602,2.014618,-0.048874,-0.658615
1,Sauter,1158.140625,-0.228875,2.325029,0.601840,2.014618,0.051300,-0.555984
1,Sauter,1168.181641,-0.196171,1.355848,0.166327,2.045151,0.064743,-0.488785
1,Sauter,1178.283203,-0.186435,0.432111,-0.068649,2.062256,0.087952,-0.453369
1,Sauter,1188.292969,-0.141067,-0.504224,-0.222237,2.079361,0.129486,-0.443573
1,Sauter,1198.363281,-0.212963,-1.533187,-0.468882,2.094025,0.182007,-0.475342
1,Sauter,1208.435547,-0.320348,-2.517318,-0.555522,2.117233,0.250427,-0.499786
1,Sauter,1218.505859,-0.324204,-3.457000,-0.678171,2.144119,0.381165,-0.514450
1,Sauter,1228.636719,-0.262883,-4.196330,-0.933454,2.128235,0.547318,-0.515671
1,Sauter,1238.679688,-0.078242,-4.635289,-1.111240,2.079361,0.635269,-0.497345
1,Sauter,1248.748047,0.109830,-4.950107,-1.329959,2.045151,0.612061,-0.444809
1,Sauter,1258.818359,0.177171,-5.355477,-1.354883,2.002380,0.555862,-0.372726
1,Sauter,1268.859375,0.099052,-5.713972,-1.479488,1.921753,0.532654,-0.284775
1,Sauter,1278.929688,-0.145037,-5.868976,-1.607119,1.826462,0.499680,-0.189468
1,Sauter,1289.001953,-0.379454,-5.800622,-1.682642,1.736053,0.452026,-0.099060
1,Sauter,1299.103516,-0.467675,-5.568709,-1.608479,1.667648,0.392166,-0.055084
1,Sauter,1309.203125,-0.388394,-5.076853,-1.423435,1.638321,0.328629,-0.064850
1,Sauter,1319.916016,-0.292814,-4.643246,-1.389158,1.630997,0.284637,-0.122269
1,Sauter,1329.314453,-0.295958,-4.241318,-1.160840,1.600433,0.294418,-0.178467
1,Sauter,1339.384766,-0.273687,-3.938743,-1.119358,1.533249,0.298080,-0.198029
1,Sauter,1349.425781,-0.228507,-3.829191,-1.239310,1.444077,0.206451,-0.201675
1,Sauter,1359.496094,-0.026979,-3.520456,-1.345728,1.359772,0.045181,-0.211472
1,Sauter,1369.628906,-0.003911,-3.071879,-1.242702,1.270569,-0.056198,-0.205353
1,Sauter,1379.669922,-0.276791,-2.659746,-0.913340,1.172852,-0.019547,-0.171143
1,Sauter,1389.740234,-0.551427,-2.069138,-0.475782,1.040894,-0.019547,-0.171143
1,Sauter,1399.873047,-0.689675,-1.535336,0.028130,1.040894,0.109940,-0.130829
1,Sauter,1409.880859,-0.770143,-1.098084,0.444142,0.880844,0.311523,-0.127167
1,Sauter,1419.953125,-0.967750,-0.581420,0.732868,0.715912,0.538773,-0.139374
1,Sauter,1429.992188,-1.259809,-0.219660,0.689422,0.580307,0.772110,-0.127167
1,Sauter,1440.062500,-1.157332,0.221801,0.237966,0.481339,0.894287,-0.106400
1,Sauter,1450.134766,-0.546359,1.133561,-0.812476,0.379944,0.784332,-0.116165
1,Sauter,1460.173828,-0.329059,1.379305,-0.833390,0.294418,0.480118,-0.141815
1,Sauter,1470.304688,-0.210617,1.253688,-0.646157,0.217438,0.107498,-0.144257
1,Sauter,1480.376953,-0.094813,0.894485,-0.171265,0.145370,-0.234558,-0.085617
1,Sauter,1490.447266,-0.024952,0.419877,0.200118,0.023193,-0.431274,0.004761
1,Sauter,1500.488281,0.034525,0.045919,0.817341,-0.117279,-0.483810,0.087845
1,Sauter,1511.718750,0.004483,-0.403214,1.264279,-0.212570,-0.361633,0.142822
1,Sauter,1520.628906,0.029471,-0.732433,1.347434,-0.235779,-0.097733,0.166031
1,Sauter,1530.669922,0.226683,-0.883456,1.206158,-0.179596,0.190567,0.164810
1,Sauter,1540.802734,0.366376,-0.721037,1.005620,-0.091629,0.386047,0.126938
1,Sauter,1550.871094,0.510448,-0.383863,0.830335,0.013428,0.481354,0.037766
1,Sauter,1560.974609,0.427410,-0.010003,0.702967,0.141693,0.461792,-0.092957
1,Sauter,1571.044922,0.160398,0.301945,0.665611,0.254089,0.379929,-0.212677
1,Sauter,1581.480469,-0.249743,0.454043,0.602463,0.318848,0.289536,-0.295761
1,Sauter,1591.125000,-0.534235,0.447842,0.469323,0.315186,0.204010,-0.327530
1,Sauter,1601.197266,-0.655470,0.225586,0.282865,0.262650,0.068405,-0.309204
1,Sauter,1611.298828,-0.698519,-0.073947,0.095101,0.175903,-0.078186,-0.261566
1,Sauter,1621.398438,-0.746219,-0.215101,-0.039429,0.101379,-0.160049,-0.196793
1,Sauter,1631.468750,-0.663699,-0.354568,0.092905,0.046402,-0.160049,-0.196793
1,Sauter,1641.509766,-0.565515,-0.355798,0.238189,0.046402,-0.168594,-0.140610
1,Sauter,1651.580078,-0.372578,-0.239134,0.282542,0.032959,-0.109955,-0.101501
1,Sauter,1661.683594,-0.165077,-0.044114,0.365049,0.062286,-0.045197,-0.078293
1,Sauter,1671.691406,0.097959,0.209280,0.467253,0.096497,0.015854,-0.059967
1,Sauter,1681.763672,0.182804,0.422750,0.493771,0.135590,0.031738,-0.052643
1,Sauter,1691.833984,0.031740,0.478941,0.406274,0.156372,-0.026871,-0.046524
1,Sauter,1701.964844,-0.139352,0.495618,0.420077,0.134369,-0.096512,-0.040421
1,Sauter,1712.037109,-0.291682,0.355818,0.473230,0.087952,-0.133163,-0.011108
1,Sauter,1722.076172,-0.387202,0.216827,0.503560,0.006104,-0.133163,0.003555
1,Sauter,1732.146484,-0.387035,0.059328,0.429648,-0.053757,-0.131943,0.001114
1,Sauter,1742.187500,-0.309230,0.000715,0.524850,-0.085526,-0.141724,0.003555
1,Sauter,1752.257813,-0.153408,-0.116045,0.693472,-0.073303,-0.129501,0.005997
1,Sauter,1762.330078,-0.115604,-0.193256,0.938913,-0.028091,-0.094070,0.010880
1,Sauter,1773.285156,-0.136913,-0.133519,0.951357,0.031754,-0.008545,0.019440
1,Sauter,1782.531250,-0.099276,-0.133109,0.929881,0.052521,0.103836,0.014542
1,Sauter,1792.572266,0.056209,0.043022,0.755418,0.026871,0.134369,-0.003769
1,Sauter,1802.683594,0.134861,0.238232,0.619817,0.053741,0.089172,-0.040421
1,Sauter,1812.753906,-0.018740,0.217566,0.660747,0.135590,0.042740,-0.059967
1,Sauter,1822.763672,-0.404336,0.176712,0.531242,0.166138,0.029297,-0.045319
1,Sauter,1832.865234,-0.749827,0.057194,0.251511,0.122162,-0.004898,-0.022095
1,Sauter,1843.300781,-0.822575,0.094628,0.011569,0.040298,-0.076965,-0.035522
1,Sauter,1852.976563,-0.681106,0.230494,0.000118,-0.009766,-0.146606,-0.067291
1,Sauter,1863.046875,-0.538216,0.288157,0.197985,-0.031769,-0.163696,-0.091736
1,Sauter,1873.177734,-0.334502,0.169744,0.450670,-0.048859,-0.163696,-0.091736
1,Sauter,1883.218750,-0.091058,0.110424,0.681241,-0.048859,-0.125839,-0.102722
1,Sauter,1893.289063,0.172072,0.090420,0.675456,-0.061096,-0.092850,-0.108841
1,Sauter,1903.392578,0.259656,0.011805,0.747081,-0.087967,-0.102631,-0.097839
1,Sauter,1913.400391,0.288104,-0.144678,0.738279,-0.081863,-0.097733,-0.050201
1,Sauter,1923.501953,0.137473,-0.183109,0.630568,-0.051315,-0.024429,0.007202
1,Sauter,1933.542969,0.040920,-0.162598,0.466110,-0.041534,0.073288,0.034088
1,Sauter,1943.673828,-0.039322,-0.005132,0.381832,-0.050095,0.135590,0.014542
1,Sauter,1953.744141,-0.118969,0.171515,0.434336,-0.064743,0.151474,-0.034317
1,Sauter,1963.816406,-0.133981,0.400553,0.536280,-0.047653,0.149033,-0.056305
1,Sauter,1973.916016,-0.067953,0.374866,0.463026,0.062286,0.130707,-0.058746
1,Sauter,1983.896484,-0.156248,0.194666,0.223846,0.133148,0.108719,-0.061188
1,Sauter,1993.998047,-0.146516,0.055166,0.094248,0.122162,0.075729,-0.068527
1,Sauter,2004.039063,0.036805,0.014144,-0.165101,0.080612,-0.042755,-0.069733
1,Sauter,2014.109375,0.178257,-0.064521,-0.190883,0.053741,-0.177139,-0.072189
1,Sauter,2024.240234,0.084988,-0.276575,0.051049,0.073288,-0.219910,-0.059967
1,Sauter,2035.197266,-0.142625,-0.465823,0.289648,0.095276,-0.166153,-0.030640
1,Sauter,2044.382813,-0.253406,-0.536110,0.409099,0.080612,-0.097733,0.005997
1,Sauter,2054.421875,-0.152690,-0.335152,0.392403,0.047638,-0.043991,0.016998
1,Sauter,2064.525391,-0.055491,-0.098637,0.469768,0.012192,0.029297,0.027969
1,Sauter,2074.533203,-0.037578,0.153578,0.464938,-0.006119,0.111160,0.025528
1,Sauter,2084.605469,-0.058267,0.286120,0.379999,-0.023209,0.178360,0.029205
1,Sauter,2094.675781,-0.097288,0.300920,0.313613,-0.039093,0.213776,0.026764
1,Sauter,2104.990234,0.134744,0.431336,0.053461,-0.059860,0.212570,0.046295
1,Sauter,2114.878906,0.246581,0.482635,0.008077,-0.080627,0.212570,0.046295
1,Sauter,2124.917969,0.085544,0.379045,0.289151,-0.080627,0.112381,0.081741
1,Sauter,2135.019531,0.002087,0.161674,0.506825,-0.052536,-0.068420,0.158707
1,Sauter,2145.029297,-0.067541,-0.051903,0.568798,0.036636,-0.142929,0.257660
1,Sauter,2155.099609,0.085321,-0.126966,0.404819,0.091614,-0.128281,0.297989
1,Sauter,2165.171875,0.093398,-0.143187,0.231685,0.068405,-0.122162,0.269882
1,Sauter,2175.242188,0.023695,-0.236302,0.236587,-0.003677,-0.108734,0.195358
1,Sauter,2185.373047,-0.097606,-0.231206,0.313793,-0.042770,-0.020782,0.150146
1,Sauter,2195.445313,-0.055991,-0.129572,0.306672,-0.039093,0.092834,0.130600
1,Sauter,2205.515625,-0.010849,-0.010348,0.335812,-0.012207,0.152710,0.125717
1,Sauter,2215.556641,0.074235,0.145234,0.211099,0.020752,0.152710,0.113495
1,Sauter,2225.656250,0.101117,0.432885,0.264816,0.019531,0.100159,0.073181
1,Sauter,2235.666016,0.014288,0.445415,0.280795,0.002426,0.012207,0.010880
1,Sauter,2245.738281,-0.066738,0.399602,0.373248,-0.018326,-0.043991,-0.030640
1,Sauter,2255.837891,-0.122653,0.257942,0.424200,-0.043976,-0.047638,-0.050201
1,Sauter,2265.908203,-0.078458,0.137962,0.433616,-0.067200,-0.032990,-0.042862
1,Sauter,2276.011719,-0.053619,0.000900,0.421093,-0.072083,-0.002457,-0.031876
1,Sauter,2286.082031,0.027980,-0.056505,0.368670,-0.054977,0.040298,-0.004990
1,Sauter,2296.853516,0.068277,-0.112840,0.239861,-0.028091,0.050064,0.015762
1,Sauter,2306.193359,0.067087,-0.187652,0.251019,-0.008560,0.058624,0.034088
1,Sauter,2316.232422,0.025491,-0.203451,0.263915,-0.007324,0.068405,0.043854
1,Sauter,2326.304688,-0.074576,-0.083989,0.238999,-0.014648,0.058624,0.041412
1,Sauter,2336.404297,-0.115489,-0.024300,0.291327,-0.022003,0.057404,0.024323
1,Sauter,2346.505859,-0.154783,0.034393,0.284228,-0.045212,0.046417,-0.008667
1,Sauter,2356.578125,-0.248847,0.053525,0.275772,-0.058640,0.035416,-0.033081
1,Sauter,2366.708984,-0.203583,0.072348,0.227097,-0.065979,0.035416,-0.033081
1,Sauter,2376.658203,-0.177237,0.090901,0.139786,-0.065979,-0.001221,-0.039200
