1,Sauter,0.000000,-0.481700,-3.143500,-0.736900
1,Sauter,9.976563,-0.645500,-3.420700,-0.694600
1,Sauter,19.992188,-1.144400,-3.818000,-0.623900
1,Sauter,30.000000,-1.429800,-4.061100,-0.403800
1,Sauter,39.992188,-1.445700,-4.301900,-0.157600
1,Sauter,49.992188,-1.337400,-4.307000,0.268000
1,Sauter,60.000000,-1.414500,-4.153600,1.006700
1,Sauter,69.984375,-1.487200,-4.427700,1.661300
1,Sauter,80.000000,-1.742900,-5.167600,2.340200
1,Sauter,90.007813,-1.912100,-5.702300,3.000000
1,Sauter,99.984375,-1.554100,-6.142000,3.412500
1,Sauter,109.992188,-0.945700,-5.856600,3.587700
1,Sauter,120.007813,-0.367500,-5.584100,3.829200
1,Sauter,129.984375,-0.035200,-5.161400,4.440000
1,Sauter,139.992188,0.510100,-4.944400,4.208200
1,Sauter,149.984375,1.093700,-4.717100,2.851100
1,Sauter,160.007813,1.714700,-4.285800,1.814800
1,Sauter,170.000000,1.810900,-3.937200,2.199300
1,Sauter,179.976563,2.122800,-4.037000,3.106900
1,Sauter,189.992188,2.641600,-3.873800,3.973000
1,Sauter,200.000000,3.002500,-2.990000,4.828300
1,Sauter,209.976563,3.164500,-1.658400,5.518800
1,Sauter,219.992188,5.121700,0.731900,6.486600
1,Sauter,230.007813,4.748000,1.847300,7.338000
1,Sauter,239.984375,4.916000,3.153900,8.017500
1,Sauter,250.000000,5.302200,4.909100,9.000000
1,Sauter,260.007813,5.635600,6.733700,10.456699
1,Sauter,269.984375,5.786200,8.806700,11.417999
1,Sauter,280.015625,6.016900,10.201300,11.754000
1,Sauter,289.976563,5.948000,10.823400,12.262500
1,Sauter,299.984375,5.964600,11.269300,12.586599
1,Sauter,310.000000,6.279900,10.892500,12.839000
1,Sauter,319.984375,6.309000,9.846300,12.432300
1,Sauter,329.992188,6.289100,8.525599,12.540800
1,Sauter,340.000000,6.109200,7.286200,12.845699
1,Sauter,349.976563,5.628500,6.583600,12.526199
1,Sauter,359.992188,4.276600,7.337000,11.235000
1,Sauter,370.000000,2.797400,9.171400,9.183800
1,Sauter,379.976563,1.718900,11.601200,5.806600
1,Sauter,390.000000,-0.184100,14.010200,3.321200
1,Sauter,400.023438,-1.319400,15.552400,-0.507500
1,Sauter,409.984375,-1.975000,15.122000,-3.928300
1,Sauter,420.000000,-1.826300,12.974400,-6.158400
1,Sauter,430.007813,-1.506300,8.266300,-7.646000
1,Sauter,439.984375,-1.364400,2.767400,-8.949800
1,Sauter,450.000000,-0.942200,-2.849700,-10.229799
1,Sauter,459.976563,-0.670500,-7.448700,-10.861000
1,Sauter,469.984375,-1.435900,-10.147699,-11.009200
1,Sauter,480.000000,-2.091900,-11.083700,-11.030399
1,Sauter,489.984375,-2.123000,-10.081300,-11.256599
1,Sauter,499.992188,-1.880800,-8.206300,-11.127700
1,Sauter,510.000000,-1.681800,-6.442700,-10.710700
1,Sauter,520.000000,-2.179700,-4.978200,-10.016300
1,Sauter,529.992188,-2.926800,-4.164900,-9.322599
1,Sauter,540.000000,-3.191500,-3.848200,-8.605100
1,Sauter,549.984375,-3.177900,-4.410100,-7.896000
1,Sauter,560.000000,-2.693300,-5.962400,-7.059700
1,Sauter,570.007813,-2.169400,-7.822100,-5.937200
1,Sauter,579.984375,-1.904800,-9.560400,-4.786700
1,Sauter,590.000000,-1.987600,-10.807700,-3.474300
1,Sauter,599.976563,-2.087200,-11.272699,-2.103300
1,Sauter,609.984375,-2.434300,-11.183599,-0.605100
1,Sauter,620.000000,-2.996800,-10.364699,1.107100
1,Sauter,629.984375,-3.168700,-9.023100,2.660800
1,Sauter,640.007813,-3.499100,-7.654100,4.442300
1,Sauter,650.007813,-3.308000,-6.010000,6.118800
1,Sauter,659.984375,-3.082900,-4.170000,7.845500
1,Sauter,669.992188,-2.832300,-2.512200,8.930799
1,Sauter,680.000000,-2.603800,-1.216900,9.469299
1,Sauter,689.984375,-2.514000,-0.242300,9.831200
1,Sauter,699.992188,-2.242700,0.124800,10.115300
1,Sauter,710.000000,-2.052200,-0.235200,10.190499
1,Sauter,719.992188,-1.999600,-0.950400,10.208899
1,Sauter,730.000000,-2.145400,-1.626000,10.344999
1,Sauter,740.007813,-2.269700,-2.315700,10.055900
1,Sauter,749.984375,-2.377300,-3.211600,9.842500
1,Sauter,760.015625,-2.556000,-3.734300,9.357600
1,Sauter,769.976563,-2.463900,-3.490900,9.098900
1,Sauter,779.984375,-2.028400,-2.984700,9.237000
1,Sauter,790.007813,-1.629900,-2.791600,9.947000
1,Sauter,799.984375,-1.412400,-3.506100,9.918500
1,Sauter,809.992188,-1.302900,-6.645900,5.316100
1,Sauter,820.007813,-0.188600,-5.936100,-1.636100
1,Sauter,829.984375,0.618700,-5.826200,-4.411100
1,Sauter,839.992188,1.264800,-5.775000,-5.045300
1,Sauter,850.000000,0.922700,-0.352500,-5.513100
1,Sauter,859.984375,-0.135700,4.055200,3.146600
1,Sauter,869.992188,0.161000,11.188200,20.125000
1,Sauter,880.031250,0.849100,20.731199,13.820499
1,Sauter,889.992188,1.463700,19.516800,8.871500
1,Sauter,900.000000,2.959800,13.094500,7.088700
1,Sauter,909.976563,4.456800,9.434100,7.672200
1,Sauter,919.984375,6.162200,6.329600,7.359700
1,Sauter,930.000000,7.278700,3.506900,5.731100
1,Sauter,939.976563,6.709800,2.747400,5.139100
1,Sauter,949.984375,4.941200,3.361100,5.072100
1,Sauter,960.000000,2.962100,5.425800,6.147300
1,Sauter,969.984375,1.069100,7.695500,7.535600
1,Sauter,979.992188,0.600900,8.825000,8.530300
1,Sauter,990.007813,1.275600,8.400800,8.501400
1,Sauter,1000.000000,2.185700,7.706300,7.895500
1,Sauter,1009.992188,3.015500,6.861400,6.828000
1,Sauter,1020.007813,3.315800,6.529200,5.883500
1,Sauter,1029.984375,3.033100,6.309700,5.060800
1,Sauter,1040.000000,2.565600,6.077900,4.483900
1,Sauter,1049.976563,1.920300,5.915600,4.262900
1,Sauter,1059.992188,1.718900,5.625000,4.245800
1,Sauter,1070.000000,1.583900,5.142200,4.133100
1,Sauter,1079.976563,1.560500,4.429700,3.763700
1,Sauter,1089.992188,1.418100,3.521800,3.221200
1,Sauter,1100.000000,1.363300,2.655400,2.516600
1,Sauter,1109.984375,1.454200,1.948400,1.815100
1,Sauter,1120.000000,1.209800,1.321500,1.137200
1,Sauter,1130.007813,0.593400,1.186100,0.108300
1,Sauter,1139.984375,-0.303300,0.934400,-0.666400
1,Sauter,1149.992188,-0.968800,0.863200,-1.173500
1,Sauter,1160.007813,-1.191300,0.423100,-1.601000
1,Sauter,1169.984375,-1.312400,-0.102400,-2.042500
1,Sauter,1179.992188,-1.298000,-0.924000,-2.325300
1,Sauter,1190.007813,-1.241200,-1.744600,-2.567400
1,Sauter,1199.984375,-1.145500,-2.391000,-2.732300
1,Sauter,1210.000000,-1.074900,-2.784900,-3.086700
1,Sauter,1219.976563,-0.924800,-3.082900,-3.352300
1,Sauter,1229.992188,-0.737900,-3.261900,-3.600700
1,Sauter,1240.015625,-0.662600,-3.336900,-3.792700
1,Sauter,1249.976563,-1.020100,-3.270400,-3.783700
1,Sauter,1259.992188,-1.218300,-3.334400,-3.970900
1,Sauter,1270.000000,-1.388400,-3.246900,-4.044600
1,Sauter,1279.976563,-1.244400,-2.885800,-4.036100
1,Sauter,1289.992188,-0.996800,-2.452900,-4.204600
1,Sauter,1300.007813,-1.076100,-1.990600,-4.152000
1,Sauter,1309.984375,-1.187700,-1.505900,-3.875400
1,Sauter,1319.992188,-1.324400,-0.967600,-3.792100
1,Sauter,1330.007813,-1.328300,-0.835800,-3.561600
1,Sauter,1339.984375,-1.243500,-0.632800,-3.188000
1,Sauter,1349.992188,-1.219300,-0.743900,-2.802200
1,Sauter,1360.000000,-1.129800,-0.889000,-2.418800
1,Sauter,1369.992188,-0.882000,-1.172000,-2.055800
1,Sauter,1380.000000,-0.621100,-1.462800,-1.735300
1,Sauter,1389.976563,-0.516300,-1.574700,-1.552000
1,Sauter,1399.992188,-0.297800,-1.513800,-1.529300
1,Sauter,1410.000000,-0.171700,-1.482600,-1.396700
1,Sauter,1419.976563,-0.161200,-1.012000,-1.084600
1,Sauter,1429.992188,-0.436000,-0.463700,-0.706200
1,Sauter,1440.000000,-0.756100,0.079700,-0.527000
1,Sauter,1449.984375,-1.006500,0.618400,-0.425800
1,Sauter,1460.000000,-1.233200,0.807300,-0.232100
1,Sauter,1470.007813,-1.251500,0.490100,-0.213800
1,Sauter,1480.000000,-0.920100,0.180200,-0.138600
1,Sauter,1489.992188,-0.525000,-0.200400,-0.157600
1,Sauter,1500.007813,0.021800,-0.256600,-0.067300
1,Sauter,1509.984375,0.196200,-0.425800,-0.293900
1,Sauter,1519.992188,0.165700,-0.433700,-0.181400
1,Sauter,1529.984375,0.027300,-0.323200,-0.042700
1,Sauter,1539.992188,-0.021700,-0.134500,-0.187500
1,Sauter,1550.000000,-0.150400,-0.063000,-0.332900
1,Sauter,1559.976563,-0.132800,-0.108500,-0.471500
1,Sauter,1569.992188,-0.015000,-0.189600,-0.613800
1,Sauter,1580.000000,0.057000,-0.151500,-0.601100
1,Sauter,1589.976563,0.161600,-0.269700,-0.624500
1,Sauter,1600.007813,-0.004000,-0.349100,-0.492100
1,Sauter,1610.007813,-0.050500,-0.351700,-0.547900
1,Sauter,1619.984375,0.062300,-0.356400,-0.632600
1,Sauter,1630.000000,0.029900,-0.247100,-0.706200
1,Sauter,1640.007813,-0.036100,-0.412600,-0.626000
1,Sauter,1649.984375,0.022700,-0.420300,-0.479800
1,Sauter,1659.992188,0.123900,-0.348800,-0.302800
1,Sauter,1669.976563,0.182700,-0.314200,0.059500
1,Sauter,1679.984375,0.300400,-0.315600,0.225700
1,Sauter,1689.992188,0.434000,-0.195100,0.272000
1,Sauter,1699.984375,0.394700,-0.111100,0.162000
1,Sauter,1709.992188,0.303600,-0.064700,0.096600
1,Sauter,1720.015625,0.097700,-0.136400,0.032500
1,Sauter,1729.976563,-0.091300,-0.212000,-0.102900
1,Sauter,1739.992188,-0.334500,-0.214000,-0.196200
1,Sauter,1750.000000,-0.434200,-0.142500,-0.170200
1,Sauter,1759.976563,-0.521100,-0.071800,-0.154300
1,Sauter,1769.992188,-0.416500,-0.078700,-0.059900
1,Sauter,1780.007813,-0.284600,-0.084100,-0.077200
1,Sauter,1789.984375,-0.162300,-0.203200,0.162700
1,Sauter,1800.000000,-0.128300,-0.436800,0.234800
1,Sauter,1810.007813,-0.019800,-0.431900,0.523600
1,Sauter,1819.984375,-0.060100,-0.270200,0.568600
1,Sauter,1830.000000,-0.019700,-0.109900,0.385300
1,Sauter,1839.992188,0.101000,0.049700,0.283500
1,Sauter,1849.992188,0.023800,0.169900,0.303800
1,Sauter,1860.000000,-0.090100,0.055500,0.394100
1,Sauter,1869.984375,-0.157500,-0.020400,0.286200
1,Sauter,1879.992188,-0.263000,-0.174500,0.175100
1,Sauter,1890.000000,-0.216300,-0.328400,0.068900
1,Sauter,1899.984375,-0.132100,-0.326200,-0.029400
1,Sauter,1909.992188,-0.048400,-0.285700,-0.043300
1,Sauter,1920.000000,0.033700,-0.207200,0.070000
1,Sauter,1929.984375,-0.107000,0.025300,0.148500
1,Sauter,1940.000000,-0.159500,0.217700,0.301000
1,Sauter,1950.007813,-0.246700,0.254100,0.404700
1,Sauter,1960.000000,-0.331800,0.095400,0.461600
1,Sauter,1970.000000,-0.343900,-0.101000,0.398800
1,Sauter,1979.976563,-0.286000,-0.296600,0.142400
1,Sauter,1989.984375,-0.164000,-0.371300,0.116500
1,Sauter,2000.000000,-0.202700,-0.406000,0.089900
1,Sauter,2009.984375,-0.095100,-0.518500,-0.126100
1,Sauter,2019.984375,-0.140100,-0.515700,-0.293800
1,Sauter,2030.007813,-0.177300,-0.240300,-0.417600
1,Sauter,2039.984375,-0.131500,-0.085100,-0.374900
1,Sauter,2049.992188,0.028800,-0.086000,-0.215900
1,Sauter,2060.000000,0.036900,-0.050400,-0.163600
1,Sauter,2069.984375,0.043100,0.063700,-0.110000
1,Sauter,2080.007813,0.050200,0.099700,-0.215700
1,Sauter,2090.000000,0.098600,0.058300,-0.132900
1,Sauter,2099.984375,0.177800,-0.178200,-0.204500
1,Sauter,2110.000000,0.173600,-0.336200,-0.155500
1,Sauter,2120.007813,0.204000,-0.414500,-0.148600
1,Sauter,2129.984375,0.153300,-0.492100,-0.181900
1,Sauter,2140.000000,0.144100,-0.568900,-0.065600
1,Sauter,2149.976563,0.063000,-0.490400,-0.220300
1,Sauter,2159.984375,0.026400,-0.373600,-0.217800
1,Sauter,2170.000000,-0.079900,-0.140800,-0.134500
1,Sauter,2179.984375,-0.264600,-0.143700,-0.128000
1,Sauter,2189.992188,-0.257600,-0.108600,-0.266900
1,Sauter,2200.023438,-0.293000,-0.073200,-0.168700
1,Sauter,2209.984375,-0.292400,0.039700,-0.219200
1,Sauter,2219.992188,-0.216500,0.074800,-0.191200
1,Sauter,2230.000000,-0.103000,0.073500,0.016800
1,Sauter,2239.984375,-0.027700,-0.123300,0.103400
1,Sauter,2249.992188,0.041200,-0.397700,0.072400
1,Sauter,2260.000000,-0.000700,-0.476600,-0.039900
1,Sauter,2269.992188,-0.004700,-0.437300,-0.153600
1,Sauter,2280.000000,-0.049200,-0.358500,-0.268500
1,Sauter,2289.976563,-0.015600,-0.241000,-0.339700
1,Sauter,2299.984375,-0.090100,-0.166500,-0.514200
1,Sauter,2310.000000,-0.199400,-0.171300,-0.491300
1,Sauter,2319.992188,-0.228400,-0.019800,-0.504200
1,Sauter,2329.984375,-0.217700,0.054800,-0.294100
1,Sauter,2340.007813,-0.167300,0.090300,-0.201300
1,Sauter,2349.984375,-0.000900,0.049200,0.036900
1,Sauter,2359.992188,-0.065600,0.085800,0.080100
1,Sauter,2370.007813,-0.012800,-0.033700,0.196900
1,Sauter,2379.984375,-0.189700,-0.231700,0.268900
1,Sauter,2389.992188,-0.207900,-0.234800,0.229900
1,Sauter,2400.000000,-0.115300,-0.276100,0.072700
1,Sauter,2409.992188,-0.140700,-0.199500,0.072200
1,Sauter,2420.000000,-0.057500,-0.162500,-0.152000
1,Sauter,2430.007813,-0.022300,-0.045500,-0.064700
1,Sauter,2440.007813,-0.101600,-0.007200,-0.175200
1,Sauter,2450.000000,0.046800,0.071300,-0.089300
1,Sauter,2459.976563,0.000200,0.072500,0.027300
1,Sauter,2469.984375,-0.080700,-0.161800,0.062400
1,Sauter,2480.000000,-0.117100,-0.280300,0.065300
1,Sauter,2489.976563,0.001900,-0.438300,0.071500
1,Sauter,2499.984375,-0.029400,-0.402100,-0.110300
