1,Sauter,0.000000,-0.123100,-4.330900,0.109400
1,Sauter,10.011719,0.003100,-4.994300,0.516800
1,Sauter,20.023438,0.261800,-5.654600,0.788700
1,Sauter,30.003906,0.342400,-6.351000,0.856600
1,Sauter,40.015625,0.026600,-6.771600,0.810000
1,Sauter,50.027344,-0.133500,-6.877500,1.070600
1,Sauter,60.003906,0.154000,-6.861400,1.363000
1,Sauter,70.015625,0.354600,-6.567500,2.090000
1,Sauter,80.046875,0.361100,-6.309400,3.244300
1,Sauter,90.007813,0.251600,-6.044800,3.973700
1,Sauter,100.019531,-0.413000,-6.049700,4.353300
1,Sauter,110.027344,-1.178000,-6.077200,4.757700
1,Sauter,120.011719,-1.383100,-5.716500,5.428000
1,Sauter,130.019531,-1.432800,-5.191900,5.357800
1,Sauter,140.000000,-1.028500,-4.388200,4.578800
1,Sauter,150.007813,-0.250800,-3.181700,4.576700
1,Sauter,160.019531,0.579300,-2.527800,5.392600
1,Sauter,170.003906,1.428500,-2.576400,6.065200
1,Sauter,180.011719,1.978400,-2.360900,6.508400
1,Sauter,190.023438,2.919900,-1.220700,7.651400
1,Sauter,200.023438,3.477500,-0.188600,8.450300
1,Sauter,210.015625,4.312200,1.735700,9.020400
1,Sauter,220.027344,4.266800,2.655000,8.745800
1,Sauter,230.003906,5.554900,6.337600,9.983200
1,Sauter,240.019531,6.230400,8.629600,11.061600
1,Sauter,250.031250,6.691900,10.301000,12.029500
1,Sauter,260.007813,6.782800,10.611600,13.165500
1,Sauter,270.019531,7.122500,10.632899,14.228300
1,Sauter,280.027344,7.157900,10.365700,14.590899
1,Sauter,290.011719,7.031800,10.162100,14.063499
1,Sauter,300.019531,6.897000,9.672800,12.958799
1,Sauter,310.003906,6.767600,9.716300,12.098100
1,Sauter,320.027344,6.294900,9.904099,11.751400
1,Sauter,330.023438,5.594900,10.654400,11.339900
1,Sauter,340.003906,5.519200,11.812300,10.867800
1,Sauter,350.011719,4.936400,13.416599,10.960999
1,Sauter,360.023438,3.736400,16.343399,10.027699
1,Sauter,370.003906,1.612500,18.776499,6.430300
1,Sauter,380.015625,0.083500,19.029200,2.895200
1,Sauter,390.027344,-0.817800,17.017700,-0.560300
1,Sauter,400.007813,-0.831600,12.460700,-2.547800
1,Sauter,410.019531,-0.705200,6.500400,-3.231900
1,Sauter,420.031250,-1.101300,-0.673500,-4.612800
1,Sauter,430.007813,-0.482100,-8.471300,-7.542400
1,Sauter,440.035156,0.092500,-14.210299,-11.252100
1,Sauter,450.000000,-0.455100,-16.514900,-14.891500
1,Sauter,460.011719,-1.584900,-15.327100,-16.962900
1,Sauter,470.023438,-1.726300,-10.981600,-17.089100
1,Sauter,480.000000,-1.227400,-6.472600,-15.489500
1,Sauter,490.015625,-1.704800,-1.619100,-12.904900
1,Sauter,500.023438,-2.412900,1.046900,-10.446400
1,Sauter,510.003906,-2.901500,1.368600,-9.187799
1,Sauter,520.015625,-3.248700,0.299600,-7.876500
1,Sauter,530.027344,-2.051400,-1.883600,-6.058700
1,Sauter,540.007813,-0.103600,-5.452900,-4.163700
1,Sauter,550.015625,0.417600,-9.509500,-2.606100
1,Sauter,560.042969,-0.380600,-12.356299,-1.746200
1,Sauter,570.007813,-1.919600,-13.088500,-1.424100
1,Sauter,580.019531,-4.563100,-12.055600,-1.821400
1,Sauter,590.031250,-8.127500,-7.174600,-3.893000
1,Sauter,600.007813,-7.548900,-5.572100,-3.109200
1,Sauter,610.023438,-6.176100,-5.314900,-0.496000
1,Sauter,620.000000,-4.687700,-5.677800,2.521000
1,Sauter,630.011719,-3.625800,-6.045100,5.517300
1,Sauter,640.023438,-2.733400,-5.942800,7.627300
1,Sauter,650.003906,-2.496000,-5.072500,8.561299
1,Sauter,660.015625,-2.357100,-3.582700,8.806300
1,Sauter,670.023438,-2.518000,-2.217500,8.797400
1,Sauter,680.023438,-2.100400,-1.089200,8.867200
1,Sauter,690.015625,-1.398000,-0.923300,9.188399
1,Sauter,700.027344,-1.523400,-2.111100,9.448000
1,Sauter,710.007813,-1.910800,-3.965300,9.039400
1,Sauter,720.015625,-2.365300,-5.562300,8.391700
1,Sauter,730.027344,-2.588600,-6.545700,7.771800
1,Sauter,740.007813,-3.123200,-6.708600,7.610200
1,Sauter,750.019531,-4.332900,-5.696400,8.033100
1,Sauter,760.000000,-6.325300,-3.100400,8.231999
1,Sauter,770.011719,-8.028100,2.068200,6.753900
1,Sauter,780.023438,-6.488200,6.749400,4.176400
1,Sauter,790.000000,-3.556000,8.993400,3.058800
1,Sauter,800.027344,0.137200,9.719900,2.384900
1,Sauter,810.027344,5.073800,8.316700,1.134600
1,Sauter,820.003906,9.239300,3.442100,-0.820000
1,Sauter,830.015625,8.712399,-1.328900,-4.442900
1,Sauter,840.027344,-0.297400,1.840900,-9.045199
1,Sauter,850.007813,-3.406900,3.893800,-8.091900
1,Sauter,860.019531,-4.084500,4.673600,-7.383300
1,Sauter,870.027344,-3.962600,4.598300,-6.860600
1,Sauter,880.007813,-3.947100,3.911100,-7.911800
1,Sauter,890.015625,-4.042800,2.709600,-7.706400
1,Sauter,900.027344,-1.842000,3.312800,-5.614300
1,Sauter,910.011719,-0.184800,7.089700,-3.474300
1,Sauter,920.035156,-1.206700,10.912300,-0.011500
1,Sauter,930.003906,0.843200,11.592199,5.410900
1,Sauter,940.011719,2.226300,15.297299,15.925200
1,Sauter,950.023438,1.326700,23.630100,15.476399
1,Sauter,960.000000,3.734800,18.397999,11.051700
1,Sauter,970.011719,4.983300,13.844399,9.231100
1,Sauter,980.027344,7.587000,9.979300,8.627600
1,Sauter,990.003906,8.778299,8.015300,8.100300
1,Sauter,1000.015625,8.147200,6.516200,7.149900
1,Sauter,1010.027344,6.474800,6.096900,6.361900
1,Sauter,1020.007813,4.328300,5.702700,6.264100
1,Sauter,1030.019531,2.597300,6.002100,6.896900
1,Sauter,1040.046875,1.330300,5.986700,8.220099
1,Sauter,1050.011719,0.590900,5.853000,8.986600
1,Sauter,1060.023438,0.330700,5.480600,8.734799
1,Sauter,1070.000000,0.811100,5.064100,7.983300
1,Sauter,1080.015625,1.663900,5.115500,6.893000
1,Sauter,1090.019531,1.994000,5.833900,6.083600
1,Sauter,1100.003906,2.157000,6.204500,5.821100
1,Sauter,1110.011719,2.045600,6.649000,5.564800
1,Sauter,1120.023438,1.979300,6.734200,5.353900
1,Sauter,1130.007813,1.924200,6.359700,5.162000
1,Sauter,1140.015625,1.557500,5.521200,5.038900
1,Sauter,1150.027344,1.250500,4.536000,4.501700
1,Sauter,1160.023438,1.008500,3.512300,3.371000
1,Sauter,1170.015625,0.777300,2.517200,2.236200
1,Sauter,1180.027344,0.509300,1.367600,1.423400
1,Sauter,1190.007813,-0.139900,0.619900,0.903300
1,Sauter,1200.015625,-0.886400,0.309400,0.229800
1,Sauter,1210.031250,-1.895400,0.099800,-0.579500
1,Sauter,1220.007813,-2.142900,-0.029600,-1.486500
1,Sauter,1230.023438,-2.304300,-0.679300,-2.137700
1,Sauter,1240.000000,-2.331000,-1.003600,-2.580900
1,Sauter,1250.007813,-2.187100,-1.297500,-2.974500
1,Sauter,1260.023438,-1.987100,-1.698800,-3.249000
1,Sauter,1270.000000,-1.601300,-2.016700,-3.430700
1,Sauter,1280.031250,-1.076800,-2.254800,-3.593700
1,Sauter,1290.023438,-0.682400,-2.663600,-3.722800
1,Sauter,1300.007813,-0.555800,-3.120700,-3.632600
1,Sauter,1310.015625,-0.445500,-3.347200,-3.646100
1,Sauter,1320.031250,-0.438400,-3.304900,-3.654100
1,Sauter,1330.007813,-0.515000,-3.144000,-3.711500
1,Sauter,1340.023438,-0.424000,-2.967000,-3.439400
1,Sauter,1350.031250,-0.365100,-2.674300,-3.361700
1,Sauter,1360.007813,-0.348900,-2.425400,-3.587900
1,Sauter,1370.015625,-0.557700,-2.189400,-3.757300
1,Sauter,1380.000000,-0.711200,-1.742800,-3.851300
1,Sauter,1390.015625,-0.894900,-1.403900,-3.777000
1,Sauter,1400.039063,-0.914900,-1.311800,-3.398600
1,Sauter,1410.007813,-0.885600,-1.411400,-3.055400
1,Sauter,1420.007813,-0.881000,-1.583100,-2.792100
1,Sauter,1430.023438,-0.827700,-1.712800,-2.519900
1,Sauter,1440.000000,-0.571200,-1.871600,-2.355500
1,Sauter,1450.015625,-0.499700,-1.737400,-1.969200
1,Sauter,1460.023438,-0.111100,-1.499500,-1.755300
1,Sauter,1470.007813,0.020800,-1.282000,-1.685800
1,Sauter,1480.015625,-0.011200,-0.941400,-1.771900
1,Sauter,1490.031250,-0.159300,-0.709300,-1.598800
1,Sauter,1500.007813,-0.331100,-0.236000,-1.364400
1,Sauter,1510.023438,-0.296500,0.243600,-0.992300
1,Sauter,1520.046875,-0.388900,0.683800,-0.750800
1,Sauter,1530.007813,-0.184700,1.046800,-0.524500
1,Sauter,1540.023438,-0.038300,1.293400,-0.275800
1,Sauter,1550.000000,0.187300,1.345300,-0.146800
1,Sauter,1560.015625,0.110200,1.084600,-0.106600
1,Sauter,1570.023438,0.071300,0.632100,-0.042600
1,Sauter,1580.007813,0.099300,0.067100,-0.108400
1,Sauter,1590.015625,-0.025700,-0.382900,-0.318500
1,Sauter,1600.023438,-0.110100,-0.635500,-0.298800
1,Sauter,1610.007813,0.070400,-0.609000,-0.369900
1,Sauter,1620.015625,0.045200,-0.422500,-0.487300
1,Sauter,1630.031250,-0.101600,-0.156200,-0.686100
1,Sauter,1640.023438,-0.292300,-0.085300,-0.883800
1,Sauter,1650.015625,-0.365900,0.064400,-0.690500
1,Sauter,1660.031250,-0.474600,0.215600,-0.273200
1,Sauter,1670.007813,-0.316900,0.369700,0.017700
1,Sauter,1680.023438,-0.206000,0.210600,-0.040700
1,Sauter,1690.000000,0.093900,-0.221700,-0.139700
1,Sauter,1700.007813,0.340400,-0.770200,-0.232800
1,Sauter,1710.023438,0.663700,-1.201300,-0.439100
1,Sauter,1720.000000,0.639300,-1.357200,-0.380000
1,Sauter,1730.015625,0.577300,-1.274400,-0.146900
1,Sauter,1740.023438,0.364000,-0.877500,0.077400
1,Sauter,1750.007813,0.076800,-0.636700,0.331400
1,Sauter,1760.031250,-0.235400,-0.320100,0.469300
1,Sauter,1770.023438,-0.463900,0.073300,0.454200
1,Sauter,1780.007813,-0.676100,0.346000,0.480200
1,Sauter,1790.015625,-0.725100,0.420000,0.358700
1,Sauter,1800.031250,-0.688800,0.335800,0.317500
1,Sauter,1810.007813,-0.580000,0.330300,0.202800
1,Sauter,1820.015625,-0.362200,0.247900,0.283600
1,Sauter,1830.031250,-0.039500,-0.342700,0.093100
1,Sauter,1840.007813,0.040400,-0.460600,0.014600
1,Sauter,1850.023438,0.151300,-0.537900,0.014200
1,Sauter,1860.000000,0.226800,-0.418200,0.122500
1,Sauter,1870.015625,0.297000,-0.297600,-0.044100
1,Sauter,1880.039063,0.243900,-0.214100,-0.139700
1,Sauter,1890.000000,0.296600,-0.284200,-0.242300
1,Sauter,1900.015625,0.265800,-0.393100,-0.224200
1,Sauter,1910.031250,0.266700,-0.345500,-0.117300
1,Sauter,1920.007813,0.271500,-0.260900,-0.117800
1,Sauter,1930.015625,0.242500,-0.294100,-0.083100
1,Sauter,1940.023438,0.154300,-0.251700,-0.052000
1,Sauter,1950.007813,-0.065700,-0.174400,-0.061200
1,Sauter,1960.023438,-0.221900,-0.256200,0.034900
1,Sauter,1970.023438,-0.180500,-0.180800,0.129800
1,Sauter,1980.007813,-0.140800,-0.028400,0.117100
1,Sauter,1990.015625,-0.186400,0.085200,0.187400
1,Sauter,2000.015625,-0.203900,0.120100,0.113700
1,Sauter,2010.007813,-0.234400,0.155400,0.009900
1,Sauter,2020.023438,-0.312300,0.231100,-0.053600
1,Sauter,2030.000000,-0.323200,0.151900,-0.039300
1,Sauter,2040.015625,-0.187300,0.075800,0.044900
1,Sauter,2050.023438,-0.170600,0.000300,0.049300
1,Sauter,2060.000000,-0.152300,0.003800,0.049000
1,Sauter,2070.015625,0.097500,-0.149700,-0.023900
1,Sauter,2080.031250,0.163700,-0.266200,-0.136300
1,Sauter,2090.007813,0.192900,-0.265800,-0.246500
1,Sauter,2100.015625,0.226400,-0.187300,-0.162600
1,Sauter,2110.031250,0.297600,-0.266300,-0.191500
1,Sauter,2120.023438,0.329500,-0.422600,-0.227000
1,Sauter,2130.023438,0.396800,-0.225000,-0.263100
1,Sauter,2140.031250,0.351600,-0.224000,-0.262600
1,Sauter,2150.015625,0.158100,-0.224900,-0.260100
1,Sauter,2160.023438,0.010600,-0.305600,-0.178500
1,Sauter,2170.000000,-0.130000,-0.386400,-0.063700
1,Sauter,2180.007813,-0.150800,-0.349900,-0.026800
1,Sauter,2190.023438,-0.059100,-0.117800,-0.139200
1,Sauter,2200.007813,-0.054800,-0.001600,-0.095600
1,Sauter,2210.015625,-0.057800,-0.002400,-0.048300
1,Sauter,2220.023438,-0.250200,-0.044500,-0.074200
1,Sauter,2230.000000,-0.248000,-0.125300,-0.062500
1,Sauter,2240.031250,-0.174900,-0.205700,-0.124000
1,Sauter,2250.031250,-0.182300,-0.245900,-0.110600
1,Sauter,2260.007813,-0.154500,-0.362600,-0.065000
1,Sauter,2270.015625,-0.093700,-0.320100,0.051100
1,Sauter,2280.031250,-0.036400,-0.433800,0.049400
1,Sauter,2290.007813,0.139000,-0.195100,0.090500
1,Sauter,2300.023438,0.082500,-0.231300,0.130300
1,Sauter,2310.000000,-0.083500,-0.190700,0.093200
1,Sauter,2320.015625,-0.268400,-0.113800,0.168400
1,Sauter,2330.023438,-0.177500,-0.076200,0.086200
1,Sauter,2340.000000,-0.200900,-0.038400,0.077900
1,Sauter,2350.015625,-0.221000,0.076400,0.035300
1,Sauter,2360.039063,-0.236200,0.033200,-0.044800
1,Sauter,2370.007813,-0.134700,-0.048300,-0.009900
1,Sauter,2380.015625,-0.147800,-0.090800,-0.017400
1,Sauter,2390.023438,-0.011000,-0.210300,-0.025400
1,Sauter,2400.007813,0.038100,-0.172000,-0.108300
1,Sauter,2410.015625,-0.071200,-0.252100,-0.184900
1,Sauter,2420.031250,-0.144400,-0.293300,-0.178000
1,Sauter,2430.007813,-0.178400,-0.255800,-0.094200
1,Sauter,2440.023438,-0.095800,-0.217400,-0.132500
1,Sauter,2450.031250,0.059600,0.017500,-0.129100
1,Sauter,2460.007813,-0.091800,0.094700,-0.048500
1,Sauter,2470.023438,-0.094200,0.055700,-0.047700
1,Sauter,2480.015625,-0.020500,0.095200,-0.083700
1,Sauter,2490.015625,0.014600,-0.100600,-0.159700
1,Sauter,2500.023438,0.085000,-0.295600,-0.158200
1,Sauter,2510.000000,0.002900,-0.452600,-0.193200
1,Sauter,2520.015625,-0.035700,-0.454400,-0.222300
1,Sauter,2530.023438,0.006500,-0.417000,-0.135900
1,Sauter,2540.007813,0.053800,-0.380600,-0.165400
1,Sauter,2550.015625,0.099300,-0.226500,-0.115200
1,Sauter,2560.023438,0.024600,-0.072100,-0.142700
1,Sauter,2570.007813,-0.054900,-0.034700,-0.090200
