1,Sauter,0.000000,-0.312755,-3.430572,0.140560,-1.269333,-1.091049,0.164093
1,Sauter,10.130859,-0.193830,-4.041128,0.176104,-1.403717,-0.978638,0.216629
1,Sauter,21.605469,0.105894,-4.660542,-0.129304,-1.481903,-0.896790,0.343689
1,Sauter,30.179688,0.354218,-5.127310,-0.108167,-1.541763,-0.896790,0.343689
1,Sauter,40.312500,0.272787,-5.329337,0.183357,-1.541763,-0.847916,0.495178
1,Sauter,50.322266,0.060855,-5.466739,0.587842,-1.668823,-0.769745,0.647888
1,Sauter,60.423828,-0.164114,-5.457714,0.682768,-1.833771,-0.630463,0.801834
1,Sauter,70.554688,-0.340631,-5.204211,0.704667,-1.941284,-0.425217,0.953323
1,Sauter,80.595703,-0.386507,-4.649659,0.640976,-1.999908,-0.235825,1.081604
1,Sauter,90.970703,-0.755156,-3.890157,0.919285,-2.025574,-0.144211,1.184219
1,Sauter,100.707031,-1.082120,-3.091496,1.481833,-2.048782,-0.174759,1.241669
1,Sauter,110.746094,-1.218121,-2.539778,1.860906,-2.093994,-0.196732,1.224548
1,Sauter,120.878906,-1.093749,-2.021632,1.960932,-2.141647,-0.107559,1.140244
1,Sauter,130.951172,-0.702042,-1.344265,1.707412,-2.156296,-0.018372,1.041290
1,Sauter,141.082031,-0.379829,-0.860468,2.100958,-2.140411,-0.061142,0.953323
1,Sauter,151.121094,-0.287370,-0.552814,3.205720,-2.123322,-0.216293,0.853149
1,Sauter,161.193359,-0.034970,-0.500287,3.965685,-2.021912,-0.317688,0.746857
1,Sauter,171.232422,0.652120,-0.610538,4.351720,-1.773895,-0.342133,0.685776
1,Sauter,181.304688,1.513891,-0.105186,5.272791,-1.446487,-0.438629,0.672333
1,Sauter,191.343750,2.351785,0.992982,6.748473,-1.196030,-0.551041,0.625900
1,Sauter,201.445313,3.442770,2.683763,7.714830,-0.960220,-0.569366,0.562378
1,Sauter,213.591797,4.345222,4.641063,8.653749,-0.643814,-0.575470,0.490295
1,Sauter,221.494141,5.044843,6.496520,10.123686,-0.252853,-0.620682,0.409668
1,Sauter,231.626953,5.620311,7.960059,11.931487,0.189392,-0.463074,0.320465
1,Sauter,241.697266,6.120849,8.514787,13.114806,0.632889,0.074463,0.254501
1,Sauter,251.798828,6.420768,8.144601,13.157952,1.099579,0.875916,0.280167
1,Sauter,261.898438,6.598471,8.030464,13.269960,1.485657,1.736008,0.405991
1,Sauter,271.941406,7.142762,9.803159,14.879799,1.661575,1.736008,0.405991
1,Sauter,283.384766,6.871348,12.829479,16.240759,1.661575,2.469040,0.387665
1,Sauter,292.052734,6.244251,15.211404,16.473890,2.163696,2.469040,0.387665
1,Sauter,302.123047,6.301943,15.779918,15.241419,2.163696,2.266235,0.081009
1,Sauter,312.222656,5.931542,14.562050,12.877417,2.718369,1.856964,-0.505402
1,Sauter,322.263672,5.227047,12.058508,10.172041,3.227829,1.550308,-1.198120
1,Sauter,332.396484,4.274818,8.772836,7.115280,3.502716,1.456238,-1.677032
1,Sauter,342.406250,2.699034,5.732642,4.105680,3.485611,1.446472,-1.743011
1,Sauter,352.750000,1.544794,3.871296,2.069580,3.218063,1.279083,-1.354492
1,Sauter,362.576172,0.784994,2.934798,0.001468,2.790451,0.974884,-0.904892
1,Sauter,372.619141,-0.349245,2.047884,-1.992635,2.301758,0.630356,-0.628784
1,Sauter,382.718750,-1.671519,1.461083,-3.900209,1.846054,0.144089,-0.466309
1,Sauter,392.791016,-2.080909,0.485178,-4.040516,1.353699,-0.494843,-0.361237
1,Sauter,402.921875,-2.567463,-0.981575,-4.019433,0.956650,-0.941986,-0.353897
1,Sauter,412.931641,-2.876976,-3.082891,-4.391842,0.873550,-0.972549,-0.461426
1,Sauter,423.033203,-3.014087,-5.903244,-5.352549,0.928528,-0.720856,-0.572586
1,Sauter,433.042969,-2.470917,-8.677144,-5.982856,0.894318,-0.370224,-0.601913
1,Sauter,443.142578,-1.454331,-11.050124,-6.581933,0.807587,-0.161316,-0.533493
1,Sauter,453.214844,-0.508161,-13.255632,-6.370020,0.685425,-0.195526,-0.382004
1,Sauter,463.253906,-0.294864,-12.650268,-5.568764,0.453293,-0.401993,-0.063141
1,Sauter,475.308594,-0.576822,-11.703631,-4.984055,0.112427,-0.610901,0.335129
1,Sauter,483.396484,-1.286960,-10.553444,-4.478713,-0.202759,-0.684204,0.562378
1,Sauter,493.498047,-1.884528,-9.377711,-4.272898,-0.390915,-0.546158,0.639343
1,Sauter,503.570313,-2.262200,-8.592855,-4.299363,-0.483749,-0.283478,0.584366
1,Sauter,513.609375,-2.391625,-8.161526,-4.276978,-0.558289,-0.283478,0.446320
1,Sauter,523.681641,-2.179275,-7.750274,-4.105461,-0.601044,-0.078232,0.446320
1,Sauter,533.781250,-2.015683,-7.496852,-3.665076,-0.601044,0.024384,0.299698
1,Sauter,545.103516,-1.779047,-7.498325,-3.235602,-0.632813,0.042709,0.126221
1,Sauter,553.923828,-1.639280,-7.740481,-2.932035,-0.684113,-0.013489,-0.081451
1,Sauter,563.962891,-1.891829,-8.158250,-2.856520,-0.747650,-0.092896,-0.297699
1,Sauter,574.064453,-1.950953,-8.635073,-3.000163,-0.785522,-0.184525,-0.465073
1,Sauter,584.166016,-2.023230,-9.209115,-3.260020,-0.772095,-0.318924,-0.487076
1,Sauter,594.236328,-2.137717,-9.938712,-3.590825,-0.699997,-0.460632,-0.477310
1,Sauter,604.248047,-2.471460,-10.452399,-3.774712,-0.623032,-0.520493,-0.461426
1,Sauter,614.500000,-2.515923,-10.554101,-3.737866,-0.579056,-0.519287,-0.382004
1,Sauter,624.417969,-2.240905,-10.360971,-3.833389,-0.558289,-0.499725,-0.201172
1,Sauter,634.427734,-1.943571,-9.931117,-4.005894,-0.543625,-0.463074,-0.028931
1,Sauter,644.560547,-1.697037,-9.402012,-4.062728,-0.582718,-0.404434,0.049240
1,Sauter,654.601563,-1.512803,-8.793064,-3.813936,-0.706116,-0.382446,0.056580
1,Sauter,664.763672,-1.603744,-8.180461,-3.307708,-0.910126,-0.404434,0.057800
1,Sauter,674.710938,-1.579943,-7.679856,-2.919703,-1.171585,-0.439865,0.101791
1,Sauter,684.843750,-1.406091,-7.268141,-2.440809,-1.441605,-0.441101,0.166534
1,Sauter,694.914063,-1.100758,-6.925135,-1.849987,-1.715271,-0.388550,0.220306
1,Sauter,704.955078,-0.761532,-6.961960,-1.305496,-2.012146,-0.314026,0.299698
1,Sauter,715.025391,-0.488427,-7.765851,-0.731344,-2.327332,-0.232178,0.412109
1,Sauter,725.126953,0.085362,-8.725240,-0.009800,-2.630325,-0.142990,0.619797
1,Sauter,737.181641,1.014164,-8.499722,0.106883,-3.002960,-0.101456,0.933792
1,Sauter,745.267578,2.356637,-7.554464,-0.779815,-3.448883,-0.267593,1.267319
1,Sauter,755.308594,3.133831,-5.820145,-0.225668,-3.991333,-0.267593,1.648483
1,Sauter,765.410156,2.431058,-1.988281,2.913862,-4.636398,-0.907776,1.648483
1,Sauter,775.480469,0.518386,2.517157,3.776597,-4.636398,-1.329285,1.958801
1,Sauter,785.550781,0.460112,6.511054,3.198464,-4.811111,-0.907776,1.905060
1,Sauter,795.623047,0.765685,10.474516,6.406593,-4.034088,-0.639008,1.726669
1,Sauter,806.882813,3.697703,11.425056,12.330378,-3.120239,-0.731857,1.465240
1,Sauter,815.763672,4.114498,15.560587,14.716558,-3.189880,-1.203445,1.355270
1,Sauter,825.773438,5.336443,16.536949,10.484962,-3.514862,-1.224213,0.925232
1,Sauter,835.904297,5.596034,14.079113,7.344541,-2.538696,-1.025070,0.327805
1,Sauter,845.945313,5.249963,10.733696,5.715249,-1.156937,-0.846695,0.096893
1,Sauter,856.078125,5.570445,9.363413,5.749359,-0.469101,-0.360458,0.396225
1,Sauter,866.119141,5.429517,9.197186,6.397449,-0.415329,0.068359,0.837265
1,Sauter,876.312500,5.096646,8.848309,7.853431,-0.431213,0.348129,1.063278
1,Sauter,886.259766,4.524794,8.971941,8.710327,-0.365250,0.656006,1.084045
1,Sauter,896.300781,3.818867,9.305482,8.678791,-0.290726,0.864914,0.992416
1,Sauter,906.400391,3.226486,9.410574,8.377405,-0.114792,0.834381,0.865372
1,Sauter,916.441406,3.010070,8.945278,7.996832,0.162506,0.664566,0.684540
1,Sauter,926.542969,2.990561,8.257857,7.366271,0.433731,0.503296,0.456085
1,Sauter,936.582031,2.815091,7.525003,6.545141,0.692749,0.312698,0.245956
1,Sauter,946.654297,2.427145,6.786958,5.689153,0.959091,0.236954,0.061478
1,Sauter,956.755859,2.066673,6.024504,4.796701,1.251083,0.228394,-0.079010
1,Sauter,966.794922,1.772054,5.436057,4.102035,1.546738,0.244278,-0.136429
1,Sauter,976.867188,1.660860,4.749765,3.564846,1.809402,0.311478,-0.193848
1,Sauter,986.966797,1.600307,4.067404,2.985050,2.001221,0.425095,-0.285477
1,Sauter,998.900391,1.231684,2.818209,1.363859,2.130722,0.530167,-0.400330
1,Sauter,1007.109375,1.280099,2.680020,1.469398,2.223557,0.530167,-0.400330
1,Sauter,1017.119141,0.817346,1.552631,0.704486,2.223557,0.596146,-0.511505
1,Sauter,1027.189453,0.384931,0.465302,0.220323,2.266327,0.626678,-0.570145
1,Sauter,1037.291016,-0.041273,-0.422766,-0.042621,2.248001,0.643784,-0.603134
1,Sauter,1047.390625,-0.386655,-1.264585,-0.302763,2.196701,0.588806,-0.639786
1,Sauter,1057.402344,-0.635535,-2.040803,-0.616907,2.207687,0.453201,-0.711853
1,Sauter,1068.113281,-0.762342,-2.611447,-1.122134,2.272446,0.280930,-0.820602
1,Sauter,1077.574219,-0.998049,-2.636265,-1.162281,2.366501,0.062241,-0.935455
1,Sauter,1087.644531,-1.193751,-2.106692,-1.445503,2.481354,-0.215057,-1.011200
1,Sauter,1097.685547,-1.357157,-1.715932,-1.532688,2.558319,-0.502167,-1.072281
1,Sauter,1107.755859,-1.445361,-1.716394,-1.309506,2.609634,-0.700089,-1.145584
1,Sauter,1117.917969,-1.275418,-2.398830,-1.486148,2.608398,-0.763626,-1.205444
1,Sauter,1127.898438,-1.216264,-3.069074,-1.608047,2.538773,-0.697647,-1.250656
1,Sauter,1137.998047,-1.068163,-3.884772,-1.794130,2.401947,-0.580368,-1.261642
1,Sauter,1148.039063,-0.894137,-4.704652,-1.876297,2.283432,-0.432541,-1.227448
1,Sauter,1158.080078,-0.619811,-5.001778,-1.813448,2.186905,-0.257828,-1.140701
1,Sauter,1168.210938,-0.483114,-4.856087,-1.527886,2.053741,-0.008606,-1.008759
1,Sauter,1178.283203,-0.565338,-4.637727,-1.126698,1.854614,0.230835,-0.884125
1,Sauter,1188.445313,-0.711338,-4.132946,-0.981915,1.656693,0.436081,-0.722855
1,Sauter,1198.392578,-0.830958,-3.478500,-0.938778,1.483215,0.560715,-0.540817
1,Sauter,1208.464844,-0.923633,-2.757558,-0.967935,1.351257,0.594910,-0.402771
1,Sauter,1218.564453,-1.122147,-2.129359,-1.027042,1.240082,0.557037,-0.377121
1,Sauter,1228.666016,-1.201641,-1.596469,-0.977520,1.141129,0.541153,-0.450424
1,Sauter,1238.738281,-1.114820,-1.395322,-1.015061,1.050720,0.550934,-0.588470
1,Sauter,1248.777344,-1.158853,-1.290227,-1.118411,0.984741,0.550934,-0.588470
1,Sauter,1260.283203,-1.101553,-1.346656,-1.289186,0.984741,0.536270,-0.826706
1,Sauter,1268.980469,-0.822659,-1.531066,-1.538883,1.056824,0.536270,-0.826706
1,Sauter,1278.990234,-0.551963,-1.601534,-1.869313,1.056824,0.519180,-0.835266
1,Sauter,1289.060547,-0.323395,-1.631073,-1.960892,1.081253,0.440964,-0.793716
1,Sauter,1299.162109,-0.241735,-1.384165,-1.657598,1.070267,0.241837,-0.700882
1,Sauter,1309.203125,-0.136463,-0.977571,-1.023160,1.016510,-0.012253,-0.581146
1,Sauter,1319.304688,-0.143178,-0.548686,-0.237504,0.932205,-0.163757,-0.484634
1,Sauter,1330.503906,0.020534,-0.138644,0.370906,0.816147,-0.193085,-0.402771
1,Sauter,1339.416016,0.032229,0.179969,0.595367,0.707397,-0.129547,-0.356339
1,Sauter,1349.455078,0.085958,0.204618,0.565011,0.656097,-0.046463,-0.356339
1,Sauter,1359.617188,0.159994,0.112572,0.317808,0.669540,0.013382,-0.342911
1,Sauter,1369.658203,0.174108,-0.076912,0.094780,0.753845,-0.009811,-0.338013
1,Sauter,1379.759766,-0.046877,-0.403588,-0.019115,0.863785,-0.081909,-0.344131
1,Sauter,1389.769531,-0.405314,-0.631852,0.013722,0.944412,-0.152756,-0.338013
1,Sauter,1399.871094,-0.726704,-0.585236,0.190747,0.983505,-0.166199,-0.285477
1,Sauter,1409.941406,-1.013506,-0.400199,0.405644,0.939529,-0.072128,-0.221970
1,Sauter,1419.982422,-1.108798,-0.076556,0.416168,0.846680,0.108673,-0.163315
1,Sauter,1430.082031,-1.246031,0.424134,0.007216,0.784378,0.287048,-0.130325
1,Sauter,1440.123047,-1.189939,1.003220,-0.583712,0.733078,0.321259,-0.099777
1,Sauter,1452.330078,-1.094379,1.443800,-1.025929,0.680542,0.180740,-0.100998
1,Sauter,1460.294922,-1.082241,1.553759,-1.246699,0.588898,-0.064789,-0.126663
1,Sauter,1470.335938,-1.067079,1.428556,-1.385082,0.455734,-0.312805,-0.140106
1,Sauter,1480.406250,-0.759318,1.089509,-1.282599,0.284698,-0.488724,-0.129105
1,Sauter,1490.476563,-0.296665,0.615418,-0.904278,0.102646,-0.488724,-0.129105
1,Sauter,1500.578125,0.147010,-0.013634,-0.359942,0.102646,-0.535172,-0.163315
1,Sauter,1510.619141,0.535249,-0.641002,0.057709,-0.047607,-0.437424,-0.213409
1,Sauter,1522.062500,0.732922,-1.149261,0.306534,-0.086700,-0.239502,-0.214615
1,Sauter,1530.791016,0.847273,-1.421148,0.378638,-0.051270,-0.025696,-0.214615
1,Sauter,1540.861328,0.921659,-1.203321,0.296855,0.006149,0.125778,-0.131546
1,Sauter,1550.871094,0.791833,-0.829269,0.377185,0.066010,0.157532,-0.042374
1,Sauter,1560.972656,0.460203,-0.436365,0.441321,0.074554,0.106232,-0.003281
1,Sauter,1571.072266,0.088106,-0.083459,0.388140,0.064774,0.058578,-0.004486
1,Sauter,1581.144531,-0.222758,0.229315,0.296668,0.084335,0.026825,-0.038696
1,Sauter,1592.191406,-0.449440,0.482189,0.149989,0.106323,-0.013489,-0.096115
1,Sauter,1601.287109,-0.572891,0.479833,0.121374,0.128311,-0.033035,-0.175522
1,Sauter,1611.326172,-0.943618,0.418396,0.270427,0.113647,-0.028137,-0.204849
1,Sauter,1621.427734,-0.491123,0.298515,0.162699,0.086777,-0.017151,-0.184082
1,Sauter,1631.500000,-0.433164,0.179173,0.092649,0.083099,0.021942,-0.162079
1,Sauter,1641.599609,-0.340070,0.060423,0.177381,0.048889,-0.009811,-0.107117
1,Sauter,1651.638672,-0.254223,-0.018382,0.257086,-0.013397,-0.033035,-0.027695
1,Sauter,1661.923828,-0.195485,-0.037733,0.272531,-0.056152,-0.018372,0.037033
1,Sauter,1671.781250,-0.179968,-0.017632,0.207159,-0.064697,0.013382,0.054138
1,Sauter,1681.792969,-0.125002,-0.056263,0.259146,-0.054932,0.046356,0.030914
1,Sauter,1691.923828,0.012338,-0.055895,0.370158,-0.051270,0.074463,-0.027695
1,Sauter,1701.994141,0.037384,-0.055811,0.520841,-0.036606,0.111115,-0.072906
1,Sauter,1714.384766,0.107420,0.100448,0.496764,-0.003632,0.134323,-0.099777
1,Sauter,1722.166016,0.115970,0.099744,0.496815,0.048889,0.141647,-0.113220
1,Sauter,1732.177734,-0.108425,0.137858,0.482720,0.096542,0.141647,-0.086349
1,Sauter,1742.308594,-0.294382,0.214993,0.334271,0.096542,0.134323,-0.086349
1,Sauter,1752.316406,-0.424486,0.331162,0.206857,0.118530,0.103790,-0.025253
1,Sauter,1762.419922,-0.481362,0.486396,-0.017666,0.098984,0.046356,0.016266
1,Sauter,1772.458984,-0.444055,0.524135,-0.185745,0.057449,-0.055023,0.043152
1,Sauter,1783.841797,-0.253603,0.444679,0.268545,0.000046,-0.171082,0.057800
1,Sauter,1792.632813,-0.082775,0.248282,0.695802,-0.074478,-0.251709,0.059021
1,Sauter,1802.671875,0.146653,0.013484,0.958523,-0.131897,-0.215057,0.032150
1,Sauter,1812.744141,0.358819,-0.181546,0.923105,-0.146561,-0.098999,0.007706
1,Sauter,1822.812500,0.378147,-0.415283,0.710616,-0.141663,0.043915,-0.022812
1,Sauter,1832.945313,0.360703,-0.452958,0.637223,-0.103806,0.120880,-0.030136
1,Sauter,1842.986328,0.186480,-0.334163,0.528715,-0.063492,0.156326,-0.011810
1,Sauter,1853.605469,-0.047576,-0.215714,0.364917,-0.032944,0.183182,0.005264
1,Sauter,1863.097656,-0.242695,0.000098,0.225123,0.008591,0.181976,0.002823
1,Sauter,1873.167969,-0.378933,0.097779,0.188419,0.064774,0.152649,0.010147
1,Sauter,1883.267578,-0.515229,0.195022,0.097572,0.091660,0.094009,0.006500
1,Sauter,1893.339844,-0.513632,0.252821,0.086914,0.092880,0.007263,-0.008163
1,Sauter,1903.472656,-0.471534,0.134351,0.173491,0.070892,-0.077011,-0.027695
1,Sauter,1913.451172,-0.330366,0.055388,0.237542,0.036682,-0.097778,-0.039917
1,Sauter,1923.703125,-0.227051,-0.003750,0.298332,0.007355,-0.092896,-0.058243
1,Sauter,1933.623047,-0.123176,-0.023541,0.434519,-0.014603,-0.072128,-0.058243
1,Sauter,1943.664063,0.019630,-0.023615,0.509424,-0.034164,-0.031815,-0.055801
1,Sauter,1953.763672,0.063818,-0.062717,0.484820,-0.040283,0.019485,-0.044815
1,Sauter,1963.865234,0.009455,-0.043024,0.479972,-0.028046,0.054916,-0.039917
1,Sauter,1976.193359,-0.123218,-0.023425,0.261230,-0.004837,0.063477,-0.024048
1,Sauter,1983.976563,-0.196223,0.054038,0.218300,0.009796,0.063477,-0.024048
1,Sauter,1994.046875,-0.248913,0.130168,0.215450,0.009796,0.036591,-0.009369
1,Sauter,2004.119141,-0.321435,0.127934,0.212876,0.011032,-0.022049,0.000381
1,Sauter,2014.189453,-0.316751,0.106516,0.248583,0.000046,-0.042816,0.010147
1,Sauter,2024.230469,-0.177534,0.008353,0.263567,-0.006073,-0.036697,0.007706
1,Sauter,2034.300781,-0.059393,0.027584,0.257637,-0.025604,0.008499,0.001617
1,Sauter,2046.019531,0.096244,0.085176,0.210628,-0.042725,0.061020,-0.004486
1,Sauter,2054.441406,0.037547,0.064623,0.260952,-0.048813,0.056137,-0.008163
1,Sauter,2064.511719,-0.077851,-0.013437,0.329818,-0.026840,0.020706,-0.006927
1,Sauter,2074.644531,-0.134124,0.025393,0.361777,0.004913,-0.013489,0.001617
1,Sauter,2084.685547,-0.228612,0.024959,0.279013,0.002472,-0.013489,0.002823
1,Sauter,2094.785156,-0.224527,-0.052596,0.197039,-0.006073,0.015823,-0.008163
1,Sauter,2104.826172,-0.238674,-0.032452,0.077286,-0.007278,0.024384,-0.017929
1,Sauter,2115.781250,-0.251541,0.006612,0.056090,-0.002396,0.028030,-0.024048
1,Sauter,2124.937500,-0.225525,0.025683,0.093945,0.009796,0.051239,-0.027695
1,Sauter,2134.978516,-0.103108,0.082962,0.035827,0.020798,0.083008,-0.024048
1,Sauter,2145.140625,-0.059453,0.062054,-0.020293,0.030563,0.067123,-0.035034
1,Sauter,2155.181641,-0.035609,0.022141,-0.074111,0.046448,0.026825,-0.031372
1,Sauter,2165.281250,-0.012950,-0.055718,-0.125437,0.058670,-0.029373,-0.024048
1,Sauter,2175.320313,-0.050316,-0.093646,-0.176145,0.039124,-0.073349,-0.000824
1,Sauter,2185.513672,-0.032209,-0.034314,-0.092907,0.017120,-0.105118,0.032150
1,Sauter,2195.462891,-0.075021,0.004939,0.064001,-0.002396,-0.103897,0.054138
1,Sauter,2205.503906,-0.021988,0.043686,0.177552,-0.024399,-0.042816,0.060242
1,Sauter,2215.542969,-0.008334,0.236193,0.171134,-0.047607,-0.042816,0.055359
1,Sauter,2225.675781,-0.110203,0.348391,0.144299,-0.045166,0.043915,0.055359
1,Sauter,2238.003906,-0.092850,0.400864,0.174579,-0.045166,0.114777,0.013824
1,Sauter,2245.818359,-0.169080,0.317228,0.187469,-0.036606,0.114777,0.013824
1,Sauter,2255.886719,-0.204626,0.254289,0.199503,-0.036606,0.142883,-0.004486
1,Sauter,2265.958984,-0.238046,0.115296,0.151867,-0.067154,0.162415,-0.014252
1,Sauter,2275.998047,-0.347619,0.017272,0.122477,-0.073257,0.161209,-0.011810
1,Sauter,2286.101563,-0.359771,-0.098375,0.113038,-0.063492,0.144089,0.001617
1,Sauter,2296.171875,-0.295976,-0.096376,0.046771,-0.057373,0.136765,0.015030
1,Sauter,2307.402344,-0.292143,-0.055827,-0.018098,-0.045166,0.138000,0.019943
1,Sauter,2316.251953,-0.249561,-0.016065,-0.002612,-0.039047,0.136765,0.015030
1,Sauter,2326.353516,-0.188287,0.023065,-0.045776,-0.045166,0.112335,0.013824
1,Sauter,2336.363281,-0.147697,0.119385,0.027970,-0.032944,0.063477,0.018707
1,Sauter,2346.494141,-0.166688,0.098276,0.237692,-0.004837,-0.031815,0.026031
1,Sauter,2356.626953,-0.166854,0.096713,0.368982,0.007355,-0.052582,0.027267
1,Sauter,2366.667969,-0.186123,0.095162,0.459621,-0.002396,-0.017151,0.023590
1,Sauter,2377.224609,-0.146316,0.093663,0.432150,-0.007278,0.029266,0.012589
1,Sauter,2386.779297,-0.124965,0.015019,0.443466,-0.006073,0.058578,0.000381
1,Sauter,2396.880859,-0.180151,-0.120193,0.299973,-0.010956,0.106232,-0.002045
1,Sauter,2406.949219,-0.176466,-0.098814,0.312626,-0.013397,0.167313,0.005264
1,Sauter,2416.992188,-0.115494,-0.135579,0.169677,-0.030487,0.195419,0.013824
1,Sauter,2427.154297,-0.037331,-0.036576,0.200895,-0.047607,0.190536,0.028473
1,Sauter,2437.162109,-0.078248,0.041615,0.249774,-0.054932,0.156326,0.052917
1,Sauter,2447.294922,-0.139338,-0.016459,0.336703,-0.042725,0.112335,0.054138
1,Sauter,2457.304688,-0.161086,-0.054330,0.345958,-0.040283,0.076904,0.054138
1,Sauter,2467.345703,-0.182610,-0.014374,0.277377,-0.053711,0.076904,0.054138
1,Sauter,2477.476563,-0.107173,-0.013612,0.209255,-0.053711,0.059799,0.049240
1,Sauter,2487.515625,-0.109660,-0.070708,0.199858,-0.061050,0.043915,0.043152
1,Sauter,2499.785156,-0.112085,-0.068873,0.208232,-0.059814,0.057358,0.033371
1,Sauter,2507.626953,-0.131807,-0.028779,0.104082,-0.045166,0.057358,0.033371
1,Sauter,2517.699219,-0.132974,0.126430,0.078331,-0.045166,0.059799,0.041916
1,Sauter,2527.832031,-0.019653,0.182681,0.149184,-0.050049,0.054916,0.057800
1,Sauter,2537.900391,-0.024694,0.122334,0.199227,-0.053711,0.015823,0.054138
1,Sauter,2547.912109,-0.068119,0.082215,0.191407,-0.036606,-0.024490,0.050476
1,Sauter,2558.011719,-0.130075,0.061860,0.167207,0.000046,-0.046463,0.048035
1,Sauter,2569.578125,-0.037391,0.118862,0.126043,0.000046,-0.056244,0.046799
1,Sauter,2578.185547,0.074987,0.252081,0.084372,-0.026840,-0.055023,0.037033
1,Sauter,2588.164063,0.225418,0.209700,0.136881,-0.056152,-0.062347,0.006500
1,Sauter,2598.265625,0.241905,0.052304,0.148314,-0.058594,-0.062347,-0.035034
1,Sauter,2608.367188,0.164342,-0.160563,0.084167,-0.020721,-0.047699,-0.044815
1,Sauter,2618.437500,0.146283,-0.254423,-0.013874,0.014679,-0.011047,-0.038696
1,Sauter,2628.478516,0.164948,-0.308241,-0.050593,0.018356,0.029266,0.004059
1,Sauter,2639.005859,0.178690,-0.245157,0.008375,-0.010956,0.037811,0.054138
1,Sauter,2648.648438,0.169291,-0.182858,-0.109210,-0.021957,0.048798,0.085907
1,Sauter,2658.689453,0.099930,-0.140769,-0.032463,-0.018280,0.058578,0.095673
1,Sauter,2668.791016,0.031903,-0.041501,0.023685,-0.021957,0.059799,0.082245
