1,Sauter,0.000000,-2.191591,-9.070388,-2.178603,-0.654785,0.481293,-0.208527
1,Sauter,10.071289,-2.163580,-8.962237,-2.637726,-0.717117,0.354233,-0.127884
1,Sauter,20.141602,-2.221891,-8.892102,-3.209441,-0.642578,0.155090,-0.091232
1,Sauter,30.243164,-2.363599,-8.763906,-4.042472,-0.560730,-0.074570,-0.087570
1,Sauter,40.313965,-2.370924,-8.460449,-4.709192,-0.566833,-0.295700,-0.109558
1,Sauter,50.934082,-2.259595,-8.352683,-4.908618,-0.673111,-0.577927,-0.198730
1,Sauter,60.424805,-2.006977,-8.381973,-4.661166,-0.878372,-0.876022,-0.344131
1,Sauter,70.496094,-2.295105,-8.466485,-3.791407,-1.160583,-1.067841,-0.452866
1,Sauter,80.627930,-2.138461,-8.289421,-3.223952,-1.475800,-1.181442,-0.302597
1,Sauter,90.667969,-1.813878,-7.789651,-3.577474,-1.643173,-1.233978,0.059021
1,Sauter,100.769531,-1.307424,-7.261678,-4.038487,-1.742126,-1.340271,0.318024
1,Sauter,110.809570,-0.845543,-6.509833,-3.024648,-2.043900,-1.541855,0.463409
1,Sauter,121.063477,-0.191866,-5.017872,-0.232872,-2.605881,-1.541855,0.654007
1,Sauter,130.951172,1.663252,-2.943643,0.519408,-3.128799,-1.661591,0.654007
1,Sauter,140.991699,4.179529,-0.835571,0.367373,-3.128799,-1.530869,0.968002
1,Sauter,151.092773,6.301663,1.580340,1.289851,-3.252182,-1.529648,1.412704
1,Sauter,161.133301,5.484522,3.989944,2.903478,-3.177658,-1.681152,1.754776
1,Sauter,173.553711,3.757169,6.155267,9.076247,-2.888107,-2.151505,2.289902
1,Sauter,181.335938,1.327071,10.017205,10.895868,-3.198425,-1.789871,2.289902
1,Sauter,191.345215,2.526472,12.673522,9.052847,-3.198425,-0.196732,2.146957
1,Sauter,201.446777,3.513010,13.264162,7.680542,-3.491653,0.360336,1.878174
1,Sauter,211.548340,3.260859,12.833831,6.965523,-3.012726,0.083008,1.523865
1,Sauter,221.587891,3.273972,12.047354,7.756072,-2.576569,-0.430099,1.218430
1,Sauter,231.659180,4.185126,11.930923,9.155018,-2.403076,-0.794159,1.015625
1,Sauter,243.011719,5.131060,11.457770,10.519774,-2.345657,-1.115479,0.895905
1,Sauter,251.800781,6.141919,9.647236,12.054404,-2.164856,-1.313400,0.734634
1,Sauter,261.840820,7.847020,8.588789,12.908372,-1.880188,-1.194885,0.588028
1,Sauter,271.942383,8.454111,7.630965,12.386912,-1.517334,-0.818604,0.500061
1,Sauter,281.982422,8.777275,6.253729,11.455471,-0.934570,-0.414215,0.371780
1,Sauter,292.114746,8.444971,4.824607,10.490177,-0.357910,0.026825,0.338806
1,Sauter,302.124023,7.995874,3.940741,9.426441,0.064774,0.428757,0.546494
1,Sauter,312.744629,7.239936,3.772672,8.569467,0.387314,0.762283,0.809158
1,Sauter,322.265625,6.197706,4.164412,7.485247,0.586456,1.020081,0.941116
1,Sauter,332.336914,5.084673,5.077530,6.837295,0.703751,1.079941,0.937439
1,Sauter,342.407227,3.861590,6.233554,6.902429,0.779495,0.999298,0.793289
1,Sauter,352.478516,2.728636,7.078956,6.977234,0.841797,0.871017,0.497620
1,Sauter,362.610352,1.734046,7.314112,6.671845,0.994507,0.871017,0.159210
1,Sauter,372.620117,1.197797,6.825487,6.033549,1.237640,0.696304,0.159210
1,Sauter,382.843262,0.723929,6.029511,4.944967,1.237640,0.580261,-0.140106
1,Sauter,392.791504,0.108424,4.923080,3.815639,1.545517,0.504501,-0.419861
1,Sauter,402.832031,-0.335654,3.652432,2.740274,1.897354,0.377457,-0.658112
1,Sauter,412.933594,-0.653046,2.537359,2.109649,2.158813,0.298035,-0.779068
1,Sauter,423.004395,-0.477283,1.866119,1.851407,2.246780,0.278488,-0.804718
1,Sauter,435.333496,0.009540,1.301451,1.657876,2.217468,0.257721,-0.807159
1,Sauter,443.176758,0.187147,0.830437,1.236572,2.193024,0.222305,-0.819382
1,Sauter,453.216797,0.163805,0.468349,0.898479,2.232117,0.123322,-0.821823
1,Sauter,463.287598,0.002485,0.107541,0.788466,2.313980,0.063477,-0.858475
1,Sauter,473.358398,-0.406530,-0.370142,0.687462,2.359177,0.125778,-0.943985
1,Sauter,483.398926,-0.703494,-0.982987,0.374087,2.393387,0.266281,-1.042953
1,Sauter,493.469238,-0.789620,-1.730994,-0.326386,2.434921,0.357895,-1.133362
1,Sauter,504.791504,-0.811888,-2.473010,-0.895706,2.465485,0.344467,-1.212769
1,Sauter,513.610840,-0.975167,-3.038450,-1.234214,2.485016,0.246719,-1.297073
1,Sauter,523.682129,-1.590425,-3.752007,-1.713734,2.471573,0.101334,-1.328842
1,Sauter,533.783203,-2.288348,-4.298557,-2.166305,2.427597,-0.075790,-1.250656
1,Sauter,543.853516,-2.624992,-4.557041,-2.227008,2.317642,-0.218735,-1.151672
1,Sauter,553.955566,-2.773023,-4.743345,-2.080290,2.133163,-0.309143,-1.116257
1,Sauter,563.964844,-2.746051,-4.779826,-1.638131,1.938919,-0.310364,-1.133362
1,Sauter,574.584961,-2.257804,-5.222574,-1.359491,1.775192,-0.221176,-1.168793
1,Sauter,584.137207,-1.931690,-5.355816,-1.193047,1.673782,-0.134430,-1.210327
1,Sauter,594.177734,-1.320564,-5.585809,-1.317303,1.673782,-0.141754,-1.266541
1,Sauter,604.278809,-1.018598,-5.910086,-1.438840,1.686020,-0.141754,-1.288513
1,Sauter,614.349609,-1.420298,-6.307112,-1.580365,1.653015,-0.161316,-1.288513
1,Sauter,624.481445,-1.547681,-6.365592,-1.584993,1.653015,-0.116104,-1.240875
1,Sauter,634.521973,-1.330655,-5.927243,-1.735682,1.528412,0.032913,-1.105255
1,Sauter,644.775391,-1.263181,-5.325500,-1.742511,1.378143,0.196625,-0.904892
1,Sauter,654.632813,-1.078618,-4.579094,-1.535910,1.241302,0.283371,-0.752182
1,Sauter,664.672852,-0.904979,-3.711903,-1.243517,1.108124,0.285812,-0.656876
1,Sauter,674.773926,-0.584610,-2.705288,-1.063353,0.949295,0.289490,-0.560379
1,Sauter,684.845215,-0.409536,-1.775620,-1.015725,0.813705,0.274826,-0.513947
1,Sauter,697.144043,-0.284205,-1.103429,-0.961133,0.747726,0.236954,-0.518845
1,Sauter,704.956055,-0.260731,-0.738935,-0.688638,0.719635,0.184418,-0.538376
1,Sauter,715.026855,-0.361726,-0.397004,-0.402442,0.698868,0.122116,-0.534714
1,Sauter,725.097656,-0.290680,0.141224,-0.041701,0.642654,0.067123,-0.460190
1,Sauter,735.199219,-0.131728,0.797791,0.251793,0.529037,0.024384,-0.344131
1,Sauter,745.270020,-0.042231,1.415915,0.590613,0.386093,-0.003723,-0.259827
1,Sauter,755.310059,-0.038062,1.858105,0.836716,0.251694,-0.045258,-0.212173
1,Sauter,766.846191,0.022343,2.143408,1.055434,0.164948,-0.118546,-0.160873
1,Sauter,775.421387,0.189838,2.253596,1.047349,0.130753,-0.166199,-0.107117
1,Sauter,785.492188,0.335315,2.285457,1.080008,0.142975,-0.163757,-0.083908
1,Sauter,795.593262,0.383780,1.945400,1.093041,0.129532,-0.172318,-0.129105
1,Sauter,805.633789,0.436548,1.351513,1.122917,0.092880,-0.152756,-0.171875
1,Sauter,815.765625,0.395102,0.758850,1.227761,0.078217,-0.047699,-0.195084
1,Sauter,825.775391,0.198417,0.324141,1.056779,0.094101,0.141647,-0.188965
1,Sauter,836.212402,0.060203,0.105788,0.809842,0.147858,0.343246,-0.152313
1,Sauter,845.916992,-0.024209,0.162368,0.644645,0.204041,0.505737,-0.097336
1,Sauter,855.957031,-0.208354,0.218899,0.504327,0.251694,0.505737,-0.097336
1,Sauter,866.058594,-0.452821,0.236362,0.268747,0.251694,0.579041,-0.054581
1,Sauter,876.159668,-0.506052,0.215158,0.171719,0.279816,0.594910,0.001617
1,Sauter,886.261230,-0.621915,0.233605,0.035952,0.251694,0.552155,0.022385
1,Sauter,896.270996,-0.835271,0.056504,0.012794,0.168625,0.461761,-0.004486
1,Sauter,906.463867,-0.987384,-0.198388,-0.135376,0.076996,0.364014,-0.021606
1,Sauter,916.443359,-0.903991,-0.511235,-0.113947,0.017120,0.276047,-0.016693
1,Sauter,926.513672,-0.822112,-0.588322,-0.094945,0.012238,0.190536,0.000381
1,Sauter,936.584961,-0.702074,-0.645606,-0.016163,0.025681,0.134323,-0.004486
1,Sauter,946.655273,-0.542570,-0.585461,0.044188,0.030563,0.112335,-0.014252
1,Sauter,958.801758,-0.420189,-0.545307,0.126060,0.053787,0.128220,-0.039917
1,Sauter,966.827637,-0.335636,-0.505433,0.129929,0.076996,0.151428,-0.083908
1,Sauter,976.868164,-0.168610,-0.348758,0.039333,0.101425,0.150208,-0.100998
1,Sauter,986.969238,-0.098679,-0.192624,-0.067028,0.142975,0.120880,-0.105896
1,Sauter,997.039551,-0.107226,0.021740,0.046386,0.177185,0.050034,-0.103455
1,Sauter,1007.110840,-0.136068,0.313864,0.026166,0.200394,-0.023254,-0.093674
1,Sauter,1017.181641,-0.049679,0.409841,-0.069657,0.219925,-0.040375,-0.060684
1,Sauter,1028.748047,0.012724,0.505980,-0.103686,0.191833,-0.053802,-0.002045
1,Sauter,1037.323242,0.206702,0.602517,-0.147194,0.139297,-0.100220,0.038254
1,Sauter,1047.363770,0.162888,0.601255,-0.015564,0.113647,-0.127106,0.041916
1,Sauter,1057.434082,0.020987,0.502250,0.093982,0.095322,-0.103897,0.045593
1,Sauter,1067.535645,-0.024004,0.403643,0.201035,0.075775,-0.053802,0.067581
1,Sauter,1077.606445,0.027069,0.266376,0.186565,0.031799,0.026825,0.083450
1,Sauter,1087.677246,0.037510,0.129613,0.264403,-0.018280,0.103790,0.095673
1,Sauter,1098.114258,-0.071395,0.110821,0.375728,-0.057373,0.178299,0.115219
1,Sauter,1107.818848,-0.101907,0.072549,0.367356,-0.059814,0.178299,0.115219
1,Sauter,1117.889648,-0.192045,-0.004638,0.416978,-0.059814,0.236954,0.127441
1,Sauter,1127.960449,-0.458504,-0.081547,0.701338,-0.047607,0.276047,0.126221
1,Sauter,1138.000488,-0.334124,-0.079894,0.516655,-0.031723,0.279724,0.150650
1,Sauter,1148.163086,-0.408048,-0.058457,0.433346,0.011032,0.235718,0.168976
1,Sauter,1158.172363,-0.560545,-0.037054,0.434711,0.080658,0.178299,0.164093
1,Sauter,1168.243652,-0.575508,-0.094036,0.421825,0.103882,0.117218,0.161652
1,Sauter,1178.313965,-0.570616,-0.053053,0.450158,0.108765,0.061020,0.157974
1,Sauter,1188.354980,-0.505905,0.124677,0.479660,0.114868,-0.018372,0.138443
1,Sauter,1198.455566,-0.497934,0.203911,0.491469,0.131973,-0.063583,0.113998
1,Sauter,1208.465332,-0.526385,0.282676,0.525029,0.152740,-0.095337,0.085907
1,Sauter,1220.733887,-0.631899,0.341547,0.447083,0.166183,-0.122223,0.059021
1,Sauter,1228.607910,-0.634302,0.341089,0.459449,0.145416,-0.134430,0.040710
1,Sauter,1238.678223,-0.538301,0.301452,0.531388,0.107544,-0.140549,0.026031
1,Sauter,1248.779785,-0.421472,0.261767,0.559869,0.063568,-0.131989,0.011383
1,Sauter,1258.880371,-0.382588,0.202562,0.505432,0.018356,-0.129547,0.013824
1,Sauter,1268.951660,-0.188135,0.124046,0.466753,-0.014603,-0.139313,0.028473
1,Sauter,1279.021973,-0.074046,0.045895,0.464755,-0.034164,-0.149094,0.045593
1,Sauter,1290.313965,-0.039234,-0.012403,0.480275,-0.048813,-0.138107,0.033371
1,Sauter,1299.163574,0.133187,-0.031268,0.564847,-0.067154,-0.111221,0.007706
1,Sauter,1309.204590,0.150184,-0.050017,0.645328,-0.083023,-0.056244,-0.006927
1,Sauter,1319.274902,0.264740,-0.068582,0.588209,-0.081818,-0.023254,-0.020370
1,Sauter,1329.376465,0.223169,-0.106133,0.590506,-0.065933,-0.013489,-0.008163
1,Sauter,1339.416504,0.181690,-0.162271,0.594869,-0.039047,-0.013489,-0.008163
1,Sauter,1349.518066,0.043056,-0.140183,0.484672,-0.039047,0.002380,0.019943
1,Sauter,1359.924316,-0.115127,-0.021721,0.396185,-0.020721,0.029266,0.041916
1,Sauter,1369.659668,-0.233638,0.037067,0.329346,-0.020721,0.039032,0.056580
1,Sauter,1379.699707,-0.196883,0.094995,0.301759,-0.025604,0.047592,0.059021
1,Sauter,1389.801270,-0.179972,0.190547,0.408609,-0.040283,0.047592,0.055359
1,Sauter,1399.841309,-0.104555,0.284418,0.435479,-0.047607,0.040253,0.040710
1,Sauter,1410.004395,-0.124415,0.241443,0.462057,-0.037827,0.034149,0.006500
1,Sauter,1419.982910,-0.064533,0.141047,0.393008,-0.025604,0.026825,-0.004486
1,Sauter,1430.176270,-0.043247,0.080777,0.461136,-0.019516,0.003616,-0.013046
1,Sauter,1440.155762,-0.117622,0.059938,0.489869,-0.026840,-0.028137,-0.028931
1,Sauter,1450.226074,-0.074393,0.020121,0.440593,-0.032944,-0.051361,-0.026489
1,Sauter,1460.266113,-0.071101,-0.038249,0.334102,-0.032944,-0.046463,-0.016693
1,Sauter,1470.367676,-0.068825,-0.037680,0.268097,-0.028046,-0.040375,-0.006927
1,Sauter,1482.513184,-0.067281,0.020828,0.279828,-0.029282,-0.012253,-0.000824
1,Sauter,1490.509277,-0.027845,0.059123,0.311501,-0.025604,0.025589,0.007706
1,Sauter,1500.519043,0.048889,0.096886,0.283900,-0.029282,0.042709,0.011383
1,Sauter,1510.650879,0.046791,0.114816,0.313565,-0.043930,0.043915,0.016266
1,Sauter,1520.721191,0.025214,0.055334,0.245348,-0.048813,0.042709,0.016266
1,Sauter,1530.762207,0.022982,0.035469,0.178464,-0.040283,0.043915,0.022385
1,Sauter,1540.862793,-0.017552,0.035178,0.151770,-0.037827,0.043915,0.011383
1,Sauter,1552.337402,-0.075795,0.015522,0.163760,-0.036606,0.037811,0.002823
1,Sauter,1561.004395,-0.016415,0.034615,0.215353,-0.037827,0.029266,-0.006927
1,Sauter,1571.045410,0.004976,-0.004660,0.227997,-0.019516,0.003616,-0.028931
1,Sauter,1581.146973,0.027042,-0.024134,0.222382,-0.015839,0.003616,-0.027695
1,Sauter,1591.216309,-0.047826,-0.043268,0.236152,-0.023163,-0.026932,-0.027695
1,Sauter,1601.318848,-0.006089,-0.023473,0.153141,-0.023163,-0.044022,-0.021606
1,Sauter,1611.389160,-0.005061,0.054020,0.109873,-0.029282,-0.041580,0.000381
1,Sauter,1621.704590,-0.024845,0.091857,0.201520,-0.040283,-0.063583,0.007706
1,Sauter,1631.500488,-0.005856,0.129094,0.291185,-0.047607,-0.094116,0.001617
1,Sauter,1641.540527,-0.063526,0.146310,0.302739,-0.034164,-0.119781,-0.010605
1,Sauter,1651.642090,-0.215258,0.124460,0.335089,-0.017059,-0.125885,-0.027695
1,Sauter,1661.743652,-0.267047,0.083512,0.330019,0.000046,-0.117325,-0.030136
1,Sauter,1671.813965,-0.337392,0.062504,0.249435,0.018356,-0.085571,-0.024048
1,Sauter,1681.824707,-0.367950,0.022534,0.131955,0.014679,-0.052582,-0.028931
1,Sauter,1691.864746,-0.320115,0.021778,0.227265,-0.001190,-0.020813,-0.036255
1,Sauter,1701.996582,-0.311678,-0.017436,0.240985,-0.034164,0.021942,-0.025253
1,Sauter,1712.036621,-0.208072,-0.036455,0.270467,-0.059814,0.046356,-0.011810
1,Sauter,1722.137207,-0.184423,0.041451,0.278355,-0.065933,0.061020,-0.002045
1,Sauter,1732.208496,-0.161791,0.002446,0.285911,-0.062256,0.062241,0.001617
1,Sauter,1744.354980,-0.120716,-0.035796,0.253011,-0.070816,0.063477,0.006500
1,Sauter,1752.319824,-0.042049,0.022968,0.281119,-0.073257,0.064682,0.011383
1,Sauter,1762.391113,-0.081854,-0.015447,0.210594,-0.073257,0.052475,0.032150
1,Sauter,1772.521973,0.011832,-0.014416,0.122318,-0.069595,0.026825,0.052917
1,Sauter,1782.531738,0.083878,0.083078,0.171564,-0.059814,-0.002487,0.046799
1,Sauter,1792.633301,0.097669,0.140270,0.201180,-0.064697,-0.025696,0.033371
1,Sauter,1802.733887,0.131846,0.138534,0.191355,-0.068375,-0.013489,0.019943
1,Sauter,1814.056152,0.128310,0.136735,0.141877,-0.070816,-0.007370,0.002823
1,Sauter,1822.814941,-0.008957,0.038321,0.095046,-0.065933,-0.007370,-0.000824
1,Sauter,1832.916504,-0.008761,0.037959,0.029856,-0.050049,-0.007370,-0.000824
1,Sauter,1842.987793,-0.124855,0.018347,-0.014107,-0.050049,-0.015930,0.010147
1,Sauter,1852.966309,-0.046545,0.018343,-0.037216,-0.035385,-0.017151,0.006500
1,Sauter,1863.098145,-0.065737,-0.000999,0.075753,-0.035385,-0.019608,0.005264
1,Sauter,1873.199707,-0.084310,0.018534,0.070663,-0.045166,-0.020813,0.000381
1,Sauter,1883.483887,-0.083044,0.018461,0.142353,-0.042725,-0.017151,0.000381
1,Sauter,1893.340332,-0.101858,0.037744,0.174478,-0.041489,0.007263,0.017487
1,Sauter,1903.381348,-0.159636,0.172523,0.090193,-0.040283,0.018265,0.016266
1,Sauter,1913.482910,-0.119767,0.170023,0.084409,-0.043930,-0.009811,0.011383
1,Sauter,1923.522949,-0.080165,0.090409,0.001201,-0.054932,-0.041580,0.005264
1,Sauter,1933.685059,-0.021538,0.031373,0.150285,-0.058594,-0.059906,0.000381
1,Sauter,1943.694824,0.017355,-0.007423,0.181222,-0.058594,-0.073349,-0.006927
1,Sauter,1953.949707,0.037593,-0.045731,0.231025,-0.057373,-0.086792,-0.026489
1,Sauter,1963.837402,0.078591,-0.102901,0.280569,-0.053711,-0.098999,-0.046021
1,Sauter,1973.907715,0.042377,-0.178566,0.176493,-0.026840,-0.098999,-0.038696
1,Sauter,1983.978027,-0.051320,-0.195286,0.135709,0.020798,-0.092896,-0.041138
1,Sauter,1994.049316,-0.066715,-0.134846,0.100839,0.078217,-0.094116,-0.030136
1,Sauter,2006.072754,-0.178793,-0.056404,0.169012,0.100204,-0.112442,-0.024048
1,Sauter,2014.160645,-0.232401,0.021023,0.175339,0.100204,-0.139313,-0.021606
1,Sauter,2024.231934,-0.323725,0.000618,0.203240,0.098984,-0.151550,-0.019150
1,Sauter,2034.301270,-0.278345,0.057685,0.134202,0.098984,-0.147873,-0.025253
1,Sauter,2044.403809,-0.213857,0.075233,0.045930,0.076996,-0.146652,-0.030136
1,Sauter,2054.474121,-0.169609,0.034803,0.129451,0.034241,-0.151550,-0.027695
1,Sauter,2064.544434,-0.164443,-0.043323,0.091832,-0.003632,-0.152756,-0.035034
1,Sauter,2075.866699,-0.100862,-0.062258,0.091574,-0.002396,-0.124664,-0.032578
1,Sauter,2084.655762,-0.019754,-0.061516,0.168378,0.003708,-0.124664,-0.032578
1,Sauter,2094.727051,0.059947,-0.041515,0.147696,0.003708,-0.079453,-0.022812
1,Sauter,2104.828613,0.060362,0.016852,0.088073,-0.002396,-0.042816,-0.011810
1,Sauter,2114.867676,0.059811,-0.002762,0.067423,-0.002396,-0.023254,-0.000824
1,Sauter,2124.969238,0.057839,0.016680,0.066019,-0.006073,-0.004929,0.018707
1,Sauter,2135.071777,0.073152,0.036022,0.083655,-0.003632,0.015823,0.041916
1,Sauter,2145.294434,0.086364,0.074518,0.081948,0.001266,0.020706,0.055359
1,Sauter,2155.151855,0.021234,0.035313,0.061209,-0.002396,-0.013489,0.063919
1,Sauter,2165.222168,-0.024056,0.016109,0.156647,-0.002396,-0.036697,0.060242
1,Sauter,2175.354980,-0.107154,-0.099232,0.250925,0.003708,-0.039139,0.061478
1,Sauter,2185.395020,-0.130169,-0.097061,0.305864,0.014679,-0.023254,0.045593
1,Sauter,2195.525879,-0.055443,-0.075762,0.186641,0.017120,0.023148,0.045593
1,Sauter,2205.535645,-0.059987,-0.054687,0.146168,0.013474,0.037811,0.067581
1,Sauter,2215.606934,-0.007769,0.024036,0.163677,0.004913,0.009705,0.067581
1,Sauter,2225.646973,-0.071846,0.043560,0.277392,0.008591,-0.019608,0.059021
1,Sauter,2235.718262,-0.134417,-0.014444,0.235259,0.008591,-0.018372,0.056580
1,Sauter,2245.818848,-0.137600,0.024930,0.174064,0.001266,0.002380,0.050476
1,Sauter,2255.890137,-0.158704,0.044230,0.152094,0.006149,0.026825,0.033371
1,Sauter,2267.853027,-0.177789,0.043770,0.149371,-0.002396,0.036591,0.011383
1,Sauter,2276.062012,-0.117065,0.043096,0.203941,-0.008514,0.042709,-0.004486
1,Sauter,2286.102051,-0.075743,0.042374,0.199086,-0.012161,0.035370,-0.006927
1,Sauter,2296.173340,0.022838,0.060951,0.194315,-0.009720,0.030472,-0.006927
1,Sauter,2306.244629,-0.015567,0.021370,0.189859,-0.008514,0.025589,-0.000824
1,Sauter,2316.345215,0.023503,-0.017522,0.166280,-0.008514,0.025589,-0.000824
1,Sauter,2326.385254,0.061623,0.002133,0.123878,-0.008514,0.012146,0.004059
1,Sauter,2337.707520,0.000927,0.040935,0.120485,-0.012161,0.014587,0.029709
1,Sauter,2346.527832,0.017677,0.059885,0.156007,-0.008514,0.014587,0.029709
1,Sauter,2356.567871,-0.024452,0.078581,0.113841,-0.008514,0.010941,0.037033
1,Sauter,2366.698730,-0.085285,0.058420,0.053078,-0.012161,-0.017151,0.029709
1,Sauter,2376.708496,-0.028924,0.038538,0.070334,-0.015839,-0.029373,0.026031
1,Sauter,2386.841309,-0.107573,-0.000373,0.125761,-0.014603,-0.020813,0.010147
1,Sauter,2396.881348,-0.106753,-0.038719,0.121751,-0.024399,0.014587,0.008942
1,Sauter,2407.104980,-0.124793,-0.057116,0.155366,-0.026840,0.043915,0.005264
1,Sauter,2417.022949,-0.142039,-0.055940,0.129961,-0.031723,0.075684,0.002823
1,Sauter,2427.062988,-0.197405,0.022390,0.142752,-0.036606,0.091568,0.005264
1,Sauter,2437.134277,-0.002166,0.061008,0.193298,-0.043930,0.073242,0.023590
1,Sauter,2447.235840,-0.043533,0.002723,0.108577,-0.029282,0.051239,0.040710
1,Sauter,2457.366699,-0.085143,-0.016129,0.144142,0.014679,0.030472,0.039474
1,Sauter,2467.376465,-0.106628,-0.034913,0.144323,0.044006,0.031708,0.037033
1,Sauter,2477.417480,-0.147112,0.023714,0.106685,0.029358,0.029266,0.040710
1,Sauter,2487.487793,-0.147512,0.062111,0.106394,0.002472,-0.009811,0.017487
1,Sauter,2497.589355,-0.146415,0.061278,0.142365,-0.021957,-0.019608,0.007706
1,Sauter,2507.659668,-0.144282,0.021866,0.118387,-0.029282,-0.024490,-0.004486
1,Sauter,2517.730957,-0.140961,0.021560,0.017571,-0.025604,-0.037918,-0.017929
1,Sauter,2529.692871,-0.059207,-0.075301,0.072465,-0.028046,-0.042816,-0.025253
