1,Sauter,0.000000,2.223200,-9.179299,2.511800
1,Sauter,10.007813,1.880400,-9.244400,2.600200
1,Sauter,20.023438,0.901300,-8.371099,4.259800
1,Sauter,30.000000,-0.930000,-4.227800,7.376500
1,Sauter,40.007813,-1.013200,0.190400,8.299200
1,Sauter,50.015625,0.218200,1.702900,8.323100
1,Sauter,60.000000,1.724200,1.377900,8.645000
1,Sauter,70.007813,2.859600,0.033000,9.062300
1,Sauter,80.015625,3.099100,-1.898000,9.096700
1,Sauter,90.007813,2.494100,-3.968600,8.357300
1,Sauter,100.015625,1.026300,-5.071200,6.772200
1,Sauter,110.039063,-0.788200,-6.099100,6.093100
1,Sauter,120.000000,-2.321900,-4.652000,5.026400
1,Sauter,130.015625,-2.410300,-1.039500,3.712700
1,Sauter,139.992188,-1.684100,1.272400,3.936000
1,Sauter,150.000000,-0.553500,3.215600,5.654600
1,Sauter,160.023438,1.441200,5.285200,7.632000
1,Sauter,170.000000,0.339900,9.174300,8.849800
1,Sauter,180.007813,0.918000,11.248500,10.582200
1,Sauter,190.023438,2.299000,9.119400,13.387500
1,Sauter,200.000000,3.499500,9.900499,13.302500
1,Sauter,210.007813,4.913000,8.862200,9.948500
1,Sauter,220.015625,6.302600,6.149900,7.627800
1,Sauter,230.015625,7.466900,2.936500,6.708300
1,Sauter,240.007813,7.192600,1.209600,5.639400
1,Sauter,250.023438,7.628500,0.387000,5.398800
1,Sauter,260.007813,7.187900,-0.463200,5.960100
1,Sauter,270.015625,5.911600,-0.028500,7.200300
1,Sauter,280.023438,5.114900,0.869300,8.540400
1,Sauter,290.000000,3.664800,1.720500,10.370100
1,Sauter,300.015625,2.480200,2.329400,11.489100
1,Sauter,309.992188,1.588400,2.961400,12.109500
1,Sauter,320.000000,1.558600,3.189400,12.394500
1,Sauter,330.015625,1.399400,2.435000,11.830400
1,Sauter,340.000000,1.691800,1.558900,10.460700
1,Sauter,350.023438,2.472200,0.920600,9.065100
1,Sauter,360.023438,2.851500,0.266900,8.355400
1,Sauter,370.000000,3.440400,-0.213800,7.884700
1,Sauter,380.007813,3.929700,-0.025800,7.673200
1,Sauter,390.023438,4.634300,0.521600,7.236300
1,Sauter,400.000000,5.087400,1.062200,7.090800
1,Sauter,410.015625,5.423700,1.827300,6.837600
1,Sauter,420.023438,5.507500,2.597200,6.355800
1,Sauter,430.007813,4.794700,3.218200,5.686000
1,Sauter,440.015625,4.478400,3.612700,5.057800
1,Sauter,449.992188,3.708600,3.620100,4.420900
1,Sauter,460.007813,2.956400,3.547600,3.755800
1,Sauter,470.031250,2.264000,3.165600,3.233200
1,Sauter,480.000000,1.701900,2.960600,2.986000
1,Sauter,490.007813,1.354700,2.691000,2.663500
1,Sauter,500.023438,1.145300,2.673500,2.263900
1,Sauter,510.000000,0.498700,2.616300,0.279700
1,Sauter,520.007813,-0.097400,2.507600,-0.937600
1,Sauter,530.023438,-0.598400,2.164500,-1.672500
1,Sauter,540.000000,-0.867500,2.092900,-1.952600
1,Sauter,550.007813,-1.053300,2.212200,-1.976800
1,Sauter,560.023438,-1.190900,2.290500,-2.101200
1,Sauter,570.007813,-1.416000,2.432300,-2.406600
1,Sauter,580.015625,-1.680300,2.276900,-2.657000
1,Sauter,590.046875,-1.619100,1.872000,-2.901600
1,Sauter,600.007813,-1.842800,1.259900,-3.347400
1,Sauter,610.015625,-1.972000,0.710300,-3.591600
1,Sauter,619.992188,-2.004500,-0.084900,-3.716500
1,Sauter,630.007813,-1.910400,-0.877600,-3.725100
1,Sauter,640.015625,-1.802500,-1.509900,-4.053000
1,Sauter,650.000000,-1.836000,-1.871000,-4.107400
1,Sauter,660.007813,-2.045100,-2.115500,-4.167400
1,Sauter,670.023438,-2.042300,-2.165300,-4.268600
1,Sauter,680.000000,-1.936000,-2.216700,-4.824100
1,Sauter,690.007813,-1.942700,-2.202200,-5.324100
1,Sauter,700.023438,-1.993000,-2.278200,-5.526300
1,Sauter,710.015625,-2.157200,-2.322700,-5.319700
1,Sauter,720.007813,-2.129900,-2.494600,-5.047700
1,Sauter,730.023438,-2.031700,-2.478200,-4.550300
1,Sauter,740.007813,-1.745200,-2.353400,-4.135100
1,Sauter,750.015625,-1.543900,-2.347400,-3.886600
1,Sauter,759.992188,-1.542200,-2.186200,-3.862800
1,Sauter,770.007813,-1.737000,-2.118500,-3.739100
1,Sauter,780.015625,-2.004200,-2.121500,-3.653500
1,Sauter,789.992188,-2.367900,-2.010000,-3.518800
1,Sauter,800.007813,-2.337800,-1.820300,-3.400000
1,Sauter,810.015625,-2.263500,-1.666200,-3.264500
1,Sauter,820.000000,-2.119500,-1.765600,-2.983700
1,Sauter,830.031250,-2.095100,-1.964600,-2.601900
1,Sauter,840.023438,-1.793100,-2.115400,-2.455500
1,Sauter,850.000000,-1.575000,-2.170700,-2.171900
1,Sauter,860.007813,-1.399000,-2.251900,-1.866300
1,Sauter,870.023438,-1.065300,-1.973700,-1.638200
1,Sauter,880.000000,-0.684900,-1.495600,-1.368200
1,Sauter,890.007813,-0.447100,-0.969600,-1.013300
1,Sauter,900.000000,-0.320700,-0.279500,-0.640800
1,Sauter,910.007813,-0.240400,0.420900,-0.218500
1,Sauter,920.015625,-0.345900,1.086100,0.022500
1,Sauter,929.992188,-0.624100,1.595400,-0.083200
1,Sauter,940.007813,-0.669200,1.875400,-0.255500
1,Sauter,950.031250,-0.684100,1.846700,-0.439100
1,Sauter,959.992188,-0.602200,1.783700,-0.576000
1,Sauter,970.015625,-0.380100,1.606500,-0.741400
1,Sauter,980.023438,-0.133600,1.432600,-0.627100
1,Sauter,990.000000,0.217900,1.027400,-0.364600
1,Sauter,1000.015625,0.367600,0.546200,-0.230900
1,Sauter,1010.023438,0.465400,0.069200,-0.115900
1,Sauter,1020.000000,0.581100,-0.442000,0.024600
1,Sauter,1030.007813,0.636600,-0.909200,0.113500
1,Sauter,1040.023438,0.440100,-1.373200,-0.070900
1,Sauter,1050.000000,0.280300,-1.836100,-0.106000
1,Sauter,1060.007813,0.084200,-2.024200,-0.110100
1,Sauter,1070.015625,0.125700,-1.741800,-0.075900
1,Sauter,1080.007813,-0.173000,-1.500600,0.225400
1,Sauter,1090.015625,-0.258800,-1.065700,0.435100
1,Sauter,1099.992188,-0.368600,-0.515900,0.600800
1,Sauter,1110.007813,-0.388800,0.110400,0.801800
1,Sauter,1120.015625,-0.358300,0.617000,0.806300
1,Sauter,1129.992188,-0.431100,1.002200,0.509500
1,Sauter,1140.007813,-0.420800,1.346200,0.229100
1,Sauter,1150.023438,-0.529700,0.983600,0.038900
1,Sauter,1160.000000,-0.489900,0.583200,0.127100
1,Sauter,1170.015625,-0.200700,0.226800,0.213900
1,Sauter,1180.023438,0.056800,-0.162000,0.249600
1,Sauter,1190.015625,0.332100,-0.310400,0.310900
1,Sauter,1200.015625,0.476000,-0.454900,0.321400
1,Sauter,1209.992188,0.421700,-0.676000,0.359000
1,Sauter,1220.007813,0.144900,-1.055200,0.231400
1,Sauter,1230.015625,-0.265200,-1.085700,0.220500
1,Sauter,1240.000000,-0.530300,-0.927400,-0.046100
1,Sauter,1250.007813,-0.661600,-0.773000,-0.109900
1,Sauter,1260.015625,-0.852400,-0.505200,-0.128400
1,Sauter,1270.000000,-0.872700,-0.319100,-0.139100
1,Sauter,1280.007813,-0.843400,-0.056400,-0.068000
1,Sauter,1290.015625,-0.739100,0.090600,-0.005100
1,Sauter,1300.000000,-0.600700,0.121500,0.055700
1,Sauter,1310.031250,-0.508400,0.192900,0.002100
1,Sauter,1320.023438,-0.265600,0.343800,-0.010700
1,Sauter,1330.000000,-0.119800,0.221900,-0.012200
1,Sauter,1340.015625,0.013600,-0.016800,-0.082600
1,Sauter,1350.023438,-0.092400,-0.137700,-0.069800
1,Sauter,1360.000000,-0.048700,-0.179800,-0.050700
1,Sauter,1370.015625,0.102600,-0.298600,0.004900
1,Sauter,1380.000000,0.202600,-0.413800,0.046000
1,Sauter,1390.007813,0.483100,-0.290100,-0.039100
1,Sauter,1400.023438,0.559700,-0.086200,-0.088900
1,Sauter,1410.000000,0.558400,-0.117200,0.093500
1,Sauter,1420.007813,0.342900,-0.112500,0.159400
1,Sauter,1430.031250,0.149000,-0.072500,0.150200
1,Sauter,1440.000000,0.014400,-0.036800,0.069500
1,Sauter,1450.007813,-0.067500,-0.043700,-0.156400
1,Sauter,1460.015625,0.083100,0.066500,-0.217500
1,Sauter,1470.000000,0.108900,0.022700,0.061900
1,Sauter,1480.015625,0.043300,-0.096300,0.331700
1,Sauter,1490.023438,-0.031700,-0.251400,0.429300
1,Sauter,1500.000000,-0.035500,-0.248400,0.369400
1,Sauter,1510.015625,0.099300,-0.400700,0.045900
1,Sauter,1519.992188,0.072800,-0.396100,-0.153000
1,Sauter,1530.000000,0.118900,-0.312600,-0.191200
1,Sauter,1540.015625,0.049900,-0.229500,-0.149700
1,Sauter,1550.015625,0.136300,-0.146400,-0.144200
1,Sauter,1560.007813,0.106000,-0.180300,-0.027800
1,Sauter,1570.023438,0.081900,-0.214900,0.007400
1,Sauter,1580.000000,-0.011500,-0.171600,0.192300
1,Sauter,1590.007813,0.055200,-0.128900,0.141600
1,Sauter,1600.015625,0.039100,-0.203500,0.055100
1,Sauter,1610.000000,0.061700,-0.317100,0.046600
1,Sauter,1620.007813,0.014900,-0.236100,0.115800
1,Sauter,1630.015625,0.050600,-0.233900,0.221600
1,Sauter,1640.007813,0.097200,-0.078200,-0.132200
1,Sauter,1650.015625,0.032800,-0.040300,0.014900
1,Sauter,1660.023438,-0.064600,-0.082700,0.050500
1,Sauter,1670.023438,-0.391600,-0.125800,0.162700
1,Sauter,1680.015625,-0.485700,-0.011800,0.120000
1,Sauter,1689.992188,-0.392400,0.104000,0.114000
1,Sauter,1700.000000,-0.382800,-0.013500,0.022800
1,Sauter,1710.023438,-0.293100,0.104700,0.082200
1,Sauter,1720.000000,-0.245700,-0.130500,0.110800
1,Sauter,1730.007813,-0.014400,-0.170500,-0.114000
1,Sauter,1740.023438,0.016100,-0.289000,-0.136200
1,Sauter,1750.000000,0.119600,-0.406400,-0.158900
1,Sauter,1760.007813,0.113700,-0.326800,-0.003200
1,Sauter,1770.015625,0.032400,-0.364100,0.025000
1,Sauter,1780.007813,-0.004400,-0.206200,-0.024800
1,Sauter,1790.023438,-0.040600,-0.009600,-0.070900
1,Sauter,1800.023438,0.080200,0.107900,-0.152800
1,Sauter,1810.007813,0.121300,0.107800,-0.076100
1,Sauter,1820.015625,-0.065900,-0.050400,-0.077000
1,Sauter,1829.992188,-0.060900,-0.091400,-0.070400
1,Sauter,1840.000000,-0.091400,-0.210700,0.008900
1,Sauter,1850.015625,0.105700,-0.289300,-0.030700
1,Sauter,1859.992188,0.070400,-0.408800,-0.257200
1,Sauter,1870.000000,-0.003300,-0.450100,-0.208100
1,Sauter,1880.023438,0.154200,-0.334500,-0.192900
1,Sauter,1890.000000,0.120000,-0.060400,-0.078200
1,Sauter,1900.007813,0.046700,0.017100,0.000400
1,Sauter,1910.039063,-0.178500,0.015100,0.002400
1,Sauter,1920.000000,-0.296700,-0.220000,0.158900
1,Sauter,1930.007813,-0.377600,-0.179600,0.231900
1,Sauter,1940.023438,-0.377800,-0.179400,0.112800
1,Sauter,1950.000000,-0.302800,-0.296800,-0.042300
1,Sauter,1960.015625,-0.116000,-0.335800,-0.188700
1,Sauter,1970.023438,-0.046500,-0.258000,-0.250200
1,Sauter,1980.007813,0.030300,-0.179300,-0.054000
1,Sauter,1990.015625,0.106800,-0.139100,0.058100
1,Sauter,1999.992188,0.072500,-0.178200,0.051300
1,Sauter,2010.007813,0.151400,-0.256800,0.012500
1,Sauter,2020.015625,0.225100,-0.139300,-0.097500
1,Sauter,2030.007813,0.180800,-0.021500,-0.091600
1,Sauter,2040.007813,0.173000,-0.020800,-0.126000
1,Sauter,2050.023438,0.132200,0.097400,-0.011400
1,Sauter,2060.000000,0.018700,0.018100,-0.049500
1,Sauter,2070.007813,-0.097800,-0.138600,0.026800
1,Sauter,2080.023438,-0.134200,-0.138700,0.062600
1,Sauter,2090.000000,-0.208000,-0.218300,-0.012700
1,Sauter,2100.007813,-0.044200,-0.180700,-0.048300
1,Sauter,2110.023438,-0.037800,-0.180700,0.021700
