1,troisSix,0.000000,-0.295680,0.473414,0.054185,-0.684113,-0.678116,0.572144
1,troisSix,10.406250,-0.198960,1.099472,0.946082,-0.803848,-0.542496,0.497620
1,troisSix,20.142578,0.092542,1.600777,1.737398,-0.830734,-0.237061,0.275269
1,troisSix,30.181641,0.576267,1.869786,2.343482,-0.761093,0.197861,-0.004486
1,troisSix,40.314453,0.991414,1.645347,2.297683,-0.610809,0.543594,-0.147430
1,troisSix,50.384766,1.354928,1.279657,1.552526,-0.432449,0.577805,-0.091232
1,troisSix,60.486328,1.686384,1.205279,0.430925,-0.239410,0.321259,0.051697
1,troisSix,70.496094,2.279128,1.403561,-0.373657,-0.084259,0.321259,0.051697
1,troisSix,80.566406,2.254626,1.638628,-0.296307,-0.084259,0.047592,0.120117
1,troisSix,90.638672,2.048256,1.794037,-0.228744,-0.036606,-0.098999,0.101791
1,troisSix,100.677734,1.483904,1.812097,-0.761933,-0.062256,-0.122223,0.021149
1,troisSix,110.779297,-0.230061,0.831335,-2.347755,-0.151459,-0.119781,-0.075348
1,troisSix,120.851563,-0.952927,-0.127884,-3.269926,-0.241852,-0.081909,-0.124222
1,troisSix,132.720703,-1.723688,-1.181723,-3.810920,-0.250412,-0.020813,-0.080231
1,troisSix,140.990234,-2.200963,-2.056801,-3.957623,-0.216202,0.054916,0.094452
1,troisSix,151.031250,-2.450176,-2.712356,-3.814495,-0.196640,0.108673,0.274048
1,troisSix,161.164063,-2.695569,-2.855042,-3.435574,-0.251617,0.162415,0.371780
1,troisSix,171.205078,-2.815803,-2.544704,-2.668752,-0.375031,0.273605,0.382782
1,troisSix,181.275391,-2.704703,-2.134520,-2.246714,-0.508194,0.415314,0.272827
1,troisSix,191.345703,-2.918947,-2.114782,-2.466593,-0.599823,0.541153,0.187302
1,troisSix,202.789063,-3.004383,-2.111752,-3.353430,-0.712234,0.532608,0.263046
1,troisSix,211.486328,-2.966990,-2.032580,-3.623855,-0.939453,0.422638,0.362015
1,troisSix,221.527344,-2.666541,-1.808671,-3.390547,-1.335297,0.315140,0.391342
1,troisSix,231.660156,-2.355641,-1.928239,-3.010868,-1.662735,0.213745,0.385223
1,troisSix,241.730469,-2.243983,-2.839524,-2.859742,-1.804443,0.280930,0.500061
1,troisSix,251.802734,-1.922471,-4.052197,-3.239170,-1.828873,0.398224,0.767624
1,troisSix,261.841797,-1.264476,-4.998778,-3.664858,-1.855743,0.392105,1.066940
1,troisSix,272.216797,-0.106536,-5.265653,-3.256574,-1.894836,0.298035,1.288086
1,troisSix,281.982422,0.950985,-5.291337,-2.408555,-1.885071,0.131882,1.382141
1,troisSix,291.992188,1.379791,-5.697942,-1.211992,-1.825211,0.080566,1.410263
1,troisSix,302.125000,1.328867,-5.940729,-0.208688,-1.929047,0.129440,1.543427
1,troisSix,312.195313,0.686275,-5.980046,-0.224141,-2.175858,0.129440,1.543427
1,troisSix,322.326172,-0.271604,-5.652756,-0.332987,-2.175858,0.130661,1.788986
1,troisSix,332.337891,-0.647026,-4.883169,0.882971,-2.493500,0.144089,2.029663
1,troisSix,342.468750,-0.669719,-4.445581,2.845809,-2.825806,0.177094,2.271561
1,troisSix,352.449219,-0.197128,-3.590471,3.922100,-2.966293,0.260162,2.553787
1,troisSix,362.580078,0.139667,-3.096046,4.545693,-2.809921,0.443436,2.768814
1,troisSix,372.619141,0.137305,-2.565055,4.624568,-2.470291,0.875916,2.854324
1,troisSix,382.691406,0.263311,-2.225223,4.227724,-2.012146,1.358490,2.961838
1,troisSix,394.470703,0.818773,-1.578903,4.224855,-1.549103,1.727463,3.014374
1,troisSix,402.832031,1.117521,-0.866749,4.329699,-1.320633,2.041443,3.036362
1,troisSix,412.873047,1.047431,0.650954,3.905779,-1.249771,2.117188,3.037598
1,troisSix,422.974609,0.567101,2.124475,4.130611,-1.172821,1.897263,2.890976
1,troisSix,433.044922,-0.175457,2.925795,5.694728,-1.188705,1.583298,2.595337
1,troisSix,443.146484,-0.596678,2.818390,8.129910,-1.293762,1.380493,2.330200
1,troisSix,453.216797,-0.675059,2.255934,10.040051,-1.345078,1.439117,2.234909
1,troisSix,464.599609,0.291237,1.524699,10.948647,-1.192352,1.637039,2.250793
1,troisSix,473.359375,2.339360,1.331124,10.639535,-0.776978,1.935150,2.364410
1,troisSix,483.369141,4.594116,2.379806,9.909208,-0.158783,2.318771,2.592880
1,troisSix,493.439453,6.825259,3.693442,9.448911,0.614563,2.618103,2.831116
1,troisSix,503.570313,8.325608,4.280840,10.088223,1.302383,2.935745,3.024155
1,troisSix,513.671875,8.997059,5.800339,11.416971,1.979218,3.309586,3.087692
1,troisSix,523.681641,8.847448,7.719417,11.668959,2.834427,3.627228,3.126785
1,troisSix,533.966797,7.257863,9.008266,11.223733,3.611435,4.003525,3.321030
1,troisSix,543.824219,4.453540,10.100563,13.123283,3.879013,4.575287,3.659439
1,troisSix,553.863281,2.516310,8.222992,15.407158,3.566254,4.575287,4.190903
1,troisSix,563.966797,2.513668,7.363090,15.373320,3.688416,5.022446,4.190903
1,troisSix,574.037109,2.859872,7.262505,14.806026,3.688416,5.448837,4.540314
1,troisSix,584.199219,2.970470,7.452294,14.588676,4.427551,6.246628,4.748001
1,troisSix,594.177734,4.158751,7.620863,14.558848,5.098297,6.993088,4.998459
1,troisSix,604.279297,5.968278,8.343481,9.944626,5.413498,7.381592,5.251358
1,troisSix,614.349609,7.393041,10.850686,4.691367,5.459915,7.004089,5.252579
1,troisSix,624.390625,7.161285,11.147736,2.833361,5.315750,6.569153,4.927612
1,troisSix,634.460938,6.594955,9.933920,2.207429,5.337753,6.902679,4.691803
1,troisSix,644.533203,5.591040,8.290879,-0.314869,5.497787,7.406036,4.811539
1,troisSix,656.556641,3.816341,4.984668,-4.303899,5.755569,7.762787,4.931259
1,troisSix,664.671875,3.906675,4.779670,-4.107800,6.079330,8.214813,4.688141
1,troisSix,674.744141,3.197673,1.761864,-5.383445,6.473953,8.630203,4.273972
1,troisSix,684.814453,2.211626,-3.067301,-9.917187,6.808701,8.716934,3.862244
1,troisSix,694.916016,0.019930,-7.215917,-15.870446,6.379883,8.947861,3.412659
1,troisSix,704.988281,-3.440260,-10.264039,-17.306202,4.915024,9.757858,3.164642
1,troisSix,715.056641,-5.995929,-11.523291,-16.536478,3.619995,10.390717,3.159760
1,troisSix,726.320313,-6.497581,-11.996676,-16.350958,3.252258,10.275864,3.461533
1,troisSix,735.167969,-6.351750,-12.049157,-16.185728,3.580902,9.473190,4.322845
1,troisSix,745.210938,-6.832114,-9.751189,-16.870970,3.830124,8.747498,4.795654
1,troisSix,755.310547,-5.707766,-5.204282,-13.131572,3.532043,9.028488,4.189682
1,troisSix,765.380859,-5.257278,-0.912258,-8.269423,3.352448,9.749298,3.154877
1,troisSix,775.484375,-6.610261,0.535751,-5.874466,3.411072,10.278305,2.376648
1,troisSix,785.552734,-7.538190,-1.256682,-7.130343,3.380539,10.547089,2.121307
1,troisSix,795.746094,-8.303141,-3.912160,-9.562965,3.192398,10.547089,2.369293
1,troisSix,805.664063,-8.498793,-5.985143,-10.954020,2.904068,10.405365,2.369293
1,troisSix,815.705078,-8.316662,-6.261146,-10.804889,2.904068,9.972870,2.821350
1,troisSix,825.775391,-8.067124,-5.626031,-9.564550,2.730591,9.668671,3.130432
1,troisSix,835.908203,-7.277382,-5.176532,-8.077153,2.748917,9.636902,3.145111
1,troisSix,846.039063,-6.663414,-5.500657,-7.250154,2.949280,9.880035,2.943512
1,troisSix,855.988281,-5.877928,-6.329381,-7.324689,3.263260,10.192795,2.705292
1,troisSix,866.119141,-5.263307,-7.020654,-7.753016,3.510040,10.391937,2.630753
1,troisSix,876.160156,-4.904229,-7.514052,-7.929356,3.540588,10.361389,2.719940
1,troisSix,886.230469,-4.801844,-7.686483,-8.042385,3.382980,10.113373,2.856766
1,troisSix,896.300781,-4.751906,-7.083032,-7.780215,3.229050,9.690674,2.938629
1,troisSix,906.373047,-4.752686,-6.095640,-7.778499,3.112991,9.165314,2.887329
1,troisSix,918.367188,-5.302258,-5.308167,-7.996677,3.092224,8.727936,2.669846
1,troisSix,926.513672,-5.833177,-5.192813,-8.283294,3.128876,8.555695,2.398621
1,troisSix,936.554688,-5.996955,-5.519500,-8.988131,3.123993,8.566666,2.164047
1,troisSix,946.685547,-6.361928,-5.980681,-9.935624,3.088547,8.459152,2.113953
1,troisSix,956.755859,-6.758287,-6.535666,-10.523600,3.015244,8.266144,2.287445
1,troisSix,966.796875,-7.381224,-6.709677,-10.088987,2.877182,8.178162,2.509811
1,troisSix,976.898438,-8.653251,-6.107803,-9.560487,2.651169,8.106079,2.811569
1,troisSix,987.792969,-8.831292,-4.801766,-8.794927,2.364059,7.939926,3.040039
1,troisSix,997.009766,-9.675503,-3.927743,-8.066218,2.014664,7.760345,3.062027
1,troisSix,1007.050781,-10.230043,-2.920057,-7.190814,1.666458,7.629608,2.881210
1,troisSix,1017.181641,-10.923817,-2.282063,-6.558997,1.286499,7.544098,2.613663
1,troisSix,1027.251953,-11.853844,-2.099520,-6.812972,0.970093,7.366943,2.413300
1,troisSix,1037.324219,-12.979200,-2.822460,-6.575334,0.707397,7.191010,2.442627
1,troisSix,1047.363281,-14.487560,-3.426472,-6.619040,0.570572,7.191010,2.442627
1,troisSix,1057.556641,-15.330618,-2.771862,-7.293932,0.570572,7.046860,2.696732
1,troisSix,1067.537109,-15.162949,-1.233644,-7.324740,0.376312,6.720657,2.809128
1,troisSix,1077.544922,-13.019081,1.289517,-4.757798,-0.262619,6.330933,2.631989
1,troisSix,1087.648438,-11.000472,4.401963,-1.225282,-1.345078,5.979065,2.220261
1,troisSix,1097.687500,-10.608242,8.628838,0.053524,-2.210068,5.156830,1.892822
1,troisSix,1107.849609,-10.567190,12.057712,1.821796,-2.467850,3.770187,1.776764
1,troisSix,1117.890625,-9.678294,13.162808,4.362696,-2.401871,2.505692,1.753555
1,troisSix,1127.898438,-6.957899,13.491230,5.878223,-1.979141,1.473328,1.719345
1,troisSix,1138.000000,-3.455256,12.565706,9.769493,-1.795883,0.393341,1.797531
1,troisSix,1148.072266,-0.431494,10.561101,18.635841,-2.818481,0.267487,2.079758
1,troisSix,1158.142578,1.042068,10.531882,21.648851,-4.054855,0.818497,2.115189
1,troisSix,1168.242188,1.810256,11.962811,19.752636,-3.996216,1.568634,1.551971
1,troisSix,1180.083984,3.114718,12.084691,12.122686,-2.634003,1.619949,1.229431
1,troisSix,1188.353516,4.431898,9.070871,4.643304,-0.768417,0.803833,1.184219
1,troisSix,1198.396484,5.799165,5.467938,2.502771,0.134415,0.115997,0.981415
1,troisSix,1208.496094,7.070943,4.412171,4.643745,-0.034164,-0.299362,0.484177
1,troisSix,1218.566406,7.215592,4.591928,8.357273,-0.389679,-0.459427,-0.120544
1,troisSix,1228.638672,6.263546,4.504406,10.807316,-0.526520,-0.378769,-0.325806
1,troisSix,1238.708984,4.672415,4.313035,11.300583,-0.371353,-0.262711,0.013824
1,troisSix,1249.572266,3.770641,4.439679,11.082943,-0.012161,-0.096558,0.449966
1,troisSix,1258.849609,3.522343,4.704628,10.759070,0.397079,0.153885,0.628357
1,troisSix,1268.892578,3.930661,4.827058,10.782118,0.733078,0.483734,0.486618
1,troisSix,1279.023438,4.040951,5.260668,10.187708,1.082474,0.812378,0.211746
1,troisSix,1289.093750,3.499271,5.896491,8.601755,1.434326,0.812378,0.211746
1,troisSix,1299.193359,2.723119,6.111079,7.015279,1.434326,1.066498,-0.020370
1,troisSix,1309.205078,2.080616,6.055143,5.693148,1.720230,1.236313,-0.147430
1,troisSix,1319.335938,1.249306,5.883097,4.669103,2.004883,1.310852,-0.201172
1,troisSix,1329.376953,0.764713,5.457050,4.015558,2.250443,1.320618,-0.272034
1,troisSix,1339.416016,0.522138,4.662732,3.677292,2.398270,1.363373,-0.421097
1,troisSix,1349.486328,0.425818,3.659624,3.122817,2.478912,1.445236,-0.573807
1,troisSix,1359.558594,0.636777,2.471839,2.404503,2.480133,1.441559,-0.680115
1,troisSix,1369.689453,1.171989,0.870046,1.500293,2.443481,1.381699,-0.757065
1,troisSix,1379.732422,1.337600,-0.725835,0.290427,2.395828,1.255875,-0.797394
1,troisSix,1389.740234,1.168948,-1.883240,-0.792775,2.285873,1.104385,-0.790054
1,troisSix,1399.810547,0.682174,-2.659488,-1.534830,2.119720,0.959000,-0.717972
1,troisSix,1409.943359,-0.009310,-3.206679,-1.570208,2.014664,0.814819,-0.632462
1,troisSix,1419.982422,-0.576889,-3.717983,-1.666884,2.041534,0.768402,-0.604355
1,troisSix,1430.054688,-1.230630,-4.201176,-1.680920,2.081848,0.855148,-0.619019
1,troisSix,1441.527344,-2.712046,-5.029672,-2.139148,2.078186,0.914993,-0.609238
1,troisSix,1450.195313,-3.135592,-5.155601,-2.360987,2.054977,0.864914,-0.559143
1,troisSix,1460.267578,-3.196449,-5.194230,-2.462778,2.019547,0.757401,-0.505402
1,troisSix,1470.337891,-3.187423,-5.284620,-2.248281,1.959686,0.682892,-0.510284
1,troisSix,1480.408203,-3.263163,-5.466221,-2.150260,1.859497,0.642563,-0.549377
1,troisSix,1490.478516,-3.183061,-5.680707,-2.251107,1.731201,0.651123,-0.584808
1,troisSix,1500.548828,-2.768351,-6.123232,-2.457307,1.547958,0.660889,-0.567703
1,troisSix,1511.353516,-2.505142,-6.581503,-2.901167,1.323151,0.614471,-0.467514
1,troisSix,1520.722656,-2.415610,-6.919340,-3.318965,1.080032,0.489853,-0.300156
1,troisSix,1530.730469,-2.141666,-6.933750,-3.844263,0.832016,0.489853,-0.300156
1,troisSix,1540.833984,-1.604047,-6.702039,-4.035402,0.832016,0.362793,-0.163315
1,troisSix,1550.904297,-1.056884,-6.053111,-3.902832,0.579132,0.268723,-0.114441
1,troisSix,1561.003906,-0.699235,-5.026832,-3.563337,0.389755,0.208862,-0.092453
1,troisSix,1571.044922,-0.093963,-3.681868,-2.969090,0.296906,0.218628,-0.036255
1,troisSix,1581.115234,0.524997,-2.158693,-2.055891,0.277359,0.233276,0.024826
1,troisSix,1591.187500,0.941622,-0.538020,-0.641863,0.309128,0.213745,0.068802
1,troisSix,1601.226563,1.019639,1.001834,0.710547,0.333557,0.207626,0.113998
1,troisSix,1611.359375,0.858118,2.127518,1.632365,0.312790,0.225952,0.166534
1,troisSix,1621.429688,0.673040,2.704104,1.886562,0.265137,0.274826,0.197067
1,troisSix,1633.849609,0.424451,2.772268,1.631755,0.195511,0.389664,0.167755
1,troisSix,1641.541016,0.495842,2.490675,1.029865,0.064774,0.522827,0.089569
1,troisSix,1651.550781,0.612866,2.034713,0.340837,-0.070816,0.620575,-0.025253
1,troisSix,1661.681641,0.448558,1.600269,-0.108117,-0.118454,0.686539,-0.105896
1,troisSix,1671.785156,0.452802,1.303538,-0.449405,-0.065933,0.695099,-0.115662
1,troisSix,1681.855469,0.892850,1.358315,-0.555670,0.069672,0.626678,-0.138870
1,troisSix,1691.896484,1.293371,1.448934,-0.201781,0.237045,0.482529,-0.214615
1,troisSix,1703.308594,1.444557,1.669147,0.364057,0.434967,0.285812,-0.295258
1,troisSix,1712.097656,1.334560,1.865208,0.791820,0.654861,0.107452,-0.347794
1,troisSix,1722.078125,0.994967,1.718482,0.971979,0.824692,-0.020813,-0.355118
1,troisSix,1732.177734,0.616019,1.291945,0.666541,0.874786,-0.101456,-0.338013
1,troisSix,1742.218750,0.293297,0.844851,0.101110,0.799042,-0.185760,-0.331909
1,troisSix,1752.320313,0.261931,0.478392,-0.441523,0.641434,-0.310364,-0.345352
1,troisSix,1762.390625,0.150190,0.018826,-0.795455,0.480179,-0.452072,-0.371002
1,troisSix,1773.072266,0.175997,-0.436928,-0.843138,0.379990,-0.452072,-0.407654
1,troisSix,1782.562500,0.180713,-1.101289,-0.751709,0.349442,-0.541260,-0.407654
1,troisSix,1792.601563,0.129123,-1.881110,-0.740995,0.349442,-0.566925,-0.403992
1,troisSix,1802.705078,0.115744,-2.423622,-0.788751,0.351883,-0.558380,-0.340469
1,troisSix,1812.744141,0.099171,-2.885281,-0.895116,0.372650,-0.531494,-0.235382
1,troisSix,1822.845703,0.134044,-2.952441,-0.961182,0.392197,-0.500961,-0.130325
1,troisSix,1832.917969,0.061796,-2.664760,-0.869524,0.400757,-0.449631,-0.079010
1,troisSix,1843.201172,-0.212303,-2.160897,-0.757143,0.395874,-0.366562,-0.072906
1,troisSix,1853.058594,-0.310725,-1.402591,-0.511721,0.362885,-0.288376,-0.096115
1,troisSix,1863.068359,-0.445393,-0.548167,-0.426543,0.335999,-0.237061,-0.138870
1,troisSix,1873.199219,-0.516383,0.284384,-0.326042,0.357986,-0.217499,-0.191406
1,troisSix,1883.240234,-0.405764,0.996521,-0.344672,0.409317,-0.246826,-0.256165
1,troisSix,1895.630859,-0.422632,1.525779,-0.388669,0.470383,-0.307922,-0.327026
1,troisSix,1903.382813,-0.521138,1.940379,-0.329911,0.507034,-0.366562,-0.353897
1,troisSix,1913.421875,-0.590710,2.172500,-0.195076,0.496063,-0.412979,-0.335571
1,troisSix,1923.552734,-0.347054,2.266975,-0.214027,0.443527,-0.482635,-0.301361
1,troisSix,1933.595703,-0.048774,2.128172,-0.313386,0.354324,-0.606018,-0.267151
1,troisSix,1943.664063,0.126815,1.894170,-0.299554,0.250488,-0.714767,-0.210968
1,troisSix,1953.765625,0.198210,1.585333,-0.096668,0.162506,-0.731857,-0.144989
1,troisSix,1965.058594,0.185225,1.142569,0.160887,0.101425,-0.649994,-0.074127
1,troisSix,1973.845703,0.224161,0.724817,0.205792,0.051331,-0.543716,-0.047256
1,troisSix,1983.917969,0.318482,0.368245,0.187944,0.013474,-0.437424,-0.057022
1,troisSix,1994.019531,0.354696,0.091693,0.124219,0.022034,-0.320129,-0.096115
1,troisSix,2004.119141,0.297110,-0.184536,0.134768,0.061111,-0.199173,-0.146210
1,troisSix,2014.222656,0.226278,-0.520194,0.105630,0.120972,-0.199173,-0.188965
1,troisSix,2024.230469,0.278393,-0.758938,0.021161,0.182068,-0.045258,-0.210968
1,troisSix,2034.822266,0.237888,-0.901256,-0.194942,0.237045,-0.045258,-0.210968
1,troisSix,2044.373047,0.080322,-0.808683,-0.310798,0.237045,-0.006165,-0.206085
1,troisSix,2054.443359,-0.134438,-0.638720,-0.325178,0.265137,0.017029,-0.182846
1,troisSix,2064.515625,-0.330050,-0.429827,-0.143196,0.270020,0.019485,-0.166977
1,troisSix,2074.585938,-0.448673,-0.240697,-0.038567,0.252930,0.040253,-0.184082
1,troisSix,2084.685547,-0.410213,-0.091013,-0.150187,0.232162,0.058578,-0.229294
1,troisSix,2094.726563,-0.896849,0.058001,-0.263957,0.200394,0.035370,-0.279388
1,troisSix,2104.951172,-0.829347,0.088456,-0.223046,0.172302,-0.008606,-0.291595
1,troisSix,2114.900391,-0.877429,-0.018070,-0.243670,0.169846,-0.039139,-0.258621
1,troisSix,2124.908203,-0.554951,0.052234,-0.245263,0.185715,-0.080673,-0.184082
1,troisSix,2135.009766,-0.336626,0.182157,-0.225674,0.228485,-0.156433,-0.125443
1,troisSix,2145.111328,-0.243503,0.332463,0.013252,0.273697,-0.235825,-0.079010
1,troisSix,2157.441406,-0.291881,0.579768,0.224888,0.282257,-0.259064,-0.052139
1,troisSix,2165.224609,-0.288238,0.731355,0.347521,0.270020,-0.251709,-0.046021
1,troisSix,2175.263672,-0.363662,0.842880,0.301115,0.256592,-0.232178,-0.066788
1,troisSix,2185.363281,-0.457489,0.836779,0.214351,0.261490,-0.216293,-0.112000
1,troisSix,2195.466797,-0.449704,0.712733,-0.009950,0.268814,-0.201614,-0.153549
1,troisSix,2205.505859,-0.496135,0.529478,-0.174901,0.284698,-0.208969,-0.170639
1,troisSix,2215.607422,-0.461072,0.326457,-0.299049,0.294464,-0.223618,-0.168198
1,troisSix,2226.837891,-0.541099,0.142678,-0.319834,0.294464,-0.219971,-0.151093
1,troisSix,2235.748047,-0.546950,0.039283,-0.289031,0.273697,-0.193085,-0.122986
1,troisSix,2245.789063,-0.572802,-0.024722,-0.158035,0.239487,-0.144211,-0.088791
1,troisSix,2255.859375,-0.483921,-0.009373,-0.069917,0.207718,-0.096558,-0.047256
1,troisSix,2265.929688,-0.457308,0.026617,-0.025402,0.178391,-0.096558,-0.047256
1,troisSix,2276.033203,-0.491290,0.043645,0.054653,0.178391,-0.053802,-0.002045
1,troisSix,2286.103516,-0.468604,0.080815,0.073861,0.138092,-0.015930,0.032150
1,troisSix,2296.630859,-0.508408,0.216649,0.130088,0.112427,0.017029,0.044357
1,troisSix,2306.214844,-0.510776,0.235519,0.082974,0.073334,0.013382,0.040710
1,troisSix,2316.283203,-0.494073,0.274241,0.130892,0.030563,-0.022049,0.027267
1,troisSix,2326.355469,-0.476712,0.234732,0.077160,0.009796,-0.056244,0.000381
1,troisSix,2336.425781,-0.477182,0.214718,0.099327,-0.004837,-0.080673,-0.019150
1,troisSix,2346.527344,-0.358151,0.155285,0.159404,-0.006073,-0.091675,-0.046021
1,troisSix,2356.599609,-0.374160,0.076021,0.257984,0.007355,-0.088013,-0.059464
1,troisSix,2366.730469,-0.329418,0.055212,0.317905,0.039124,-0.080673,-0.054581
1,troisSix,2376.710938,-0.440920,-0.004900,0.281939,0.072113,-0.061142,-0.039917
1,troisSix,2386.750000,-0.455151,0.032909,0.190361,0.056229,-0.057465,-0.019150
1,troisSix,2396.880859,-0.451448,0.070927,0.177969,0.023239,-0.059906,0.006500
1,troisSix,2406.953125,-0.547910,0.109484,0.221778,0.003708,-0.055023,0.029709
1,troisSix,2419.160156,-0.627462,0.031266,0.087292,-0.009720,-0.036697,0.040710
1,troisSix,2427.062500,-0.609348,0.110012,0.087548,-0.036606,-0.025696,0.033371
1,troisSix,2437.134766,-0.592189,0.208450,0.144316,-0.057373,-0.069687,0.024826
1,troisSix,2447.205078,-0.593951,0.247958,0.140192,-0.035385,-0.103897,0.012589
1,troisSix,2457.277344,-0.536233,0.130630,0.176045,0.002472,-0.113663,0.002823
