1,troisSix,0.000000,-8.929399,-11.862984,-19.301989,6.623001,10.955139,3.226959
1,troisSix,11.505859,-9.219005,-10.488364,-21.852516,5.510010,11.647858,3.229401
1,troisSix,20.142578,-8.408975,-6.635211,-21.635609,4.316391,11.491501,3.790176
1,troisSix,30.181641,-9.645167,-3.743037,-15.666222,3.391541,10.518997,4.504883
1,troisSix,40.283203,-8.602291,-1.255300,-7.706925,2.557098,9.691879,5.300217
1,troisSix,50.355469,-8.548922,1.540926,-5.129589,2.280991,9.806717,5.719284
1,troisSix,60.455078,-9.602509,2.709355,-4.944658,2.890625,11.032120,5.280685
1,troisSix,70.435547,-10.575489,2.058648,-7.230087,3.549133,12.699783,4.331390
1,troisSix,81.054688,-11.128102,1.266802,-13.268430,3.883896,14.015564,3.310028
1,troisSix,90.578125,-12.593689,-0.244850,-18.537735,4.361572,14.378418,2.620987
1,troisSix,100.677734,-13.174307,-0.209487,-19.915085,4.394577,14.015564,2.649078
1,troisSix,110.748047,-13.115171,1.991517,-18.747040,3.805710,13.058960,3.075455
1,troisSix,120.851563,-14.763579,2.624893,-18.071949,3.356094,13.058960,3.272156
1,troisSix,130.951172,-17.588329,2.445786,-17.009390,3.259598,11.842117,3.272156
1,troisSix,140.960938,-19.423594,1.234282,-14.674525,3.259598,10.641174,3.321030
1,troisSix,151.152344,-19.938620,-0.865932,-11.612279,3.027466,9.756622,3.429779
1,troisSix,161.132813,-19.897097,-2.986187,-7.428087,2.653610,9.410889,3.424866
1,troisSix,171.173828,-18.355576,-4.659227,-1.919984,2.393387,9.682114,3.346680
1,troisSix,181.244141,-15.329016,-5.418460,1.189580,2.210144,10.330841,3.506729
1,troisSix,191.314453,-10.520738,-4.951938,0.991066,2.206467,11.102982,3.894012
1,troisSix,203.552734,-7.423291,-4.782624,-1.748424,2.543655,11.220276,4.206772
1,troisSix,211.457031,-7.144666,-5.705425,-4.875898,2.933395,10.241653,4.251984
1,troisSix,221.527344,-7.676950,-6.227616,-6.600600,3.222946,8.771912,4.135910
1,troisSix,231.599609,-9.488102,-6.592080,-6.706228,3.193619,7.509888,3.688766
1,troisSix,241.699219,-11.175756,-6.857540,-6.346667,2.849091,6.848938,3.149994
1,troisSix,251.769531,-11.872453,-6.415136,-6.785188,2.447159,6.714539,2.872650
1,troisSix,261.841797,-12.453993,-5.458945,-7.537444,2.119720,6.715759,2.773697
1,troisSix,273.376953,-13.027421,-4.470952,-7.409508,1.817963,6.592361,2.727264
1,troisSix,281.984375,-13.412164,-3.260457,-6.032851,1.400116,6.527618,2.576996
1,troisSix,292.023438,-14.433051,-2.432856,-3.642962,0.874786,6.720657,2.331436
1,troisSix,302.123047,-16.257013,-1.622323,-1.007839,0.333557,7.118927,2.182373
1,troisSix,312.195313,-16.657354,-1.332253,0.404429,-0.183197,7.594193,2.275238
1,troisSix,322.296875,-16.978836,-1.573628,0.152573,-0.709763,7.733459,2.445068
1,troisSix,332.306641,-16.531162,-0.737053,0.374681,-1.294983,7.092041,2.617310
1,troisSix,342.894531,-13.241983,1.401897,0.757914,-2.015793,6.475082,2.553787
1,troisSix,352.478516,-10.614954,2.719642,-0.008384,-2.538696,6.178207,2.173843
1,troisSix,362.488281,-7.327383,4.236963,-0.692563,-2.378662,6.178207,1.669250
1,troisSix,372.619141,-5.211282,4.290872,-0.040319,-1.926605,5.424408,1.669250
1,troisSix,382.720703,-3.898213,2.745180,-2.054956,-1.926605,4.482452,1.054733
1,troisSix,392.792969,-5.476746,0.700911,3.028284,-1.776337,2.845322,0.711426
1,troisSix,402.832031,-5.446100,0.901739,13.906960,-2.805038,0.797729,1.288086
1,troisSix,412.904297,-2.644967,3.144861,19.058111,-4.561874,-0.179642,2.413300
1,troisSix,422.943359,1.187733,7.806372,17.140028,-4.772018,0.156326,2.969177
1,troisSix,432.984375,5.197985,10.171592,14.413362,-3.353577,0.521622,2.430389
1,troisSix,443.146484,2.854279,8.940115,12.126844,-1.739685,0.797729,1.130478
1,troisSix,453.185547,1.597673,7.952293,11.867453,-0.874710,0.784286,0.374222
1,troisSix,465.363281,-0.625515,6.812035,9.327396,-0.576614,0.634003,0.327805
1,troisSix,473.328125,-0.620226,6.833545,9.265750,-0.438538,0.353012,0.566040
1,troisSix,483.367188,0.626322,6.432487,9.269092,-0.278503,0.218628,0.851929
1,troisSix,493.470703,2.275373,4.662619,10.899385,-0.201523,0.642563,1.043732
1,troisSix,503.541016,2.878661,4.462917,10.789116,-0.233292,1.272964,0.970444
1,troisSix,513.609375,2.166921,3.068459,7.860149,-0.331039,1.777542,0.616135
1,troisSix,523.681641,1.353745,1.513917,6.528987,-0.305389,2.139191,0.352234
1,troisSix,535.126953,1.160525,0.383395,6.883767,-0.048813,1.922943,0.413315
1,troisSix,543.792969,0.829560,-0.394184,5.579039,0.232162,1.500214,0.572144
1,troisSix,553.863281,1.070116,-0.097176,3.677865,0.696396,1.393936,0.734634
1,troisSix,563.964844,1.186797,0.849306,3.287828,1.266968,1.131241,0.928879
1,troisSix,574.037109,0.570751,1.820159,3.602416,1.662781,0.919907,1.021744
1,troisSix,584.136719,0.667493,2.696792,3.406210,1.686020,0.922348,1.030304
1,troisSix,594.177734,1.128213,3.148484,2.504047,1.489304,0.725632,0.982651
1,troisSix,604.675781,1.167876,2.843262,2.150506,1.325607,0.484970,0.765182
1,troisSix,614.287109,1.187042,1.987027,2.684930,1.186310,0.484970,0.765182
1,troisSix,624.359375,1.211740,1.131877,2.846621,1.186310,0.412872,0.481735
1,troisSix,634.460938,0.920265,0.157592,2.693909,1.133789,0.503296,0.291153
1,troisSix,644.501953,0.528179,-0.467873,1.955927,1.298721,0.659668,0.250839
1,troisSix,654.664063,0.713855,-0.637068,1.155196,1.584610,0.860031,0.359573
1,troisSix,664.611328,0.020621,-0.583683,0.743543,1.849716,0.993210,0.460968
1,troisSix,674.714844,-0.748656,-0.367954,0.331719,2.025650,0.994415,0.440201
1,troisSix,684.814453,-1.320622,-0.141430,-0.084507,2.147812,0.980972,0.407227
1,troisSix,694.853516,-1.621403,0.002404,-0.253146,2.237000,0.875916,0.393784
1,troisSix,704.957031,-2.064593,-0.190695,-0.172835,2.304199,0.693863,0.289932
1,troisSix,714.996094,-2.310355,-0.720020,-0.432420,2.389709,0.548492,0.076126
1,troisSix,727.173828,-2.128995,-1.302625,-0.816411,2.447159,0.487411,-0.124222
1,troisSix,735.138672,-1.603236,-1.922462,-1.504184,2.456924,0.386002,-0.241501
1,troisSix,745.208984,-1.188797,-2.118268,-2.124699,2.428833,0.188095,-0.316025
1,troisSix,755.281250,-1.210652,-2.033016,-1.801656,2.337189,-0.020813,-0.384445
1,troisSix,765.349609,-1.371644,-1.838684,-1.055795,2.128281,-0.096558,-0.424759
1,troisSix,775.451172,-1.182442,-1.453674,-0.698598,1.893707,-0.133209,-0.377121
1,troisSix,785.492188,-0.963727,-0.997998,-0.803004,1.819183,-0.284714,-0.306259
1,troisSix,796.937500,-0.852597,-0.473009,-0.604890,1.849716,-0.554703,-0.335571
1,troisSix,805.634766,-0.884888,-0.432465,-0.035471,1.860718,-0.832047,-0.456512
1,troisSix,815.705078,-1.108347,-1.069031,0.328917,1.875381,-0.909012,-0.543259
1,troisSix,825.804688,-1.188464,-1.918055,0.012877,1.921799,-0.867477,-0.551819
1,troisSix,835.847656,-1.170944,-2.507133,-0.631311,1.949890,-0.905334,-0.487076
1,troisSix,845.947266,-1.199229,-2.815565,-0.762204,1.909592,-0.966431,-0.397888
1,troisSix,856.017578,-0.937057,-2.802278,-0.605778,1.784973,-0.966431,-0.397888
1,troisSix,866.394531,-0.676404,-2.667036,-0.253851,1.784973,-0.901688,-0.309921
1,troisSix,876.160156,-0.533675,-2.658602,0.155806,1.638367,-0.723297,-0.289154
1,troisSix,886.201172,-0.442414,-2.684292,-0.072458,1.528412,-0.485077,-0.312363
1,troisSix,896.300781,-0.363644,-2.509838,-0.741144,1.488098,-0.235825,-0.281830
1,troisSix,906.371094,-0.286125,-2.136350,-1.470364,1.512527,-0.205292,-0.204849
1,troisSix,916.474609,0.133652,-1.525646,-1.390703,1.539398,-0.382446,-0.107117
1,troisSix,926.513672,0.210161,-1.127579,-1.269768,1.496643,-0.560822,-0.076569
1,troisSix,936.615234,-0.086038,-1.020399,-1.759042,1.394028,-0.607239,-0.121780
1,troisSix,946.656250,-0.104203,-0.909847,-1.982307,1.298721,-0.668320,-0.148651
1,troisSix,956.695313,0.173388,-0.854939,-1.861377,1.169220,-0.827148,-0.187759
1,troisSix,966.767578,0.512852,-0.758393,-1.436497,1.038498,-1.009201,-0.262268
1,troisSix,976.837891,0.741417,-0.602128,-0.588966,0.972534,-1.121582,-0.357559
1,troisSix,988.953125,0.438400,-0.646263,0.490857,0.941971,-1.066605,-0.471191
1,troisSix,997.009766,0.111890,-0.818104,0.755411,0.949295,-0.868683,-0.450424
1,troisSix,1007.019531,0.058870,-0.912783,-0.170823,1.044601,-0.654877,-0.243942
1,troisSix,1017.089844,0.045535,-0.670748,-1.651135,1.205872,-0.597473,-0.013046
1,troisSix,1027.191406,0.034722,-0.190749,-2.293975,1.266968,-0.703766,0.112778
1,troisSix,1037.292969,-0.197678,0.330318,-2.054248,1.170425,-0.817383,0.117661
1,troisSix,1047.363281,-0.545433,0.696033,-1.671458,0.998184,-0.779510,0.099335
1,troisSix,1058.746094,-0.519819,1.082029,-1.273326,0.850342,-0.678116,0.094452
1,troisSix,1067.505859,-0.116540,1.488424,-1.228718,0.750168,-0.642670,0.057800
1,troisSix,1077.544922,0.253262,1.619185,-1.142108,0.678070,-0.646347,-0.053360
1,troisSix,1087.646484,0.379223,1.317904,-0.750645,0.585236,-0.620682,-0.159637
1,troisSix,1097.687500,0.473904,0.840464,-0.430007,0.469177,-0.620682,-0.209732
1,troisSix,1107.818359,0.238877,0.461973,-0.527290,0.469177,-0.522934,-0.209732
1,troisSix,1117.830078,0.003210,0.163359,-0.633988,0.328674,-0.419098,-0.182846
1,troisSix,1128.296875,-0.371095,-0.094674,-0.423010,0.168625,-0.348236,-0.144989
1,troisSix,1138.000000,-0.575044,-0.370278,-0.427982,-0.003632,-0.273712,-0.069244
1,troisSix,1148.011719,-0.534524,-0.525861,-0.720263,-0.075699,-0.166199,0.070023
1,troisSix,1158.111328,-0.506598,-0.443947,-0.859461,-0.047607,-0.062347,0.179977
1,troisSix,1168.212891,-0.624576,0.089421,-0.801400,-0.026840,-0.036697,0.247162
1,troisSix,1178.285156,-0.629672,0.270276,-0.487164,-0.014603,-0.096558,0.277725
1,troisSix,1188.324219,-0.733536,0.196576,-0.505998,-0.043930,-0.155197,0.267929
1,troisSix,1198.396484,-0.736039,0.005106,-0.588024,-0.124573,-0.188202,0.210510
1,troisSix,1208.466797,-0.557460,-0.167240,-0.658074,-0.208878,-0.196732,0.167755
1,troisSix,1218.566406,-0.218748,-0.202956,-0.774632,-0.280945,-0.216293,0.127441
1,troisSix,1228.638672,0.183091,-0.200422,-0.994432,-0.335922,-0.250504,0.061478
1,troisSix,1238.677734,0.415351,-0.101491,-0.825298,-0.362808,-0.323807,-0.025253
1,troisSix,1250.732422,0.420867,-0.160892,-0.232947,-0.387238,-0.428864,-0.093674
1,troisSix,1258.820313,0.055889,-0.259557,0.310325,-0.415329,-0.504608,-0.114441
1,troisSix,1268.890625,-0.151878,-0.299073,0.474778,-0.386017,-0.459427,-0.054581
1,troisSix,1278.992188,-0.094478,-0.140991,0.173583,-0.299271,-0.360458,0.071243
1,troisSix,1289.033203,-0.243105,-0.040046,-0.373584,-0.212524,-0.336014,0.153091
1,troisSix,1299.132813,-0.240261,0.139892,-0.638714,-0.169785,-0.394653,0.176300
1,troisSix,1309.205078,-0.023906,0.241407,-0.645551,-0.191757,-0.547379,0.182419
1,troisSix,1320.556641,-0.025128,0.264846,-0.417057,-0.213760,-0.736740,0.156769
1,troisSix,1329.345703,0.019833,0.247580,0.107517,-0.224762,-0.854034,0.120117
1,troisSix,1339.417969,0.007418,0.288810,0.512515,-0.244293,-0.854034,0.083450
1,troisSix,1349.457031,0.035944,0.231807,0.582062,-0.265060,-0.858917,0.083450
1,troisSix,1359.529297,0.144679,0.155022,0.239007,-0.265060,-0.795395,0.041916
1,troisSix,1369.628906,0.315437,-0.078815,-0.397748,-0.261414,-0.736740,0.012589
1,troisSix,1379.669922,0.312281,-0.312608,-0.993699,-0.245529,-0.703766,-0.008163
1,troisSix,1390.015625,0.231349,-0.389385,-1.255225,-0.245529,-0.717209,0.001617
1,troisSix,1399.841797,0.049788,-0.406664,-1.143521,-0.250412,-0.759949,0.052917
1,troisSix,1409.882813,-0.118332,-0.226879,-0.776888,-0.236969,-0.768509,0.129883
1,troisSix,1419.921875,-0.096660,0.012502,-0.234091,-0.210083,-0.652435,0.182419
1,troisSix,1430.052734,0.176932,0.388773,0.170497,-0.168549,-0.456985,0.183624
1,troisSix,1440.187500,0.334751,0.783208,0.437008,-0.133118,-0.279831,0.148209
1,troisSix,1450.164063,0.183260,0.901877,0.018576,-0.106247,-0.205292,0.113998
1,troisSix,1460.296875,-0.005889,0.648263,-0.455712,-0.081818,-0.216293,0.123779
1,troisSix,1470.306641,-0.100165,0.415588,-0.908475,-0.103806,-0.256622,0.184860
1,troisSix,1480.376953,-0.181021,0.341659,-0.875673,-0.195435,-0.298157,0.247162
1,troisSix,1490.480469,-0.207876,0.230245,-0.518554,-0.276062,-0.284714,0.280167
1,troisSix,1500.519531,-0.059349,0.041498,0.004968,-0.344482,-0.156433,0.270370
1,troisSix,1512.542969,0.126611,0.050007,0.315421,-0.382355,0.064682,0.222748
1,troisSix,1520.691406,0.367252,0.093699,0.476464,-0.387238,0.251602,0.126221
1,troisSix,1530.730469,0.244835,0.135710,0.647266,-0.356705,0.304138,-0.014252
1,troisSix,1540.802734,0.055246,-0.040138,1.075246,-0.320038,0.246719,-0.090012
1,troisSix,1550.873047,0.238550,-0.372478,1.156947,-0.256531,0.136765,-0.036255
1,troisSix,1560.943359,0.375327,-0.683286,1.072586,-0.168549,0.012146,0.037033
1,troisSix,1571.046875,0.623453,-0.757713,1.056244,-0.127014,-0.096558,0.063919
1,troisSix,1582.367188,0.674159,-0.890539,0.905759,-0.131897,-0.166199,0.034592
1,troisSix,1591.185547,0.472879,-1.043337,0.797381,-0.139221,-0.166199,0.034592
1,troisSix,1601.197266,0.232884,-1.058685,0.981594,-0.139221,-0.193085,0.023590
1,troisSix,1611.296875,-0.009212,-0.936401,1.400206,-0.138016,-0.174759,0.087128
1,troisSix,1621.369141,-0.139098,-0.617343,1.934944,-0.116013,-0.073349,0.149429
1,troisSix,1631.500000,-0.154558,-0.141717,2.233276,-0.075699,0.102554,0.171417
1,troisSix,1641.480469,-0.051183,0.156156,2.239930,0.013474,0.255280,0.149429
1,troisSix,1651.826172,0.153395,0.217104,1.960375,0.131973,0.339569,0.106674
1,troisSix,1661.681641,0.264387,0.236949,1.553536,0.216278,0.321259,0.066360
1,troisSix,1671.722656,0.339899,0.040040,1.194220,0.250488,0.224747,0.015030
1,troisSix,1681.792969,0.476598,-0.137640,0.975551,0.221161,0.114777,-0.003281
1,troisSix,1691.894531,0.339748,-0.412724,0.931828,0.162506,0.012146,-0.014252
1,troisSix,1702.056641,0.260951,-0.432364,0.846703,0.124649,-0.073349,0.004059
1,troisSix,1712.005859,-0.014937,-0.197015,0.857104,0.097763,-0.067245,0.013824
1,troisSix,1722.167969,-0.289953,0.037909,0.903459,0.079437,0.021942,0.006500
1,troisSix,1732.177734,-0.561829,0.369656,0.888349,0.091660,0.114777,-0.024048
1,troisSix,1742.218750,-0.536514,0.640941,0.660778,0.171066,0.173416,-0.046021
1,troisSix,1752.320313,-0.234829,0.753937,0.402357,0.259048,0.167313,-0.071686
1,troisSix,1762.390625,0.028288,0.787693,0.249298,0.285904,0.068359,-0.080231
1,troisSix,1774.353516,0.642089,0.410256,0.555671,0.272461,-0.092896,-0.047256
1,troisSix,1782.501953,0.642309,0.407453,0.578095,0.248047,-0.217499,-0.015488
1,troisSix,1792.572266,0.796806,0.072477,0.838883,0.199158,-0.229736,0.000381
1,troisSix,1802.644531,1.086316,-0.280456,0.994653,0.135635,-0.133209,0.021149
1,troisSix,1812.714844,1.137967,-0.494479,0.964627,0.074554,0.032913,0.061478
1,troisSix,1822.814453,1.030496,-0.393895,1.082258,0.029358,0.170975,0.085907
1,troisSix,1832.855469,0.844223,-0.273625,1.177246,0.052567,0.170975,0.085907
1,troisSix,1844.177734,0.303324,-0.133185,0.798643,0.052567,0.537506,0.139648
1,troisSix,1852.998047,0.116725,-0.110902,0.347730,0.240723,0.537506,0.139648
1,troisSix,1863.068359,0.008790,-0.089027,0.159669,0.240723,0.697540,0.120117
1,troisSix,1873.169922,0.002365,-0.068012,0.088604,0.282257,0.770844,0.079788
1,troisSix,1883.210938,0.019497,-0.165426,0.370201,0.252930,0.713425,0.039474
1,troisSix,1893.310547,0.000763,-0.282974,0.689500,0.216278,0.571701,0.002823
1,troisSix,1903.380859,-0.112098,-0.342402,0.674673,0.179626,0.482529,-0.046021
1,troisSix,1913.634766,-0.200094,-0.246347,0.560549,0.160065,0.481293,-0.099777
1,troisSix,1923.492188,-0.089381,-0.053315,0.327360,0.145416,0.497177,-0.112000
1,troisSix,1933.564453,-0.078068,0.178711,0.133420,0.141739,0.455643,-0.069244
1,troisSix,1943.666016,-0.053576,0.470283,-0.075962,0.188187,0.376221,0.011383
1,troisSix,1953.705078,-0.058351,0.841416,-0.120639,0.265137,0.320023,0.118881
1,troisSix,1963.867188,-0.072548,1.194131,-0.079892,0.306686,0.291931,0.194626
1,troisSix,1973.876953,-0.111096,1.371065,-0.154528,0.301788,0.266281,0.217834
1,troisSix,1983.917969,-0.150205,1.410944,-0.093822,0.260254,0.251602,0.204422
1,troisSix,1994.019531,-0.107582,1.313167,0.059718,0.199158,0.255280,0.145767
1,troisSix,2004.089844,0.001316,0.998760,0.186212,0.128311,0.291931,0.050476
1,troisSix,2014.130859,0.003070,0.447932,0.051445,0.087997,0.345688,-0.064346
1,troisSix,2024.201172,-0.045354,-0.103580,-0.223403,0.085541,0.401871,-0.118103
1,troisSix,2036.193359,-0.108542,-0.478718,-0.225926,0.074554,0.439758,-0.107117
1,troisSix,2044.343750,-0.061355,-0.518420,-0.191802,0.017120,0.478851,-0.055801
1,troisSix,2054.412109,-0.155419,-0.302373,-0.066781,-0.020721,0.506943,0.018707
1,troisSix,2064.484375,-0.274146,-0.026722,0.036024,-0.023163,0.505737,0.054138
1,troisSix,2074.585938,-0.393952,0.092029,0.139921,0.007355,0.505737,0.048035
1,troisSix,2084.656250,-0.493543,0.092876,0.090845,0.052567,0.503296,0.048035
1,troisSix,2094.697266,-0.396675,0.034799,0.063867,0.052567,0.493515,0.037033
1,troisSix,2105.957031,-0.319932,-0.199236,0.019714,0.087997,0.412872,0.045593
1,troisSix,2114.867188,-0.165933,-0.530516,-0.038255,0.102646,0.272369,0.059021
1,troisSix,2124.878906,-0.248520,-0.860806,0.025586,0.102646,0.131882,0.054138
1,troisSix,2135.009766,-0.370033,-1.170730,0.012091,0.068451,0.056137,0.049240
1,troisSix,2145.082031,-0.394460,-1.166411,0.111735,-0.002396,0.056137,0.072464
1,troisSix,2155.183594,-0.519595,-0.867606,0.263153,-0.057373,0.091568,0.110336
1,troisSix,2165.191406,-0.490707,-0.353421,0.487796,-0.070816,0.162415,0.136002
1,troisSix,2175.414063,-0.462671,0.159756,0.534648,-0.025604,0.288254,0.129883
1,troisSix,2185.333984,-0.508252,0.631126,0.566335,0.081879,0.417755,0.057800
1,troisSix,2195.406250,-0.641346,1.000525,0.547059,0.189392,0.500854,-0.070465
1,troisSix,2205.474609,-0.626270,1.209322,0.379845,0.287140,0.548492,-0.158432
1,troisSix,2215.576172,-0.488274,1.357176,0.064895,0.362885,0.532608,-0.182846
1,troisSix,2225.707031,-0.330789,1.347877,-0.281108,0.392197,0.398224,-0.170639
1,troisSix,2235.687500,-0.216820,1.222205,-0.231491,0.344559,0.151428,-0.122986
1,troisSix,2245.757813,-0.148392,1.059389,-0.007068,0.234604,-0.116104,-0.061905
1,troisSix,2255.859375,-0.185654,0.762225,0.307804,0.091660,-0.306702,0.018707
1,troisSix,2265.929688,-0.230676,0.507218,0.631618,-0.029282,-0.382446,0.089569
1,troisSix,2276.031250,-0.261298,0.293519,0.888535,-0.074478,-0.369003,0.122559
1,troisSix,2286.041016,-0.332080,0.198120,1.043944,-0.064697,-0.276154,0.117661
1,troisSix,2298.003906,-0.343553,0.141976,1.121402,-0.007278,-0.131989,0.079788
1,troisSix,2306.214844,-0.151290,0.181705,1.103079,0.080658,0.025589,0.022385
1,troisSix,2316.253906,-0.011516,0.160733,0.994287,0.162506,0.025589,-0.070465
1,troisSix,2326.326172,0.132594,0.138493,0.950547,0.223602,0.106232,-0.070465
1,troisSix,2336.396484,0.064477,0.017641,0.810828,0.223602,0.131882,-0.135208
1,troisSix,2346.466797,0.039378,-0.025579,0.731792,0.256592,0.107452,-0.146210
1,troisSix,2356.537109,0.071948,0.048973,0.695017,0.259048,0.037811,-0.115662
1,troisSix,2367.798828,0.159837,0.124137,0.564382,0.233368,-0.063583,-0.061905
1,troisSix,2376.677734,0.143197,0.181331,0.525468,0.199158,-0.150314,-0.017929
1,troisSix,2386.750000,0.045097,0.160974,0.526281,0.149078,-0.213852,0.011383
1,troisSix,2396.820313,-0.016148,0.102235,0.621338,0.111206,-0.215057,0.032150
1,troisSix,2406.830078,-0.099110,0.063847,0.595303,0.095322,-0.152756,0.060242
1,troisSix,2417.023438,-0.106294,0.104528,0.566784,0.094101,-0.057465,0.085907
1,troisSix,2427.031250,0.042136,0.262761,0.496332,0.085541,0.025589,0.083450
1,troisSix,2437.500000,0.074495,0.381076,0.522405,0.084335,0.052475,0.046799
1,troisSix,2447.113281,-0.024669,0.517314,0.762207,0.073334,0.041473,-0.021606
1,troisSix,2457.246094,-0.039873,0.456199,0.726459,0.050125,0.028030,-0.064346
1,troisSix,2467.316406,-0.032233,0.335780,0.669169,0.025681,0.015823,-0.087570
1,troisSix,2477.417969,-0.043851,0.098220,0.532125,0.009796,-0.000046,-0.070465
1,troisSix,2487.548828,-0.058583,-0.079278,0.472004,-0.008514,0.013382,-0.024048
1,troisSix,2497.529297,-0.097711,-0.215971,0.410286,-0.018280,0.029266,0.027267
1,troisSix,2507.628906,-0.082526,-0.253396,0.347249,-0.028046,0.053696,0.066360
1,troisSix,2517.701172,-0.070288,-0.231300,0.283233,-0.026840,0.087906,0.087128
1,troisSix,2527.740234,-0.078616,-0.072050,0.257918,-0.021957,0.126999,0.087128
1,troisSix,2537.812500,-0.106178,0.106306,0.154487,-0.007278,0.157532,0.081009
1,troisSix,2547.914063,-0.168489,0.241116,0.091083,0.022034,0.144089,0.049240
1,troisSix,2559.783203,-0.226597,0.334290,0.051484,0.048889,0.105011,0.006500
1,troisSix,2568.054688,-0.242534,0.348111,0.070942,0.029358,0.105011,0.006500
1,troisSix,2578.064453,-0.182406,0.288320,0.130311,0.029358,0.062241,-0.021606
1,troisSix,2588.195313,-0.159585,0.208642,0.248322,0.009796,0.018265,-0.033813
1,troisSix,2598.236328,-0.153388,0.127131,0.359948,-0.007278,-0.012253,-0.038696
1,troisSix,2608.337891,-0.069527,0.008284,0.275512,-0.020721,0.006058,-0.046021
1,troisSix,2618.410156,0.031933,-0.012054,0.190807,-0.030487,0.031708,-0.032578
1,troisSix,2629.333984,0.072425,-0.147408,0.201901,-0.048813,0.029266,-0.013046
1,troisSix,2638.548828,0.014278,-0.145109,0.290006,-0.052490,0.009705,-0.006927
1,troisSix,2648.560547,-0.004251,-0.104276,0.260307,-0.056152,0.015823,-0.013046
1,troisSix,2658.691406,0.074107,-0.064155,0.211685,-0.045166,0.043915,-0.009369
1,troisSix,2668.732422,0.093468,-0.024780,0.300715,-0.007278,0.065918,-0.015488
1,troisSix,2678.865234,0.035770,0.033087,0.314609,0.039124,0.094009,-0.016693
1,troisSix,2688.873047,-0.020237,0.070437,0.331598,0.075775,0.126999,-0.030136
1,troisSix,2699.066406,-0.035846,0.145493,0.254704,0.107544,0.142883,-0.032578
1,troisSix,2709.044922,-0.013101,0.180802,0.200529,0.128311,0.151428,-0.021606
1,troisSix,2719.056641,-0.165382,0.235044,0.168172,0.138092,0.133102,-0.010605
1,troisSix,2729.187500,-0.199416,0.249804,0.195156,0.134415,0.109894,-0.021606
1,troisSix,2739.257813,-0.251293,0.283404,0.086601,0.124649,0.080566,-0.030136
1,troisSix,2749.359375,-0.224165,0.296922,0.114992,0.118530,0.036591,-0.042374
1,troisSix,2759.369141,-0.119668,0.232923,0.258745,0.107544,-0.006165,-0.046021
1,troisSix,2769.439453,-0.093723,0.150646,0.341551,0.085541,-0.036697,-0.049698
1,troisSix,2779.542969,-0.087317,0.108283,0.363856,0.072113,-0.044022,-0.049698
1,troisSix,2789.582031,-0.119863,-0.029718,0.268554,0.053787,-0.042816,-0.044815
1,troisSix,2799.681641,-0.095596,-0.068574,0.114916,0.028122,-0.050140,-0.016693
1,troisSix,2809.753906,-0.034565,-0.087125,0.077403,0.008591,-0.050140,-0.016693
1,troisSix,2821.654297,-0.033647,-0.162945,0.117872,0.008591,-0.107559,0.008942
1,troisSix,2829.896484,-0.053185,-0.237201,0.137794,0.004913,-0.107559,0.008942
1,troisSix,2839.935547,-0.034306,-0.194397,0.215475,0.004913,-0.094116,0.015030
1,troisSix,2850.005859,-0.054460,-0.152294,0.292760,0.033005,-0.064789,0.012589
1,troisSix,2860.107422,-0.112756,-0.110923,0.312480,0.061111,0.006058,0.013824
1,troisSix,2870.148438,-0.073307,-0.012469,0.371041,0.079437,0.075684,0.007706
1,troisSix,2880.250000,-0.111482,0.084307,0.312338,0.079437,0.134323,0.011383
1,troisSix,2891.113281,-0.149266,0.063828,0.253687,0.078217,0.175858,0.012589
1,troisSix,2900.390625,-0.167838,0.101718,0.232702,0.069672,0.208862,0.030914
1,troisSix,2910.400391,-0.168885,0.062357,0.115105,0.072113,0.212509,0.052917
1,troisSix,2920.533203,-0.171597,0.101167,0.173883,0.084335,0.200302,0.063919
1,troisSix,2930.574219,-0.175072,0.158824,0.213467,0.085541,0.173416,0.070023
1,troisSix,2940.705078,-0.101979,0.292793,0.291550,0.078217,0.129440,0.074905
1,troisSix,2950.744141,-0.048846,0.424412,0.349298,0.072113,0.091568,0.059021
1,troisSix,2960.816406,-0.071346,0.437529,0.406544,0.068451,0.051239,0.024826
1,troisSix,2970.886719,-0.071052,0.449674,0.386571,0.073334,0.023148,-0.005722
1,troisSix,2980.925781,-0.164943,0.383895,0.232848,0.078217,0.012146,-0.021606
1,troisSix,2990.998047,-0.256381,0.434752,0.004168,0.057449,-0.009811,-0.024048
1,troisSix,3001.068359,-0.211395,0.446227,-0.049492,0.013474,-0.056244,-0.020370
1,troisSix,3011.230469,-0.167715,0.380551,-0.048250,-0.040283,-0.091675,-0.013046
1,troisSix,3021.240234,-0.066956,0.219604,-0.051900,-0.096466,-0.101456,-0.020370
1,troisSix,3031.250000,0.033312,0.061110,-0.098388,-0.129456,-0.096558,-0.037476
1,troisSix,3041.351563,0.055747,-0.152797,-0.069246,-0.138016,-0.088013,-0.039917
1,troisSix,3051.421875,0.039351,-0.324580,0.055115,-0.142899,-0.088013,-0.039917
1,troisSix,3061.523438,0.022457,-0.473998,0.176888,-0.142899,-0.068466,-0.024048
1,troisSix,3071.564453,0.043059,-0.504876,0.335360,-0.123352,-0.009811,-0.011810
1,troisSix,3083.406250,-0.017329,-0.264346,0.316520,-0.090363,0.074463,0.044357
1,troisSix,3091.736328,-0.020529,-0.259020,0.306431,0.007355,0.074463,0.044357
1,troisSix,3101.746094,-0.083184,-0.041313,0.261722,0.007355,0.075684,0.063919
1,troisSix,3111.876953,-0.107210,0.153695,0.276770,0.028122,0.062241,0.062683
1,troisSix,3121.949219,-0.149561,0.383861,0.215697,0.024475,0.039032,0.052917
1,troisSix,3131.957031,-0.189809,0.397722,0.155622,0.015915,0.012146,0.033371
1,troisSix,3142.060547,-0.226888,0.391475,0.192333,-0.001190,-0.012253,0.000381
1,troisSix,3152.953125,-0.182905,0.268871,0.400258,-0.023163,-0.009811,-0.031372
1,troisSix,3162.201172,-0.176122,0.263565,0.390919,-0.032944,0.021942,-0.050903
1,troisSix,3172.273438,-0.168018,0.161595,0.323323,-0.014603,0.053696,-0.052139
1,troisSix,3182.373047,-0.141352,0.061428,0.219936,0.012238,0.070801,-0.037476
1,troisSix,3192.412109,-0.193465,-0.017539,0.254635,0.018356,0.078125,-0.027695
1,troisSix,3202.484375,-0.245652,-0.017803,0.211175,0.004913,0.076904,-0.017929
1,troisSix,3212.523438,-0.240024,0.040030,0.167615,0.000046,0.072021,-0.009369
1,troisSix,3222.658203,-0.293024,0.077786,0.163103,-0.004837,0.056137,-0.004486
1,troisSix,3232.697266,-0.307184,0.095786,0.158180,-0.020721,0.026825,0.001617
1,troisSix,3242.796875,-0.244721,0.113685,0.229353,-0.037827,0.012146,0.010147
1,troisSix,3252.869141,-0.183504,0.112109,0.162339,-0.063492,0.017029,0.005264
1,troisSix,3262.939453,-0.180809,0.091255,0.133130,-0.076920,0.007263,0.002823
1,troisSix,3273.041016,-0.158374,0.012780,0.084687,-0.078140,-0.008606,-0.005722
1,troisSix,3283.082031,-0.058626,-0.025907,0.036476,-0.090363,0.002380,-0.008163
1,troisSix,3293.121094,-0.018021,-0.102575,0.065797,-0.084259,0.002380,-0.013046
1,troisSix,3303.224609,0.022145,-0.197331,0.114533,-0.078140,-0.003723,-0.013046
1,troisSix,3313.292969,0.062057,-0.213469,0.085549,-0.078140,0.009705,-0.021606
1,troisSix,3323.333984,0.024648,-0.133009,0.057660,-0.059814,0.025589,-0.021606
1,troisSix,3333.435547,-0.031862,-0.053837,0.089441,-0.042725,0.041473,-0.011810
1,troisSix,3344.818359,-0.088127,0.062725,0.082632,-0.028046,0.065918,-0.003281
1,troisSix,3353.546875,-0.143913,0.158126,0.077194,-0.028046,0.103790,-0.004486
1,troisSix,3363.617188,-0.140078,0.174669,0.012024,-0.039047,0.136765,-0.015488
1,troisSix,3373.687500,-0.096757,0.152250,-0.093022,-0.062256,0.166092,-0.021606
1,troisSix,3383.791016,-0.130491,0.187971,-0.141070,-0.083023,0.173416,-0.030136
1,troisSix,3393.830078,-0.104580,0.145812,-0.094397,-0.112350,0.177094,-0.046021
1,troisSix,3403.929688,-0.000850,0.084955,-0.090017,-0.139221,0.180740,-0.050903
1,troisSix,3414.705078,-0.014467,0.006011,-0.070659,-0.170990,0.181976,-0.039917
1,troisSix,3424.072266,0.008589,-0.013247,0.064589,-0.188110,0.177094,-0.020370
1,troisSix,3434.113281,0.164479,0.006917,0.079981,-0.178314,0.189301,0.002823
1,troisSix,3444.183594,0.277305,0.027187,0.250187,-0.167328,0.192978,0.019943
1,troisSix,3454.253906,0.232445,-0.029752,0.323494,-0.133118,0.175858,0.033371
1,troisSix,3464.386719,0.187635,0.010631,0.246062,-0.078140,0.150208,0.032150
1,troisSix,3474.425781,0.143167,0.069408,0.195056,-0.034164,0.101334,0.038254
1,troisSix,3484.496094,0.099149,0.069180,0.264928,-0.014603,0.041473,0.032150
1,troisSix,3494.537109,0.094656,0.068757,0.239820,-0.012161,-0.033035,0.026031
1,troisSix,3504.607422,-0.006270,0.029686,0.178225,-0.009720,-0.085571,0.026031
1,troisSix,3514.710938,-0.104862,0.048933,0.195759,-0.007278,-0.096558,0.008942
