1,troisSix,0.000000,0.053620,0.874155,0.668071,-0.548508,0.054916,0.206863
1,troisSix,10.072266,0.134346,0.929183,0.561588,-0.547287,0.170975,0.126221
1,troisSix,20.142578,0.281656,0.730367,0.282146,-0.509415,0.280930,0.035812
1,troisSix,30.273438,0.279799,0.417050,-0.279349,-0.438538,0.348129,0.001617
1,troisSix,40.314453,-0.049326,-0.258542,-1.151741,-0.349365,0.334686,0.034592
1,troisSix,50.507813,-0.150150,-0.671248,-1.980216,-0.260178,0.206421,0.155533
1,troisSix,60.425781,-0.033272,-0.688774,-2.494534,-0.247971,-0.048904,0.297256
1,troisSix,70.496094,0.127340,-0.458365,-2.433707,-0.337143,-0.331131,0.352234
1,troisSix,80.566406,0.127083,-0.070005,-2.044821,-0.471542,-0.513168,0.303375
1,troisSix,90.638672,-0.023470,0.160616,-1.645442,-0.572937,-0.565704,0.186096
1,troisSix,102.814453,-0.088835,0.195728,-1.574411,-0.590042,-0.515610,0.073685
1,troisSix,110.779297,-0.314300,-0.109011,-2.054332,-0.566833,-0.460632,0.028473
1,troisSix,120.851563,-0.695953,-0.626544,-3.108794,-0.564392,-0.460632,0.028473
1,troisSix,130.919922,-0.883049,-1.044391,-3.768158,-0.564392,-0.525391,0.055359
1,troisSix,141.021484,-1.194225,-1.341534,-4.210526,-0.643814,-0.733093,0.120117
1,troisSix,151.093750,-1.649450,-1.653946,-4.344141,-0.822174,-0.989639,0.126221
1,troisSix,161.164063,-2.028881,-1.982044,-4.447240,-0.976105,-1.196121,0.096893
1,troisSix,172.669922,-2.354172,-2.264999,-4.057252,-1.068970,-1.287750,0.071243
1,troisSix,181.275391,-2.471051,-2.709678,-3.634828,-1.084839,-1.193680,0.023590
1,troisSix,191.316406,-2.700680,-3.327848,-3.675307,-1.026199,-0.968872,-0.053360
1,troisSix,201.416016,-3.156957,-4.083449,-3.734460,-0.908920,-0.690323,-0.037476
1,troisSix,211.517578,-3.345140,-4.677711,-3.520645,-0.882034,-0.417862,0.203186
1,troisSix,221.558594,-3.555525,-4.828953,-2.636647,-1.043304,-0.131989,0.561157
1,troisSix,231.628906,-3.596828,-4.492361,-0.946295,-1.364624,0.225952,0.922791
1,troisSix,242.066406,-3.267623,-3.918147,0.765198,-1.789780,0.645004,1.151245
1,troisSix,251.802734,-2.700071,-3.488060,1.554499,-2.177063,1.044510,1.233109
1,troisSix,261.841797,-2.150017,-3.587218,1.592164,-2.455612,1.211899,1.268524
1,troisSix,271.941406,-2.089395,-4.002913,1.257999,-2.579025,1.141037,1.333282
1,troisSix,281.982422,-2.347688,-4.776903,0.692084,-2.536255,1.126358,1.484772
1,troisSix,292.144531,-2.324372,-5.337455,-0.203074,-2.505707,1.199661,1.730347
1,troisSix,302.125000,-2.017678,-5.451272,-0.446445,-2.528931,1.360931,2.000336
1,troisSix,312.195313,-1.716582,-5.368991,-0.521326,-2.508148,1.667603,2.217819
1,troisSix,322.236328,-1.354849,-5.213414,-0.265109,-2.381104,1.966919,2.478043
1,troisSix,332.337891,-0.331048,-4.512766,-0.204601,-2.333450,2.064651,2.741943
1,troisSix,342.437500,0.219128,-3.755353,0.070102,-2.499603,1.952240,2.804245
1,troisSix,352.480469,0.818172,-2.278847,1.161395,-2.729279,1.852081,2.646637
1,troisSix,364.625000,0.036829,-0.525624,3.851514,-2.823364,1.808090,2.341202
1,troisSix,372.650391,-0.908682,-0.920025,4.369831,-2.620560,1.808090,2.341202
1,troisSix,382.691406,-1.533075,-1.596885,4.395994,-2.620560,1.781204,2.104187
1,troisSix,392.792969,-1.668480,-1.674716,4.439932,-2.272369,1.732346,2.030884
1,troisSix,402.863281,-1.406566,-1.236954,4.020923,-2.076889,1.659042,2.090744
1,troisSix,412.933594,-0.892145,-0.721833,3.090447,-2.031677,1.580856,2.179932
1,troisSix,423.003906,-0.343783,-0.655964,1.922608,-1.957169,1.378052,2.167725
1,troisSix,434.449219,-0.128515,-0.917189,1.741834,-1.821548,0.866135,2.035782
1,troisSix,443.146484,-0.104392,-1.546470,2.340513,-1.687149,0.233276,1.872055
1,troisSix,453.185547,0.061019,-2.117835,3.267988,-1.567429,-0.118546,1.793869
1,troisSix,463.257813,0.398685,-2.246776,4.404450,-1.370728,0.028030,1.843964
1,troisSix,473.359375,0.754232,-1.600617,5.596534,-1.130051,0.415314,2.021118
1,troisSix,483.427734,1.422644,-0.390812,6.506166,-0.987106,0.691422,2.277679
1,troisSix,493.500000,1.962807,0.643813,6.628067,-0.897919,0.794052,2.449951
1,troisSix,503.875000,2.541545,1.111929,6.851088,-0.735443,0.721985,2.497589
1,troisSix,513.642578,2.979385,0.889306,7.777209,-0.465424,0.574142,2.535461
1,troisSix,523.650391,3.311445,0.559277,8.264351,-0.207642,0.548492,2.690613
1,troisSix,533.783203,3.667706,0.495616,7.756456,0.070892,0.769623,2.904419
1,troisSix,543.855469,3.748267,0.593570,7.638453,0.422729,1.044510,3.084015
1,troisSix,553.955078,3.439116,0.414232,7.733856,0.845459,1.287643,3.195206
1,troisSix,563.966797,3.114461,0.538466,8.277489,1.237640,1.563751,3.272156
1,troisSix,574.005859,3.029245,0.875680,8.520707,1.442886,1.814194,3.345474
1,troisSix,584.136719,3.317540,1.509001,8.346270,1.673782,2.024338,3.412659
1,troisSix,594.177734,3.657645,2.503896,8.899120,2.045197,2.085419,3.372330
1,troisSix,604.279297,3.323251,3.254996,9.030737,2.539993,2.166046,3.215973
1,troisSix,614.349609,3.171115,4.384849,10.214864,3.021347,2.166046,3.215973
1,troisSix,626.406250,3.307785,5.314701,11.616439,3.021347,2.328552,2.672287
1,troisSix,634.523438,3.295155,5.515488,11.413000,3.922989,2.328552,2.672287
1,troisSix,644.501953,3.098968,4.969990,10.310414,3.922989,2.530136,2.346085
1,troisSix,654.632813,1.488027,4.942658,9.890451,4.365250,2.626633,2.435272
1,troisSix,664.673828,0.764222,4.688885,10.395160,4.684128,2.750046,3.281937
1,troisSix,674.744141,1.949809,4.386687,10.360828,4.959015,3.386566,4.079727
1,troisSix,684.816406,2.352252,4.502170,9.930783,5.042084,4.041397,4.293533
1,troisSix,695.955078,1.834191,4.678791,9.025387,5.218018,4.307739,4.225113
1,troisSix,704.957031,1.809976,5.670380,7.975075,5.452591,4.323624,4.264206
1,troisSix,715.029297,2.623313,6.534933,7.048731,5.638306,4.231995,4.258087
1,troisSix,725.128906,3.358201,6.636119,6.101507,5.808105,4.224655,4.055283
1,troisSix,735.201172,4.110429,6.364061,4.212343,6.115982,4.477554,3.846359
1,troisSix,745.302734,3.518650,5.558873,-0.723928,6.555801,4.890518,3.865921
1,troisSix,755.310547,3.131884,4.957922,-5.485977,7.035950,5.227707,4.162796
1,troisSix,765.718750,5.152737,4.892296,-8.399371,7.292496,5.647980,4.325287
1,troisSix,775.484375,6.057410,4.178955,-10.614041,7.220428,5.860550,4.002747
1,troisSix,785.494141,3.829946,1.673621,-11.929617,7.150787,5.689514,3.394333
1,troisSix,795.595703,0.460009,-3.421419,-11.837063,7.195984,5.731049,2.811569
1,troisSix,805.695313,-4.109621,-9.321558,-10.996592,6.936981,6.703537,2.601425
1,troisSix,815.828125,-5.969550,-13.996876,-11.511851,6.164856,8.741379,2.928864
1,troisSix,825.837891,-6.925051,-15.218169,-13.665580,5.165482,10.511673,3.485962
1,troisSix,835.876953,-5.227400,-13.687115,-20.126801,4.417786,10.631393,4.441345
1,troisSix,845.949219,-3.512384,-9.091510,-21.908321,3.979187,9.110352,5.328339
1,troisSix,856.050781,-6.250898,-2.500107,-12.196585,2.949280,9.110352,5.328339
1,troisSix,866.121094,-7.751328,4.011191,-6.212845,2.949280,8.134186,5.671631
1,troisSix,876.162109,-6.993264,6.477900,-4.814974,2.445923,8.841568,5.543350
1,troisSix,888.246094,-7.606131,5.509704,-6.225837,3.386658,11.502472,3.751083
1,troisSix,896.333984,-9.338475,3.672168,-9.902134,4.470322,11.502472,3.751083
1,troisSix,906.341797,-11.304459,1.583458,-14.623292,4.470322,12.487183,3.132874
1,troisSix,916.474609,-13.376177,-0.842973,-16.680723,4.362808,12.901352,2.987503
1,troisSix,926.546875,-13.293490,-1.942410,-16.027538,3.998734,12.878143,3.318588
1,troisSix,936.617188,-12.830145,-1.253204,-16.094032,3.491714,12.525070,3.929459
1,troisSix,946.687500,-14.293646,0.082418,-15.483131,3.317001,11.584335,4.321625
1,troisSix,958.070313,-17.655012,0.460773,-11.906591,3.483170,10.510437,4.386368
1,troisSix,966.828125,-17.683289,0.431725,-11.758613,3.593109,9.982666,4.262985
1,troisSix,976.839844,-18.717770,-0.828754,-8.812893,3.579681,10.091385,4.214111
1,troisSix,986.970703,-17.867310,-2.076427,-5.690619,3.528366,10.373611,4.326508
1,troisSix,996.980469,-16.620436,-3.135883,-4.564617,3.648087,10.670486,4.370483
1,troisSix,1007.142578,-15.521286,-4.598389,-2.916152,3.770279,10.920929,4.304520
1,troisSix,1017.181641,-13.431163,-5.089012,-2.232430,3.535706,10.991791,4.350952
1,troisSix,1027.529297,-10.798171,-3.860040,-4.812617,3.238831,10.560532,4.377838
1,troisSix,1037.292969,-10.932215,-3.817738,-5.709431,2.994476,9.699203,4.210449
1,troisSix,1047.365234,-12.814282,-3.865608,-5.853236,2.745239,8.735260,3.938004
1,troisSix,1057.466797,-13.064215,-3.674401,-5.830316,2.530228,7.970474,3.700989
1,troisSix,1067.505859,-13.576082,-4.107453,-5.017403,2.344528,7.558746,3.454193
1,troisSix,1077.636719,-14.616916,-4.439925,-3.188847,2.116043,7.359619,3.204971
1,troisSix,1087.648438,-15.049330,-4.201044,-1.490803,1.798401,7.299759,3.126785
1,troisSix,1097.718750,-15.196520,-3.973648,-0.636646,1.434326,7.299759,3.126785
1,troisSix,1107.791016,-15.390598,-3.839186,0.699253,1.434326,7.440247,3.140228
1,troisSix,1117.859375,-14.860106,-3.581697,1.724697,0.924881,7.633286,3.081573
1,troisSix,1127.992188,-14.142016,-3.996018,2.292009,0.224838,7.807999,2.948395
1,troisSix,1138.001953,-13.829477,-4.863101,2.944300,-0.602264,8.024216,2.756592
1,troisSix,1150.087891,-14.822371,-5.656436,4.774705,-1.650497,7.783554,2.555008
1,troisSix,1158.144531,-14.677065,-6.663436,5.441429,-2.809921,6.934448,2.407181
1,troisSix,1168.214844,-11.588867,-8.132052,2.153742,-3.755539,6.236847,2.397415
1,troisSix,1178.285156,-7.016859,-9.240867,-4.620922,-3.920471,5.866669,2.586777
1,troisSix,1188.355469,-3.906351,-8.804823,-10.484721,-2.753723,5.120178,2.987503
1,troisSix,1198.425781,-0.081832,-8.735777,-10.402056,-0.719559,3.891129,3.242844
1,troisSix,1208.498047,0.106802,-5.403543,-7.006834,0.834473,3.217972,3.002167
1,troisSix,1219.912109,-1.521139,-0.024230,-5.023327,0.972534,3.500183,2.392532
1,troisSix,1228.669922,-3.572506,3.186444,5.326684,-0.343262,2.513031,2.435272
1,troisSix,1238.710938,-1.222723,4.759628,19.500643,-2.612000,0.776962,3.675323
1,troisSix,1248.781250,0.853282,9.819022,26.125151,-6.189209,2.089096,4.391251
1,troisSix,1258.853516,6.143031,12.208539,21.006443,-8.616776,3.830032,2.660080
1,troisSix,1268.953125,7.914038,8.156361,13.263444,-5.154404,2.721939,1.453003
1,troisSix,1278.992188,10.197807,6.531060,11.281261,-0.829498,1.536865,1.226990
1,troisSix,1289.339844,9.312233,8.266909,10.500534,-0.543625,1.854523,0.981415
1,troisSix,1299.166016,6.936502,11.234142,-0.116993,-0.654785,2.173401,0.859253
1,troisSix,1309.205078,4.324890,9.373579,-8.344715,1.048264,2.438507,0.818939
1,troisSix,1319.277344,0.919235,7.562289,-3.780722,1.529633,1.193573,0.740753
1,troisSix,1329.347656,0.099972,4.184324,6.389628,-0.258972,-0.532715,0.793289
1,troisSix,1339.509766,0.732262,2.220770,11.479730,-1.666382,-0.532715,0.900787
1,troisSix,1349.488281,0.932898,1.460257,14.445518,-1.769012,-0.500961,0.900787
1,troisSix,1359.558594,0.432496,1.473282,13.327013,-1.769012,0.018265,0.900787
1,troisSix,1369.630859,-0.629681,2.641553,10.902304,-1.318192,0.400665,0.762741
1,troisSix,1379.701172,-0.714465,4.560287,9.707422,-0.217407,0.688980,0.688217
1,troisSix,1389.773438,-0.925288,6.525311,7.087445,0.635330,1.026184,0.666214
1,troisSix,1399.873047,-1.128373,7.492294,4.261792,0.943207,1.176453,0.463409
1,troisSix,1411.562500,-0.772002,7.197895,2.973958,1.198547,0.721985,0.092010
1,troisSix,1420.015625,-0.836558,5.537651,2.740528,1.374466,-0.028137,-0.382004
1,troisSix,1430.025391,-0.461816,3.258559,3.518493,1.389130,-0.653671,-0.782730
1,troisSix,1440.156250,-0.521692,0.920005,4.308310,1.350037,-0.941986,-0.945221
1,troisSix,1450.197266,-0.743760,-0.918697,4.334976,1.302383,-0.894348,-0.862137
1,troisSix,1460.267578,-0.866311,-2.256579,4.026990,1.308502,-0.697647,-0.555481
1,troisSix,1470.369141,-0.952369,-2.760379,3.306355,1.328049,-0.478958,-0.110779
1,troisSix,1481.722656,-1.151143,-2.520264,1.930473,1.323151,-0.317688,0.355896
1,troisSix,1490.509766,-1.375705,-1.462936,1.260813,1.389130,-0.356796,0.710190
1,troisSix,1500.550781,-1.609509,0.052526,1.394116,1.444122,-0.503403,0.842148
1,troisSix,1510.621094,-1.816885,1.545080,1.612846,1.441650,-0.634109,0.770081
1,troisSix,1520.722656,-2.162307,2.324864,1.741254,1.522308,-0.730652,0.594147
1,troisSix,1530.794922,-2.326251,2.561620,1.119368,1.688461,-0.852814,0.373016
1,troisSix,1540.833984,-2.152405,2.390176,0.633520,1.836288,-1.034851,0.113998
1,troisSix,1551.179688,-1.953771,2.006308,0.285489,1.893707,-1.135025,-0.153549
1,troisSix,1561.005859,-1.969825,1.231537,-0.239009,1.935242,-1.047058,-0.350235
1,troisSix,1571.017578,-1.850047,0.256754,-1.031206,1.962128,-0.898010,-0.418655
1,troisSix,1581.117188,-1.659721,-0.578406,-1.859000,1.946243,-0.825928,-0.425980
1,troisSix,1591.187500,-1.406288,-1.033589,-1.590509,1.886383,-0.825928,-0.425980
1,troisSix,1601.349609,-1.191541,-1.464255,-1.046144,1.886383,-0.855255,-0.432098
1,troisSix,1611.361328,-1.385389,-1.927591,-0.659857,1.855820,-0.873581,-0.477310
1,troisSix,1621.369141,-1.301198,-2.252282,-0.641344,1.946243,-0.860138,-0.477310
1,troisSix,1631.472656,-1.239053,-2.245599,-0.708667,2.052521,-0.883362,-0.372223
1,troisSix,1641.480469,-1.260538,-2.040627,-0.591119,2.122162,-0.898010,-0.308701
1,troisSix,1651.642578,-0.929648,-2.051612,-0.796153,2.167374,-0.871124,-0.319687
1,troisSix,1661.683594,-0.846416,-2.392484,-2.113532,2.204025,-0.812485,-0.374680
1,troisSix,1673.738281,-1.910159,-2.500864,-2.014149,2.185699,-0.768509,-0.414978
1,troisSix,1681.794922,-1.905957,-2.590785,-1.846761,2.034195,-0.702530,-0.433304
1,troisSix,1691.896484,-1.778037,-2.517009,-1.340978,1.843613,-0.604797,-0.433304
1,troisSix,1701.996094,-1.367680,-2.532127,-1.241377,1.769089,-0.470398,-0.478516
1,troisSix,1712.039063,-1.514664,-3.208310,-1.090746,1.755646,-0.362900,-0.537170
1,troisSix,1722.138672,-1.243495,-3.548517,-1.351507,1.772751,-0.307922,-0.528610
1,troisSix,1732.150391,-1.209405,-3.608671,-2.023456,1.769089,-0.277390,-0.444305
1,troisSix,1743.562500,-0.789603,-3.711283,-2.651733,1.732437,-0.290817,-0.305038
1,troisSix,1752.320313,-0.915919,-3.939973,-4.421364,1.613922,-0.391006,-0.196289
1,troisSix,1762.361328,-1.014241,-3.344831,-4.353343,1.420883,-0.680557,-0.159637
1,troisSix,1772.492188,-1.580628,-2.386226,-0.772174,1.094696,-1.201004,-0.076569
1,troisSix,1782.562500,-2.102089,-1.864508,0.607544,0.722076,-1.362274,-0.041138
1,troisSix,1792.603516,-1.992844,-1.041210,1.077702,0.624329,-0.937103,-0.027695
1,troisSix,1802.673828,-1.440226,-0.514457,1.206077,0.836914,-0.532715,-0.031372
1,troisSix,1813.021484,-1.169296,-0.054592,0.893719,1.006729,-0.283478,-0.091232
1,troisSix,1822.816406,-0.905623,0.361147,0.035271,1.126450,-0.107559,-0.171875
1,troisSix,1832.886719,-0.831665,0.811397,-0.499515,1.182663,-0.107559,-0.171875
1,troisSix,1842.990234,-1.008226,1.181680,-0.678398,1.182663,-0.047699,-0.235382
1,troisSix,1853.029297,-1.257834,1.277991,-0.410437,1.106918,-0.117325,-0.275711
1,troisSix,1863.191406,-1.251421,1.376610,-0.265946,0.976181,-0.205292,-0.287918
1,troisSix,1873.169922,-1.049829,1.459455,-0.503960,0.879669,-0.227295,-0.296478
1,troisSix,1883.302734,-1.102298,1.387643,-0.883434,0.824692,-0.230942,-0.296478
1,troisSix,1893.343750,-0.979979,1.161783,-1.265595,0.795380,-0.287155,-0.278152
1,troisSix,1903.351563,-0.842857,0.860831,-1.451969,0.750168,-0.408096,-0.235382
1,troisSix,1913.453125,-0.712784,0.426839,-1.559908,0.690308,-0.529053,-0.176758
1,troisSix,1923.585938,-0.354805,-0.041529,-1.514520,0.602341,-0.615799,-0.130325
1,troisSix,1935.609375,-0.022195,-0.370588,-1.286759,0.481384,-0.698883,-0.098557
1,troisSix,1943.666016,0.386681,-0.554072,-0.764219,0.326233,-0.775833,-0.113220
1,troisSix,1953.736328,0.582152,-0.600943,0.070785,0.199158,-0.816162,-0.180405
1,troisSix,1963.837891,0.511564,-0.668144,0.698667,0.134415,-0.759949,-0.275711
1,troisSix,1973.878906,0.333185,-0.873933,0.985658,0.140533,-0.591354,-0.334351
1,troisSix,1983.980469,0.277801,-1.119427,0.721508,0.210159,-0.351898,-0.308701
1,troisSix,1994.050781,0.299195,-1.109268,0.399352,0.294464,-0.125885,-0.224411
1,troisSix,2005.373047,0.318116,-1.040248,0.063125,0.343338,0.021942,-0.153549
1,troisSix,2014.162109,0.465560,-0.771708,-0.338799,0.366547,0.078125,-0.098557
1,troisSix,2024.232422,0.334988,-0.425124,-0.558177,0.372650,0.031708,-0.041138
1,troisSix,2034.333984,-0.017541,-0.018428,-0.443699,0.334778,-0.061142,0.027267
1,troisSix,2044.404297,-0.278538,0.448936,-0.157573,0.251694,-0.085571,0.090790
1,troisSix,2054.505859,-0.210115,0.956711,0.080462,0.157623,-0.078232,0.103012
1,troisSix,2064.515625,0.056925,1.326332,0.193086,0.091660,-0.116104,0.023590
1,troisSix,2074.832031,0.097832,1.300987,0.206309,0.078217,-0.216293,-0.107117
1,troisSix,2084.626953,-0.129793,0.902176,0.337457,0.086777,-0.216293,-0.107117
1,troisSix,2094.697266,-0.294532,0.444254,0.490188,0.086777,-0.316467,-0.190201
1,troisSix,2104.798828,-0.356793,-0.013770,0.563860,0.041565,-0.332352,-0.207291
1,troisSix,2114.869141,-0.419372,-0.430493,0.650505,-0.024399,-0.256622,-0.173080
1,troisSix,2125.001953,-0.407739,-0.589527,0.690280,-0.053711,-0.144211,-0.094894
1,troisSix,2135.011719,-0.324943,-0.510563,0.646974,-0.043930,-0.006165,0.002823
1,troisSix,2145.050781,-0.150978,-0.116357,0.502655,-0.035385,0.131882,0.073685
1,troisSix,2155.154297,-0.116865,0.121551,0.257769,-0.043930,0.195419,0.079788
1,troisSix,2165.193359,-0.199372,0.319631,0.110032,-0.052490,0.166092,0.061478
1,troisSix,2175.292969,-0.182745,0.477499,-0.035295,-0.045166,0.052475,0.038254
1,troisSix,2185.335938,-0.261804,0.535831,-0.038410,-0.036606,-0.102676,-0.019150
1,troisSix,2197.267578,-0.336399,0.513864,0.158208,-0.050049,-0.223618,-0.076569
1,troisSix,2205.507813,-0.448265,0.334889,0.511121,-0.074478,-0.268829,-0.107117
1,troisSix,2215.546875,-0.460016,0.097384,0.762748,-0.103806,-0.210175,-0.094894
1,troisSix,2225.617188,-0.395064,-0.001579,0.755703,-0.101364,-0.111221,-0.053360
1,troisSix,2235.720703,-0.470024,-0.079700,0.708468,-0.067154,-0.022049,-0.011810
1,troisSix,2245.759766,-0.567243,-0.176267,0.700215,-0.052490,0.067123,0.029709
1,troisSix,2255.861328,-0.470829,-0.036855,0.533607,-0.059814,0.122116,0.054138
1,troisSix,2267.091797,-0.375991,0.005142,0.267071,-0.069595,0.106232,0.054138
1,troisSix,2276.001953,-0.358293,0.144092,0.179952,-0.084259,0.010941,0.027267
1,troisSix,2286.074219,-0.455962,0.105771,0.211901,-0.078140,-0.088013,-0.022812
1,troisSix,2296.144531,-0.629612,-0.089972,0.070394,-0.076920,-0.144211,-0.036255
1,troisSix,2306.244141,-0.667362,-0.147947,0.125856,-0.089142,-0.189407,-0.006927
1,troisSix,2316.347656,-0.787878,-0.184501,0.237939,-0.130676,-0.189407,0.051697
1,troisSix,2326.355469,-0.793541,-0.023974,0.366009,-0.159988,-0.193085,0.051697
1,troisSix,2336.671875,-0.860214,0.254569,0.609038,-0.159988,-0.163757,0.096893
1,troisSix,2346.529297,-0.773231,0.474828,0.713652,-0.174667,-0.147873,0.131104
1,troisSix,2356.537109,-0.494514,0.598065,0.679978,-0.168549,-0.130768,0.173859
1,troisSix,2366.671875,-0.393456,0.545059,0.667249,-0.133118,-0.107559,0.150650
1,troisSix,2376.710938,-0.503267,0.138204,0.305134,-0.101364,-0.089233,0.088348
1,troisSix,2386.841797,-0.646338,-0.113210,0.141754,-0.076920,-0.077011,0.038254
1,troisSix,2396.882813,-0.726524,-0.306807,0.117687,-0.053711,-0.063583,0.013824
1,troisSix,2406.984375,-0.629744,-0.324153,0.309420,-0.061050,-0.062347,0.026031
1,troisSix,2416.994141,-0.514213,-0.341139,0.499886,-0.070816,-0.063583,0.026031
1,troisSix,2427.095703,-0.494872,-0.319394,0.630010,-0.072037,-0.024490,-0.008163
1,troisSix,2437.134766,-0.375381,-0.220123,0.583245,-0.047607,0.043915,-0.006927
1,troisSix,2447.267578,-0.258379,0.094480,0.362638,0.001266,0.063477,0.050476
1,troisSix,2459.230469,-0.266562,0.370566,0.364349,0.072113,0.023148,0.116440
1,troisSix,2467.376953,-0.334450,0.410806,0.253476,0.097763,-0.084351,0.126221
1,troisSix,2477.388672,-0.482924,0.255367,0.147851,0.079437,-0.164978,0.093231
1,troisSix,2487.519531,-0.543192,0.117648,0.176797,0.056229,-0.196732,0.070023
1,troisSix,2497.560547,-0.581538,-0.095274,0.358590,0.050125,-0.199173,0.056580
1,troisSix,2507.662109,-0.617591,-0.150654,0.516461,0.033005,-0.161316,0.039474
1,troisSix,2517.732422,-0.689239,-0.089816,0.650042,0.031799,-0.105118,0.021149
1,troisSix,2529.023438,-0.719372,0.123805,0.530226,0.048889,-0.035477,0.015030
1,troisSix,2537.843750,-0.785520,0.314099,0.430455,0.075775,0.013382,0.005264
1,troisSix,2547.914063,-0.812190,0.385184,0.392769,0.094101,-0.011047,0.019943
1,troisSix,2557.984375,-0.839276,0.416503,0.376900,0.107544,-0.011047,0.019943
1,troisSix,2568.085938,-0.789205,0.485965,0.419359,0.079437,-0.068466,0.019943
1,troisSix,2578.158203,-0.663141,0.535043,0.422896,0.079437,-0.125885,0.010147
1,troisSix,2588.228516,-0.614787,0.409355,0.309915,0.029358,-0.178406,-0.028931
1,troisSix,2598.513672,-0.486996,0.362323,0.601240,-0.008514,-0.226059,-0.068024
1,troisSix,2608.369141,-0.493984,0.103584,0.827180,-0.036606,-0.228500,-0.088791
1,troisSix,2618.410156,-0.460094,-0.189672,0.834495,-0.045166,-0.158875,-0.102219
1,troisSix,2628.480469,-0.309443,-0.285319,0.627135,-0.031723,-0.051361,-0.096115
1,troisSix,2638.550781,-0.296508,-0.205647,0.422726,0.004913,0.039032,-0.068024
1,troisSix,2648.744141,-0.343488,-0.146409,0.301457,0.057449,0.063477,-0.038696
1,troisSix,2658.662109,-0.335924,0.047561,0.185795,0.075775,0.020706,0.012589
1,troisSix,2668.824219,-0.334188,0.297447,0.209989,0.083099,-0.042816,0.063919
1,troisSix,2678.863281,-0.374940,0.524693,0.274886,0.095322,-0.094116,0.077347
1,troisSix,2688.906250,-0.376780,0.516702,0.397307,0.072113,-0.130768,0.057800
1,troisSix,2698.974609,-0.376366,0.431231,0.381276,0.053787,-0.131989,0.024826
1,troisSix,2709.078125,-0.391258,0.056856,0.383725,0.058670,-0.098999,-0.020370
1,troisSix,2721.072266,-0.343608,-0.351224,0.328434,0.066010,-0.006165,-0.039917
1,troisSix,2729.158203,-0.489325,-0.616940,0.231231,0.083099,0.096451,-0.020370
1,troisSix,2739.259766,-0.500132,-0.684678,0.136072,0.097763,0.151428,0.050476
1,troisSix,2749.330078,-0.382360,-0.402224,0.100959,0.111206,0.145325,0.125000
1,troisSix,2759.402344,-0.348594,-0.026716,0.221806,0.102646,0.091568,0.143326
1,troisSix,2769.472656,-0.277447,0.265524,0.553108,0.085541,0.037811,0.122559
1,troisSix,2779.572266,-0.223720,0.378430,0.685930,0.076996,0.015823,0.067581
1,troisSix,2790.865234,-0.262228,0.217800,0.682117,0.084335,0.048798,0.010147
1,troisSix,2799.683594,-0.372166,0.020020,0.657194,0.101425,0.114777,-0.019150
1,troisSix,2809.755859,-0.497486,-0.078921,0.480124,0.123413,0.114777,-0.019150
1,troisSix,2819.886719,-0.619797,-0.137915,0.421795,0.123413,0.188095,-0.026489
1,troisSix,2829.925781,-0.603754,-0.196195,0.363668,0.145416,0.239395,-0.028931
1,troisSix,2839.998047,-0.606929,-0.099460,0.346009,0.162506,0.258957,-0.022812
1,troisSix,2850.068359,-0.630764,0.015258,0.348966,0.167404,0.243073,0.001617
1,troisSix,2860.322266,-0.619503,0.148261,0.372581,0.163742,0.177094,0.045593
1,troisSix,2870.179688,-0.670546,0.222276,0.339131,0.166183,0.125778,0.073685
1,troisSix,2880.250000,-0.588360,0.276351,0.172503,0.158859,0.089127,0.085907
1,troisSix,2890.353516,-0.528174,0.329917,0.143704,0.141739,0.041473,0.088348
1,troisSix,2900.392578,-0.450195,0.363466,0.096112,0.123413,-0.037918,0.078568
1,troisSix,2910.523438,-0.412321,0.299989,0.165798,0.114868,-0.096558,0.071243
1,troisSix,2920.564453,-0.335748,0.256637,0.292287,0.103882,-0.120987,0.052917
1,troisSix,2930.634766,-0.276772,0.290464,0.512007,0.085541,-0.114883,0.006500
1,troisSix,2940.705078,-0.233309,0.264704,0.475761,0.083099,-0.080673,-0.039917
1,troisSix,2950.746094,-0.167718,0.161373,0.304020,0.085541,-0.039139,-0.057022
1,troisSix,2960.847656,-0.140152,0.136456,0.212074,0.095322,-0.017151,-0.064346
1,troisSix,2970.919922,-0.131051,0.111630,0.025083,0.087997,-0.023254,-0.081451
1,troisSix,2982.851563,-0.197437,-0.222048,-0.176847,0.078217,-0.045258,-0.077789
1,troisSix,2991.029297,-0.190569,-0.220311,-0.167080,0.061111,-0.075790,-0.030136
1,troisSix,3001.099609,-0.207380,-0.217421,0.074254,0.037903,-0.094116,0.021149
1,troisSix,3011.201172,-0.188625,-0.271177,0.212860,0.008591,-0.092896,0.035812
1,troisSix,3021.242188,-0.208744,-0.246733,0.270840,0.017120,-0.084351,0.022385
1,troisSix,3031.343750,-0.226488,-0.223392,0.290039,0.028122,-0.078232,-0.004486
1,troisSix,3041.382813,-0.184050,-0.124002,0.136324,0.041565,-0.072128,-0.017929
1,troisSix,3052.707031,-0.199147,-0.084740,-0.012497,0.062332,-0.064789,-0.021606
1,troisSix,3061.554688,-0.040451,0.031044,-0.120385,0.080658,-0.064789,-0.021606
1,troisSix,3071.566406,-0.039161,0.106185,0.007030,0.080658,-0.079453,-0.010605
1,troisSix,3081.697266,0.018852,0.141806,0.055442,0.067215,-0.122223,-0.005722
1,troisSix,3091.736328,0.113597,0.177155,0.256794,0.053787,-0.140549,-0.000824
1,troisSix,3101.839844,0.186185,0.154485,0.377280,0.050125,-0.151550,0.017487
1,troisSix,3111.910156,0.102571,0.170980,0.321991,0.045242,-0.157639,0.011383
1,troisSix,3122.132813,-0.056051,0.148417,0.287030,0.052567,-0.141754,0.002823
1,troisSix,3132.021484,-0.114913,0.145306,0.214196,0.064774,-0.118546,0.004059
1,troisSix,3142.060547,-0.153735,0.045872,0.084822,0.061111,-0.110001,0.011383
1,troisSix,3152.193359,-0.153595,0.102654,0.110418,0.035461,-0.108780,0.010147
1,troisSix,3162.263672,-0.115120,0.139456,0.153497,0.033005,-0.111221,0.016266
1,troisSix,3172.394531,-0.058443,0.137211,0.330780,0.031799,-0.112442,0.018707
1,troisSix,3182.406250,-0.021516,0.096334,0.273319,0.034241,-0.088013,0.010147
1,troisSix,3192.476563,0.073254,0.210211,0.255783,0.056229,-0.051361,0.013824
1,troisSix,3202.546875,0.031974,0.264080,0.162176,0.067215,-0.029373,0.006500
1,troisSix,3212.587891,0.050331,0.258892,-0.045596,0.062332,-0.030579,-0.005722
1,troisSix,3222.687500,-0.027064,0.234246,-0.230754,0.066010,-0.020813,-0.013046
1,troisSix,3232.759766,0.091091,0.209455,-0.122291,0.086777,-0.035477,-0.035034
1,troisSix,3244.691406,-0.194382,0.106569,-0.089203,0.094101,-0.047699,-0.068024
1,troisSix,3252.900391,-0.204092,0.005443,-0.040054,0.107544,-0.052582,-0.104675
1,troisSix,3262.910156,-0.095307,-0.056528,-0.065772,0.123413,-0.023254,-0.090012
1,troisSix,3273.011719,-0.047034,0.017732,0.044693,0.130753,-0.018372,-0.081451
1,troisSix,3283.111328,0.000045,0.110021,0.116033,0.150299,-0.019608,-0.081451
1,troisSix,3293.154297,0.084440,0.181396,0.014593,0.173508,-0.019608,-0.072906
1,troisSix,3303.285156,0.167129,0.232141,-0.121117,0.201599,-0.014694,-0.072906
1,troisSix,3314.486328,0.228062,0.204740,-0.230994,0.201599,-0.069687,-0.044815
1,troisSix,3323.396484,0.188892,0.198217,-0.399856,0.227280,-0.069687,-0.044815
1,troisSix,3333.406250,0.188076,0.153049,-0.464971,0.227280,-0.125885,-0.024048
1,troisSix,3343.507813,0.203205,0.225265,-0.373574,0.215042,-0.179642,0.013824
1,troisSix,3353.609375,0.311423,0.258759,-0.149858,0.174744,-0.227295,0.029709
1,troisSix,3363.708984,0.361048,0.330365,0.047391,0.123413,-0.254166,-0.014252
1,troisSix,3373.720703,0.761636,0.380675,0.121140,0.081879,-0.240738,-0.065582
1,troisSix,3384.005859,0.024671,0.119952,0.151608,0.064774,-0.179642,-0.146210
1,troisSix,3393.892578,0.077041,-0.118456,0.005725,0.078217,-0.124664,-0.177963
1,troisSix,3403.931641,0.033176,-0.237497,-0.137042,0.114868,-0.037918,-0.149872
1,troisSix,3414.033203,-0.011009,-0.450839,-0.179178,0.157623,0.034149,-0.140106
1,troisSix,3424.074219,0.039856,-0.602291,-0.334494,0.180832,0.058578,-0.099777
1,troisSix,3434.205078,0.026772,-0.769129,-0.466786,0.191833,0.084244,-0.027695
1,troisSix,3444.246094,0.044977,-0.776794,-0.596915,0.191833,0.089127,0.055359
1,troisSix,3454.347656,0.055691,-0.608702,-0.474728,0.172302,0.061020,0.116440
1,troisSix,3464.355469,0.023197,-0.403423,-0.124974,0.146637,0.048798,0.145767
1,troisSix,3474.427734,-0.068200,-0.123701,0.138973,0.116089,0.073242,0.148209
1,troisSix,3484.529297,-0.059724,0.093257,0.356415,0.102646,0.152649,0.113998
1,troisSix,3494.570313,-0.065356,0.170290,0.317131,0.116089,0.243073,0.052917
1,troisSix,3506.533203,-0.179321,0.186035,0.183638,0.150299,0.288254,-0.024048
1,troisSix,3514.740234,-0.189834,0.026538,0.071271,0.175949,0.302933,-0.076569
1,troisSix,3524.783203,-0.137425,-0.054688,0.078864,0.173508,0.305374,-0.097336
1,troisSix,3534.851563,-0.085212,-0.192487,0.181673,0.152740,0.305374,-0.090012
1,troisSix,3544.923828,-0.053561,-0.231342,0.242858,0.142975,0.296814,-0.090012
1,troisSix,3555.025391,-0.080601,-0.211573,0.148438,0.142975,0.295593,-0.083908
1,troisSix,3565.064453,-0.203777,-0.211323,0.113054,0.136856,0.304138,-0.087570
1,troisSix,3576.357422,-0.226750,-0.192162,-0.038413,0.118530,0.321259,-0.090012
1,troisSix,3585.236328,-0.193408,-0.076178,-0.189858,0.101425,0.305374,-0.103455
1,troisSix,3595.248047,-0.274161,-0.059141,-0.300004,0.092880,0.235718,-0.114441
1,troisSix,3605.378906,-0.064905,-0.100114,-0.214609,0.076996,0.153885,-0.098557
1,troisSix,3615.449219,0.099928,-0.178266,-0.131414,0.039124,0.094009,-0.077789
1,troisSix,3625.550781,0.144039,-0.215779,-0.109881,0.003708,0.063477,-0.058243
1,troisSix,3635.560547,0.165466,-0.386819,-0.129260,-0.009720,0.064682,-0.026489
1,troisSix,3645.785156,0.087468,-0.477022,0.042471,-0.025604,0.107452,0.000381
1,troisSix,3655.703125,0.142739,-0.506854,0.015590,-0.040283,0.186859,0.044357
1,troisSix,3665.773438,0.039226,-0.477260,0.026318,-0.012161,0.257721,0.084686
1,troisSix,3675.845703,-0.084759,-0.466857,0.058729,0.046448,0.312698,0.113998
1,troisSix,3685.945313,-0.169585,-0.340813,-0.059591,0.087997,0.313919,0.118881
