1,troisSix,0.000000,-7.450523,2.404098,-8.465955,3.364655,9.685776,5.024109
1,troisSix,10.070313,-7.046590,2.709974,-6.618502,3.844803,9.993637,3.914780
1,troisSix,20.171875,-8.443267,1.479619,-5.054544,4.085464,10.727921,2.999725
1,troisSix,30.212891,-10.125224,0.151630,-5.050098,4.039047,11.640533,2.601425
1,troisSix,40.313477,-12.094980,-1.391647,-6.817677,3.897339,12.121887,2.661285
1,troisSix,50.384766,-12.603750,-1.857396,-9.323704,3.793488,11.954529,2.851883
1,troisSix,61.126953,-13.298769,-2.046501,-12.530212,3.714066,11.288681,2.942307
1,troisSix,70.526367,-14.933840,-2.554447,-15.580151,3.475845,10.366272,3.201294
1,troisSix,80.566406,-15.778531,-2.957061,-15.939807,2.962723,9.414551,3.504288
1,troisSix,90.636719,-16.244164,-3.319159,-13.570786,2.414154,8.770706,3.702209
1,troisSix,100.708008,-16.376701,-4.047256,-7.781493,2.023209,8.914871,3.903809
1,troisSix,110.839844,-15.934619,-4.439071,-1.367535,2.032974,9.966782,4.151794
1,troisSix,120.880859,-13.931614,-4.405561,1.040004,2.542435,10.990585,4.314301
1,troisSix,131.225586,-11.142628,-4.370697,-1.671865,2.982254,10.990585,4.314301
1,troisSix,141.021484,-9.523224,-4.697904,-4.448562,2.982254,10.874512,4.348511
1,troisSix,151.061523,-8.249988,-4.849404,-5.092240,2.899185,9.989990,4.383926
1,troisSix,161.164063,-6.981421,-4.876257,-5.032879,2.491135,9.035812,4.352158
1,troisSix,171.264648,-7.072708,-5.242977,-5.104443,2.116043,8.240463,4.193344
1,troisSix,183.349609,-7.561204,-5.837404,-5.270969,2.035431,7.611282,4.051620
1,troisSix,191.344727,-7.512566,-6.504867,-6.393595,2.250443,7.263092,3.909897
1,troisSix,201.447266,-8.161718,-6.846304,-8.255989,2.497238,7.100601,3.835388
1,troisSix,211.487305,-8.823633,-6.095704,-9.156919,2.492340,6.975998,3.945343
1,troisSix,221.557617,-8.824120,-4.052589,-8.642902,2.259003,6.702316,4.082169
1,troisSix,231.627930,-9.171780,-2.294812,-7.657513,2.035431,6.286926,4.102936
1,troisSix,241.760742,-10.099361,-1.288950,-6.226608,1.861938,5.872772,4.113937
1,troisSix,253.173828,-11.036539,-0.749569,-6.017159,1.659134,5.825134,4.129822
1,troisSix,261.871094,-12.388261,-0.227924,-5.260033,1.390350,6.179428,4.153030
1,troisSix,271.911133,-13.320597,0.456382,-3.299934,1.060486,6.629013,4.021072
1,troisSix,282.043945,-13.028372,0.896817,-1.319277,0.719635,6.903915,3.631348
1,troisSix,292.083984,-12.645151,0.280523,-0.428456,0.068451,6.655899,3.231842
1,troisSix,302.154297,-13.206186,-0.901007,0.826547,-0.808731,6.236847,3.248947
1,troisSix,312.194336,-12.798391,-0.984986,-0.746043,-1.456253,6.093918,3.428543
1,troisSix,322.998047,-12.285053,0.761261,-5.361593,-1.904633,5.110413,3.697327
1,troisSix,332.367188,-12.118326,4.623507,-6.408196,-2.235718,3.590576,3.681442
1,troisSix,342.407227,-9.826328,8.441860,-1.346654,-3.010284,2.740265,3.147552
1,troisSix,352.508789,-10.082802,9.244742,10.541508,-4.429932,2.037781,2.854324
1,troisSix,362.548828,-8.629284,7.593587,19.019350,-4.440918,2.037781,2.781021
1,troisSix,372.680664,-2.043351,5.551553,18.726290,-2.921112,1.181335,2.781021
1,troisSix,382.720703,3.541105,4.870566,16.326277,-2.921112,0.676773,2.310669
1,troisSix,393.065430,5.002371,4.016929,12.563325,-1.214355,1.121475,1.738907
1,troisSix,402.862305,3.723164,4.506089,8.211194,-0.163666,1.734787,1.455444
1,troisSix,412.933594,1.885791,6.004062,6.268648,0.108765,1.915588,1.382141
1,troisSix,423.004883,0.015661,6.602768,5.347960,-0.133118,1.806870,1.121918
1,troisSix,433.044922,-0.642503,6.662256,6.621436,-0.752533,1.073837,0.529388
1,troisSix,443.207031,-1.694797,6.636252,9.119823,-1.591858,0.202744,-0.203613
1,troisSix,453.247070,-1.397561,5.676205,12.294479,-2.471497,-0.306702,-0.590912
1,troisSix,463.256836,-0.985769,4.310769,13.979740,-2.818481,-0.224854,-0.775391
1,troisSix,473.357422,1.124879,4.123257,13.410015,-2.300461,0.262604,-0.975754
1,troisSix,483.398438,2.967281,4.100683,9.982515,-1.440369,0.659668,-0.959869
1,troisSix,493.468750,3.709220,4.004023,5.681463,-0.697556,0.753754,-0.562820
1,troisSix,503.509766,3.597721,4.107974,4.023279,-0.228409,0.767181,0.048035
1,troisSix,514.984375,2.577953,4.500761,6.145350,0.224838,0.883240,0.512283
1,troisSix,523.681641,2.618946,4.499163,6.102020,0.697632,1.084824,0.595367
1,troisSix,533.751953,2.628782,4.569251,5.737605,1.000626,0.990768,0.448761
1,troisSix,543.854492,1.999083,4.605278,4.862890,1.137451,0.780609,0.244720
1,troisSix,553.924805,0.955307,4.048750,4.594833,1.158218,0.673096,0.066360
1,troisSix,564.025391,0.144774,2.599179,4.221461,1.144775,0.547272,-0.024048
1,troisSix,574.066406,-0.119511,1.011725,3.737434,1.232758,0.520386,-0.074127
1,troisSix,584.716797,0.360169,-0.054822,3.478485,1.420883,0.675537,-0.143753
1,troisSix,594.177734,0.566975,-0.199634,3.866985,1.644455,0.861252,-0.223175
1,troisSix,604.248047,0.618091,-0.232722,3.677505,1.835052,0.918671,-0.290375
1,troisSix,614.349609,0.428562,0.498032,3.303031,1.902267,0.918671,-0.290375
1,troisSix,624.419922,0.204075,1.236784,2.626128,1.902267,0.753754,-0.377121
1,troisSix,634.491211,-0.161076,1.795118,1.724673,1.978012,0.389664,-0.485840
1,troisSix,644.561523,-0.266554,2.073929,1.309553,2.146606,-0.029373,-0.567703
1,troisSix,654.907227,-0.297063,1.906641,1.372258,2.307861,-0.361679,-0.579926
1,troisSix,664.672852,-0.099833,1.641264,1.315953,2.384827,-0.499725,-0.532272
1,troisSix,674.744141,0.315098,1.365867,0.833451,2.409271,-0.540054,-0.468750
1,troisSix,684.844727,0.368518,0.936042,0.148228,2.447159,-0.587692,-0.450424
1,troisSix,694.915039,0.652620,0.354681,-0.468950,2.516785,-0.693970,-0.476074
1,troisSix,707.031250,0.930966,-0.437932,-0.994203,2.630402,-0.753860,-0.478516
1,troisSix,714.996094,0.976585,-1.270290,-1.216421,2.689056,-0.659775,-0.461426
1,troisSix,725.097656,0.885164,-1.749577,-1.148285,2.632843,-0.475311,-0.385666
1,troisSix,735.168945,0.527694,-2.180600,-1.099887,2.597427,-0.272491,-0.251266
1,troisSix,745.239258,0.333071,-2.500682,-0.900145,2.673172,-0.069687,-0.144989
1,troisSix,755.340820,0.201139,-2.714237,-0.720362,2.756241,0.155090,-0.142548
1,troisSix,765.412109,-0.078859,-2.864935,-0.576935,2.784348,0.368896,-0.226852
1,troisSix,776.854492,-0.241375,-2.779707,-0.342592,2.744034,0.521622,-0.335571
1,troisSix,785.552734,-0.318267,-2.864415,-0.347103,2.686615,0.585144,-0.430862
1,troisSix,795.592773,-0.649454,-3.139968,-0.521329,2.634079,0.613235,-0.480957
1,troisSix,805.695313,-1.128186,-3.232938,-0.421931,2.518005,0.681656,-0.493179
1,troisSix,815.764648,-1.151755,-3.335835,-0.289289,2.346970,0.807495,-0.533493
1,troisSix,825.835938,-1.208659,-3.701197,-0.814606,2.194260,0.891785,-0.533493
1,troisSix,835.845703,-1.769344,-4.073264,-1.588806,2.037872,0.883240,-0.445541
1,troisSix,846.619141,-2.111095,-4.224560,-2.184194,1.875381,0.812378,-0.341690
1,troisSix,856.018555,-2.121028,-4.233370,-2.675207,1.759323,0.812378,-0.341690
1,troisSix,866.087891,-2.172703,-4.218512,-2.929830,1.759323,0.724426,-0.276932
1,troisSix,876.190430,-2.092695,-3.924179,-2.951386,1.648132,0.602249,-0.276932
1,troisSix,886.230469,-1.570633,-3.526880,-2.427387,1.518631,0.437317,-0.317245
1,troisSix,896.392578,-1.306996,-3.320934,-2.164275,1.400116,0.265045,-0.377121
1,troisSix,906.402344,-1.006305,-3.344485,-1.930513,1.330490,0.112335,-0.393005
1,troisSix,916.717773,-0.569396,-3.228491,-1.991626,1.246201,-0.000046,-0.350235
1,troisSix,926.543945,-0.257824,-2.930157,-2.043043,1.105682,-0.142990,-0.268387
1,troisSix,936.584961,-0.033680,-2.412351,-2.001610,0.907761,-0.254166,-0.188965
1,troisSix,946.685547,0.101031,-1.712616,-1.620897,0.720840,-0.307922,-0.118103
1,troisSix,956.756836,0.187223,-0.909497,-1.395142,0.612122,-0.285919,-0.090012
1,troisSix,969.208008,0.132168,-0.146490,-1.264884,0.568130,-0.206528,-0.076569
1,troisSix,976.868164,0.133821,0.605459,-1.135912,0.536362,-0.134430,-0.019150
1,troisSix,986.938477,0.310537,1.569035,-1.036607,0.492386,-0.096558,0.050476
1,troisSix,997.039063,0.423163,2.747823,-0.961708,0.428848,-0.105118,0.041916
1,troisSix,1007.110352,0.493762,3.495316,-0.657843,0.355545,-0.123444,-0.038696
1,troisSix,1017.151367,0.372687,3.556881,-0.419888,0.348221,-0.063583,-0.108337
1,troisSix,1027.252930,0.122790,3.050292,-0.695287,0.398315,0.048798,-0.148651
1,troisSix,1038.666016,-0.137269,2.131393,-1.258294,0.386093,0.126999,-0.147430
1,troisSix,1047.363281,-0.396798,1.314806,-1.732038,0.299347,0.174652,-0.130325
1,troisSix,1057.433594,-0.594516,0.637044,-2.010029,0.208954,0.227188,-0.110779
1,troisSix,1067.536133,-0.596972,0.041362,-2.042617,0.147858,0.236954,-0.094894
1,troisSix,1077.605469,-0.444151,-0.453187,-1.985420,0.124649,0.200302,-0.064346
1,troisSix,1087.676758,-0.313850,-0.769141,-1.501816,0.120972,0.173416,0.011383
1,troisSix,1097.748047,-0.189716,-1.024290,-0.902718,0.133194,0.168533,0.079788
1,troisSix,1108.429688,-0.014698,-1.081869,-0.440770,0.100204,0.168533,0.079788
1,troisSix,1117.888672,0.117686,-1.001358,-0.412438,0.100204,0.157532,0.093231
1,troisSix,1127.929688,0.013924,-0.803256,-0.463482,-0.014603,0.085449,0.062683
1,troisSix,1138.031250,-0.089487,-0.604811,-0.714864,-0.122131,-0.047699,0.017487
1,troisSix,1148.102539,-0.132017,-0.366511,-0.798465,-0.173431,-0.156433,-0.060684
1,troisSix,1158.203125,-0.170506,-0.441663,-0.926421,-0.174667,-0.224854,-0.163315
1,troisSix,1168.243164,-0.064652,-0.654894,-0.937428,-0.124573,-0.251709,-0.226852
1,troisSix,1178.557617,-0.147007,-0.908809,-0.651900,-0.046371,-0.191849,-0.208527
1,troisSix,1188.354492,-0.305724,-0.987458,-0.067315,0.078217,-0.008606,-0.137665
1,troisSix,1198.456055,-0.230958,-0.851727,0.034207,0.221161,0.195419,-0.066788
1,troisSix,1208.526367,0.074820,-0.443412,-0.285508,0.350662,0.200302,-0.026489
1,troisSix,1218.597656,0.317489,-0.037415,-0.573427,0.423965,0.080566,0.035812
1,troisSix,1231.047852,0.710392,0.776186,-0.175913,0.423965,-0.048904,0.112778
1,troisSix,1238.739258,0.703215,1.082872,0.169311,0.368988,-0.086792,0.154327
1,troisSix,1248.779297,0.589361,1.271825,0.248420,0.299347,-0.052582,0.142090
1,troisSix,1258.880859,0.415544,1.187843,0.145394,0.248047,0.019485,0.084686
1,troisSix,1268.951172,0.246506,0.771897,-0.101458,0.199158,0.059799,0.007706
1,troisSix,1279.022461,0.124536,0.415230,-0.255917,0.139297,0.075684,-0.042374
1,troisSix,1289.092773,0.009604,0.059067,-0.122469,0.092880,0.101334,-0.066788
1,troisSix,1300.445313,-0.100177,-0.257333,-0.052469,0.063568,0.139206,-0.071686
1,troisSix,1309.234375,-0.229292,-0.435010,0.089323,0.070892,0.180740,-0.052139
1,troisSix,1319.305664,-0.317970,-0.357896,0.210017,0.089218,0.183182,-0.026489
1,troisSix,1329.376953,-0.290943,-0.182912,0.213884,0.098984,0.131882,-0.011810
1,troisSix,1339.446289,-0.246819,0.030967,0.258752,0.094101,0.131882,0.000381
1,troisSix,1349.548828,-0.243643,0.264081,0.362966,0.042801,0.030472,0.000381
1,troisSix,1359.588867,-0.280974,0.379783,0.328128,0.042801,-0.067245,0.005264
1,troisSix,1370.270508,-0.222170,0.515166,0.234368,-0.032944,-0.125885,0.019943
1,troisSix,1379.729492,-0.224147,0.435775,0.157751,-0.097687,-0.190643,0.045593
1,troisSix,1389.770508,-0.327022,0.279781,0.095270,-0.138016,-0.213852,0.051697
1,troisSix,1399.872070,-0.294978,0.125298,0.165508,-0.173431,-0.182083,0.050476
1,troisSix,1409.943359,-0.126250,0.089227,0.212213,-0.192993,-0.171082,0.051697
1,troisSix,1420.043945,0.022774,-0.005004,0.275204,-0.147781,-0.171082,0.050476
1,troisSix,1430.083984,0.054153,-0.197010,0.319734,-0.086700,-0.140549,0.043152
1,troisSix,1440.369141,0.027222,-0.213267,0.505868,-0.058594,-0.044022,0.035812
1,troisSix,1450.226563,0.041484,0.043482,0.518912,-0.065933,0.074463,0.022385
1,troisSix,1460.266602,-0.000387,0.260130,0.374209,-0.072037,0.102554,-0.041138
1,troisSix,1470.367188,0.021509,0.319076,0.051627,-0.030487,0.045151,-0.085114
1,troisSix,1480.438477,-0.127632,0.180883,-0.170248,0.083099,-0.056244,-0.096115
1,troisSix,1492.828125,-0.390271,-0.057047,-0.264304,0.151520,-0.118546,-0.076569
1,troisSix,1500.549805,-0.559864,-0.157449,-0.038210,0.139297,-0.130768,-0.030136
1,troisSix,1510.589844,-0.535572,-0.121254,-0.001738,0.086777,-0.120987,0.011383
1,troisSix,1520.690430,-0.359165,-0.044631,0.051111,0.026917,-0.113663,0.028473
1,troisSix,1530.791992,-0.146854,0.033258,0.117634,-0.028046,-0.097778,0.018707
1,troisSix,1540.863281,-0.052627,-0.005486,0.275873,-0.074478,-0.035477,0.011383
1,troisSix,1550.933594,-0.035455,0.015171,0.330102,-0.114792,0.047592,0.006500
1,troisSix,1562.317383,0.061561,0.075675,0.298963,-0.124573,0.072021,-0.004486
1,troisSix,1571.044922,0.062131,0.155383,0.247797,-0.112350,0.062241,-0.028931
1,troisSix,1581.116211,-0.013575,0.176085,0.371058,-0.084259,0.072021,-0.032578
1,troisSix,1591.216797,-0.048531,0.196173,0.495993,-0.067154,0.072021,-0.032578
1,troisSix,1601.256836,-0.063617,0.215809,0.505427,-0.067154,0.085449,-0.006927
1,troisSix,1611.358398,-0.194364,0.174318,0.469622,-0.065933,0.076904,0.001617
1,troisSix,1621.399414,-0.305300,0.114564,0.357324,-0.070816,0.078125,-0.003281
1,troisSix,1632.111328,-0.298793,0.036673,0.207674,-0.114792,0.073242,0.007706
1,troisSix,1641.540039,-0.254284,0.056794,0.175089,-0.159988,0.061020,0.029709
1,troisSix,1651.580078,-0.192909,0.077729,-0.035354,-0.189316,0.017029,0.040710
1,troisSix,1661.681641,-0.115340,0.022148,-0.033326,-0.183197,-0.037918,0.018707
1,troisSix,1671.722656,-0.155062,-0.109559,-0.012144,-0.152664,-0.024490,-0.000824
1,troisSix,1681.915039,-0.134617,-0.258979,-0.085787,-0.113571,0.042709,-0.008163
1,troisSix,1691.924805,-0.035349,-0.194620,-0.097434,-0.078140,0.069580,0.000381
1,troisSix,1702.179688,0.005185,-0.112640,-0.048552,-0.043930,0.078125,-0.005722
1,troisSix,1712.096680,-0.012671,-0.032625,0.080030,-0.029282,0.078125,-0.011810
1,troisSix,1722.076172,0.066865,0.026239,0.150848,-0.035385,0.084244,-0.020370
1,troisSix,1732.208008,0.068749,0.026061,0.124322,-0.061050,0.106232,-0.021606
1,troisSix,1742.279297,0.032736,0.083929,0.212185,-0.091583,0.113556,0.004059
1,troisSix,1754.700195,0.363511,0.199694,0.023346,-0.102585,0.056137,0.019943
1,troisSix,1762.419922,0.357708,0.197855,0.014472,-0.052490,-0.017151,0.008942
1,troisSix,1772.430664,0.312115,0.119061,0.141345,0.004913,0.001175,-0.003281
1,troisSix,1782.562500,0.306492,0.040404,0.271820,0.034241,0.056137,-0.000824
1,troisSix,1792.632813,0.224943,-0.037797,0.230074,0.017120,0.098892,-0.004486
1,troisSix,1802.704102,0.145702,-0.134112,0.130826,-0.017059,0.115997,0.008942
1,troisSix,1812.774414,0.164265,-0.093275,0.126592,-0.037827,0.115997,0.010147
1,troisSix,1824.187500,0.162842,-0.013801,0.253944,-0.020721,0.119659,0.006500
1,troisSix,1832.916016,0.161274,-0.012975,0.245282,-0.007278,0.119659,0.006500
1,troisSix,1842.957031,0.102267,0.006900,0.256826,-0.007278,0.131882,0.000381
1,troisSix,1853.027344,-0.013191,-0.012298,0.365154,-0.008514,0.148987,-0.004486
1,troisSix,1863.128906,-0.029466,0.045870,0.201308,-0.031723,0.175858,0.004059
1,troisSix,1873.199219,0.012602,0.084049,0.135015,-0.064697,0.181976,0.046799
1,troisSix,1883.270508,-0.025331,0.161163,-0.010348,-0.084259,0.129440,0.088348
1,troisSix,1893.890625,-0.125225,0.122739,-0.059548,-0.040283,0.074463,0.098114
1,troisSix,1903.412109,-0.149219,0.084904,0.011011,-0.002396,0.068359,0.094452
1,troisSix,1913.452148,-0.174030,0.105011,0.026666,0.002472,0.098892,0.092010
1,troisSix,1923.553711,-0.217241,0.047202,0.063184,-0.019516,0.136765,0.092010
1,troisSix,1933.593750,-0.220346,0.067641,-0.018120,-0.051270,0.185623,0.089569
1,troisSix,1943.694336,-0.241773,0.126801,-0.140118,-0.095245,0.214951,0.085907
1,troisSix,1953.735352,-0.126763,0.224193,-0.148761,-0.135574,0.174652,0.066360
1,troisSix,1963.989258,-0.070558,0.243472,0.050579,-0.139221,0.087906,0.023590
1,troisSix,1973.876953,-0.109778,0.185000,0.130533,-0.107468,0.053696,-0.009369
1,troisSix,1983.917969,-0.145829,0.088000,0.076438,-0.067154,0.059799,-0.014252
1,troisSix,1994.018555,-0.121853,0.010858,0.026959,-0.048813,0.030472,-0.003281
1,troisSix,2004.120117,-0.079501,-0.026917,-0.018588,-0.036606,-0.033035,0.002823
1,troisSix,2016.510742,-0.155333,-0.025441,-0.023365,-0.007278,-0.073349,0.008942
1,troisSix,2024.260742,-0.173271,-0.043895,-0.043129,0.012238,-0.083115,0.005264
1,troisSix,2034.301758,-0.153324,-0.120214,-0.117809,-0.003632,-0.079453,0.005264
1,troisSix,2044.341797,-0.210726,-0.098914,-0.113872,-0.013397,-0.072128,0.007706
1,troisSix,2054.443359,-0.132182,-0.077693,-0.053489,-0.019516,-0.055023,0.005264
1,troisSix,2064.543945,-0.016146,-0.018078,-0.033699,-0.025604,-0.031815,0.008942
1,troisSix,2074.615234,-0.017418,0.002083,0.061936,-0.023163,-0.007370,0.010147
1,troisSix,2085.937500,-0.018604,0.079944,0.097237,-0.014603,-0.007370,0.010147
1,troisSix,2094.756836,0.019292,0.098388,0.055555,-0.014603,0.017029,0.006500
1,troisSix,2104.797852,-0.020319,0.193627,-0.043314,-0.004837,0.025589,0.012589
1,troisSix,2114.898438,-0.078349,0.210056,-0.063233,-0.003632,-0.017151,0.022385
1,troisSix,2124.969727,-0.155816,0.206975,-0.043392,-0.010956,-0.046463,0.032150
1,troisSix,2135.071289,-0.175791,0.184914,-0.062048,-0.020721,-0.077011,0.023590
1,troisSix,2145.111328,-0.176778,0.066962,-0.099944,-0.021957,-0.096558,0.012589
1,troisSix,2155.761719,-0.196779,0.047362,0.017005,-0.032944,-0.095337,0.002823
1,troisSix,2165.252930,-0.118847,-0.029917,0.054519,-0.021957,-0.080673,0.002823
1,troisSix,2175.261719,-0.080284,-0.028827,-0.024501,-0.004837,-0.073349,-0.010605
1,troisSix,2185.364258,-0.099381,-0.066734,-0.004634,0.012238,-0.086792,-0.015488
1,troisSix,2195.434570,-0.117309,-0.027370,-0.002656,0.031799,-0.097778,-0.009369
1,troisSix,2205.536133,-0.173812,0.030270,0.001318,0.040344,-0.096558,-0.002045
1,troisSix,2215.576172,-0.075822,0.048232,-0.070479,0.039124,-0.107559,-0.000824
1,troisSix,2225.830078,-0.172875,0.104468,-0.082662,0.037903,-0.116104,-0.005722
1,troisSix,2235.749023,-0.210395,0.101928,-0.075474,0.042801,-0.122223,-0.013046
1,troisSix,2245.788086,-0.208274,0.118566,-0.125874,0.044006,-0.144211,-0.015488
1,troisSix,2255.889648,-0.225262,0.115475,-0.213405,0.050125,-0.180847,-0.024048
1,troisSix,2265.960938,-0.222691,0.170126,-0.144293,0.048889,-0.193085,-0.033813
1,troisSix,2277.984375,-0.219856,0.049790,0.003152,0.058670,-0.190643,-0.036255
1,troisSix,2286.101563,-0.158508,0.086162,0.068136,0.067215,-0.179642,-0.036255
1,troisSix,2296.142578,-0.136539,0.044289,0.115216,0.072113,-0.167419,-0.017929
1,troisSix,2306.244141,-0.096302,0.022423,0.142711,0.076996,-0.144211,-0.003281
1,troisSix,2316.284180,-0.115849,0.039749,0.131267,0.078217,-0.144211,0.021149
1,troisSix,2326.384766,-0.001772,0.037805,0.255152,0.081879,-0.129547,0.021149
1,troisSix,2336.456055,0.051509,0.074649,0.338487,0.081879,-0.103897,0.060242
1,troisSix,2347.778320,-0.071962,0.091868,0.286485,0.085541,-0.103897,0.060242
1,troisSix,2356.598633,-0.154752,0.147850,0.194207,0.085541,-0.085571,0.076126
1,troisSix,2366.638672,-0.102698,0.241555,0.085400,0.070892,-0.098999,0.072464
1,troisSix,2376.739258,-0.148532,0.237529,-0.099409,0.063568,-0.130768,0.054138
1,troisSix,2386.810547,-0.212198,0.156418,-0.281810,0.083099,-0.169876,0.045593
1,troisSix,2396.912109,-0.196998,0.057018,-0.305556,0.101425,-0.201614,0.032150
1,troisSix,2406.952148,-0.162242,-0.060543,-0.229992,0.105103,-0.215057,0.006500
1,troisSix,2417.541992,0.027450,-0.138219,-0.056961,0.102646,-0.212616,-0.010605
1,troisSix,2427.093750,0.120060,-0.214826,0.054035,0.105103,-0.206528,-0.032578
1,troisSix,2437.133789,0.116529,-0.271333,0.183081,0.118530,-0.204086,-0.037476
1,troisSix,2447.235352,0.095185,-0.288742,0.233622,0.127090,-0.197968,-0.035034
1,troisSix,2457.335938,0.055120,-0.286768,0.207163,0.107544,-0.178406,-0.035034
1,troisSix,2467.376953,-0.003437,-0.265380,0.141700,0.073334,-0.169876,-0.020370
1,troisSix,2477.416992,-0.100054,-0.185895,0.112990,0.034241,-0.184525,-0.006927
1,troisSix,2487.640625,0.015648,-0.010405,0.042842,0.019577,-0.210175,-0.013046
1,troisSix,2497.588867,-0.064065,0.104841,0.087123,0.046448,-0.215057,-0.017929
1,troisSix,2507.628906,-0.142192,0.121519,0.035203,0.058670,-0.205292,-0.035034
1,troisSix,2517.730469,-0.140737,0.175962,0.063215,0.061111,-0.211411,-0.044815
1,troisSix,2527.771484,-0.137939,0.190536,0.149223,0.052567,-0.219971,-0.043579
1,troisSix,2540.161133,-0.115394,0.107985,0.120209,0.046448,-0.205292,-0.033813
1,troisSix,2547.942383,-0.113240,0.104969,0.125171,0.009796,-0.188202,-0.032578
1,troisSix,2557.952148,-0.034185,0.005697,0.206803,-0.017059,-0.162521,-0.039917
1,troisSix,2568.115234,0.005646,-0.033629,0.283593,-0.042725,-0.162521,-0.039917
1,troisSix,2578.156250,0.006791,-0.033357,0.279111,-0.042725,-0.138107,-0.038696
1,troisSix,2588.225586,0.085205,-0.032863,0.331062,-0.067154,-0.100220,-0.026489
1,troisSix,2598.266602,0.104282,0.025815,0.187500,-0.085480,-0.072128,0.001617
1,troisSix,2609.622070,0.063723,0.026543,0.119985,-0.069595,-0.075790,0.016266
1,troisSix,2618.411133,-0.054899,0.046665,0.112617,-0.018280,-0.079453,0.004059
1,troisSix,2628.481445,-0.152717,0.008263,0.011521,-0.001190,-0.057465,-0.008163
1,troisSix,2638.583008,-0.151123,0.046810,-0.007579,-0.003632,-0.035477,-0.015488
1,troisSix,2648.654297,-0.167506,0.084414,0.070372,-0.025604,-0.036697,-0.011810
1,troisSix,2658.725586,-0.086844,0.140843,0.029894,-0.034164,-0.052582,-0.000824
1,troisSix,2668.826172,-0.104809,0.061739,0.027330,-0.017059,-0.068466,0.000381
1,troisSix,2679.385742,-0.181262,-0.015995,0.044775,-0.014603,-0.050140,-0.005722
1,troisSix,2688.937500,-0.178940,-0.054101,0.062932,-0.030487,-0.011047,-0.004486
1,troisSix,2698.977539,-0.079540,0.004952,0.060273,-0.045166,-0.028137,-0.004486
1,troisSix,2709.078125,-0.000953,-0.013873,0.075211,-0.039047,-0.050140,-0.008163
1,troisSix,2719.149414,-0.020277,-0.013050,0.109167,-0.021957,-0.056244,-0.016693
1,troisSix,2729.250977,-0.077481,-0.070412,0.105385,-0.020721,-0.018372,-0.011810
1,troisSix,2739.260742,-0.094714,-0.069153,0.063693,-0.031723,0.032913,-0.004486
1,troisSix,2749.454102,-0.034345,-0.009851,0.156321,-0.053711,0.030472,0.008942
1,troisSix,2759.462891,0.043689,0.087518,-0.063203,-0.046371,-0.044022,0.013824
1,troisSix,2769.472656,0.003175,0.125710,0.029541,-0.002396,-0.084351,0.006500
1,troisSix,2779.575195,-0.037561,0.047080,0.027902,0.011032,-0.064789,0.008942
1,troisSix,2789.645508,-0.058255,-0.011487,0.048589,-0.008514,-0.008606,0.005264
1,troisSix,2801.608398,-0.020299,0.046699,0.164502,-0.036606,0.039032,0.010147
1,troisSix,2809.787109,0.076073,0.046357,0.179005,-0.046371,0.039032,0.010147
1,troisSix,2819.827148,0.132344,0.065793,0.094058,-0.046371,0.037811,0.032150
1,troisSix,2829.928711,0.032295,0.027341,0.125757,-0.006073,-0.015930,0.045593
1,troisSix,2839.968750,-0.029709,-0.010481,0.120886,0.042801,-0.029373,0.050476
1,troisSix,2850.070313,-0.053611,-0.106119,0.043983,0.055008,-0.001282,0.055359
1,troisSix,2860.110352,-0.058152,-0.104166,-0.086684,0.044006,0.034149,0.052917
1,troisSix,2871.462891,-0.139992,-0.044341,-0.099418,0.033005,0.015823,0.037033
1,troisSix,2880.251953,-0.083254,0.053023,0.020815,0.025681,-0.024490,0.016266
1,troisSix,2890.292969,-0.200273,0.032876,0.158429,0.028122,-0.024490,0.002823
1,troisSix,2900.393555,-0.198297,0.012769,0.081761,0.018356,0.017029,-0.000824
1,troisSix,2910.495117,-0.156578,0.070031,0.005618,0.007355,0.015823,-0.000824
1,troisSix,2920.565430,-0.172885,0.145764,0.064319,-0.003632,-0.003723,-0.010605
1,troisSix,2930.635742,-0.169340,0.123910,0.044015,-0.003632,-0.028137,-0.022812
1,troisSix,2941.226563,-0.184380,0.063710,0.043234,0.006149,-0.025696,-0.017929
1,troisSix,2950.778320,-0.160557,0.100812,0.043128,0.002472,-0.037918,-0.013046
1,troisSix,2960.788086,-0.156917,0.118053,0.043444,0.008591,-0.052582,-0.013046
1,troisSix,2970.888672,-0.211658,0.019301,-0.032993,0.011032,-0.064789,-0.009369
1,troisSix,2980.959961,-0.246617,-0.019982,-0.088201,0.012238,-0.089233,0.011383
1,troisSix,2991.091797,-0.205360,-0.019832,-0.180517,0.003708,-0.101456,0.011383
1,troisSix,3001.162109,-0.185405,-0.077275,-0.213459,-0.007278,-0.117325,-0.002045
1,troisSix,3011.325195,-0.203941,-0.075865,-0.130791,-0.024399,-0.119781,-0.022812
1,troisSix,3021.243164,-0.143473,-0.074571,-0.127887,-0.036606,-0.124664,-0.032578
1,troisSix,3031.313477,-0.101884,-0.131199,-0.087829,-0.042725,-0.145432,-0.035034
1,troisSix,3041.416016,-0.041295,-0.109709,0.085928,-0.036606,-0.150314,-0.031372
1,troisSix,3051.456055,-0.078452,-0.107843,0.141312,-0.035385,-0.133209,-0.016693
1,troisSix,3063.815430,-0.154379,-0.028706,0.215109,-0.051270,-0.133209,-0.016693
1,troisSix,3071.596680,-0.229442,-0.027901,0.210220,-0.051270,-0.108780,-0.008163
1,troisSix,3081.667969,-0.265056,0.050345,0.126874,-0.061050,-0.100220,0.007706
1,troisSix,3091.768555,-0.281704,0.146906,0.063390,-0.069595,-0.103897,0.017487
1,troisSix,3101.839844,-0.318585,0.242260,0.096447,-0.073257,-0.117325,0.015030
1,troisSix,3111.879883,-0.297497,0.355481,0.109263,-0.091583,-0.123444,0.007706
1,troisSix,3121.981445,-0.276467,0.466944,0.140218,-0.107468,-0.127106,0.004059
1,troisSix,3133.333984,-0.101416,0.422675,0.052414,-0.116013,-0.140549,0.013824
1,troisSix,3142.092773,-0.102541,0.417489,0.044222,-0.106247,-0.169876,0.017487
1,troisSix,3152.163086,-0.085840,0.316361,0.035537,-0.096466,-0.178406,0.017487
1,troisSix,3162.264648,-0.050664,0.120363,-0.010277,-0.096466,-0.172318,0.012589
1,troisSix,3172.335938,-0.054428,-0.014629,-0.016219,-0.092804,-0.145432,0.010147
1,troisSix,3182.436523,-0.018919,-0.128200,-0.060772,-0.091583,-0.106339,0.018707
1,troisSix,3192.477539,0.016305,-0.201277,-0.027806,-0.078140,-0.080673,0.024826
1,troisSix,3203.067383,0.069872,-0.157313,0.042951,-0.069595,-0.055023,0.033371
1,troisSix,3212.619141,0.064836,-0.075740,0.017313,-0.059814,-0.033035,0.041916
1,troisSix,3222.689453,0.001408,-0.014717,-0.046322,-0.062256,-0.042816,0.046799
1,troisSix,3232.759766,-0.022949,0.064652,-0.050795,-0.063492,-0.072128,0.055359
1,troisSix,3242.800781,-0.086460,0.065708,-0.093536,-0.065933,-0.101456,0.066360
1,troisSix,3252.932617,-0.150473,0.086277,-0.096648,-0.074478,-0.129547,0.066360
1,troisSix,3262.973633,-0.252990,0.106695,-0.118932,-0.087921,-0.161316,0.060242
1,troisSix,3273.165039,-0.257751,0.165552,0.012905,-0.114792,-0.177200,0.050476
1,troisSix,3283.083984,-0.358299,0.165700,0.064053,-0.140457,-0.167419,0.040710
1,troisSix,3293.154297,-0.302128,0.146896,-0.023273,-0.157547,-0.167419,0.040710
1,troisSix,3303.256836,-0.265644,0.109450,-0.130629,-0.163666,-0.163757,0.040710
1,troisSix,3313.296875,-0.210426,0.053558,-0.140870,-0.163666,-0.184525,0.055359
1,troisSix,3325.716797,-0.216771,-0.019509,-0.192602,-0.197876,-0.184525,0.055359
1,troisSix,3333.437500,-0.142838,-0.092878,-0.238720,-0.197876,-0.189407,0.055359
1,troisSix,3343.478516,-0.072269,-0.067195,-0.134606,-0.225967,-0.211411,0.057800
1,troisSix,3353.580078,-0.080472,0.016259,0.043751,-0.256531,-0.232178,0.051697
1,troisSix,3363.680664,-0.011660,0.021761,0.158864,-0.282181,-0.234619,0.035812
1,troisSix,3373.751953,0.056813,0.046837,0.192484,-0.313934,-0.219971,0.033371
1,troisSix,3383.791992,0.163715,0.071918,0.222730,-0.349365,-0.223618,0.032150
1,troisSix,3395.114258,0.210194,0.059690,0.303455,-0.379913,-0.237061,0.026031
