1,troisSix,0.000000,1.958700,-0.079000,0.726000
1,troisSix,9.980469,2.121800,-1.528700,0.926000
1,troisSix,19.990234,2.270200,-2.417500,0.270700
1,troisSix,30.001953,1.916800,-3.364400,-0.409200
1,troisSix,39.982422,0.996300,-3.297400,-1.318000
1,troisSix,49.992188,-0.061000,-2.063500,-2.134000
1,troisSix,60.003906,-1.285100,-0.691400,-3.112300
1,troisSix,69.984375,-1.868000,0.194800,-4.042700
1,troisSix,79.996094,-1.859100,0.624800,-5.045200
1,troisSix,89.990234,-1.730900,-0.002000,-5.891000
1,troisSix,99.986328,-1.018200,-0.473800,-6.492800
1,troisSix,109.998047,-0.463500,-0.748900,-6.307500
1,troisSix,119.976563,-0.043100,-1.356400,-5.784900
1,troisSix,129.988281,0.417000,-2.016700,-5.245900
1,troisSix,139.998047,0.916000,-2.401900,-4.626300
1,troisSix,149.978516,0.888600,-1.679800,-4.879000
1,troisSix,159.988281,0.037200,-0.054700,-5.335100
1,troisSix,170.000000,-0.559100,0.272400,-5.540200
1,troisSix,179.980469,-1.480600,0.206400,-5.750900
1,troisSix,189.992188,-2.382500,0.045500,-5.856000
1,troisSix,200.001953,-3.065700,0.658400,-6.067200
1,troisSix,210.000000,-2.941100,2.071100,-6.033500
1,troisSix,219.994141,-1.672200,3.194300,-5.447000
1,troisSix,230.005859,-0.180400,3.119600,-4.195600
1,troisSix,239.984375,-0.159600,2.892200,-2.424500
1,troisSix,249.996094,-0.923700,3.196900,-1.766300
1,troisSix,259.974609,-1.436400,2.946400,-2.119000
1,troisSix,269.986328,-1.245400,1.894100,-2.864600
1,troisSix,279.998047,-0.403600,0.625800,-2.905900
1,troisSix,289.976563,0.835500,-0.783700,-2.350900
1,troisSix,299.988281,1.732700,-1.125900,-1.343800
1,troisSix,309.998047,2.387400,0.246900,-0.111000
1,troisSix,319.980469,2.144100,1.730100,0.739100
1,troisSix,330.007813,1.515300,2.515300,0.874500
1,troisSix,340.001953,0.633700,2.547600,0.631300
1,troisSix,349.982422,-0.248300,1.940700,0.471600
1,troisSix,359.992188,-0.434900,1.401400,0.279800
1,troisSix,370.003906,-0.333000,1.009200,0.342900
1,troisSix,379.982422,-0.103100,0.415400,0.535300
1,troisSix,389.996094,-0.165500,-0.342400,0.658600
1,troisSix,399.976563,-0.302400,-0.618200,0.825000
1,troisSix,409.984375,-0.621800,-0.639500,0.677900
1,troisSix,419.998047,-0.910600,-0.967200,0.436300
1,troisSix,429.976563,-0.953900,-1.207200,0.109800
1,troisSix,439.988281,-0.800900,-1.472600,0.160500
1,troisSix,450.015625,-0.913600,-1.605200,0.146400
1,troisSix,459.978516,-0.882600,-1.411200,0.182400
1,troisSix,469.990234,-0.858800,-0.950500,-0.092700
1,troisSix,480.000000,-0.633600,-0.552400,-0.367700
1,troisSix,489.980469,-0.268100,-0.212000,-0.652600
1,troisSix,499.992188,-0.067800,-0.059400,-0.651700
1,troisSix,510.003906,-0.089000,0.148900,-0.485500
1,troisSix,519.984375,-0.176100,0.252400,-0.171500
1,troisSix,529.994141,-0.224200,0.160700,0.345400
1,troisSix,540.003906,-0.178100,-0.062800,0.628400
1,troisSix,549.984375,-0.208300,-0.065700,0.886400
1,troisSix,559.996094,-0.367100,0.040300,1.114000
1,troisSix,569.992188,-0.568000,0.106900,1.074700
1,troisSix,579.986328,-0.666400,0.219100,0.991300
1,troisSix,589.998047,-0.861800,0.373800,0.560100
1,troisSix,599.978516,-0.925700,0.412000,0.259100
1,troisSix,609.988281,-0.989300,0.488400,0.118500
1,troisSix,620.000000,-0.742700,0.597400,-0.275900
1,troisSix,629.980469,-0.345700,0.347700,-0.533800
1,troisSix,639.990234,0.069300,-0.176500,-0.662800
1,troisSix,650.001953,0.307700,-0.503600,-0.706100
1,troisSix,659.980469,0.406900,-0.632700,-0.979200
1,troisSix,669.994141,0.413800,-0.680600,-1.055900
1,troisSix,680.003906,0.645400,-0.528100,-1.020800
1,troisSix,690.000000,0.687300,-0.377600,-0.864400
1,troisSix,699.996094,0.687400,-0.304900,-0.708000
1,troisSix,709.974609,0.650800,-0.234200,-0.741900
1,troisSix,719.986328,0.538900,-0.158900,-0.633700
1,troisSix,729.998047,0.398700,-0.043200,-0.692200
1,troisSix,739.978516,0.313900,0.075600,-0.574200
1,troisSix,749.988281,0.240900,0.116200,-0.464100
1,troisSix,759.998047,0.170300,0.039200,-0.355900
1,troisSix,769.978516,0.137500,-0.038600,-0.165400
1,troisSix,779.990234,0.103400,-0.086800,-0.337500
1,troisSix,790.000000,0.110000,-0.022900,-0.296800
1,troisSix,799.982422,-0.039300,-0.003000,-0.319600
1,troisSix,810.009766,-0.081700,-0.023700,-0.329900
1,troisSix,820.003906,-0.058700,0.115400,-0.221900
1,troisSix,829.982422,0.028300,-0.017200,-0.307200
1,troisSix,839.994141,0.062100,-0.024200,-0.250800
1,troisSix,850.003906,0.125200,-0.143500,-0.243400
1,troisSix,859.984375,0.140700,-0.179800,-0.126200
1,troisSix,869.994141,0.196900,-0.329400,-0.180500
1,troisSix,879.974609,0.076900,-0.283600,-0.051800
1,troisSix,889.986328,-0.132600,-0.205400,-0.117700
1,troisSix,899.998047,-0.396900,-0.056400,-0.293400
1,troisSix,909.978516,-0.454900,0.015700,-0.170300
1,troisSix,919.988281,-0.356600,0.050300,-0.130900
1,troisSix,930.015625,0.011600,0.008800,-0.056900
1,troisSix,939.978516,0.442500,-0.106200,0.129800
1,troisSix,949.992188,0.706400,-0.140700,0.199800
1,troisSix,960.001953,0.732600,-0.173900,0.149600
1,troisSix,969.982422,0.715900,-0.129800,0.028300
1,troisSix,979.994141,0.731200,-0.123800,-0.130100
1,troisSix,990.005859,0.476100,-0.159800,-0.242300
1,troisSix,999.984375,0.149900,-0.239200,-0.385000
1,troisSix,1009.996094,-0.242300,-0.206700,-0.516900
1,troisSix,1019.976563,-0.580400,0.093200,-0.556800
1,troisSix,1029.986328,-0.678600,0.197000,-0.599800
1,troisSix,1039.998047,-0.659300,0.260600,-0.677500
1,troisSix,1049.994141,-0.495800,0.134500,-0.414900
1,troisSix,1059.988281,-0.191300,-0.219800,-0.204400
1,troisSix,1069.998047,-0.013200,-0.412800,0.034800
1,troisSix,1079.978516,0.275500,-0.523000,0.146400
1,troisSix,1089.988281,0.327500,-0.671700,0.138900
1,troisSix,1100.000000,0.268600,-0.703700,0.167900
1,troisSix,1109.982422,0.063800,-0.623700,-0.065000
1,troisSix,1119.992188,-0.126000,-0.431500,-0.251700
1,troisSix,1130.001953,-0.233000,-0.008400,-0.385100
1,troisSix,1139.982422,-0.152400,0.260600,-0.286800
1,troisSix,1149.994141,-0.159400,0.495800,-0.122500
1,troisSix,1160.005859,-0.206700,0.613900,0.040700
1,troisSix,1170.001953,-0.212500,0.574400,0.047700
1,troisSix,1179.996094,-0.281500,0.450600,-0.132600
1,troisSix,1189.974609,-0.219000,0.243200,-0.148500
1,troisSix,1199.986328,-0.187200,-0.006000,-0.199900
1,troisSix,1210.000000,-0.041600,-0.175600,-0.212800
1,troisSix,1219.978516,0.135900,-0.304000,-0.305100
1,troisSix,1229.990234,0.195100,-0.430800,-0.324300
1,troisSix,1240.000000,0.319700,-0.473500,-0.119700
1,troisSix,1249.980469,0.241300,-0.355500,0.035600
1,troisSix,1259.992188,-0.037100,-0.312300,0.179100
1,troisSix,1270.001953,-0.319300,-0.110100,0.199500
1,troisSix,1279.982422,-0.407300,-0.025100,0.102000
1,troisSix,1290.009766,-0.568200,-0.056800,0.152500
1,troisSix,1300.005859,-0.566600,-0.132600,-0.017100
1,troisSix,1309.984375,-0.702700,-0.294700,-0.172500
1,troisSix,1319.996094,-0.673200,-0.342200,-0.047600
1,troisSix,1329.976563,-0.367500,-0.431100,-0.111100
1,troisSix,1339.986328,-0.029200,-0.320900,0.133000
1,troisSix,1349.996094,0.220500,-0.325100,0.294900
1,troisSix,1359.976563,0.377000,-0.440900,0.365300
1,troisSix,1369.988281,0.329400,-0.514100,0.272200
1,troisSix,1379.998047,-0.025200,-0.391400,0.135100
1,troisSix,1389.978516,-0.249800,-0.037600,0.043500
1,troisSix,1399.990234,-0.125500,0.313900,-0.113200
1,troisSix,1410.017578,-0.007900,0.353200,0.043300
1,troisSix,1419.980469,0.217700,0.276500,0.005400
1,troisSix,1429.992188,0.319100,0.242100,0.000200
1,troisSix,1440.003906,0.493000,0.053100,0.069200
1,troisSix,1449.982422,0.622200,-0.133600,0.095200
1,troisSix,1459.994141,0.749600,-0.319800,0.042500
1,troisSix,1469.972656,0.726700,-0.389000,-0.013100
1,troisSix,1479.986328,0.781100,-0.457900,-0.068300
1,troisSix,1489.996094,0.723500,-0.490700,-0.077000
1,troisSix,1499.976563,0.325500,-0.291800,-0.004300
1,troisSix,1509.986328,0.120600,-0.211800,-0.041100
1,troisSix,1520.000000,0.024700,-0.092000,-0.150700
1,troisSix,1529.994141,-0.222300,-0.052200,-0.259500
1,troisSix,1539.990234,-0.314900,-0.012400,-0.209000
1,troisSix,1550.000000,-0.290500,-0.011000,-0.278300
1,troisSix,1559.980469,-0.271300,0.070500,-0.310500
1,troisSix,1569.990234,-0.366800,0.033000,-0.261400
1,troisSix,1580.001953,-0.222600,-0.082900,-0.255100
1,troisSix,1589.982422,-0.224800,-0.085700,-0.241500
1,troisSix,1599.992188,-0.067500,-0.090100,-0.184400
1,troisSix,1610.005859,-0.095400,0.138200,-0.010100
1,troisSix,1619.984375,-0.084700,0.132300,0.042800
1,troisSix,1629.996094,-0.202700,0.011900,-0.062700
1,troisSix,1639.974609,-0.140500,-0.065000,-0.169700
1,troisSix,1650.001953,-0.193800,-0.179300,-0.169300
1,troisSix,1659.996094,-0.053200,-0.176600,-0.163200
1,troisSix,1669.976563,-0.059700,-0.175400,-0.082900
1,troisSix,1679.986328,-0.136400,-0.137100,-0.080800
1,troisSix,1690.000000,-0.126200,-0.219400,-0.075200
1,troisSix,1699.978516,-0.108700,-0.264900,-0.066900
1,troisSix,1709.990234,-0.271300,-0.235400,-0.021200
1,troisSix,1720.003906,-0.198900,-0.205300,0.022400
1,troisSix,1729.980469,-0.161200,-0.137100,-0.011000
1,troisSix,1739.994141,-0.048800,-0.106700,0.070900
1,troisSix,1750.003906,-0.032200,-0.150700,0.114100
1,troisSix,1759.984375,-0.137200,-0.193500,0.078000
1,troisSix,1770.011719,-0.091100,-0.234400,0.000000
1,troisSix,1779.974609,-0.017100,-0.115400,-0.040400
1,troisSix,1789.984375,-0.024300,-0.035100,-0.002000
1,troisSix,1799.996094,0.044800,-0.110500,-0.006400
1,troisSix,1809.978516,0.035700,-0.185800,-0.089200
1,troisSix,1819.988281,0.023200,-0.260700,-0.092200
1,troisSix,1829.998047,-0.058300,-0.337700,-0.095300
1,troisSix,1839.978516,-0.098800,-0.297500,-0.098100
1,troisSix,1849.990234,-0.055700,-0.219800,-0.099000
1,troisSix,1860.000000,-0.056000,-0.259600,-0.096000
1,troisSix,1869.980469,0.021000,-0.025400,-0.089400
1,troisSix,1879.992188,-0.096400,0.012900,-0.086000
1,troisSix,1890.019531,-0.017400,-0.064600,-0.011800
1,troisSix,1899.982422,0.133400,-0.062600,-0.014700
1,troisSix,1909.994141,0.132200,-0.180100,-0.131900
1,troisSix,1920.003906,0.016700,-0.298800,-0.129700
1,troisSix,1929.984375,-0.021800,-0.260600,-0.165100
1,troisSix,1939.994141,0.017600,-0.221800,-0.084800
1,troisSix,1949.974609,0.055300,-0.262200,-0.196000
1,troisSix,1959.986328,0.121100,-0.299500,-0.112700
1,troisSix,1969.998047,0.110400,-0.181300,-0.143400
1,troisSix,1979.976563,-0.014000,-0.181400,-0.175000
1,troisSix,1989.988281,-0.091600,0.013200,-0.012500
1,troisSix,2000.000000,-0.054600,-0.145800,-0.157200
1,troisSix,2009.996094,-0.022600,-0.106800,-0.070000
1,troisSix,2019.990234,-0.027800,-0.068700,-0.177000
1,troisSix,2030.001953,-0.106600,-0.109500,-0.169300
1,troisSix,2039.982422,0.005000,-0.148900,-0.123200
1,troisSix,2049.992188,-0.073300,-0.229100,-0.154200
1,troisSix,2060.003906,-0.147200,-0.153100,-0.148000
1,troisSix,2069.984375,-0.103000,-0.037600,-0.064800
1,troisSix,2079.994141,-0.063300,-0.117000,-0.022100
1,troisSix,2089.974609,-0.102400,-0.117700,-0.018900
1,troisSix,2099.984375,-0.101000,-0.079100,0.021500
1,troisSix,2109.996094,0.089600,-0.038700,0.061400
1,troisSix,2119.976563,0.123700,0.041700,0.136200
1,troisSix,2130.003906,0.150500,-0.033800,0.018800
1,troisSix,2139.998047,0.180800,0.124100,0.024000
1,troisSix,2149.978516,0.140100,0.123400,0.028700
1,troisSix,2159.988281,0.214800,0.083900,-0.083400
1,troisSix,2170.000000,0.207400,0.083000,-0.227500
1,troisSix,2179.980469,0.309700,-0.110700,-0.142500
1,troisSix,2189.990234,0.218800,-0.227400,-0.172000
1,troisSix,2200.003906,0.209300,-0.147600,-0.128300
1,troisSix,2209.982422,0.165500,-0.146400,0.067700
1,troisSix,2219.994141,-0.103700,-0.146100,0.177900
1,troisSix,2230.003906,-0.291400,-0.145600,0.244200
1,troisSix,2239.984375,-0.287300,-0.066400,0.275000
1,troisSix,2250.013672,-0.281300,-0.259200,0.448700
1,troisSix,2259.974609,-0.502200,-0.415600,0.351700
1,troisSix,2269.986328,-0.525700,-0.377100,0.102300
1,troisSix,2279.998047,-0.625100,-0.300400,0.051400
1,troisSix,2289.978516,-0.527300,-0.381500,0.003200
1,troisSix,2299.988281,-0.321000,-0.304100,-0.080900
1,troisSix,2310.001953,-0.162500,-0.184700,0.027200
1,troisSix,2319.978516,0.065600,-0.181800,-0.017500
1,troisSix,2329.992188,0.098900,-0.101300,-0.020200
1,troisSix,2340.001953,0.204100,-0.175800,0.014300
1,troisSix,2349.982422,0.078100,-0.172600,0.048400
1,troisSix,2359.992188,0.113600,-0.287900,0.080900
1,troisSix,2370.019531,0.111200,-0.246100,0.189900
1,troisSix,2379.982422,0.225600,-0.086200,0.141000
1,troisSix,2389.994141,0.108500,-0.200100,0.241900
1,troisSix,2399.974609,-0.004900,-0.119900,0.112500
1,troisSix,2409.984375,0.114800,-0.196500,-0.054900
1,troisSix,2419.998047,0.081000,0.000400,-0.220700
1,troisSix,2429.976563,0.167800,-0.001300,-0.300400
1,troisSix,2439.988281,0.060300,-0.082300,-0.378300
1,troisSix,2449.998047,0.144600,-0.161600,-0.302100
1,troisSix,2459.978516,0.185100,-0.280700,-0.297500
1,troisSix,2469.988281,0.289100,-0.240600,-0.287200
1,troisSix,2480.000000,0.305500,-0.237200,-0.160300
1,troisSix,2489.998047,0.168900,-0.197200,-0.300800
1,troisSix,2499.992188,0.113800,-0.197800,-0.124500
1,troisSix,2510.001953,0.052700,-0.197200,-0.181800
1,troisSix,2519.982422,-0.045300,-0.117300,-0.244900
1,troisSix,2529.996094,-0.182100,0.002200,-0.193200
1,troisSix,2540.005859,-0.159500,0.004200,-0.143900
1,troisSix,2549.986328,-0.207500,-0.073100,-0.138700
1,troisSix,2559.996094,-0.249300,-0.036100,-0.243100
1,troisSix,2569.976563,-0.130300,-0.117000,-0.194500
1,troisSix,2579.986328,-0.090700,-0.195700,0.002000
1,troisSix,2589.998047,-0.199300,-0.315200,0.078700
1,troisSix,2599.976563,-0.157700,-0.393500,0.153500
1,troisSix,2610.003906,-0.190600,-0.432900,0.264900
1,troisSix,2620.000000,-0.259800,-0.357200,0.188000
